2022-03-15 16:01:49 INFO base/config_manager.go:2381 Load cfg_action_unlock.csv file success
2022-03-15 16:01:49 INFO base/config_manager.go:2381 Load cfg_activity.csv file success
2022-03-15 16:01:49 INFO base/config_manager.go:2381 Load cfg_activity_func.csv file success
2022-03-15 16:01:49 INFO base/config_manager.go:2381 Load cfg_battle_level.csv file success
2022-03-15 16:01:49 INFO base/config_manager.go:2381 Load cfg_battle_npc.csv file success
2022-03-15 16:01:49 INFO base/config_manager.go:2381 Load cfg_battle_position.csv file success
2022-03-15 16:01:49 INFO base/config_manager.go:2381 Load cfg_boss_infor.csv file success
2022-03-15 16:01:49 INFO base/config_manager.go:2381 Load cfg_buff.csv file success
2022-03-15 16:01:49 INFO base/config_manager.go:2381 Load cfg_bullet.csv file success
2022-03-15 16:01:49 INFO base/config_manager.go:2381 Load cfg_chapter_level_achievement.csv file success
2022-03-15 16:01:49 INFO base/config_manager.go:2381 Load cfg_character.csv file success
2022-03-15 16:01:49 INFO base/config_manager.go:2381 Load cfg_character_battle.csv file success
2022-03-15 16:01:49 INFO base/config_manager.go:2381 Load cfg_character_camp.csv file success
2022-03-15 16:01:49 INFO base/config_manager.go:2381 Load cfg_character_career.csv file success
2022-03-15 16:01:49 INFO base/config_manager.go:2381 Load cfg_character_data.csv file success
2022-03-15 16:01:49 INFO base/config_manager.go:2381 Load cfg_character_feature.csv file success
2022-03-15 16:01:49 INFO base/config_manager.go:2381 Load cfg_character_level.csv file success
2022-03-15 16:01:49 INFO base/config_manager.go:2381 Load cfg_character_rarity.csv file success
2022-03-15 16:01:49 INFO base/config_manager.go:2381 Load cfg_character_skill.csv file success
2022-03-15 16:01:49 INFO base/config_manager.go:2381 Load cfg_character_skin.csv file success
2022-03-15 16:01:49 INFO base/config_manager.go:2381 Load cfg_character_stage.csv file success
2022-03-15 16:01:49 INFO base/config_manager.go:2381 Load cfg_character_star.csv file success
2022-03-15 16:01:49 INFO base/config_manager.go:2381 Load cfg_combat_power.csv file success
2022-03-15 16:01:49 INFO base/config_manager.go:2381 Load cfg_combat_power_adapt.csv file success
2022-03-15 16:01:49 INFO base/config_manager.go:2381 Load cfg_drop_data.csv file success
2022-03-15 16:01:49 INFO base/config_manager.go:2381 Load cfg_drop_group.csv file success
2022-03-15 16:01:49 INFO base/config_manager.go:2381 Load cfg_equipLevelUp_data.csv file success
2022-03-15 16:01:49 INFO base/config_manager.go:2381 Load cfg_equip_advance.csv file success
2022-03-15 16:01:49 INFO base/config_manager.go:2381 Load cfg_equip_attributes_data.csv file success
2022-03-15 16:01:49 INFO base/config_manager.go:2381 Load cfg_equip_break.csv file success
2022-03-15 16:01:49 INFO base/config_manager.go:2381 Load cfg_equip_data.csv file success
2022-03-15 16:01:49 INFO base/config_manager.go:2381 Load cfg_equip_rand_attributes.csv file success
2022-03-15 16:01:49 INFO base/config_manager.go:2381 Load cfg_equip_rand_attributes_value.csv file success
2022-03-15 16:01:49 INFO base/config_manager.go:2381 Load cfg_equip_skill.csv file success
2022-03-15 16:01:49 INFO base/config_manager.go:2381 Load cfg_everyday_energy_receive.csv file success
2022-03-15 16:01:49 INFO base/config_manager.go:2381 Load cfg_explore_chapter.csv file success
2022-03-15 16:01:49 INFO base/config_manager.go:2381 Load cfg_explore_chapter_level.csv file success
2022-03-15 16:01:49 INFO base/config_manager.go:2381 Load cfg_explore_chapter_level_adapt.csv file success
2022-03-15 16:01:49 INFO base/config_manager.go:2381 Load cfg_explore_chapter_reward.csv file success
2022-03-15 16:01:49 INFO base/config_manager.go:2381 Load cfg_explore_event.csv file success
2022-03-15 16:01:49 INFO base/config_manager.go:2381 Load cfg_explore_fog.csv file success
2022-03-15 16:01:49 INFO base/config_manager.go:2381 Load cfg_explore_gather.csv file success
2022-03-15 16:01:49 INFO base/config_manager.go:2381 Load cfg_explore_map_coordinate.csv file success
2022-03-15 16:01:49 INFO base/config_manager.go:2381 Load cfg_explore_monster.csv file success
2022-03-15 16:01:49 INFO base/config_manager.go:2381 Load cfg_explore_npc.csv file success
2022-03-15 16:01:49 INFO base/config_manager.go:2381 Load cfg_explore_resource.csv file success
2022-03-15 16:01:49 INFO base/config_manager.go:2381 Load cfg_field_skill.csv file success
2022-03-15 16:01:49 INFO base/config_manager.go:2381 Load cfg_fx.csv file success
2022-03-15 16:01:49 INFO base/config_manager.go:2381 Load cfg_gacha_drop.csv file success
2022-03-15 16:01:49 INFO base/config_manager.go:2381 Load cfg_gacha_global.csv file success
2022-03-15 16:01:49 INFO base/config_manager.go:2381 Load cfg_gacha_pool.csv file success
2022-03-15 16:01:49 INFO base/config_manager.go:2381 Load cfg_global_string.csv file success
2022-03-15 16:01:49 INFO base/config_manager.go:2381 Load cfg_graveyard_build.csv file success
2022-03-15 16:01:49 INFO base/config_manager.go:2381 Load cfg_graveyard_build_level.csv file success
2022-03-15 16:01:49 INFO base/config_manager.go:2381 Load cfg_graveyard_build_stage.csv file success
2022-03-15 16:01:49 INFO base/config_manager.go:2381 Load cfg_graveyard_main_tower_level.csv file success
2022-03-15 16:01:49 INFO base/config_manager.go:2381 Load cfg_graveyard_produce_buff.csv file success
2022-03-15 16:01:49 INFO base/config_manager.go:2381 Load cfg_guide_module.csv file success
2022-03-15 16:01:49 INFO base/config_manager.go:2381 Load cfg_guide_step.csv file success
2022-03-15 16:01:49 INFO base/config_manager.go:2381 Load cfg_guild_greetings.csv file success
2022-03-15 16:01:49 INFO base/config_manager.go:2381 Load cfg_guild_level.csv file success
2022-03-15 16:01:49 INFO base/config_manager.go:2381 Load cfg_guild_task.csv file success
2022-03-15 16:01:49 INFO base/config_manager.go:2381 Load cfg_hero.csv file success
2022-03-15 16:01:49 INFO base/config_manager.go:2381 Load cfg_hero_camp_skill_filter.csv file success
2022-03-15 16:01:49 INFO base/config_manager.go:2381 Load cfg_hero_data.csv file success
2022-03-15 16:01:49 INFO base/config_manager.go:2381 Load cfg_hero_extra_data.csv file success
2022-03-15 16:01:49 INFO base/config_manager.go:2381 Load cfg_hero_level.csv file success
2022-03-15 16:01:49 INFO base/config_manager.go:2381 Load cfg_hero_skill.csv file success
2022-03-15 16:01:49 INFO base/config_manager.go:2381 Load cfg_hero_task_data.csv file success
2022-03-15 16:01:49 INFO base/config_manager.go:2381 Load cfg_item_data.csv file success
2022-03-15 16:01:49 INFO base/config_manager.go:2381 Load cfg_mail_template.csv file success
2022-03-15 16:01:49 INFO base/config_manager.go:2381 Load cfg_manual.csv file success
2022-03-15 16:01:49 INFO base/config_manager.go:2381 Load cfg_manual_camp.csv file success
2022-03-15 16:01:49 INFO base/config_manager.go:2381 Load cfg_manual_character_voice.csv file success
2022-03-15 16:01:49 INFO base/config_manager.go:2381 Load cfg_manual_group.csv file success
2022-03-15 16:01:49 INFO base/config_manager.go:2381 Load cfg_manual_level_attribute_data.csv file success
2022-03-15 16:01:49 INFO base/config_manager.go:2381 Load cfg_mask_word.csv file success
2022-03-15 16:01:49 INFO base/config_manager.go:2381 Load cfg_monster_battle.csv file success
2022-03-15 16:01:49 INFO base/config_manager.go:2381 Load cfg_monster_data.csv file success
2022-03-15 16:01:49 INFO base/config_manager.go:2381 Load cfg_names_npc.csv file success
2022-03-15 16:01:49 INFO base/config_manager.go:2381 Load cfg_passive_effect.csv file success
2022-03-15 16:01:49 INFO base/config_manager.go:2381 Load cfg_passsive_attributes.csv file success
2022-03-15 16:01:49 INFO base/config_manager.go:2381 Load cfg_quick_purchase_stamina.csv file success
2022-03-15 16:01:49 INFO base/config_manager.go:2381 Load cfg_rarity.csv file success
2022-03-15 16:01:49 INFO base/config_manager.go:2381 Load cfg_score_pass_group.csv file success
2022-03-15 16:01:49 INFO base/config_manager.go:2381 Load cfg_score_pass_phase.csv file success
2022-03-15 16:01:49 INFO base/config_manager.go:2381 Load cfg_score_pass_reward.csv file success
2022-03-15 16:01:49 INFO base/config_manager.go:2381 Load cfg_score_pass_task.csv file success
2022-03-15 16:01:49 INFO base/config_manager.go:2381 Load cfg_signin_data.csv file success
2022-03-15 16:01:49 INFO base/config_manager.go:2381 Load cfg_skill.csv file success
2022-03-15 16:01:49 INFO base/config_manager.go:2381 Load cfg_skill_effect.csv file success
2022-03-15 16:01:49 INFO base/config_manager.go:2381 Load cfg_skill_event.csv file success
2022-03-15 16:01:49 INFO base/config_manager.go:2381 Load cfg_sound.csv file success
2022-03-15 16:01:49 INFO base/config_manager.go:2381 Load cfg_store_general.csv file success
2022-03-15 16:01:49 INFO base/config_manager.go:2381 Load cfg_store_goods.csv file success
2022-03-15 16:01:49 INFO base/config_manager.go:2381 Load cfg_store_substore.csv file success
2022-03-15 16:01:49 INFO base/config_manager.go:2381 Load cfg_store_update.csv file success
2022-03-15 16:01:49 INFO base/config_manager.go:2381 Load cfg_survey_info.csv file success
2022-03-15 16:01:49 INFO base/config_manager.go:2381 Load cfg_survey_question.csv file success
2022-03-15 16:01:49 INFO base/config_manager.go:2381 Load cfg_targeting.csv file success
2022-03-15 16:01:49 INFO base/config_manager.go:2381 Load cfg_task_data.csv file success
2022-03-15 16:01:49 INFO base/config_manager.go:2381 Load cfg_task_reward.csv file success
2022-03-15 16:01:49 INFO base/config_manager.go:2381 Load cfg_team_level.csv file success
2022-03-15 16:01:49 INFO base/config_manager.go:2381 Load cfg_tower.csv file success
2022-03-15 16:01:49 INFO base/config_manager.go:2381 Load cfg_tower_level.csv file success
2022-03-15 16:01:49 INFO base/config_manager.go:2381 Load cfg_tower_stage.csv file success
2022-03-15 16:01:49 INFO base/config_manager.go:2381 Load cfg_tp_gate.csv file success
2022-03-15 16:01:49 INFO base/config_manager.go:2381 Load cfg_ultra_skill.csv file success
2022-03-15 16:01:49 INFO base/config_manager.go:2381 Load cfg_user_avatar.csv file success
2022-03-15 16:01:49 INFO base/config_manager.go:2381 Load cfg_vn.csv file success
2022-03-15 16:01:49 INFO base/config_manager.go:2381 Load cfg_world_item_advance.csv file success
2022-03-15 16:01:49 INFO base/config_manager.go:2381 Load cfg_world_item_attributes_data.csv file success
2022-03-15 16:01:49 INFO base/config_manager.go:2381 Load cfg_world_item_data.csv file success
2022-03-15 16:01:49 INFO base/config_manager.go:2381 Load cfg_world_item_level_up_data.csv file success
2022-03-15 16:01:49 INFO base/config_manager.go:2381 Load cfg_yggdrasil_area.csv file success
2022-03-15 16:01:49 INFO base/config_manager.go:2381 Load cfg_yggdrasil_area_city.csv file success
2022-03-15 16:01:49 INFO base/config_manager.go:2381 Load cfg_yggdrasil_area_pos.csv file success
2022-03-15 16:01:49 INFO base/config_manager.go:2381 Load cfg_yggdrasil_building.csv file success
2022-03-15 16:01:49 INFO base/config_manager.go:2381 Load cfg_yggdrasil_cobuilding.csv file success
2022-03-15 16:01:49 INFO base/config_manager.go:2381 Load cfg_yggdrasil_daily_monster.csv file success
2022-03-15 16:01:49 INFO base/config_manager.go:2381 Load cfg_yggdrasil_dispatch.csv file success
2022-03-15 16:01:49 INFO base/config_manager.go:2381 Load cfg_yggdrasil_mark.csv file success
2022-03-15 16:01:49 INFO base/config_manager.go:2381 Load cfg_yggdrasil_object.csv file success
2022-03-15 16:01:49 INFO base/config_manager.go:2381 Load cfg_yggdrasil_object_state.csv file success
2022-03-15 16:01:49 INFO base/config_manager.go:2381 Load cfg_yggdrasil_simple_talk.csv file success
2022-03-15 16:01:49 INFO base/config_manager.go:2381 Load cfg_yggdrasil_sub_task.csv file success
2022-03-15 16:01:49 INFO base/config_manager.go:2381 Load cfg_yggdrasil_sub_task_env.csv file success
2022-03-15 16:01:49 INFO base/config_manager.go:2381 Load cfg_yggdrasil_task.csv file success
2022-03-15 16:01:49 INFO base/config_manager.go:2381 Load cfg_yggdrasil_world.csv file success
2022-03-15 16:01:49 INFO base/config_manager.go:2381 Load gm.csv file success
2022-03-15 16:01:49 INFO base/config_manager.go:2381 Load protocol.csv file success
2022-03-15 16:01:49 INFO etcd/dial.go:30 etcd 127.0.0.1:2379 connect success
2022-03-15 16:01:49 INFO etcd/dial.go:30 etcd 127.0.0.1:2479 connect success
2022-03-15 16:01:49 INFO etcd/dial.go:30 etcd 127.0.0.1:2579 connect success
2022-03-15 16:01:49 INFO controller/router.go:64 RegisterHandler Method:GET,Path:fetchWhiteList,Func:<func(*method.HttpGetHandler, context.Context) (map[whitelist.WhiteListType][]interface {}, error) Value>
2022-03-15 16:01:49 INFO controller/router.go:64 RegisterHandler Method:GET,Path:test,Func:<func(*method.HttpGetHandler, context.Context, *httputil.Params) (string, error) Value>
2022-03-15 16:01:49 INFO controller/router.go:64 RegisterHandler Method:POST,Path:addWhiteList,Func:<func(*method.HttpPostHandler, context.Context, *param.WhiteListItem) error Value>
2022-03-15 16:01:49 INFO balancer/balancer.go:109 + service [game] register server [game01, 10.23.41.20:56634]
2022-03-15 16:01:49 INFO controller/router.go:64 RegisterHandler Method:POST,Path:delWhiteList,Func:<func(*method.HttpPostHandler, context.Context, *param.WhiteListItem) error Value>
2022-03-15 16:01:49 INFO resolver/watcher.go:55 start watching service [mail]
2022-03-15 16:01:49 INFO controller/router.go:64 RegisterHandler Method:POST,Path:sendMail,Func:<func(*method.HttpPostHandler, context.Context, *param.SendMailParam) error Value>
2022-03-15 16:01:49 INFO controller/router.go:64 RegisterHandler Method:POST,Path:sendWholeServerMail,Func:<func(*method.HttpPostHandler, context.Context, *param.SendWholeServerMailParam) error Value>
2022-03-15 16:01:49 INFO resolver/watcher.go:55 start watching service [game]
2022-03-15 16:01:49 INFO controller/router.go:64 RegisterHandler Method:POST,Path:whiteListSwitch,Func:<func(*method.HttpPostHandler, context.Context, *param.WhiteListItemSwitch) error Value>
2022-03-15 16:01:49 INFO gm/main.go:30 Starting HTTP server ...
2022-03-15 16:01:49 INFO balancer/picker.go:60 
--------- service [game] regenerate server ----------
          1. game01, 10.23.41.20:56634
---------------------------------------------------
2022-03-15 16:01:55 DEBUG controller/dispatch.go:20 req :&{Method:POST URL:/sendMail Proto:HTTP/1.1 ProtoMajor:1 ProtoMinor:1 Header:map[Accept:[*/*] Accept-Encoding:[gzip, deflate, br] Accept-Language:[zh-CN,zh;q=0.9] Authorization:[Bearer eyJhbGciOiJIUzI1NiIsInR5cCI6IkpXVCJ9.eyJpc3MiOiJvdmVybG9yZCJ9.N2LpIoR0fS4rUCF7ul0NL75b5sy-NCNc_2sI7ZJ9_yU] Connection:[keep-alive] Content-Length:[172] Content-Type:[application/json] Cross-Request-Open-Sign:[1] Origin:[chrome-extension://eehicpefcodompjcmildpjjiipgiilee] Sec-Ch-Ua:[" Not A;Brand";v="99", "Chromium";v="99", "Google Chrome";v="99"] Sec-Ch-Ua-Mobile:[?0] Sec-Ch-Ua-Platform:["Windows"] Sec-Fetch-Dest:[empty] Sec-Fetch-Mode:[cors] Sec-Fetch-Site:[cross-site] User-Agent:[Mozilla/5.0 (Windows NT 10.0; Win64; x64) AppleWebKit/537.36 (KHTML, like Gecko) Chrome/99.0.4844.51 Safari/537.36]] Body:0xc0016fb4c0 GetBody:<nil> ContentLength:172 TransferEncoding:[] Close:false Host:127.0.0.1:8080 Form:map[] PostForm:map[] MultipartForm:<nil> Trailer:map[] RemoteAddr:127.0.0.1:57541 RequestURI:/sendMail TLS:<nil> Cancel:<nil> Response:<nil> ctx:0xc0016fb500}
2022-03-15 16:01:55 DEBUG controller/dispatch.go:50 req post path:sendMail,body :{"title":"标题","content":"内容内容内容","attachment":[{"ID":1,"COUNT":100}],"expireDay":"adipisicing Lorem mollit","userIds":[1],"startTime":"2022-01-02 15:04:05"}
2022-03-15 16:02:09 ERROR Handle Call return error: (/ﾟДﾟ)/ A Error Occurred!
Code: -1
Text: userIds can not be nil
Trace:
userIds can not be nil
	gm/method.(*HttpPostHandler).SendMail()
		C:/code/overlord-backend-go/gm/method/mail.go:16	

gm/controller.(*PathRouter).HandlePost
	C:/code/overlord-backend-go/gm/controller/handler.go:101
gm/controller.(*Dispatcher).ServeHTTP
	C:/code/overlord-backend-go/gm/controller/dispatch.go:51
net/http.(*ServeMux).ServeHTTP
	C:/Program Files/Go/src/net/http/server.go:2428
net/http.serverHandler.ServeHTTP
	C:/Program Files/Go/src/net/http/server.go:2867
net/http.(*conn).serve
	C:/Program Files/Go/src/net/http/server.go:1932
2022-03-15 16:02:09 DEBUG controller/handler.go:105 resp :&{-1 userIds can not be nil <nil>}
2022-03-15 16:02:30 DEBUG controller/dispatch.go:20 req :&{Method:POST URL:/sendMail Proto:HTTP/1.1 ProtoMajor:1 ProtoMinor:1 Header:map[Accept:[*/*] Accept-Encoding:[gzip, deflate, br] Accept-Language:[zh-CN,zh;q=0.9] Authorization:[Bearer eyJhbGciOiJIUzI1NiIsInR5cCI6IkpXVCJ9.eyJpc3MiOiJvdmVybG9yZCJ9.N2LpIoR0fS4rUCF7ul0NL75b5sy-NCNc_2sI7ZJ9_yU] Connection:[keep-alive] Content-Length:[192] Content-Type:[application/json] Cross-Request-Open-Sign:[1] Origin:[chrome-extension://eehicpefcodompjcmildpjjiipgiilee] Sec-Ch-Ua:[" Not A;Brand";v="99", "Chromium";v="99", "Google Chrome";v="99"] Sec-Ch-Ua-Mobile:[?0] Sec-Ch-Ua-Platform:["Windows"] Sec-Fetch-Dest:[empty] Sec-Fetch-Mode:[cors] Sec-Fetch-Site:[cross-site] User-Agent:[Mozilla/5.0 (Windows NT 10.0; Win64; x64) AppleWebKit/537.36 (KHTML, like Gecko) Chrome/99.0.4844.51 Safari/537.36]] Body:0xc0016fb640 GetBody:<nil> ContentLength:192 TransferEncoding:[] Close:false Host:127.0.0.1:8080 Form:map[] PostForm:map[] MultipartForm:<nil> Trailer:map[] RemoteAddr:127.0.0.1:57541 RequestURI:/sendMail TLS:<nil> Cancel:<nil> Response:<nil> ctx:0xc0016fb680}
2022-03-15 16:02:30 DEBUG controller/dispatch.go:50 req post path:sendMail,body :{"title":"标题","content":"内容内容内容","attachment":[{"ID":1,"COUNT":100},{"ID":1,"COUNT":100}],"expireDay":"proident voluptate ea","userIds":[1,1],"startTime":"2022-01-02 15:04:05"}
2022-03-15 16:02:30 ERROR Handle Call return error: (/ﾟДﾟ)/ A Error Occurred!
Code: -1
Text: userIds can not be nil
Trace:
userIds can not be nil
	gm/method.(*HttpPostHandler).SendMail()
		C:/code/overlord-backend-go/gm/method/mail.go:16	

gm/controller.(*PathRouter).HandlePost
	C:/code/overlord-backend-go/gm/controller/handler.go:101
gm/controller.(*Dispatcher).ServeHTTP
	C:/code/overlord-backend-go/gm/controller/dispatch.go:51
net/http.(*ServeMux).ServeHTTP
	C:/Program Files/Go/src/net/http/server.go:2428
net/http.serverHandler.ServeHTTP
	C:/Program Files/Go/src/net/http/server.go:2867
net/http.(*conn).serve
	C:/Program Files/Go/src/net/http/server.go:1932
2022-03-15 16:02:30 DEBUG controller/handler.go:105 resp :&{-1 userIds can not be nil <nil>}
2022-03-15 16:02:43 DEBUG controller/dispatch.go:20 req :&{Method:POST URL:/sendMail Proto:HTTP/1.1 ProtoMajor:1 ProtoMinor:1 Header:map[Accept:[*/*] Accept-Encoding:[gzip, deflate, br] Accept-Language:[zh-CN,zh;q=0.9] Authorization:[Bearer eyJhbGciOiJIUzI1NiIsInR5cCI6IkpXVCJ9.eyJpc3MiOiJvdmVybG9yZCJ9.N2LpIoR0fS4rUCF7ul0NL75b5sy-NCNc_2sI7ZJ9_yU] Connection:[keep-alive] Content-Length:[192] Content-Type:[application/json] Cross-Request-Open-Sign:[1] Origin:[chrome-extension://eehicpefcodompjcmildpjjiipgiilee] Sec-Ch-Ua:[" Not A;Brand";v="99", "Chromium";v="99", "Google Chrome";v="99"] Sec-Ch-Ua-Mobile:[?0] Sec-Ch-Ua-Platform:["Windows"] Sec-Fetch-Dest:[empty] Sec-Fetch-Mode:[cors] Sec-Fetch-Site:[cross-site] User-Agent:[Mozilla/5.0 (Windows NT 10.0; Win64; x64) AppleWebKit/537.36 (KHTML, like Gecko) Chrome/99.0.4844.51 Safari/537.36]] Body:0xc0016fb700 GetBody:<nil> ContentLength:192 TransferEncoding:[] Close:false Host:127.0.0.1:8080 Form:map[] PostForm:map[] MultipartForm:<nil> Trailer:map[] RemoteAddr:127.0.0.1:57541 RequestURI:/sendMail TLS:<nil> Cancel:<nil> Response:<nil> ctx:0xc0016fb740}
2022-03-15 16:02:43 DEBUG controller/dispatch.go:50 req post path:sendMail,body :{"title":"标题","content":"内容内容内容","attachment":[{"ID":1,"COUNT":100},{"ID":1,"COUNT":100}],"expireDay":"proident voluptate ea","userIds":[1,1],"startTime":"2022-01-02 15:04:05"}
2022-03-15 16:04:26 INFO base/config_manager.go:2381 Load cfg_action_unlock.csv file success
2022-03-15 16:04:26 INFO base/config_manager.go:2381 Load cfg_activity.csv file success
2022-03-15 16:04:26 INFO base/config_manager.go:2381 Load cfg_activity_func.csv file success
2022-03-15 16:04:26 INFO base/config_manager.go:2381 Load cfg_battle_level.csv file success
2022-03-15 16:04:26 INFO base/config_manager.go:2381 Load cfg_battle_npc.csv file success
2022-03-15 16:04:26 INFO base/config_manager.go:2381 Load cfg_battle_position.csv file success
2022-03-15 16:04:26 INFO base/config_manager.go:2381 Load cfg_boss_infor.csv file success
2022-03-15 16:04:26 INFO base/config_manager.go:2381 Load cfg_buff.csv file success
2022-03-15 16:04:26 INFO base/config_manager.go:2381 Load cfg_bullet.csv file success
2022-03-15 16:04:26 INFO base/config_manager.go:2381 Load cfg_chapter_level_achievement.csv file success
2022-03-15 16:04:26 INFO base/config_manager.go:2381 Load cfg_character.csv file success
2022-03-15 16:04:26 INFO base/config_manager.go:2381 Load cfg_character_battle.csv file success
2022-03-15 16:04:26 INFO base/config_manager.go:2381 Load cfg_character_camp.csv file success
2022-03-15 16:04:26 INFO base/config_manager.go:2381 Load cfg_character_career.csv file success
2022-03-15 16:04:26 INFO base/config_manager.go:2381 Load cfg_character_data.csv file success
2022-03-15 16:04:26 INFO base/config_manager.go:2381 Load cfg_character_feature.csv file success
2022-03-15 16:04:26 INFO base/config_manager.go:2381 Load cfg_character_level.csv file success
2022-03-15 16:04:26 INFO base/config_manager.go:2381 Load cfg_character_rarity.csv file success
2022-03-15 16:04:26 INFO base/config_manager.go:2381 Load cfg_character_skill.csv file success
2022-03-15 16:04:26 INFO base/config_manager.go:2381 Load cfg_character_skin.csv file success
2022-03-15 16:04:26 INFO base/config_manager.go:2381 Load cfg_character_stage.csv file success
2022-03-15 16:04:26 INFO base/config_manager.go:2381 Load cfg_character_star.csv file success
2022-03-15 16:04:26 INFO base/config_manager.go:2381 Load cfg_combat_power.csv file success
2022-03-15 16:04:26 INFO base/config_manager.go:2381 Load cfg_combat_power_adapt.csv file success
2022-03-15 16:04:26 INFO base/config_manager.go:2381 Load cfg_drop_data.csv file success
2022-03-15 16:04:26 INFO base/config_manager.go:2381 Load cfg_drop_group.csv file success
2022-03-15 16:04:26 INFO base/config_manager.go:2381 Load cfg_equipLevelUp_data.csv file success
2022-03-15 16:04:26 INFO base/config_manager.go:2381 Load cfg_equip_advance.csv file success
2022-03-15 16:04:26 INFO base/config_manager.go:2381 Load cfg_equip_attributes_data.csv file success
2022-03-15 16:04:26 INFO base/config_manager.go:2381 Load cfg_equip_break.csv file success
2022-03-15 16:04:26 INFO base/config_manager.go:2381 Load cfg_equip_data.csv file success
2022-03-15 16:04:26 INFO base/config_manager.go:2381 Load cfg_equip_rand_attributes.csv file success
2022-03-15 16:04:26 INFO base/config_manager.go:2381 Load cfg_equip_rand_attributes_value.csv file success
2022-03-15 16:04:26 INFO base/config_manager.go:2381 Load cfg_equip_skill.csv file success
2022-03-15 16:04:26 INFO base/config_manager.go:2381 Load cfg_everyday_energy_receive.csv file success
2022-03-15 16:04:26 INFO base/config_manager.go:2381 Load cfg_explore_chapter.csv file success
2022-03-15 16:04:26 INFO base/config_manager.go:2381 Load cfg_explore_chapter_level.csv file success
2022-03-15 16:04:26 INFO base/config_manager.go:2381 Load cfg_explore_chapter_level_adapt.csv file success
2022-03-15 16:04:26 INFO base/config_manager.go:2381 Load cfg_explore_chapter_reward.csv file success
2022-03-15 16:04:26 INFO base/config_manager.go:2381 Load cfg_explore_event.csv file success
2022-03-15 16:04:26 INFO base/config_manager.go:2381 Load cfg_explore_fog.csv file success
2022-03-15 16:04:26 INFO base/config_manager.go:2381 Load cfg_explore_gather.csv file success
2022-03-15 16:04:26 INFO base/config_manager.go:2381 Load cfg_explore_map_coordinate.csv file success
2022-03-15 16:04:26 INFO base/config_manager.go:2381 Load cfg_explore_monster.csv file success
2022-03-15 16:04:26 INFO base/config_manager.go:2381 Load cfg_explore_npc.csv file success
2022-03-15 16:04:26 INFO base/config_manager.go:2381 Load cfg_explore_resource.csv file success
2022-03-15 16:04:26 INFO base/config_manager.go:2381 Load cfg_field_skill.csv file success
2022-03-15 16:04:26 INFO base/config_manager.go:2381 Load cfg_fx.csv file success
2022-03-15 16:04:26 INFO base/config_manager.go:2381 Load cfg_gacha_drop.csv file success
2022-03-15 16:04:26 INFO base/config_manager.go:2381 Load cfg_gacha_global.csv file success
2022-03-15 16:04:26 INFO base/config_manager.go:2381 Load cfg_gacha_pool.csv file success
2022-03-15 16:04:26 INFO base/config_manager.go:2381 Load cfg_global_string.csv file success
2022-03-15 16:04:26 INFO base/config_manager.go:2381 Load cfg_graveyard_build.csv file success
2022-03-15 16:04:26 INFO base/config_manager.go:2381 Load cfg_graveyard_build_level.csv file success
2022-03-15 16:04:26 INFO base/config_manager.go:2381 Load cfg_graveyard_build_stage.csv file success
2022-03-15 16:04:26 INFO base/config_manager.go:2381 Load cfg_graveyard_main_tower_level.csv file success
2022-03-15 16:04:26 INFO base/config_manager.go:2381 Load cfg_graveyard_produce_buff.csv file success
2022-03-15 16:04:26 INFO base/config_manager.go:2381 Load cfg_guide_module.csv file success
2022-03-15 16:04:26 INFO base/config_manager.go:2381 Load cfg_guide_step.csv file success
2022-03-15 16:04:26 INFO base/config_manager.go:2381 Load cfg_guild_greetings.csv file success
2022-03-15 16:04:26 INFO base/config_manager.go:2381 Load cfg_guild_level.csv file success
2022-03-15 16:04:26 INFO base/config_manager.go:2381 Load cfg_guild_task.csv file success
2022-03-15 16:04:26 INFO base/config_manager.go:2381 Load cfg_hero.csv file success
2022-03-15 16:04:26 INFO base/config_manager.go:2381 Load cfg_hero_camp_skill_filter.csv file success
2022-03-15 16:04:26 INFO base/config_manager.go:2381 Load cfg_hero_data.csv file success
2022-03-15 16:04:26 INFO base/config_manager.go:2381 Load cfg_hero_extra_data.csv file success
2022-03-15 16:04:26 INFO base/config_manager.go:2381 Load cfg_hero_level.csv file success
2022-03-15 16:04:26 INFO base/config_manager.go:2381 Load cfg_hero_skill.csv file success
2022-03-15 16:04:26 INFO base/config_manager.go:2381 Load cfg_hero_task_data.csv file success
2022-03-15 16:04:26 INFO base/config_manager.go:2381 Load cfg_item_data.csv file success
2022-03-15 16:04:26 INFO base/config_manager.go:2381 Load cfg_mail_template.csv file success
2022-03-15 16:04:26 INFO base/config_manager.go:2381 Load cfg_manual.csv file success
2022-03-15 16:04:26 INFO base/config_manager.go:2381 Load cfg_manual_camp.csv file success
2022-03-15 16:04:26 INFO base/config_manager.go:2381 Load cfg_manual_character_voice.csv file success
2022-03-15 16:04:26 INFO base/config_manager.go:2381 Load cfg_manual_group.csv file success
2022-03-15 16:04:26 INFO base/config_manager.go:2381 Load cfg_manual_level_attribute_data.csv file success
2022-03-15 16:04:26 INFO base/config_manager.go:2381 Load cfg_mask_word.csv file success
2022-03-15 16:04:26 INFO base/config_manager.go:2381 Load cfg_monster_battle.csv file success
2022-03-15 16:04:26 INFO base/config_manager.go:2381 Load cfg_monster_data.csv file success
2022-03-15 16:04:26 INFO base/config_manager.go:2381 Load cfg_names_npc.csv file success
2022-03-15 16:04:26 INFO base/config_manager.go:2381 Load cfg_passive_effect.csv file success
2022-03-15 16:04:26 INFO base/config_manager.go:2381 Load cfg_passsive_attributes.csv file success
2022-03-15 16:04:26 INFO base/config_manager.go:2381 Load cfg_quick_purchase_stamina.csv file success
2022-03-15 16:04:26 INFO base/config_manager.go:2381 Load cfg_rarity.csv file success
2022-03-15 16:04:26 INFO base/config_manager.go:2381 Load cfg_score_pass_group.csv file success
2022-03-15 16:04:26 INFO base/config_manager.go:2381 Load cfg_score_pass_phase.csv file success
2022-03-15 16:04:26 INFO base/config_manager.go:2381 Load cfg_score_pass_reward.csv file success
2022-03-15 16:04:26 INFO base/config_manager.go:2381 Load cfg_score_pass_task.csv file success
2022-03-15 16:04:26 INFO base/config_manager.go:2381 Load cfg_signin_data.csv file success
2022-03-15 16:04:26 INFO base/config_manager.go:2381 Load cfg_skill.csv file success
2022-03-15 16:04:26 INFO base/config_manager.go:2381 Load cfg_skill_effect.csv file success
2022-03-15 16:04:26 INFO base/config_manager.go:2381 Load cfg_skill_event.csv file success
2022-03-15 16:04:26 INFO base/config_manager.go:2381 Load cfg_sound.csv file success
2022-03-15 16:04:26 INFO base/config_manager.go:2381 Load cfg_store_general.csv file success
2022-03-15 16:04:26 INFO base/config_manager.go:2381 Load cfg_store_goods.csv file success
2022-03-15 16:04:26 INFO base/config_manager.go:2381 Load cfg_store_substore.csv file success
2022-03-15 16:04:26 INFO base/config_manager.go:2381 Load cfg_store_update.csv file success
2022-03-15 16:04:26 INFO base/config_manager.go:2381 Load cfg_survey_info.csv file success
2022-03-15 16:04:26 INFO base/config_manager.go:2381 Load cfg_survey_question.csv file success
2022-03-15 16:04:26 INFO base/config_manager.go:2381 Load cfg_targeting.csv file success
2022-03-15 16:04:26 INFO base/config_manager.go:2381 Load cfg_task_data.csv file success
2022-03-15 16:04:26 INFO base/config_manager.go:2381 Load cfg_task_reward.csv file success
2022-03-15 16:04:26 INFO base/config_manager.go:2381 Load cfg_team_level.csv file success
2022-03-15 16:04:26 INFO base/config_manager.go:2381 Load cfg_tower.csv file success
2022-03-15 16:04:26 INFO base/config_manager.go:2381 Load cfg_tower_level.csv file success
2022-03-15 16:04:26 INFO base/config_manager.go:2381 Load cfg_tower_stage.csv file success
2022-03-15 16:04:26 INFO base/config_manager.go:2381 Load cfg_tp_gate.csv file success
2022-03-15 16:04:26 INFO base/config_manager.go:2381 Load cfg_ultra_skill.csv file success
2022-03-15 16:04:26 INFO base/config_manager.go:2381 Load cfg_user_avatar.csv file success
2022-03-15 16:04:26 INFO base/config_manager.go:2381 Load cfg_vn.csv file success
2022-03-15 16:04:26 INFO base/config_manager.go:2381 Load cfg_world_item_advance.csv file success
2022-03-15 16:04:26 INFO base/config_manager.go:2381 Load cfg_world_item_attributes_data.csv file success
2022-03-15 16:04:26 INFO base/config_manager.go:2381 Load cfg_world_item_data.csv file success
2022-03-15 16:04:26 INFO base/config_manager.go:2381 Load cfg_world_item_level_up_data.csv file success
2022-03-15 16:04:26 INFO base/config_manager.go:2381 Load cfg_yggdrasil_area.csv file success
2022-03-15 16:04:26 INFO base/config_manager.go:2381 Load cfg_yggdrasil_area_city.csv file success
2022-03-15 16:04:26 INFO base/config_manager.go:2381 Load cfg_yggdrasil_area_pos.csv file success
2022-03-15 16:04:26 INFO base/config_manager.go:2381 Load cfg_yggdrasil_building.csv file success
2022-03-15 16:04:26 INFO base/config_manager.go:2381 Load cfg_yggdrasil_cobuilding.csv file success
2022-03-15 16:04:26 INFO base/config_manager.go:2381 Load cfg_yggdrasil_daily_monster.csv file success
2022-03-15 16:04:26 INFO base/config_manager.go:2381 Load cfg_yggdrasil_dispatch.csv file success
2022-03-15 16:04:26 INFO base/config_manager.go:2381 Load cfg_yggdrasil_mark.csv file success
2022-03-15 16:04:26 INFO base/config_manager.go:2381 Load cfg_yggdrasil_object.csv file success
2022-03-15 16:04:26 INFO base/config_manager.go:2381 Load cfg_yggdrasil_object_state.csv file success
2022-03-15 16:04:26 INFO base/config_manager.go:2381 Load cfg_yggdrasil_simple_talk.csv file success
2022-03-15 16:04:26 INFO base/config_manager.go:2381 Load cfg_yggdrasil_sub_task.csv file success
2022-03-15 16:04:26 INFO base/config_manager.go:2381 Load cfg_yggdrasil_sub_task_env.csv file success
2022-03-15 16:04:26 INFO base/config_manager.go:2381 Load cfg_yggdrasil_task.csv file success
2022-03-15 16:04:26 INFO base/config_manager.go:2381 Load cfg_yggdrasil_world.csv file success
2022-03-15 16:04:26 INFO base/config_manager.go:2381 Load gm.csv file success
2022-03-15 16:04:26 INFO base/config_manager.go:2381 Load protocol.csv file success
2022-03-15 16:04:26 INFO etcd/dial.go:30 etcd 127.0.0.1:2379 connect success
2022-03-15 16:04:26 INFO etcd/dial.go:30 etcd 127.0.0.1:2479 connect success
2022-03-15 16:04:26 INFO etcd/dial.go:30 etcd 127.0.0.1:2579 connect success
2022-03-15 16:04:27 INFO controller/router.go:64 RegisterHandler Method:GET,Path:fetchWhiteList,Func:<func(*method.HttpGetHandler, context.Context) (map[whitelist.WhiteListType][]interface {}, error) Value>
2022-03-15 16:04:27 INFO controller/router.go:64 RegisterHandler Method:GET,Path:test,Func:<func(*method.HttpGetHandler, context.Context, *httputil.Params) (string, error) Value>
2022-03-15 16:04:27 INFO balancer/balancer.go:109 + service [game] register server [game01, 10.23.41.20:56634]
2022-03-15 16:04:27 INFO controller/router.go:64 RegisterHandler Method:POST,Path:addWhiteList,Func:<func(*method.HttpPostHandler, context.Context, *param.WhiteListItem) error Value>
2022-03-15 16:04:27 INFO resolver/watcher.go:55 start watching service [mail]
2022-03-15 16:04:27 INFO controller/router.go:64 RegisterHandler Method:POST,Path:delWhiteList,Func:<func(*method.HttpPostHandler, context.Context, *param.WhiteListItem) error Value>
2022-03-15 16:04:27 INFO controller/router.go:64 RegisterHandler Method:POST,Path:sendMail,Func:<func(*method.HttpPostHandler, context.Context, *param.SendMailParam) error Value>
2022-03-15 16:04:27 INFO controller/router.go:64 RegisterHandler Method:POST,Path:sendWholeServerMail,Func:<func(*method.HttpPostHandler, context.Context, *param.SendWholeServerMailParam) error Value>
2022-03-15 16:04:27 INFO resolver/watcher.go:55 start watching service [game]
2022-03-15 16:04:27 INFO controller/router.go:64 RegisterHandler Method:POST,Path:whiteListSwitch,Func:<func(*method.HttpPostHandler, context.Context, *param.WhiteListItemSwitch) error Value>
2022-03-15 16:04:27 INFO gm/main.go:30 Starting HTTP server ...
2022-03-15 16:04:27 INFO balancer/picker.go:60 
--------- service [game] regenerate server ----------
          1. game01, 10.23.41.20:56634
---------------------------------------------------
2022-03-15 16:04:53 DEBUG controller/dispatch.go:20 req :&{Method:POST URL:/sendMail Proto:HTTP/1.1 ProtoMajor:1 ProtoMinor:1 Header:map[Accept:[*/*] Accept-Encoding:[gzip, deflate, br] Accept-Language:[zh-CN,zh;q=0.9] Authorization:[Bearer eyJhbGciOiJIUzI1NiIsInR5cCI6IkpXVCJ9.eyJpc3MiOiJvdmVybG9yZCJ9.N2LpIoR0fS4rUCF7ul0NL75b5sy-NCNc_2sI7ZJ9_yU] Connection:[keep-alive] Content-Length:[188] Content-Type:[application/json] Cross-Request-Open-Sign:[1] Origin:[chrome-extension://eehicpefcodompjcmildpjjiipgiilee] Sec-Ch-Ua:[" Not A;Brand";v="99", "Chromium";v="99", "Google Chrome";v="99"] Sec-Ch-Ua-Mobile:[?0] Sec-Ch-Ua-Platform:["Windows"] Sec-Fetch-Dest:[empty] Sec-Fetch-Mode:[cors] Sec-Fetch-Site:[cross-site] User-Agent:[Mozilla/5.0 (Windows NT 10.0; Win64; x64) AppleWebKit/537.36 (KHTML, like Gecko) Chrome/99.0.4844.51 Safari/537.36]] Body:0xc00053cdc0 GetBody:<nil> ContentLength:188 TransferEncoding:[] Close:false Host:127.0.0.1:8080 Form:map[] PostForm:map[] MultipartForm:<nil> Trailer:map[] RemoteAddr:127.0.0.1:58090 RequestURI:/sendMail TLS:<nil> Cancel:<nil> Response:<nil> ctx:0xc00053ce80}
2022-03-15 16:04:53 DEBUG controller/dispatch.go:50 req post path:sendMail,body :{"title":"标题","content":"内容内容内容","attachment":[{"ID":1,"COUNT":100},{"ID":1,"COUNT":100}],"expire_day":"in dolor","user_ids":[1,1,1,1,1],"start_time":"2022-01-02 15:04:05"}
2022-03-15 16:04:53 ERROR Handle Call return error: (/ﾟДﾟ)/ A Error Occurred!
Code: -1
Text: json: cannot unmarshal string into Go struct field SendMailParam.expire_day of type int32
Trace:
json: cannot unmarshal string into Go struct field SendMailParam.expire_day of type int32
gm/controller.(*PathRouter).HandlePost
	C:/code/overlord-backend-go/gm/controller/handler.go:80
gm/controller.(*Dispatcher).ServeHTTP
	C:/code/overlord-backend-go/gm/controller/dispatch.go:51
net/http.(*ServeMux).ServeHTTP
	C:/Program Files/Go/src/net/http/server.go:2428
net/http.serverHandler.ServeHTTP
	C:/Program Files/Go/src/net/http/server.go:2867
net/http.(*conn).serve
	C:/Program Files/Go/src/net/http/server.go:1932
2022-03-15 16:04:53 DEBUG controller/handler.go:82 resp :&{-1  <nil>}
2022-03-15 16:06:20 INFO base/config_manager.go:2381 Load cfg_action_unlock.csv file success
2022-03-15 16:06:20 INFO base/config_manager.go:2381 Load cfg_activity.csv file success
2022-03-15 16:06:20 INFO base/config_manager.go:2381 Load cfg_activity_func.csv file success
2022-03-15 16:06:20 INFO base/config_manager.go:2381 Load cfg_battle_level.csv file success
2022-03-15 16:06:20 INFO base/config_manager.go:2381 Load cfg_battle_npc.csv file success
2022-03-15 16:06:20 INFO base/config_manager.go:2381 Load cfg_battle_position.csv file success
2022-03-15 16:06:20 INFO base/config_manager.go:2381 Load cfg_boss_infor.csv file success
2022-03-15 16:06:20 INFO base/config_manager.go:2381 Load cfg_buff.csv file success
2022-03-15 16:06:20 INFO base/config_manager.go:2381 Load cfg_bullet.csv file success
2022-03-15 16:06:20 INFO base/config_manager.go:2381 Load cfg_chapter_level_achievement.csv file success
2022-03-15 16:06:20 INFO base/config_manager.go:2381 Load cfg_character.csv file success
2022-03-15 16:06:20 INFO base/config_manager.go:2381 Load cfg_character_battle.csv file success
2022-03-15 16:06:20 INFO base/config_manager.go:2381 Load cfg_character_camp.csv file success
2022-03-15 16:06:20 INFO base/config_manager.go:2381 Load cfg_character_career.csv file success
2022-03-15 16:06:20 INFO base/config_manager.go:2381 Load cfg_character_data.csv file success
2022-03-15 16:06:20 INFO base/config_manager.go:2381 Load cfg_character_feature.csv file success
2022-03-15 16:06:20 INFO base/config_manager.go:2381 Load cfg_character_level.csv file success
2022-03-15 16:06:20 INFO base/config_manager.go:2381 Load cfg_character_rarity.csv file success
2022-03-15 16:06:20 INFO base/config_manager.go:2381 Load cfg_character_skill.csv file success
2022-03-15 16:06:20 INFO base/config_manager.go:2381 Load cfg_character_skin.csv file success
2022-03-15 16:06:20 INFO base/config_manager.go:2381 Load cfg_character_stage.csv file success
2022-03-15 16:06:20 INFO base/config_manager.go:2381 Load cfg_character_star.csv file success
2022-03-15 16:06:20 INFO base/config_manager.go:2381 Load cfg_combat_power.csv file success
2022-03-15 16:06:20 INFO base/config_manager.go:2381 Load cfg_combat_power_adapt.csv file success
2022-03-15 16:06:20 INFO base/config_manager.go:2381 Load cfg_drop_data.csv file success
2022-03-15 16:06:20 INFO base/config_manager.go:2381 Load cfg_drop_group.csv file success
2022-03-15 16:06:20 INFO base/config_manager.go:2381 Load cfg_equipLevelUp_data.csv file success
2022-03-15 16:06:20 INFO base/config_manager.go:2381 Load cfg_equip_advance.csv file success
2022-03-15 16:06:20 INFO base/config_manager.go:2381 Load cfg_equip_attributes_data.csv file success
2022-03-15 16:06:20 INFO base/config_manager.go:2381 Load cfg_equip_break.csv file success
2022-03-15 16:06:20 INFO base/config_manager.go:2381 Load cfg_equip_data.csv file success
2022-03-15 16:06:20 INFO base/config_manager.go:2381 Load cfg_equip_rand_attributes.csv file success
2022-03-15 16:06:20 INFO base/config_manager.go:2381 Load cfg_equip_rand_attributes_value.csv file success
2022-03-15 16:06:20 INFO base/config_manager.go:2381 Load cfg_equip_skill.csv file success
2022-03-15 16:06:20 INFO base/config_manager.go:2381 Load cfg_everyday_energy_receive.csv file success
2022-03-15 16:06:20 INFO base/config_manager.go:2381 Load cfg_explore_chapter.csv file success
2022-03-15 16:06:20 INFO base/config_manager.go:2381 Load cfg_explore_chapter_level.csv file success
2022-03-15 16:06:20 INFO base/config_manager.go:2381 Load cfg_explore_chapter_level_adapt.csv file success
2022-03-15 16:06:20 INFO base/config_manager.go:2381 Load cfg_explore_chapter_reward.csv file success
2022-03-15 16:06:20 INFO base/config_manager.go:2381 Load cfg_explore_event.csv file success
2022-03-15 16:06:20 INFO base/config_manager.go:2381 Load cfg_explore_fog.csv file success
2022-03-15 16:06:20 INFO base/config_manager.go:2381 Load cfg_explore_gather.csv file success
2022-03-15 16:06:20 INFO base/config_manager.go:2381 Load cfg_explore_map_coordinate.csv file success
2022-03-15 16:06:20 INFO base/config_manager.go:2381 Load cfg_explore_monster.csv file success
2022-03-15 16:06:20 INFO base/config_manager.go:2381 Load cfg_explore_npc.csv file success
2022-03-15 16:06:20 INFO base/config_manager.go:2381 Load cfg_explore_resource.csv file success
2022-03-15 16:06:20 INFO base/config_manager.go:2381 Load cfg_field_skill.csv file success
2022-03-15 16:06:20 INFO base/config_manager.go:2381 Load cfg_fx.csv file success
2022-03-15 16:06:20 INFO base/config_manager.go:2381 Load cfg_gacha_drop.csv file success
2022-03-15 16:06:20 INFO base/config_manager.go:2381 Load cfg_gacha_global.csv file success
2022-03-15 16:06:20 INFO base/config_manager.go:2381 Load cfg_gacha_pool.csv file success
2022-03-15 16:06:20 INFO base/config_manager.go:2381 Load cfg_global_string.csv file success
2022-03-15 16:06:20 INFO base/config_manager.go:2381 Load cfg_graveyard_build.csv file success
2022-03-15 16:06:20 INFO base/config_manager.go:2381 Load cfg_graveyard_build_level.csv file success
2022-03-15 16:06:20 INFO base/config_manager.go:2381 Load cfg_graveyard_build_stage.csv file success
2022-03-15 16:06:20 INFO base/config_manager.go:2381 Load cfg_graveyard_main_tower_level.csv file success
2022-03-15 16:06:20 INFO base/config_manager.go:2381 Load cfg_graveyard_produce_buff.csv file success
2022-03-15 16:06:20 INFO base/config_manager.go:2381 Load cfg_guide_module.csv file success
2022-03-15 16:06:20 INFO base/config_manager.go:2381 Load cfg_guide_step.csv file success
2022-03-15 16:06:20 INFO base/config_manager.go:2381 Load cfg_guild_greetings.csv file success
2022-03-15 16:06:20 INFO base/config_manager.go:2381 Load cfg_guild_level.csv file success
2022-03-15 16:06:20 INFO base/config_manager.go:2381 Load cfg_guild_task.csv file success
2022-03-15 16:06:20 INFO base/config_manager.go:2381 Load cfg_hero.csv file success
2022-03-15 16:06:20 INFO base/config_manager.go:2381 Load cfg_hero_camp_skill_filter.csv file success
2022-03-15 16:06:20 INFO base/config_manager.go:2381 Load cfg_hero_data.csv file success
2022-03-15 16:06:20 INFO base/config_manager.go:2381 Load cfg_hero_extra_data.csv file success
2022-03-15 16:06:20 INFO base/config_manager.go:2381 Load cfg_hero_level.csv file success
2022-03-15 16:06:20 INFO base/config_manager.go:2381 Load cfg_hero_skill.csv file success
2022-03-15 16:06:20 INFO base/config_manager.go:2381 Load cfg_hero_task_data.csv file success
2022-03-15 16:06:20 INFO base/config_manager.go:2381 Load cfg_item_data.csv file success
2022-03-15 16:06:20 INFO base/config_manager.go:2381 Load cfg_mail_template.csv file success
2022-03-15 16:06:20 INFO base/config_manager.go:2381 Load cfg_manual.csv file success
2022-03-15 16:06:20 INFO base/config_manager.go:2381 Load cfg_manual_camp.csv file success
2022-03-15 16:06:20 INFO base/config_manager.go:2381 Load cfg_manual_character_voice.csv file success
2022-03-15 16:06:20 INFO base/config_manager.go:2381 Load cfg_manual_group.csv file success
2022-03-15 16:06:20 INFO base/config_manager.go:2381 Load cfg_manual_level_attribute_data.csv file success
2022-03-15 16:06:20 INFO base/config_manager.go:2381 Load cfg_mask_word.csv file success
2022-03-15 16:06:20 INFO base/config_manager.go:2381 Load cfg_monster_battle.csv file success
2022-03-15 16:06:20 INFO base/config_manager.go:2381 Load cfg_monster_data.csv file success
2022-03-15 16:06:20 INFO base/config_manager.go:2381 Load cfg_names_npc.csv file success
2022-03-15 16:06:20 INFO base/config_manager.go:2381 Load cfg_passive_effect.csv file success
2022-03-15 16:06:20 INFO base/config_manager.go:2381 Load cfg_passsive_attributes.csv file success
2022-03-15 16:06:20 INFO base/config_manager.go:2381 Load cfg_quick_purchase_stamina.csv file success
2022-03-15 16:06:20 INFO base/config_manager.go:2381 Load cfg_rarity.csv file success
2022-03-15 16:06:20 INFO base/config_manager.go:2381 Load cfg_score_pass_group.csv file success
2022-03-15 16:06:20 INFO base/config_manager.go:2381 Load cfg_score_pass_phase.csv file success
2022-03-15 16:06:20 INFO base/config_manager.go:2381 Load cfg_score_pass_reward.csv file success
2022-03-15 16:06:20 INFO base/config_manager.go:2381 Load cfg_score_pass_task.csv file success
2022-03-15 16:06:20 INFO base/config_manager.go:2381 Load cfg_signin_data.csv file success
2022-03-15 16:06:20 INFO base/config_manager.go:2381 Load cfg_skill.csv file success
2022-03-15 16:06:20 INFO base/config_manager.go:2381 Load cfg_skill_effect.csv file success
2022-03-15 16:06:20 INFO base/config_manager.go:2381 Load cfg_skill_event.csv file success
2022-03-15 16:06:20 INFO base/config_manager.go:2381 Load cfg_sound.csv file success
2022-03-15 16:06:20 INFO base/config_manager.go:2381 Load cfg_store_general.csv file success
2022-03-15 16:06:20 INFO base/config_manager.go:2381 Load cfg_store_goods.csv file success
2022-03-15 16:06:20 INFO base/config_manager.go:2381 Load cfg_store_substore.csv file success
2022-03-15 16:06:20 INFO base/config_manager.go:2381 Load cfg_store_update.csv file success
2022-03-15 16:06:20 INFO base/config_manager.go:2381 Load cfg_survey_info.csv file success
2022-03-15 16:06:20 INFO base/config_manager.go:2381 Load cfg_survey_question.csv file success
2022-03-15 16:06:20 INFO base/config_manager.go:2381 Load cfg_targeting.csv file success
2022-03-15 16:06:20 INFO base/config_manager.go:2381 Load cfg_task_data.csv file success
2022-03-15 16:06:20 INFO base/config_manager.go:2381 Load cfg_task_reward.csv file success
2022-03-15 16:06:20 INFO base/config_manager.go:2381 Load cfg_team_level.csv file success
2022-03-15 16:06:20 INFO base/config_manager.go:2381 Load cfg_tower.csv file success
2022-03-15 16:06:20 INFO base/config_manager.go:2381 Load cfg_tower_level.csv file success
2022-03-15 16:06:20 INFO base/config_manager.go:2381 Load cfg_tower_stage.csv file success
2022-03-15 16:06:20 INFO base/config_manager.go:2381 Load cfg_tp_gate.csv file success
2022-03-15 16:06:20 INFO base/config_manager.go:2381 Load cfg_ultra_skill.csv file success
2022-03-15 16:06:20 INFO base/config_manager.go:2381 Load cfg_user_avatar.csv file success
2022-03-15 16:06:20 INFO base/config_manager.go:2381 Load cfg_vn.csv file success
2022-03-15 16:06:20 INFO base/config_manager.go:2381 Load cfg_world_item_advance.csv file success
2022-03-15 16:06:20 INFO base/config_manager.go:2381 Load cfg_world_item_attributes_data.csv file success
2022-03-15 16:06:20 INFO base/config_manager.go:2381 Load cfg_world_item_data.csv file success
2022-03-15 16:06:20 INFO base/config_manager.go:2381 Load cfg_world_item_level_up_data.csv file success
2022-03-15 16:06:20 INFO base/config_manager.go:2381 Load cfg_yggdrasil_area.csv file success
2022-03-15 16:06:20 INFO base/config_manager.go:2381 Load cfg_yggdrasil_area_city.csv file success
2022-03-15 16:06:20 INFO base/config_manager.go:2381 Load cfg_yggdrasil_area_pos.csv file success
2022-03-15 16:06:20 INFO base/config_manager.go:2381 Load cfg_yggdrasil_building.csv file success
2022-03-15 16:06:20 INFO base/config_manager.go:2381 Load cfg_yggdrasil_cobuilding.csv file success
2022-03-15 16:06:20 INFO base/config_manager.go:2381 Load cfg_yggdrasil_daily_monster.csv file success
2022-03-15 16:06:20 INFO base/config_manager.go:2381 Load cfg_yggdrasil_dispatch.csv file success
2022-03-15 16:06:20 INFO base/config_manager.go:2381 Load cfg_yggdrasil_mark.csv file success
2022-03-15 16:06:20 INFO base/config_manager.go:2381 Load cfg_yggdrasil_object.csv file success
2022-03-15 16:06:20 INFO base/config_manager.go:2381 Load cfg_yggdrasil_object_state.csv file success
2022-03-15 16:06:20 INFO base/config_manager.go:2381 Load cfg_yggdrasil_simple_talk.csv file success
2022-03-15 16:06:20 INFO base/config_manager.go:2381 Load cfg_yggdrasil_sub_task.csv file success
2022-03-15 16:06:20 INFO base/config_manager.go:2381 Load cfg_yggdrasil_sub_task_env.csv file success
2022-03-15 16:06:20 INFO base/config_manager.go:2381 Load cfg_yggdrasil_task.csv file success
2022-03-15 16:06:20 INFO base/config_manager.go:2381 Load cfg_yggdrasil_world.csv file success
2022-03-15 16:06:20 INFO base/config_manager.go:2381 Load gm.csv file success
2022-03-15 16:06:20 INFO base/config_manager.go:2381 Load protocol.csv file success
2022-03-15 16:06:20 INFO etcd/dial.go:30 etcd 127.0.0.1:2379 connect success
2022-03-15 16:06:20 INFO etcd/dial.go:30 etcd 127.0.0.1:2479 connect success
2022-03-15 16:06:20 INFO etcd/dial.go:30 etcd 127.0.0.1:2579 connect success
2022-03-15 16:06:20 INFO balancer/balancer.go:109 + service [game] register server [game01, 10.23.41.20:56634]
2022-03-15 16:06:20 INFO resolver/watcher.go:55 start watching service [mail]
2022-03-15 16:06:20 INFO controller/router.go:64 RegisterHandler Method:GET,Path:fetchWhiteList,Func:<func(*method.HttpGetHandler, context.Context) (map[whitelist.WhiteListType][]interface {}, error) Value>
2022-03-15 16:06:20 INFO controller/router.go:64 RegisterHandler Method:GET,Path:test,Func:<func(*method.HttpGetHandler, context.Context, *httputil.Params) (string, error) Value>
2022-03-15 16:06:20 INFO controller/router.go:64 RegisterHandler Method:POST,Path:addWhiteList,Func:<func(*method.HttpPostHandler, context.Context, *param.WhiteListItem) error Value>
2022-03-15 16:06:20 INFO resolver/watcher.go:55 start watching service [game]
2022-03-15 16:06:20 INFO controller/router.go:64 RegisterHandler Method:POST,Path:delWhiteList,Func:<func(*method.HttpPostHandler, context.Context, *param.WhiteListItem) error Value>
2022-03-15 16:06:20 INFO controller/router.go:64 RegisterHandler Method:POST,Path:sendMail,Func:<func(*method.HttpPostHandler, context.Context, *param.SendMailParam) error Value>
2022-03-15 16:06:20 INFO controller/router.go:64 RegisterHandler Method:POST,Path:sendWholeServerMail,Func:<func(*method.HttpPostHandler, context.Context, *param.SendWholeServerMailParam) error Value>
2022-03-15 16:06:20 INFO controller/router.go:64 RegisterHandler Method:POST,Path:whiteListSwitch,Func:<func(*method.HttpPostHandler, context.Context, *param.WhiteListItemSwitch) error Value>
2022-03-15 16:06:20 INFO gm/main.go:30 Starting HTTP server ...
2022-03-15 16:06:20 INFO balancer/picker.go:60 
--------- service [game] regenerate server ----------
          1. game01, 10.23.41.20:56634
---------------------------------------------------
2022-03-15 16:06:24 DEBUG controller/dispatch.go:20 req :&{Method:POST URL:/sendMail Proto:HTTP/1.1 ProtoMajor:1 ProtoMinor:1 Header:map[Accept:[*/*] Accept-Encoding:[gzip, deflate, br] Accept-Language:[zh-CN,zh;q=0.9] Authorization:[Bearer eyJhbGciOiJIUzI1NiIsInR5cCI6IkpXVCJ9.eyJpc3MiOiJvdmVybG9yZCJ9.N2LpIoR0fS4rUCF7ul0NL75b5sy-NCNc_2sI7ZJ9_yU] Connection:[keep-alive] Content-Length:[215] Content-Type:[application/json] Cross-Request-Open-Sign:[1] Origin:[chrome-extension://eehicpefcodompjcmildpjjiipgiilee] Sec-Ch-Ua:[" Not A;Brand";v="99", "Chromium";v="99", "Google Chrome";v="99"] Sec-Ch-Ua-Mobile:[?0] Sec-Ch-Ua-Platform:["Windows"] Sec-Fetch-Dest:[empty] Sec-Fetch-Mode:[cors] Sec-Fetch-Site:[cross-site] User-Agent:[Mozilla/5.0 (Windows NT 10.0; Win64; x64) AppleWebKit/537.36 (KHTML, like Gecko) Chrome/99.0.4844.51 Safari/537.36]] Body:0xc0012215c0 GetBody:<nil> ContentLength:215 TransferEncoding:[] Close:false Host:127.0.0.1:8080 Form:map[] PostForm:map[] MultipartForm:<nil> Trailer:map[] RemoteAddr:127.0.0.1:58348 RequestURI:/sendMail TLS:<nil> Cancel:<nil> Response:<nil> ctx:0xc001221600}
2022-03-15 16:06:24 DEBUG controller/dispatch.go:50 req post path:sendMail,body :{"title":"标题","content":"内容内容内容","attachment":[{"ID":1,"COUNT":100},{"ID":1,"COUNT":100},{"ID":1,"COUNT":100},{"ID":1,"COUNT":100}],"expire_day":8,"user_ids":[1,1],"start_time":"2022-01-02 15:04:05"}
2022-03-15 16:06:29 DEBUG controller/handler.go:105 resp :&{0  <nil>}
2022-03-15 16:48:43 DEBUG controller/dispatch.go:20 req :&{Method:POST URL:/sendWholeServerMail Proto:HTTP/1.1 ProtoMajor:1 ProtoMinor:1 Header:map[Accept:[*/*] Accept-Encoding:[gzip, deflate, br] Accept-Language:[zh-CN,zh;q=0.9] Authorization:[Bearer eyJhbGciOiJIUzI1NiIsInR5cCI6IkpXVCJ9.eyJpc3MiOiJvdmVybG9yZCJ9.N2LpIoR0fS4rUCF7ul0NL75b5sy-NCNc_2sI7ZJ9_yU] Connection:[keep-alive] Content-Length:[186] Content-Type:[application/json] Cross-Request-Open-Sign:[1] Origin:[chrome-extension://eehicpefcodompjcmildpjjiipgiilee] Sec-Ch-Ua:[" Not A;Brand";v="99", "Chromium";v="99", "Google Chrome";v="99"] Sec-Ch-Ua-Mobile:[?0] Sec-Ch-Ua-Platform:["Windows"] Sec-Fetch-Dest:[empty] Sec-Fetch-Mode:[cors] Sec-Fetch-Site:[cross-site] User-Agent:[Mozilla/5.0 (Windows NT 10.0; Win64; x64) AppleWebKit/537.36 (KHTML, like Gecko) Chrome/99.0.4844.51 Safari/537.36]] Body:0xc000a68140 GetBody:<nil> ContentLength:186 TransferEncoding:[] Close:false Host:127.0.0.1:8080 Form:map[] PostForm:map[] MultipartForm:<nil> Trailer:map[] RemoteAddr:127.0.0.1:63970 RequestURI:/sendWholeServerMail TLS:<nil> Cancel:<nil> Response:<nil> ctx:0xc000a68180}
2022-03-15 16:48:43 DEBUG controller/dispatch.go:50 req post path:sendWholeServerMail,body :{"title":"标题","content":"内容内容内容","expire_day":"8","attachment":[{"ID":1,"COUNT":100},{"ID":1,"COUNT":100},{"ID":1,"COUNT":100},{"ID":1,"COUNT":100},{"ID":1,"COUNT":100}]}
2022-03-15 16:48:43 ERROR Handle Call return error: (/ﾟДﾟ)/ A Error Occurred!
Code: -1
Text: json: cannot unmarshal string into Go struct field SendWholeServerMailParam.expire_day of type int32
Trace:
json: cannot unmarshal string into Go struct field SendWholeServerMailParam.expire_day of type int32
gm/controller.(*PathRouter).HandlePost
	C:/code/overlord-backend-go/gm/controller/handler.go:80
gm/controller.(*Dispatcher).ServeHTTP
	C:/code/overlord-backend-go/gm/controller/dispatch.go:51
net/http.(*ServeMux).ServeHTTP
	C:/Program Files/Go/src/net/http/server.go:2428
net/http.serverHandler.ServeHTTP
	C:/Program Files/Go/src/net/http/server.go:2867
net/http.(*conn).serve
	C:/Program Files/Go/src/net/http/server.go:1932
2022-03-15 16:48:43 DEBUG controller/handler.go:82 resp :&{-1  <nil>}
2022-03-15 16:49:04 DEBUG controller/dispatch.go:20 req :&{Method:POST URL:/sendWholeServerMail Proto:HTTP/1.1 ProtoMajor:1 ProtoMinor:1 Header:map[Accept:[*/*] Accept-Encoding:[gzip, deflate, br] Accept-Language:[zh-CN,zh;q=0.9] Authorization:[Bearer eyJhbGciOiJIUzI1NiIsInR5cCI6IkpXVCJ9.eyJpc3MiOiJvdmVybG9yZCJ9.N2LpIoR0fS4rUCF7ul0NL75b5sy-NCNc_2sI7ZJ9_yU] Connection:[keep-alive] Content-Length:[612] Content-Type:[application/json] Cross-Request-Open-Sign:[1] Origin:[chrome-extension://eehicpefcodompjcmildpjjiipgiilee] Sec-Ch-Ua:[" Not A;Brand";v="99", "Chromium";v="99", "Google Chrome";v="99"] Sec-Ch-Ua-Mobile:[?0] Sec-Ch-Ua-Platform:["Windows"] Sec-Fetch-Dest:[empty] Sec-Fetch-Mode:[cors] Sec-Fetch-Site:[cross-site] User-Agent:[Mozilla/5.0 (Windows NT 10.0; Win64; x64) AppleWebKit/537.36 (KHTML, like Gecko) Chrome/99.0.4844.51 Safari/537.36]] Body:0xc0000c4040 GetBody:<nil> ContentLength:612 TransferEncoding:[] Close:false Host:127.0.0.1:8080 Form:map[] PostForm:map[] MultipartForm:<nil> Trailer:map[] RemoteAddr:127.0.0.1:63970 RequestURI:/sendWholeServerMail TLS:<nil> Cancel:<nil> Response:<nil> ctx:0xc0000c4080}
2022-03-15 16:49:04 DEBUG controller/dispatch.go:50 req post path:sendWholeServerMail,body :{"$schema":"http://json-schema.org/draft-04/schema#","type":"object","properties":{"title":{"type":"string","mock":{"mock":"标题"},"description":"邮件标题"},"content":{"type":"string","mock":{"mock":"内容内容内容"},"description":"邮件内容"},"attachment":{"type":"array","items":{"type":"object","properties":{"ID":{"type":"number","mock":{"mock":"1"}},"COUNT":{"type":"number","mock":{"mock":"100"}}},"required":["ID","COUNT"]}},"expire_day":{"type":"string","mock":{"mock":"8"},"description":"邮件过期时间(天)"},"start_time":{"type":"string"}},"required":["title","content","expire_day"]}
2022-03-15 16:49:04 DEBUG controller/handler.go:105 resp :&{0  <nil>}
2022-03-15 16:49:15 DEBUG controller/dispatch.go:20 req :&{Method:POST URL:/sendWholeServerMail Proto:HTTP/1.1 ProtoMajor:1 ProtoMinor:1 Header:map[Accept:[*/*] Accept-Encoding:[gzip, deflate, br] Accept-Language:[zh-CN,zh;q=0.9] Authorization:[Bearer eyJhbGciOiJIUzI1NiIsInR5cCI6IkpXVCJ9.eyJpc3MiOiJvdmVybG9yZCJ9.N2LpIoR0fS4rUCF7ul0NL75b5sy-NCNc_2sI7ZJ9_yU] Connection:[keep-alive] Content-Length:[174] Content-Type:[application/json] Cross-Request-Open-Sign:[1] Origin:[chrome-extension://eehicpefcodompjcmildpjjiipgiilee] Sec-Ch-Ua:[" Not A;Brand";v="99", "Chromium";v="99", "Google Chrome";v="99"] Sec-Ch-Ua-Mobile:[?0] Sec-Ch-Ua-Platform:["Windows"] Sec-Fetch-Dest:[empty] Sec-Fetch-Mode:[cors] Sec-Fetch-Site:[cross-site] User-Agent:[Mozilla/5.0 (Windows NT 10.0; Win64; x64) AppleWebKit/537.36 (KHTML, like Gecko) Chrome/99.0.4844.51 Safari/537.36]] Body:0xc0000c4200 GetBody:<nil> ContentLength:174 TransferEncoding:[] Close:false Host:127.0.0.1:8080 Form:map[] PostForm:map[] MultipartForm:<nil> Trailer:map[] RemoteAddr:127.0.0.1:63970 RequestURI:/sendWholeServerMail TLS:<nil> Cancel:<nil> Response:<nil> ctx:0xc0000c5080}
2022-03-15 16:49:15 DEBUG controller/dispatch.go:50 req post path:sendWholeServerMail,body :{"title":"标题","content":"内容内容内容","expire_day":"8","attachment":[{"ID":1,"COUNT":100},{"ID":1,"COUNT":100},{"ID":1,"COUNT":100}],"start_time":"magna qui sunt"}
2022-03-15 16:49:15 ERROR Handle Call return error: (/ﾟДﾟ)/ A Error Occurred!
Code: -1
Text: json: cannot unmarshal string into Go struct field SendWholeServerMailParam.expire_day of type int32
Trace:
json: cannot unmarshal string into Go struct field SendWholeServerMailParam.expire_day of type int32
gm/controller.(*PathRouter).HandlePost
	C:/code/overlord-backend-go/gm/controller/handler.go:80
gm/controller.(*Dispatcher).ServeHTTP
	C:/code/overlord-backend-go/gm/controller/dispatch.go:51
net/http.(*ServeMux).ServeHTTP
	C:/Program Files/Go/src/net/http/server.go:2428
net/http.serverHandler.ServeHTTP
	C:/Program Files/Go/src/net/http/server.go:2867
net/http.(*conn).serve
	C:/Program Files/Go/src/net/http/server.go:1932
2022-03-15 16:49:15 DEBUG controller/handler.go:82 resp :&{-1  <nil>}
2022-03-15 16:53:21 DEBUG controller/dispatch.go:20 req :&{Method:POST URL:/sendMail Proto:HTTP/1.1 ProtoMajor:1 ProtoMinor:1 Header:map[Accept:[*/*] Accept-Encoding:[gzip, deflate, br] Accept-Language:[zh-CN,zh;q=0.9] Authorization:[Bearer eyJhbGciOiJIUzI1NiIsInR5cCI6IkpXVCJ9.eyJpc3MiOiJvdmVybG9yZCJ9.N2LpIoR0fS4rUCF7ul0NL75b5sy-NCNc_2sI7ZJ9_yU] Connection:[keep-alive] Content-Length:[236] Content-Type:[application/json] Cross-Request-Open-Sign:[1] Origin:[chrome-extension://eehicpefcodompjcmildpjjiipgiilee] Sec-Ch-Ua:[" Not A;Brand";v="99", "Chromium";v="99", "Google Chrome";v="99"] Sec-Ch-Ua-Mobile:[?0] Sec-Ch-Ua-Platform:["Windows"] Sec-Fetch-Dest:[empty] Sec-Fetch-Mode:[cors] Sec-Fetch-Site:[cross-site] User-Agent:[Mozilla/5.0 (Windows NT 10.0; Win64; x64) AppleWebKit/537.36 (KHTML, like Gecko) Chrome/99.0.4844.51 Safari/537.36]] Body:0xc0000c4040 GetBody:<nil> ContentLength:236 TransferEncoding:[] Close:false Host:127.0.0.1:8080 Form:map[] PostForm:map[] MultipartForm:<nil> Trailer:map[] RemoteAddr:127.0.0.1:63970 RequestURI:/sendMail TLS:<nil> Cancel:<nil> Response:<nil> ctx:0xc0000c4080}
2022-03-15 16:53:21 DEBUG controller/dispatch.go:50 req post path:sendMail,body :{"title":"标题","content":"内容内容内容","attachment":[{"ID":1,"COUNT":100},{"ID":1,"COUNT":100},{"ID":1,"COUNT":100},{"ID":1,"COUNT":100},{"ID":1,"COUNT":100}],"expire_day":7,"user_ids":[1,1],"start_time":"2022-01-02 15:04:05"}
2022-03-15 16:53:24 DEBUG controller/handler.go:105 resp :&{0  <nil>}
2022-03-15 16:53:30 DEBUG controller/dispatch.go:20 req :&{Method:POST URL:/sendWholeServerMail Proto:HTTP/1.1 ProtoMajor:1 ProtoMinor:1 Header:map[Accept:[*/*] Accept-Encoding:[gzip, deflate, br] Accept-Language:[zh-CN,zh;q=0.9] Authorization:[Bearer eyJhbGciOiJIUzI1NiIsInR5cCI6IkpXVCJ9.eyJpc3MiOiJvdmVybG9yZCJ9.N2LpIoR0fS4rUCF7ul0NL75b5sy-NCNc_2sI7ZJ9_yU] Connection:[keep-alive] Content-Length:[206] Content-Type:[application/json] Cross-Request-Open-Sign:[1] Origin:[chrome-extension://eehicpefcodompjcmildpjjiipgiilee] Sec-Ch-Ua:[" Not A;Brand";v="99", "Chromium";v="99", "Google Chrome";v="99"] Sec-Ch-Ua-Mobile:[?0] Sec-Ch-Ua-Platform:["Windows"] Sec-Fetch-Dest:[empty] Sec-Fetch-Mode:[cors] Sec-Fetch-Site:[cross-site] User-Agent:[Mozilla/5.0 (Windows NT 10.0; Win64; x64) AppleWebKit/537.36 (KHTML, like Gecko) Chrome/99.0.4844.51 Safari/537.36]] Body:0xc000a681c0 GetBody:<nil> ContentLength:206 TransferEncoding:[] Close:false Host:127.0.0.1:8080 Form:map[] PostForm:map[] MultipartForm:<nil> Trailer:map[] RemoteAddr:127.0.0.1:63970 RequestURI:/sendWholeServerMail TLS:<nil> Cancel:<nil> Response:<nil> ctx:0xc000a68240}
2022-03-15 16:53:30 DEBUG controller/dispatch.go:50 req post path:sendWholeServerMail,body :{"title":"标题","content":"内容内容内容","expire_day":7,"attachment":[{"ID":1,"COUNT":100},{"ID":1,"COUNT":100},{"ID":1,"COUNT":100},{"ID":1,"COUNT":100},{"ID":1,"COUNT":100}],"start_time":"cillum"}
2022-03-15 16:53:30 ERROR Handle Call return error: (/ﾟДﾟ)/ A Error Occurred!
Code: -1
Text: parsing time "cillum" as "2006-01-02 15:04:05": cannot parse "cillum" as "2006"
Trace:
parsing time "cillum" as "2006-01-02 15:04:05": cannot parse "cillum" as "2006"	gm/method.(*HttpPostHandler).SendWholeServerMail()
		C:/code/overlord-backend-go/gm/method/mail.go:83	

gm/controller.(*PathRouter).HandlePost
	C:/code/overlord-backend-go/gm/controller/handler.go:101
gm/controller.(*Dispatcher).ServeHTTP
	C:/code/overlord-backend-go/gm/controller/dispatch.go:51
net/http.(*ServeMux).ServeHTTP
	C:/Program Files/Go/src/net/http/server.go:2428
net/http.serverHandler.ServeHTTP
	C:/Program Files/Go/src/net/http/server.go:2867
net/http.(*conn).serve
	C:/Program Files/Go/src/net/http/server.go:1932
2022-03-15 16:53:30 DEBUG controller/handler.go:105 resp :&{-1  <nil>}
2022-03-15 16:56:40 DEBUG controller/dispatch.go:20 req :&{Method:POST URL:/sendWholeServerMail Proto:HTTP/1.1 ProtoMajor:1 ProtoMinor:1 Header:map[Accept:[*/*] Accept-Encoding:[gzip, deflate, br] Accept-Language:[zh-CN,zh;q=0.9] Authorization:[Bearer eyJhbGciOiJIUzI1NiIsInR5cCI6IkpXVCJ9.eyJpc3MiOiJvdmVybG9yZCJ9.N2LpIoR0fS4rUCF7ul0NL75b5sy-NCNc_2sI7ZJ9_yU] Connection:[keep-alive] Content-Length:[156] Content-Type:[application/json] Cross-Request-Open-Sign:[1] Origin:[chrome-extension://eehicpefcodompjcmildpjjiipgiilee] Sec-Ch-Ua:[" Not A;Brand";v="99", "Chromium";v="99", "Google Chrome";v="99"] Sec-Ch-Ua-Mobile:[?0] Sec-Ch-Ua-Platform:["Windows"] Sec-Fetch-Dest:[empty] Sec-Fetch-Mode:[cors] Sec-Fetch-Site:[cross-site] User-Agent:[Mozilla/5.0 (Windows NT 10.0; Win64; x64) AppleWebKit/537.36 (KHTML, like Gecko) Chrome/99.0.4844.51 Safari/537.36]] Body:0xc000a68180 GetBody:<nil> ContentLength:156 TransferEncoding:[] Close:false Host:127.0.0.1:8080 Form:map[] PostForm:map[] MultipartForm:<nil> Trailer:map[] RemoteAddr:127.0.0.1:63970 RequestURI:/sendWholeServerMail TLS:<nil> Cancel:<nil> Response:<nil> ctx:0xc000a681c0}
2022-03-15 16:56:40 DEBUG controller/dispatch.go:50 req post path:sendWholeServerMail,body :{"title":"标题","content":"内容内容内容","expire_day":7,"start_time":"2022-01-02 15:04:05","attachment":[{"ID":1,"COUNT":100},{"ID":1,"COUNT":100}]}
2022-03-15 16:56:40 DEBUG controller/handler.go:105 resp :&{0  <nil>}
