2022-03-30 15:25:03 INFO base/config_manager.go:2382 Load cfg_action_unlock.csv file success
2022-03-30 15:25:03 INFO base/config_manager.go:2382 Load cfg_activity.csv file success
2022-03-30 15:25:03 INFO base/config_manager.go:2382 Load cfg_activity_func.csv file success
2022-03-30 15:25:03 INFO base/config_manager.go:2382 Load cfg_battle_level.csv file success
2022-03-30 15:25:03 INFO base/config_manager.go:2382 Load cfg_battle_npc.csv file success
2022-03-30 15:25:03 INFO base/config_manager.go:2382 Load cfg_battle_position.csv file success
2022-03-30 15:25:03 INFO base/config_manager.go:2382 Load cfg_boss_infor.csv file success
2022-03-30 15:25:03 INFO base/config_manager.go:2382 Load cfg_buff.csv file success
2022-03-30 15:25:03 INFO base/config_manager.go:2382 Load cfg_bullet.csv file success
2022-03-30 15:25:03 INFO base/config_manager.go:2382 Load cfg_chapter_level_achievement.csv file success
2022-03-30 15:25:03 INFO base/config_manager.go:2382 Load cfg_character.csv file success
2022-03-30 15:25:03 INFO base/config_manager.go:2382 Load cfg_character_battle.csv file success
2022-03-30 15:25:03 INFO base/config_manager.go:2382 Load cfg_character_camp.csv file success
2022-03-30 15:25:03 INFO base/config_manager.go:2382 Load cfg_character_career.csv file success
2022-03-30 15:25:03 INFO base/config_manager.go:2382 Load cfg_character_data.csv file success
2022-03-30 15:25:03 INFO base/config_manager.go:2382 Load cfg_character_feature.csv file success
2022-03-30 15:25:03 INFO base/config_manager.go:2382 Load cfg_character_level.csv file success
2022-03-30 15:25:03 INFO base/config_manager.go:2382 Load cfg_character_rarity.csv file success
2022-03-30 15:25:03 INFO base/config_manager.go:2382 Load cfg_character_skill.csv file success
2022-03-30 15:25:03 INFO base/config_manager.go:2382 Load cfg_character_skin.csv file success
2022-03-30 15:25:03 INFO base/config_manager.go:2382 Load cfg_character_stage.csv file success
2022-03-30 15:25:03 INFO base/config_manager.go:2382 Load cfg_character_star.csv file success
2022-03-30 15:25:03 INFO base/config_manager.go:2382 Load cfg_combat_power.csv file success
2022-03-30 15:25:03 INFO base/config_manager.go:2382 Load cfg_combat_power_adapt.csv file success
2022-03-30 15:25:03 INFO base/config_manager.go:2382 Load cfg_drop_data.csv file success
2022-03-30 15:25:03 INFO base/config_manager.go:2382 Load cfg_drop_group.csv file success
2022-03-30 15:25:03 INFO base/config_manager.go:2382 Load cfg_equipLevelUp_data.csv file success
2022-03-30 15:25:03 INFO base/config_manager.go:2382 Load cfg_equip_advance.csv file success
2022-03-30 15:25:03 INFO base/config_manager.go:2382 Load cfg_equip_attributes_data.csv file success
2022-03-30 15:25:03 INFO base/config_manager.go:2382 Load cfg_equip_break.csv file success
2022-03-30 15:25:03 INFO base/config_manager.go:2382 Load cfg_equip_data.csv file success
2022-03-30 15:25:03 INFO base/config_manager.go:2382 Load cfg_equip_rand_attributes.csv file success
2022-03-30 15:25:03 INFO base/config_manager.go:2382 Load cfg_equip_rand_attributes_value.csv file success
2022-03-30 15:25:03 INFO base/config_manager.go:2382 Load cfg_equip_skill.csv file success
2022-03-30 15:25:03 INFO base/config_manager.go:2382 Load cfg_everyday_energy_receive.csv file success
2022-03-30 15:25:03 INFO base/config_manager.go:2382 Load cfg_explore_chapter.csv file success
2022-03-30 15:25:03 INFO base/config_manager.go:2382 Load cfg_explore_chapter_level.csv file success
2022-03-30 15:25:03 INFO base/config_manager.go:2382 Load cfg_explore_chapter_level_adapt.csv file success
2022-03-30 15:25:03 INFO base/config_manager.go:2382 Load cfg_explore_chapter_reward.csv file success
2022-03-30 15:25:03 INFO base/config_manager.go:2382 Load cfg_explore_event.csv file success
2022-03-30 15:25:03 INFO base/config_manager.go:2382 Load cfg_explore_fog.csv file success
2022-03-30 15:25:03 INFO base/config_manager.go:2382 Load cfg_explore_gather.csv file success
2022-03-30 15:25:03 INFO base/config_manager.go:2382 Load cfg_explore_map_coordinate.csv file success
2022-03-30 15:25:03 INFO base/config_manager.go:2382 Load cfg_explore_monster.csv file success
2022-03-30 15:25:03 INFO base/config_manager.go:2382 Load cfg_explore_npc.csv file success
2022-03-30 15:25:03 INFO base/config_manager.go:2382 Load cfg_explore_resource.csv file success
2022-03-30 15:25:03 INFO base/config_manager.go:2382 Load cfg_field_skill.csv file success
2022-03-30 15:25:03 INFO base/config_manager.go:2382 Load cfg_fx.csv file success
2022-03-30 15:25:03 INFO base/config_manager.go:2382 Load cfg_gacha_drop.csv file success
2022-03-30 15:25:03 INFO base/config_manager.go:2382 Load cfg_gacha_global.csv file success
2022-03-30 15:25:03 INFO base/config_manager.go:2382 Load cfg_gacha_pool.csv file success
2022-03-30 15:25:03 INFO base/config_manager.go:2382 Load cfg_global_string.csv file success
2022-03-30 15:25:03 INFO base/config_manager.go:2382 Load cfg_graveyard_build.csv file success
2022-03-30 15:25:03 INFO base/config_manager.go:2382 Load cfg_graveyard_build_level.csv file success
2022-03-30 15:25:03 INFO base/config_manager.go:2382 Load cfg_graveyard_build_stage.csv file success
2022-03-30 15:25:03 INFO base/config_manager.go:2382 Load cfg_graveyard_main_tower_level.csv file success
2022-03-30 15:25:03 INFO base/config_manager.go:2382 Load cfg_graveyard_produce_buff.csv file success
2022-03-30 15:25:03 INFO base/config_manager.go:2382 Load cfg_guide_module.csv file success
2022-03-30 15:25:03 INFO base/config_manager.go:2382 Load cfg_guide_step.csv file success
2022-03-30 15:25:03 INFO base/config_manager.go:2382 Load cfg_guild_greetings.csv file success
2022-03-30 15:25:03 INFO base/config_manager.go:2382 Load cfg_guild_level.csv file success
2022-03-30 15:25:03 INFO base/config_manager.go:2382 Load cfg_guild_task.csv file success
2022-03-30 15:25:03 INFO base/config_manager.go:2382 Load cfg_hero.csv file success
2022-03-30 15:25:03 INFO base/config_manager.go:2382 Load cfg_hero_camp_skill_filter.csv file success
2022-03-30 15:25:03 INFO base/config_manager.go:2382 Load cfg_hero_data.csv file success
2022-03-30 15:25:03 INFO base/config_manager.go:2382 Load cfg_hero_extra_data.csv file success
2022-03-30 15:25:03 INFO base/config_manager.go:2382 Load cfg_hero_level.csv file success
2022-03-30 15:25:03 INFO base/config_manager.go:2382 Load cfg_hero_skill.csv file success
2022-03-30 15:25:03 INFO base/config_manager.go:2382 Load cfg_hero_task_data.csv file success
2022-03-30 15:25:03 INFO base/config_manager.go:2382 Load cfg_item_data.csv file success
2022-03-30 15:25:03 INFO base/config_manager.go:2382 Load cfg_mail_template.csv file success
2022-03-30 15:25:03 INFO base/config_manager.go:2382 Load cfg_manual.csv file success
2022-03-30 15:25:03 INFO base/config_manager.go:2382 Load cfg_manual_camp.csv file success
2022-03-30 15:25:03 INFO base/config_manager.go:2382 Load cfg_manual_character_voice.csv file success
2022-03-30 15:25:03 INFO base/config_manager.go:2382 Load cfg_manual_group.csv file success
2022-03-30 15:25:03 INFO base/config_manager.go:2382 Load cfg_manual_level_attribute_data.csv file success
2022-03-30 15:25:03 INFO base/config_manager.go:2382 Load cfg_mask_word.csv file success
2022-03-30 15:25:03 INFO base/config_manager.go:2382 Load cfg_monster_battle.csv file success
2022-03-30 15:25:03 INFO base/config_manager.go:2382 Load cfg_monster_data.csv file success
2022-03-30 15:25:03 INFO base/config_manager.go:2382 Load cfg_names_npc.csv file success
2022-03-30 15:25:03 INFO base/config_manager.go:2382 Load cfg_passive_effect.csv file success
2022-03-30 15:25:03 INFO base/config_manager.go:2382 Load cfg_passsive_attributes.csv file success
2022-03-30 15:25:03 INFO base/config_manager.go:2382 Load cfg_quick_purchase_stamina.csv file success
2022-03-30 15:25:03 INFO base/config_manager.go:2382 Load cfg_rarity.csv file success
2022-03-30 15:25:03 INFO base/config_manager.go:2382 Load cfg_score_pass_group.csv file success
2022-03-30 15:25:03 INFO base/config_manager.go:2382 Load cfg_score_pass_phase.csv file success
2022-03-30 15:25:03 INFO base/config_manager.go:2382 Load cfg_score_pass_reward.csv file success
2022-03-30 15:25:03 INFO base/config_manager.go:2382 Load cfg_score_pass_task.csv file success
2022-03-30 15:25:03 INFO base/config_manager.go:2382 Load cfg_signin_data.csv file success
2022-03-30 15:25:03 INFO base/config_manager.go:2382 Load cfg_skill.csv file success
2022-03-30 15:25:03 INFO base/config_manager.go:2382 Load cfg_skill_effect.csv file success
2022-03-30 15:25:03 INFO base/config_manager.go:2382 Load cfg_skill_event.csv file success
2022-03-30 15:25:03 INFO base/config_manager.go:2382 Load cfg_sound.csv file success
2022-03-30 15:25:03 INFO base/config_manager.go:2382 Load cfg_store_general.csv file success
2022-03-30 15:25:03 INFO base/config_manager.go:2382 Load cfg_store_goods.csv file success
2022-03-30 15:25:03 INFO base/config_manager.go:2382 Load cfg_store_substore.csv file success
2022-03-30 15:25:03 INFO base/config_manager.go:2382 Load cfg_store_update.csv file success
2022-03-30 15:25:03 INFO base/config_manager.go:2382 Load cfg_survey_info.csv file success
2022-03-30 15:25:03 INFO base/config_manager.go:2382 Load cfg_survey_question.csv file success
2022-03-30 15:25:03 INFO base/config_manager.go:2382 Load cfg_targeting.csv file success
2022-03-30 15:25:03 INFO base/config_manager.go:2382 Load cfg_task_data.csv file success
2022-03-30 15:25:03 INFO base/config_manager.go:2382 Load cfg_task_reward.csv file success
2022-03-30 15:25:03 INFO base/config_manager.go:2382 Load cfg_team_level.csv file success
2022-03-30 15:25:03 INFO base/config_manager.go:2382 Load cfg_tower.csv file success
2022-03-30 15:25:03 INFO base/config_manager.go:2382 Load cfg_tower_level.csv file success
2022-03-30 15:25:03 INFO base/config_manager.go:2382 Load cfg_tower_stage.csv file success
2022-03-30 15:25:03 INFO base/config_manager.go:2382 Load cfg_tp_gate.csv file success
2022-03-30 15:25:03 INFO base/config_manager.go:2382 Load cfg_ultra_skill.csv file success
2022-03-30 15:25:03 INFO base/config_manager.go:2382 Load cfg_user_avatar.csv file success
2022-03-30 15:25:03 INFO base/config_manager.go:2382 Load cfg_vn.csv file success
2022-03-30 15:25:03 INFO base/config_manager.go:2382 Load cfg_world_item_advance.csv file success
2022-03-30 15:25:03 INFO base/config_manager.go:2382 Load cfg_world_item_attributes_data.csv file success
2022-03-30 15:25:03 INFO base/config_manager.go:2382 Load cfg_world_item_data.csv file success
2022-03-30 15:25:03 INFO base/config_manager.go:2382 Load cfg_world_item_level_up_data.csv file success
2022-03-30 15:25:03 INFO base/config_manager.go:2382 Load cfg_yggdrasil_area.csv file success
2022-03-30 15:25:03 INFO base/config_manager.go:2382 Load cfg_yggdrasil_area_city.csv file success
2022-03-30 15:25:03 INFO base/config_manager.go:2382 Load cfg_yggdrasil_area_pos.csv file success
2022-03-30 15:25:03 INFO base/config_manager.go:2382 Load cfg_yggdrasil_building.csv file success
2022-03-30 15:25:03 INFO base/config_manager.go:2382 Load cfg_yggdrasil_cobuilding.csv file success
2022-03-30 15:25:03 INFO base/config_manager.go:2382 Load cfg_yggdrasil_daily_monster.csv file success
2022-03-30 15:25:03 INFO base/config_manager.go:2382 Load cfg_yggdrasil_dispatch.csv file success
2022-03-30 15:25:03 INFO base/config_manager.go:2382 Load cfg_yggdrasil_mark.csv file success
2022-03-30 15:25:03 INFO base/config_manager.go:2382 Load cfg_yggdrasil_object.csv file success
2022-03-30 15:25:03 INFO base/config_manager.go:2382 Load cfg_yggdrasil_object_state.csv file success
2022-03-30 15:25:03 INFO base/config_manager.go:2382 Load cfg_yggdrasil_simple_talk.csv file success
2022-03-30 15:25:03 INFO base/config_manager.go:2382 Load cfg_yggdrasil_sub_task.csv file success
2022-03-30 15:25:03 INFO base/config_manager.go:2382 Load cfg_yggdrasil_sub_task_env.csv file success
2022-03-30 15:25:03 INFO base/config_manager.go:2382 Load cfg_yggdrasil_task.csv file success
2022-03-30 15:25:03 INFO base/config_manager.go:2382 Load cfg_yggdrasil_world.csv file success
2022-03-30 15:25:03 INFO base/config_manager.go:2382 Load gm.csv file success
2022-03-30 15:25:03 INFO base/config_manager.go:2382 Load protocol.csv file success
2022-03-30 15:25:03 ERROR ERROR: load GlobalEntry error: json: cannot unmarshal number into Go value of type bool; Field unmarshal error. (name: SpareMaintainSwitch
shared/csv/entry.(*Manager).Reload
	C:/code/overlord-backend-go/shared/csv/entry/manager.go:106
gamesvr/manager.Init
	C:/code/overlord-backend-go/gamesvr/manager/manager.go:69
main.main
	C:/code/overlord-backend-go/gamesvr/main.go:13
runtime.main
	C:/Program Files/Go/src/runtime/proc.go:225
2022-03-30 15:25:03 ERROR load config error: json: cannot unmarshal number into Go value of type bool; Field unmarshal error. (name: SpareMaintainSwitch
gamesvr/manager.Init
	C:/code/overlord-backend-go/gamesvr/manager/manager.go:71
main.main
	C:/code/overlord-backend-go/gamesvr/main.go:13
runtime.main
	C:/Program Files/Go/src/runtime/proc.go:225
2022-03-30 15:25:03 FATAL manager init error: json: cannot unmarshal number into Go value of type bool; Field unmarshal error. (name: SpareMaintainSwitch
main.main
	C:/code/overlord-backend-go/gamesvr/main.go:15
runtime.main
	C:/Program Files/Go/src/runtime/proc.go:225
2022-03-30 15:27:13 INFO base/config_manager.go:2382 Load cfg_action_unlock.csv file success
2022-03-30 15:27:13 INFO base/config_manager.go:2382 Load cfg_activity.csv file success
2022-03-30 15:27:13 INFO base/config_manager.go:2382 Load cfg_activity_func.csv file success
2022-03-30 15:27:13 INFO base/config_manager.go:2382 Load cfg_battle_level.csv file success
2022-03-30 15:27:13 INFO base/config_manager.go:2382 Load cfg_battle_npc.csv file success
2022-03-30 15:27:13 INFO base/config_manager.go:2382 Load cfg_battle_position.csv file success
2022-03-30 15:27:13 INFO base/config_manager.go:2382 Load cfg_boss_infor.csv file success
2022-03-30 15:27:13 INFO base/config_manager.go:2382 Load cfg_buff.csv file success
2022-03-30 15:27:13 INFO base/config_manager.go:2382 Load cfg_bullet.csv file success
2022-03-30 15:27:13 INFO base/config_manager.go:2382 Load cfg_chapter_level_achievement.csv file success
2022-03-30 15:27:13 INFO base/config_manager.go:2382 Load cfg_character.csv file success
2022-03-30 15:27:13 INFO base/config_manager.go:2382 Load cfg_character_battle.csv file success
2022-03-30 15:27:13 INFO base/config_manager.go:2382 Load cfg_character_camp.csv file success
2022-03-30 15:27:13 INFO base/config_manager.go:2382 Load cfg_character_career.csv file success
2022-03-30 15:27:13 INFO base/config_manager.go:2382 Load cfg_character_data.csv file success
2022-03-30 15:27:13 INFO base/config_manager.go:2382 Load cfg_character_feature.csv file success
2022-03-30 15:27:13 INFO base/config_manager.go:2382 Load cfg_character_level.csv file success
2022-03-30 15:27:13 INFO base/config_manager.go:2382 Load cfg_character_rarity.csv file success
2022-03-30 15:27:13 INFO base/config_manager.go:2382 Load cfg_character_skill.csv file success
2022-03-30 15:27:13 INFO base/config_manager.go:2382 Load cfg_character_skin.csv file success
2022-03-30 15:27:13 INFO base/config_manager.go:2382 Load cfg_character_stage.csv file success
2022-03-30 15:27:13 INFO base/config_manager.go:2382 Load cfg_character_star.csv file success
2022-03-30 15:27:13 INFO base/config_manager.go:2382 Load cfg_combat_power.csv file success
2022-03-30 15:27:13 INFO base/config_manager.go:2382 Load cfg_combat_power_adapt.csv file success
2022-03-30 15:27:13 INFO base/config_manager.go:2382 Load cfg_drop_data.csv file success
2022-03-30 15:27:13 INFO base/config_manager.go:2382 Load cfg_drop_group.csv file success
2022-03-30 15:27:13 INFO base/config_manager.go:2382 Load cfg_equipLevelUp_data.csv file success
2022-03-30 15:27:13 INFO base/config_manager.go:2382 Load cfg_equip_advance.csv file success
2022-03-30 15:27:13 INFO base/config_manager.go:2382 Load cfg_equip_attributes_data.csv file success
2022-03-30 15:27:13 INFO base/config_manager.go:2382 Load cfg_equip_break.csv file success
2022-03-30 15:27:13 INFO base/config_manager.go:2382 Load cfg_equip_data.csv file success
2022-03-30 15:27:13 INFO base/config_manager.go:2382 Load cfg_equip_rand_attributes.csv file success
2022-03-30 15:27:13 INFO base/config_manager.go:2382 Load cfg_equip_rand_attributes_value.csv file success
2022-03-30 15:27:13 INFO base/config_manager.go:2382 Load cfg_equip_skill.csv file success
2022-03-30 15:27:13 INFO base/config_manager.go:2382 Load cfg_everyday_energy_receive.csv file success
2022-03-30 15:27:13 INFO base/config_manager.go:2382 Load cfg_explore_chapter.csv file success
2022-03-30 15:27:13 INFO base/config_manager.go:2382 Load cfg_explore_chapter_level.csv file success
2022-03-30 15:27:13 INFO base/config_manager.go:2382 Load cfg_explore_chapter_level_adapt.csv file success
2022-03-30 15:27:13 INFO base/config_manager.go:2382 Load cfg_explore_chapter_reward.csv file success
2022-03-30 15:27:13 INFO base/config_manager.go:2382 Load cfg_explore_event.csv file success
2022-03-30 15:27:13 INFO base/config_manager.go:2382 Load cfg_explore_fog.csv file success
2022-03-30 15:27:13 INFO base/config_manager.go:2382 Load cfg_explore_gather.csv file success
2022-03-30 15:27:13 INFO base/config_manager.go:2382 Load cfg_explore_map_coordinate.csv file success
2022-03-30 15:27:13 INFO base/config_manager.go:2382 Load cfg_explore_monster.csv file success
2022-03-30 15:27:13 INFO base/config_manager.go:2382 Load cfg_explore_npc.csv file success
2022-03-30 15:27:13 INFO base/config_manager.go:2382 Load cfg_explore_resource.csv file success
2022-03-30 15:27:13 INFO base/config_manager.go:2382 Load cfg_field_skill.csv file success
2022-03-30 15:27:13 INFO base/config_manager.go:2382 Load cfg_fx.csv file success
2022-03-30 15:27:13 INFO base/config_manager.go:2382 Load cfg_gacha_drop.csv file success
2022-03-30 15:27:13 INFO base/config_manager.go:2382 Load cfg_gacha_global.csv file success
2022-03-30 15:27:13 INFO base/config_manager.go:2382 Load cfg_gacha_pool.csv file success
2022-03-30 15:27:13 INFO base/config_manager.go:2382 Load cfg_global_string.csv file success
2022-03-30 15:27:13 INFO base/config_manager.go:2382 Load cfg_graveyard_build.csv file success
2022-03-30 15:27:13 INFO base/config_manager.go:2382 Load cfg_graveyard_build_level.csv file success
2022-03-30 15:27:13 INFO base/config_manager.go:2382 Load cfg_graveyard_build_stage.csv file success
2022-03-30 15:27:13 INFO base/config_manager.go:2382 Load cfg_graveyard_main_tower_level.csv file success
2022-03-30 15:27:13 INFO base/config_manager.go:2382 Load cfg_graveyard_produce_buff.csv file success
2022-03-30 15:27:13 INFO base/config_manager.go:2382 Load cfg_guide_module.csv file success
2022-03-30 15:27:13 INFO base/config_manager.go:2382 Load cfg_guide_step.csv file success
2022-03-30 15:27:13 INFO base/config_manager.go:2382 Load cfg_guild_greetings.csv file success
2022-03-30 15:27:13 INFO base/config_manager.go:2382 Load cfg_guild_level.csv file success
2022-03-30 15:27:13 INFO base/config_manager.go:2382 Load cfg_guild_task.csv file success
2022-03-30 15:27:13 INFO base/config_manager.go:2382 Load cfg_hero.csv file success
2022-03-30 15:27:13 INFO base/config_manager.go:2382 Load cfg_hero_camp_skill_filter.csv file success
2022-03-30 15:27:13 INFO base/config_manager.go:2382 Load cfg_hero_data.csv file success
2022-03-30 15:27:13 INFO base/config_manager.go:2382 Load cfg_hero_extra_data.csv file success
2022-03-30 15:27:13 INFO base/config_manager.go:2382 Load cfg_hero_level.csv file success
2022-03-30 15:27:13 INFO base/config_manager.go:2382 Load cfg_hero_skill.csv file success
2022-03-30 15:27:13 INFO base/config_manager.go:2382 Load cfg_hero_task_data.csv file success
2022-03-30 15:27:13 INFO base/config_manager.go:2382 Load cfg_item_data.csv file success
2022-03-30 15:27:13 INFO base/config_manager.go:2382 Load cfg_mail_template.csv file success
2022-03-30 15:27:13 INFO base/config_manager.go:2382 Load cfg_manual.csv file success
2022-03-30 15:27:13 INFO base/config_manager.go:2382 Load cfg_manual_camp.csv file success
2022-03-30 15:27:13 INFO base/config_manager.go:2382 Load cfg_manual_character_voice.csv file success
2022-03-30 15:27:13 INFO base/config_manager.go:2382 Load cfg_manual_group.csv file success
2022-03-30 15:27:13 INFO base/config_manager.go:2382 Load cfg_manual_level_attribute_data.csv file success
2022-03-30 15:27:13 INFO base/config_manager.go:2382 Load cfg_mask_word.csv file success
2022-03-30 15:27:13 INFO base/config_manager.go:2382 Load cfg_monster_battle.csv file success
2022-03-30 15:27:13 INFO base/config_manager.go:2382 Load cfg_monster_data.csv file success
2022-03-30 15:27:13 INFO base/config_manager.go:2382 Load cfg_names_npc.csv file success
2022-03-30 15:27:13 INFO base/config_manager.go:2382 Load cfg_passive_effect.csv file success
2022-03-30 15:27:13 INFO base/config_manager.go:2382 Load cfg_passsive_attributes.csv file success
2022-03-30 15:27:13 INFO base/config_manager.go:2382 Load cfg_quick_purchase_stamina.csv file success
2022-03-30 15:27:13 INFO base/config_manager.go:2382 Load cfg_rarity.csv file success
2022-03-30 15:27:13 INFO base/config_manager.go:2382 Load cfg_score_pass_group.csv file success
2022-03-30 15:27:13 INFO base/config_manager.go:2382 Load cfg_score_pass_phase.csv file success
2022-03-30 15:27:13 INFO base/config_manager.go:2382 Load cfg_score_pass_reward.csv file success
2022-03-30 15:27:13 INFO base/config_manager.go:2382 Load cfg_score_pass_task.csv file success
2022-03-30 15:27:13 INFO base/config_manager.go:2382 Load cfg_signin_data.csv file success
2022-03-30 15:27:13 INFO base/config_manager.go:2382 Load cfg_skill.csv file success
2022-03-30 15:27:13 INFO base/config_manager.go:2382 Load cfg_skill_effect.csv file success
2022-03-30 15:27:13 INFO base/config_manager.go:2382 Load cfg_skill_event.csv file success
2022-03-30 15:27:13 INFO base/config_manager.go:2382 Load cfg_sound.csv file success
2022-03-30 15:27:13 INFO base/config_manager.go:2382 Load cfg_store_general.csv file success
2022-03-30 15:27:13 INFO base/config_manager.go:2382 Load cfg_store_goods.csv file success
2022-03-30 15:27:13 INFO base/config_manager.go:2382 Load cfg_store_substore.csv file success
2022-03-30 15:27:13 INFO base/config_manager.go:2382 Load cfg_store_update.csv file success
2022-03-30 15:27:13 INFO base/config_manager.go:2382 Load cfg_survey_info.csv file success
2022-03-30 15:27:13 INFO base/config_manager.go:2382 Load cfg_survey_question.csv file success
2022-03-30 15:27:13 INFO base/config_manager.go:2382 Load cfg_targeting.csv file success
2022-03-30 15:27:13 INFO base/config_manager.go:2382 Load cfg_task_data.csv file success
2022-03-30 15:27:13 INFO base/config_manager.go:2382 Load cfg_task_reward.csv file success
2022-03-30 15:27:13 INFO base/config_manager.go:2382 Load cfg_team_level.csv file success
2022-03-30 15:27:13 INFO base/config_manager.go:2382 Load cfg_tower.csv file success
2022-03-30 15:27:13 INFO base/config_manager.go:2382 Load cfg_tower_level.csv file success
2022-03-30 15:27:13 INFO base/config_manager.go:2382 Load cfg_tower_stage.csv file success
2022-03-30 15:27:13 INFO base/config_manager.go:2382 Load cfg_tp_gate.csv file success
2022-03-30 15:27:13 INFO base/config_manager.go:2382 Load cfg_ultra_skill.csv file success
2022-03-30 15:27:13 INFO base/config_manager.go:2382 Load cfg_user_avatar.csv file success
2022-03-30 15:27:13 INFO base/config_manager.go:2382 Load cfg_vn.csv file success
2022-03-30 15:27:13 INFO base/config_manager.go:2382 Load cfg_world_item_advance.csv file success
2022-03-30 15:27:13 INFO base/config_manager.go:2382 Load cfg_world_item_attributes_data.csv file success
2022-03-30 15:27:13 INFO base/config_manager.go:2382 Load cfg_world_item_data.csv file success
2022-03-30 15:27:13 INFO base/config_manager.go:2382 Load cfg_world_item_level_up_data.csv file success
2022-03-30 15:27:13 INFO base/config_manager.go:2382 Load cfg_yggdrasil_area.csv file success
2022-03-30 15:27:13 INFO base/config_manager.go:2382 Load cfg_yggdrasil_area_city.csv file success
2022-03-30 15:27:13 INFO base/config_manager.go:2382 Load cfg_yggdrasil_area_pos.csv file success
2022-03-30 15:27:13 INFO base/config_manager.go:2382 Load cfg_yggdrasil_building.csv file success
2022-03-30 15:27:13 INFO base/config_manager.go:2382 Load cfg_yggdrasil_cobuilding.csv file success
2022-03-30 15:27:13 INFO base/config_manager.go:2382 Load cfg_yggdrasil_daily_monster.csv file success
2022-03-30 15:27:13 INFO base/config_manager.go:2382 Load cfg_yggdrasil_dispatch.csv file success
2022-03-30 15:27:13 INFO base/config_manager.go:2382 Load cfg_yggdrasil_mark.csv file success
2022-03-30 15:27:13 INFO base/config_manager.go:2382 Load cfg_yggdrasil_object.csv file success
2022-03-30 15:27:13 INFO base/config_manager.go:2382 Load cfg_yggdrasil_object_state.csv file success
2022-03-30 15:27:13 INFO base/config_manager.go:2382 Load cfg_yggdrasil_simple_talk.csv file success
2022-03-30 15:27:13 INFO base/config_manager.go:2382 Load cfg_yggdrasil_sub_task.csv file success
2022-03-30 15:27:13 INFO base/config_manager.go:2382 Load cfg_yggdrasil_sub_task_env.csv file success
2022-03-30 15:27:13 INFO base/config_manager.go:2382 Load cfg_yggdrasil_task.csv file success
2022-03-30 15:27:13 INFO base/config_manager.go:2382 Load cfg_yggdrasil_world.csv file success
2022-03-30 15:27:13 INFO base/config_manager.go:2382 Load gm.csv file success
2022-03-30 15:27:13 INFO base/config_manager.go:2382 Load protocol.csv file success
2022-03-30 15:27:13 INFO etcd/dial.go:30 etcd 127.0.0.1:2379 connect success
2022-03-30 15:27:13 INFO etcd/dial.go:30 etcd 127.0.0.1:2479 connect success
2022-03-30 15:27:13 INFO etcd/dial.go:30 etcd 127.0.0.1:2579 connect success
2022-03-30 15:27:13 INFO manager/manager.go:142 now time: 2022-03-30 15:27:13.8169756 +0800 CST m=+0.343520501
2022-03-30 15:27:13 INFO balancer/balancer.go:107 + service [portal] register server [portal01, 10.23.40.247:60376]
2022-03-30 15:27:13 INFO resolver/watcher.go:55 start watching service [portal]
2022-03-30 15:27:13 INFO resolver/watcher.go:55 start watching service [guild]
2022-03-30 15:27:13 INFO resolver/watcher.go:55 start watching service [mail]
2022-03-30 15:27:13 INFO balancer/balancer.go:107 + service [login] register server [login01, 10.23.40.17:60893]
2022-03-30 15:27:13 INFO resolver/watcher.go:55 start watching service [login]
2022-03-30 15:27:13 INFO grpc/server.go:113 grpc listen addr: 10.23.41.5:63435
2022-03-30 15:43:14 INFO balancer/balancer.go:121 - service [portal] unregister server [portal01]
2022-03-30 15:43:14 INFO balancer/balancer.go:128 + service [portal] register server [portal01, 10.23.41.5:53679]
2022-03-30 15:43:14 INFO least_conn/least_conn.go:57 
--------- service [portal] regenerate server ----------
          1. portal01, 10.23.41.5:53679
---------------------------------------------------
2022-03-30 15:44:44 DEBUG controller/handler.go:313 PreHandle Intercepted ,uid:12313212315
2022-03-30 15:44:44 WARN controller/handler.go:71 ERROR: illegal Command 1005
2022-03-30 15:47:56 INFO base/config_manager.go:2381 Load cfg_action_unlock.csv file success
2022-03-30 15:47:56 INFO base/config_manager.go:2381 Load cfg_activity.csv file success
2022-03-30 15:47:56 INFO base/config_manager.go:2381 Load cfg_activity_func.csv file success
2022-03-30 15:47:56 INFO base/config_manager.go:2381 Load cfg_battle_level.csv file success
2022-03-30 15:47:56 INFO base/config_manager.go:2381 Load cfg_battle_npc.csv file success
2022-03-30 15:47:56 INFO base/config_manager.go:2381 Load cfg_battle_position.csv file success
2022-03-30 15:47:56 INFO base/config_manager.go:2381 Load cfg_boss_infor.csv file success
2022-03-30 15:47:56 INFO base/config_manager.go:2381 Load cfg_buff.csv file success
2022-03-30 15:47:56 INFO base/config_manager.go:2381 Load cfg_bullet.csv file success
2022-03-30 15:47:56 INFO base/config_manager.go:2381 Load cfg_chapter_level_achievement.csv file success
2022-03-30 15:47:56 INFO base/config_manager.go:2381 Load cfg_character.csv file success
2022-03-30 15:47:56 INFO base/config_manager.go:2381 Load cfg_character_battle.csv file success
2022-03-30 15:47:56 INFO base/config_manager.go:2381 Load cfg_character_camp.csv file success
2022-03-30 15:47:56 INFO base/config_manager.go:2381 Load cfg_character_career.csv file success
2022-03-30 15:47:56 INFO base/config_manager.go:2381 Load cfg_character_data.csv file success
2022-03-30 15:47:56 INFO base/config_manager.go:2381 Load cfg_character_feature.csv file success
2022-03-30 15:47:56 INFO base/config_manager.go:2381 Load cfg_character_level.csv file success
2022-03-30 15:47:56 INFO base/config_manager.go:2381 Load cfg_character_rarity.csv file success
2022-03-30 15:47:56 INFO base/config_manager.go:2381 Load cfg_character_skill.csv file success
2022-03-30 15:47:56 INFO base/config_manager.go:2381 Load cfg_character_skin.csv file success
2022-03-30 15:47:56 INFO base/config_manager.go:2381 Load cfg_character_stage.csv file success
2022-03-30 15:47:56 INFO base/config_manager.go:2381 Load cfg_character_star.csv file success
2022-03-30 15:47:56 INFO base/config_manager.go:2381 Load cfg_combat_power.csv file success
2022-03-30 15:47:56 INFO base/config_manager.go:2381 Load cfg_combat_power_adapt.csv file success
2022-03-30 15:47:56 INFO base/config_manager.go:2381 Load cfg_drop_data.csv file success
2022-03-30 15:47:56 INFO base/config_manager.go:2381 Load cfg_drop_group.csv file success
2022-03-30 15:47:56 INFO base/config_manager.go:2381 Load cfg_equipLevelUp_data.csv file success
2022-03-30 15:47:56 INFO base/config_manager.go:2381 Load cfg_equip_advance.csv file success
2022-03-30 15:47:56 INFO base/config_manager.go:2381 Load cfg_equip_attributes_data.csv file success
2022-03-30 15:47:56 INFO base/config_manager.go:2381 Load cfg_equip_break.csv file success
2022-03-30 15:47:56 INFO base/config_manager.go:2381 Load cfg_equip_data.csv file success
2022-03-30 15:47:56 INFO base/config_manager.go:2381 Load cfg_equip_rand_attributes.csv file success
2022-03-30 15:47:56 INFO base/config_manager.go:2381 Load cfg_equip_rand_attributes_value.csv file success
2022-03-30 15:47:56 INFO base/config_manager.go:2381 Load cfg_equip_skill.csv file success
2022-03-30 15:47:56 INFO base/config_manager.go:2381 Load cfg_everyday_energy_receive.csv file success
2022-03-30 15:47:56 INFO base/config_manager.go:2381 Load cfg_explore_chapter.csv file success
2022-03-30 15:47:56 INFO base/config_manager.go:2381 Load cfg_explore_chapter_level.csv file success
2022-03-30 15:47:56 INFO base/config_manager.go:2381 Load cfg_explore_chapter_level_adapt.csv file success
2022-03-30 15:47:56 INFO base/config_manager.go:2381 Load cfg_explore_chapter_reward.csv file success
2022-03-30 15:47:56 INFO base/config_manager.go:2381 Load cfg_explore_event.csv file success
2022-03-30 15:47:56 INFO base/config_manager.go:2381 Load cfg_explore_fog.csv file success
2022-03-30 15:47:56 INFO base/config_manager.go:2381 Load cfg_explore_gather.csv file success
2022-03-30 15:47:56 INFO base/config_manager.go:2381 Load cfg_explore_map_coordinate.csv file success
2022-03-30 15:47:56 INFO base/config_manager.go:2381 Load cfg_explore_monster.csv file success
2022-03-30 15:47:56 INFO base/config_manager.go:2381 Load cfg_explore_npc.csv file success
2022-03-30 15:47:56 INFO base/config_manager.go:2381 Load cfg_explore_resource.csv file success
2022-03-30 15:47:56 INFO base/config_manager.go:2381 Load cfg_field_skill.csv file success
2022-03-30 15:47:56 INFO base/config_manager.go:2381 Load cfg_fx.csv file success
2022-03-30 15:47:56 INFO base/config_manager.go:2381 Load cfg_gacha_drop.csv file success
2022-03-30 15:47:56 INFO base/config_manager.go:2381 Load cfg_gacha_global.csv file success
2022-03-30 15:47:56 INFO base/config_manager.go:2381 Load cfg_gacha_pool.csv file success
2022-03-30 15:47:56 INFO base/config_manager.go:2381 Load cfg_global_string.csv file success
2022-03-30 15:47:56 INFO base/config_manager.go:2381 Load cfg_graveyard_build.csv file success
2022-03-30 15:47:56 INFO base/config_manager.go:2381 Load cfg_graveyard_build_level.csv file success
2022-03-30 15:47:56 INFO base/config_manager.go:2381 Load cfg_graveyard_build_stage.csv file success
2022-03-30 15:47:56 INFO base/config_manager.go:2381 Load cfg_graveyard_main_tower_level.csv file success
2022-03-30 15:47:56 INFO base/config_manager.go:2381 Load cfg_graveyard_produce_buff.csv file success
2022-03-30 15:47:56 INFO base/config_manager.go:2381 Load cfg_guide_module.csv file success
2022-03-30 15:47:56 INFO base/config_manager.go:2381 Load cfg_guide_step.csv file success
2022-03-30 15:47:56 INFO base/config_manager.go:2381 Load cfg_guild_greetings.csv file success
2022-03-30 15:47:56 INFO base/config_manager.go:2381 Load cfg_guild_level.csv file success
2022-03-30 15:47:56 INFO base/config_manager.go:2381 Load cfg_guild_task.csv file success
2022-03-30 15:47:56 INFO base/config_manager.go:2381 Load cfg_hero.csv file success
2022-03-30 15:47:56 INFO base/config_manager.go:2381 Load cfg_hero_camp_skill_filter.csv file success
2022-03-30 15:47:56 INFO base/config_manager.go:2381 Load cfg_hero_data.csv file success
2022-03-30 15:47:56 INFO base/config_manager.go:2381 Load cfg_hero_extra_data.csv file success
2022-03-30 15:47:56 INFO base/config_manager.go:2381 Load cfg_hero_level.csv file success
2022-03-30 15:47:56 INFO base/config_manager.go:2381 Load cfg_hero_skill.csv file success
2022-03-30 15:47:56 INFO base/config_manager.go:2381 Load cfg_hero_task_data.csv file success
2022-03-30 15:47:56 INFO base/config_manager.go:2381 Load cfg_item_data.csv file success
2022-03-30 15:47:56 INFO base/config_manager.go:2381 Load cfg_mail_template.csv file success
2022-03-30 15:47:56 INFO base/config_manager.go:2381 Load cfg_manual.csv file success
2022-03-30 15:47:56 INFO base/config_manager.go:2381 Load cfg_manual_camp.csv file success
2022-03-30 15:47:56 INFO base/config_manager.go:2381 Load cfg_manual_character_voice.csv file success
2022-03-30 15:47:56 INFO base/config_manager.go:2381 Load cfg_manual_group.csv file success
2022-03-30 15:47:56 INFO base/config_manager.go:2381 Load cfg_manual_level_attribute_data.csv file success
2022-03-30 15:47:56 INFO base/config_manager.go:2381 Load cfg_mask_word.csv file success
2022-03-30 15:47:56 INFO base/config_manager.go:2381 Load cfg_monster_battle.csv file success
2022-03-30 15:47:56 INFO base/config_manager.go:2381 Load cfg_monster_data.csv file success
2022-03-30 15:47:56 INFO base/config_manager.go:2381 Load cfg_names_npc.csv file success
2022-03-30 15:47:56 INFO base/config_manager.go:2381 Load cfg_passive_effect.csv file success
2022-03-30 15:47:56 INFO base/config_manager.go:2381 Load cfg_passsive_attributes.csv file success
2022-03-30 15:47:56 INFO base/config_manager.go:2381 Load cfg_quick_purchase_stamina.csv file success
2022-03-30 15:47:56 INFO base/config_manager.go:2381 Load cfg_rarity.csv file success
2022-03-30 15:47:56 INFO base/config_manager.go:2381 Load cfg_score_pass_group.csv file success
2022-03-30 15:47:56 INFO base/config_manager.go:2381 Load cfg_score_pass_phase.csv file success
2022-03-30 15:47:56 INFO base/config_manager.go:2381 Load cfg_score_pass_reward.csv file success
2022-03-30 15:47:56 INFO base/config_manager.go:2381 Load cfg_score_pass_task.csv file success
2022-03-30 15:47:56 INFO base/config_manager.go:2381 Load cfg_signin_data.csv file success
2022-03-30 15:47:56 INFO base/config_manager.go:2381 Load cfg_skill.csv file success
2022-03-30 15:47:56 INFO base/config_manager.go:2381 Load cfg_skill_effect.csv file success
2022-03-30 15:47:56 INFO base/config_manager.go:2381 Load cfg_skill_event.csv file success
2022-03-30 15:47:56 INFO base/config_manager.go:2381 Load cfg_sound.csv file success
2022-03-30 15:47:56 INFO base/config_manager.go:2381 Load cfg_store_general.csv file success
2022-03-30 15:47:56 INFO base/config_manager.go:2381 Load cfg_store_goods.csv file success
2022-03-30 15:47:56 INFO base/config_manager.go:2381 Load cfg_store_substore.csv file success
2022-03-30 15:47:56 INFO base/config_manager.go:2381 Load cfg_store_update.csv file success
2022-03-30 15:47:56 INFO base/config_manager.go:2381 Load cfg_survey_info.csv file success
2022-03-30 15:47:56 INFO base/config_manager.go:2381 Load cfg_survey_question.csv file success
2022-03-30 15:47:56 INFO base/config_manager.go:2381 Load cfg_targeting.csv file success
2022-03-30 15:47:56 INFO base/config_manager.go:2381 Load cfg_task_data.csv file success
2022-03-30 15:47:56 INFO base/config_manager.go:2381 Load cfg_task_reward.csv file success
2022-03-30 15:47:56 INFO base/config_manager.go:2381 Load cfg_team_level.csv file success
2022-03-30 15:47:56 INFO base/config_manager.go:2381 Load cfg_tower.csv file success
2022-03-30 15:47:56 INFO base/config_manager.go:2381 Load cfg_tower_level.csv file success
2022-03-30 15:47:56 INFO base/config_manager.go:2381 Load cfg_tower_stage.csv file success
2022-03-30 15:47:56 INFO base/config_manager.go:2381 Load cfg_tp_gate.csv file success
2022-03-30 15:47:56 INFO base/config_manager.go:2381 Load cfg_ultra_skill.csv file success
2022-03-30 15:47:56 INFO base/config_manager.go:2381 Load cfg_user_avatar.csv file success
2022-03-30 15:47:56 INFO base/config_manager.go:2381 Load cfg_vn.csv file success
2022-03-30 15:47:56 INFO base/config_manager.go:2381 Load cfg_world_item_advance.csv file success
2022-03-30 15:47:56 INFO base/config_manager.go:2381 Load cfg_world_item_attributes_data.csv file success
2022-03-30 15:47:56 INFO base/config_manager.go:2381 Load cfg_world_item_data.csv file success
2022-03-30 15:47:56 INFO base/config_manager.go:2381 Load cfg_world_item_level_up_data.csv file success
2022-03-30 15:47:56 INFO base/config_manager.go:2381 Load cfg_yggdrasil_area.csv file success
2022-03-30 15:47:56 INFO base/config_manager.go:2381 Load cfg_yggdrasil_area_city.csv file success
2022-03-30 15:47:56 INFO base/config_manager.go:2381 Load cfg_yggdrasil_area_pos.csv file success
2022-03-30 15:47:56 INFO base/config_manager.go:2381 Load cfg_yggdrasil_building.csv file success
2022-03-30 15:47:56 INFO base/config_manager.go:2381 Load cfg_yggdrasil_cobuilding.csv file success
2022-03-30 15:47:56 INFO base/config_manager.go:2381 Load cfg_yggdrasil_daily_monster.csv file success
2022-03-30 15:47:56 INFO base/config_manager.go:2381 Load cfg_yggdrasil_dispatch.csv file success
2022-03-30 15:47:56 INFO base/config_manager.go:2381 Load cfg_yggdrasil_mark.csv file success
2022-03-30 15:47:56 INFO base/config_manager.go:2381 Load cfg_yggdrasil_object.csv file success
2022-03-30 15:47:56 INFO base/config_manager.go:2381 Load cfg_yggdrasil_object_state.csv file success
2022-03-30 15:47:56 INFO base/config_manager.go:2381 Load cfg_yggdrasil_simple_talk.csv file success
2022-03-30 15:47:56 INFO base/config_manager.go:2381 Load cfg_yggdrasil_sub_task.csv file success
2022-03-30 15:47:56 INFO base/config_manager.go:2381 Load cfg_yggdrasil_sub_task_env.csv file success
2022-03-30 15:47:56 INFO base/config_manager.go:2381 Load cfg_yggdrasil_task.csv file success
2022-03-30 15:47:56 INFO base/config_manager.go:2381 Load cfg_yggdrasil_world.csv file success
2022-03-30 15:47:56 INFO base/config_manager.go:2381 Load gm.csv file success
2022-03-30 15:47:56 INFO base/config_manager.go:2381 Load protocol.csv file success
2022-03-30 15:47:56 INFO etcd/dial.go:30 etcd 127.0.0.1:2379 connect success
2022-03-30 15:47:56 INFO etcd/dial.go:30 etcd 127.0.0.1:2479 connect success
2022-03-30 15:47:56 INFO etcd/dial.go:30 etcd 127.0.0.1:2579 connect success
2022-03-30 15:47:56 INFO manager/manager.go:142 now time: 2022-03-30 15:47:56.607518 +0800 CST m=+0.304333001
2022-03-30 15:47:56 INFO balancer/balancer.go:107 + service [portal] register server [portal01, 10.23.41.5:53679]
2022-03-30 15:47:56 INFO least_conn/least_conn.go:57 
--------- service [portal] regenerate server ----------
          1. portal01, 10.23.41.5:53679
---------------------------------------------------
2022-03-30 15:47:56 INFO resolver/watcher.go:55 start watching service [portal]
2022-03-30 15:47:56 INFO resolver/watcher.go:55 start watching service [guild]
2022-03-30 15:47:56 INFO resolver/watcher.go:55 start watching service [mail]
2022-03-30 15:47:56 INFO balancer/balancer.go:107 + service [login] register server [login01, 10.23.40.17:60893]
2022-03-30 15:47:56 INFO resolver/watcher.go:55 start watching service [login]
2022-03-30 15:47:56 INFO grpc/server.go:113 grpc listen addr: 10.23.41.5:54691
2022-03-30 15:48:00 DEBUG controller/handler.go:316 PreHandle Intercepted ,uid:12313212315
2022-03-30 15:48:00 WARN controller/handler.go:71 ERROR: illegal Command 1005
2022-03-30 15:52:53 INFO base/config_manager.go:2381 Load cfg_action_unlock.csv file success
2022-03-30 15:52:53 INFO base/config_manager.go:2381 Load cfg_activity.csv file success
2022-03-30 15:52:53 INFO base/config_manager.go:2381 Load cfg_activity_func.csv file success
2022-03-30 15:52:53 INFO base/config_manager.go:2381 Load cfg_battle_level.csv file success
2022-03-30 15:52:53 INFO base/config_manager.go:2381 Load cfg_battle_npc.csv file success
2022-03-30 15:52:53 INFO base/config_manager.go:2381 Load cfg_battle_position.csv file success
2022-03-30 15:52:53 INFO base/config_manager.go:2381 Load cfg_boss_infor.csv file success
2022-03-30 15:52:53 INFO base/config_manager.go:2381 Load cfg_buff.csv file success
2022-03-30 15:52:53 INFO base/config_manager.go:2381 Load cfg_bullet.csv file success
2022-03-30 15:52:53 INFO base/config_manager.go:2381 Load cfg_chapter_level_achievement.csv file success
2022-03-30 15:52:53 INFO base/config_manager.go:2381 Load cfg_character.csv file success
2022-03-30 15:52:53 INFO base/config_manager.go:2381 Load cfg_character_battle.csv file success
2022-03-30 15:52:53 INFO base/config_manager.go:2381 Load cfg_character_camp.csv file success
2022-03-30 15:52:53 INFO base/config_manager.go:2381 Load cfg_character_career.csv file success
2022-03-30 15:52:53 INFO base/config_manager.go:2381 Load cfg_character_data.csv file success
2022-03-30 15:52:53 INFO base/config_manager.go:2381 Load cfg_character_feature.csv file success
2022-03-30 15:52:53 INFO base/config_manager.go:2381 Load cfg_character_level.csv file success
2022-03-30 15:52:53 INFO base/config_manager.go:2381 Load cfg_character_rarity.csv file success
2022-03-30 15:52:53 INFO base/config_manager.go:2381 Load cfg_character_skill.csv file success
2022-03-30 15:52:53 INFO base/config_manager.go:2381 Load cfg_character_skin.csv file success
2022-03-30 15:52:53 INFO base/config_manager.go:2381 Load cfg_character_stage.csv file success
2022-03-30 15:52:53 INFO base/config_manager.go:2381 Load cfg_character_star.csv file success
2022-03-30 15:52:53 INFO base/config_manager.go:2381 Load cfg_combat_power.csv file success
2022-03-30 15:52:53 INFO base/config_manager.go:2381 Load cfg_combat_power_adapt.csv file success
2022-03-30 15:52:53 INFO base/config_manager.go:2381 Load cfg_drop_data.csv file success
2022-03-30 15:52:53 INFO base/config_manager.go:2381 Load cfg_drop_group.csv file success
2022-03-30 15:52:53 INFO base/config_manager.go:2381 Load cfg_equipLevelUp_data.csv file success
2022-03-30 15:52:53 INFO base/config_manager.go:2381 Load cfg_equip_advance.csv file success
2022-03-30 15:52:53 INFO base/config_manager.go:2381 Load cfg_equip_attributes_data.csv file success
2022-03-30 15:52:53 INFO base/config_manager.go:2381 Load cfg_equip_break.csv file success
2022-03-30 15:52:53 INFO base/config_manager.go:2381 Load cfg_equip_data.csv file success
2022-03-30 15:52:53 INFO base/config_manager.go:2381 Load cfg_equip_rand_attributes.csv file success
2022-03-30 15:52:53 INFO base/config_manager.go:2381 Load cfg_equip_rand_attributes_value.csv file success
2022-03-30 15:52:53 INFO base/config_manager.go:2381 Load cfg_equip_skill.csv file success
2022-03-30 15:52:53 INFO base/config_manager.go:2381 Load cfg_everyday_energy_receive.csv file success
2022-03-30 15:52:53 INFO base/config_manager.go:2381 Load cfg_explore_chapter.csv file success
2022-03-30 15:52:53 INFO base/config_manager.go:2381 Load cfg_explore_chapter_level.csv file success
2022-03-30 15:52:53 INFO base/config_manager.go:2381 Load cfg_explore_chapter_level_adapt.csv file success
2022-03-30 15:52:53 INFO base/config_manager.go:2381 Load cfg_explore_chapter_reward.csv file success
2022-03-30 15:52:53 INFO base/config_manager.go:2381 Load cfg_explore_event.csv file success
2022-03-30 15:52:53 INFO base/config_manager.go:2381 Load cfg_explore_fog.csv file success
2022-03-30 15:52:53 INFO base/config_manager.go:2381 Load cfg_explore_gather.csv file success
2022-03-30 15:52:53 INFO base/config_manager.go:2381 Load cfg_explore_map_coordinate.csv file success
2022-03-30 15:52:53 INFO base/config_manager.go:2381 Load cfg_explore_monster.csv file success
2022-03-30 15:52:53 INFO base/config_manager.go:2381 Load cfg_explore_npc.csv file success
2022-03-30 15:52:53 INFO base/config_manager.go:2381 Load cfg_explore_resource.csv file success
2022-03-30 15:52:53 INFO base/config_manager.go:2381 Load cfg_field_skill.csv file success
2022-03-30 15:52:53 INFO base/config_manager.go:2381 Load cfg_fx.csv file success
2022-03-30 15:52:53 INFO base/config_manager.go:2381 Load cfg_gacha_drop.csv file success
2022-03-30 15:52:53 INFO base/config_manager.go:2381 Load cfg_gacha_global.csv file success
2022-03-30 15:52:53 INFO base/config_manager.go:2381 Load cfg_gacha_pool.csv file success
2022-03-30 15:52:53 INFO base/config_manager.go:2381 Load cfg_global_string.csv file success
2022-03-30 15:52:53 INFO base/config_manager.go:2381 Load cfg_graveyard_build.csv file success
2022-03-30 15:52:53 INFO base/config_manager.go:2381 Load cfg_graveyard_build_level.csv file success
2022-03-30 15:52:53 INFO base/config_manager.go:2381 Load cfg_graveyard_build_stage.csv file success
2022-03-30 15:52:53 INFO base/config_manager.go:2381 Load cfg_graveyard_main_tower_level.csv file success
2022-03-30 15:52:53 INFO base/config_manager.go:2381 Load cfg_graveyard_produce_buff.csv file success
2022-03-30 15:52:53 INFO base/config_manager.go:2381 Load cfg_guide_module.csv file success
2022-03-30 15:52:53 INFO base/config_manager.go:2381 Load cfg_guide_step.csv file success
2022-03-30 15:52:53 INFO base/config_manager.go:2381 Load cfg_guild_greetings.csv file success
2022-03-30 15:52:53 INFO base/config_manager.go:2381 Load cfg_guild_level.csv file success
2022-03-30 15:52:53 INFO base/config_manager.go:2381 Load cfg_guild_task.csv file success
2022-03-30 15:52:53 INFO base/config_manager.go:2381 Load cfg_hero.csv file success
2022-03-30 15:52:53 INFO base/config_manager.go:2381 Load cfg_hero_camp_skill_filter.csv file success
2022-03-30 15:52:53 INFO base/config_manager.go:2381 Load cfg_hero_data.csv file success
2022-03-30 15:52:53 INFO base/config_manager.go:2381 Load cfg_hero_extra_data.csv file success
2022-03-30 15:52:53 INFO base/config_manager.go:2381 Load cfg_hero_level.csv file success
2022-03-30 15:52:53 INFO base/config_manager.go:2381 Load cfg_hero_skill.csv file success
2022-03-30 15:52:53 INFO base/config_manager.go:2381 Load cfg_hero_task_data.csv file success
2022-03-30 15:52:53 INFO base/config_manager.go:2381 Load cfg_item_data.csv file success
2022-03-30 15:52:53 INFO base/config_manager.go:2381 Load cfg_mail_template.csv file success
2022-03-30 15:52:53 INFO base/config_manager.go:2381 Load cfg_manual.csv file success
2022-03-30 15:52:53 INFO base/config_manager.go:2381 Load cfg_manual_camp.csv file success
2022-03-30 15:52:53 INFO base/config_manager.go:2381 Load cfg_manual_character_voice.csv file success
2022-03-30 15:52:53 INFO base/config_manager.go:2381 Load cfg_manual_group.csv file success
2022-03-30 15:52:53 INFO base/config_manager.go:2381 Load cfg_manual_level_attribute_data.csv file success
2022-03-30 15:52:53 INFO base/config_manager.go:2381 Load cfg_mask_word.csv file success
2022-03-30 15:52:53 INFO base/config_manager.go:2381 Load cfg_monster_battle.csv file success
2022-03-30 15:52:53 INFO base/config_manager.go:2381 Load cfg_monster_data.csv file success
2022-03-30 15:52:53 INFO base/config_manager.go:2381 Load cfg_names_npc.csv file success
2022-03-30 15:52:53 INFO base/config_manager.go:2381 Load cfg_passive_effect.csv file success
2022-03-30 15:52:53 INFO base/config_manager.go:2381 Load cfg_passsive_attributes.csv file success
2022-03-30 15:52:53 INFO base/config_manager.go:2381 Load cfg_quick_purchase_stamina.csv file success
2022-03-30 15:52:53 INFO base/config_manager.go:2381 Load cfg_rarity.csv file success
2022-03-30 15:52:53 INFO base/config_manager.go:2381 Load cfg_score_pass_group.csv file success
2022-03-30 15:52:53 INFO base/config_manager.go:2381 Load cfg_score_pass_phase.csv file success
2022-03-30 15:52:53 INFO base/config_manager.go:2381 Load cfg_score_pass_reward.csv file success
2022-03-30 15:52:53 INFO base/config_manager.go:2381 Load cfg_score_pass_task.csv file success
2022-03-30 15:52:53 INFO base/config_manager.go:2381 Load cfg_signin_data.csv file success
2022-03-30 15:52:53 INFO base/config_manager.go:2381 Load cfg_skill.csv file success
2022-03-30 15:52:53 INFO base/config_manager.go:2381 Load cfg_skill_effect.csv file success
2022-03-30 15:52:53 INFO base/config_manager.go:2381 Load cfg_skill_event.csv file success
2022-03-30 15:52:53 INFO base/config_manager.go:2381 Load cfg_sound.csv file success
2022-03-30 15:52:53 INFO base/config_manager.go:2381 Load cfg_store_general.csv file success
2022-03-30 15:52:53 INFO base/config_manager.go:2381 Load cfg_store_goods.csv file success
2022-03-30 15:52:53 INFO base/config_manager.go:2381 Load cfg_store_substore.csv file success
2022-03-30 15:52:53 INFO base/config_manager.go:2381 Load cfg_store_update.csv file success
2022-03-30 15:52:53 INFO base/config_manager.go:2381 Load cfg_survey_info.csv file success
2022-03-30 15:52:53 INFO base/config_manager.go:2381 Load cfg_survey_question.csv file success
2022-03-30 15:52:53 INFO base/config_manager.go:2381 Load cfg_targeting.csv file success
2022-03-30 15:52:53 INFO base/config_manager.go:2381 Load cfg_task_data.csv file success
2022-03-30 15:52:53 INFO base/config_manager.go:2381 Load cfg_task_reward.csv file success
2022-03-30 15:52:53 INFO base/config_manager.go:2381 Load cfg_team_level.csv file success
2022-03-30 15:52:53 INFO base/config_manager.go:2381 Load cfg_tower.csv file success
2022-03-30 15:52:53 INFO base/config_manager.go:2381 Load cfg_tower_level.csv file success
2022-03-30 15:52:53 INFO base/config_manager.go:2381 Load cfg_tower_stage.csv file success
2022-03-30 15:52:53 INFO base/config_manager.go:2381 Load cfg_tp_gate.csv file success
2022-03-30 15:52:53 INFO base/config_manager.go:2381 Load cfg_ultra_skill.csv file success
2022-03-30 15:52:53 INFO base/config_manager.go:2381 Load cfg_user_avatar.csv file success
2022-03-30 15:52:53 INFO base/config_manager.go:2381 Load cfg_vn.csv file success
2022-03-30 15:52:53 INFO base/config_manager.go:2381 Load cfg_world_item_advance.csv file success
2022-03-30 15:52:53 INFO base/config_manager.go:2381 Load cfg_world_item_attributes_data.csv file success
2022-03-30 15:52:53 INFO base/config_manager.go:2381 Load cfg_world_item_data.csv file success
2022-03-30 15:52:53 INFO base/config_manager.go:2381 Load cfg_world_item_level_up_data.csv file success
2022-03-30 15:52:53 INFO base/config_manager.go:2381 Load cfg_yggdrasil_area.csv file success
2022-03-30 15:52:53 INFO base/config_manager.go:2381 Load cfg_yggdrasil_area_city.csv file success
2022-03-30 15:52:53 INFO base/config_manager.go:2381 Load cfg_yggdrasil_area_pos.csv file success
2022-03-30 15:52:53 INFO base/config_manager.go:2381 Load cfg_yggdrasil_building.csv file success
2022-03-30 15:52:53 INFO base/config_manager.go:2381 Load cfg_yggdrasil_cobuilding.csv file success
2022-03-30 15:52:53 INFO base/config_manager.go:2381 Load cfg_yggdrasil_daily_monster.csv file success
2022-03-30 15:52:53 INFO base/config_manager.go:2381 Load cfg_yggdrasil_dispatch.csv file success
2022-03-30 15:52:53 INFO base/config_manager.go:2381 Load cfg_yggdrasil_mark.csv file success
2022-03-30 15:52:53 INFO base/config_manager.go:2381 Load cfg_yggdrasil_object.csv file success
2022-03-30 15:52:53 INFO base/config_manager.go:2381 Load cfg_yggdrasil_object_state.csv file success
2022-03-30 15:52:53 INFO base/config_manager.go:2381 Load cfg_yggdrasil_simple_talk.csv file success
2022-03-30 15:52:53 INFO base/config_manager.go:2381 Load cfg_yggdrasil_sub_task.csv file success
2022-03-30 15:52:53 INFO base/config_manager.go:2381 Load cfg_yggdrasil_sub_task_env.csv file success
2022-03-30 15:52:53 INFO base/config_manager.go:2381 Load cfg_yggdrasil_task.csv file success
2022-03-30 15:52:53 INFO base/config_manager.go:2381 Load cfg_yggdrasil_world.csv file success
2022-03-30 15:52:53 INFO base/config_manager.go:2381 Load gm.csv file success
2022-03-30 15:52:53 INFO base/config_manager.go:2381 Load protocol.csv file success
2022-03-30 15:52:53 INFO etcd/dial.go:30 etcd 127.0.0.1:2379 connect success
2022-03-30 15:52:53 INFO etcd/dial.go:30 etcd 127.0.0.1:2479 connect success
2022-03-30 15:52:53 INFO etcd/dial.go:30 etcd 127.0.0.1:2579 connect success
2022-03-30 15:52:53 INFO manager/manager.go:142 now time: 2022-03-30 15:52:53.8674884 +0800 CST m=+0.389467101
2022-03-30 15:52:53 INFO balancer/balancer.go:107 + service [portal] register server [portal01, 10.23.41.5:53679]
2022-03-30 15:52:53 INFO resolver/watcher.go:55 start watching service [portal]
2022-03-30 15:52:53 INFO least_conn/least_conn.go:57 
--------- service [portal] regenerate server ----------
          1. portal01, 10.23.41.5:53679
---------------------------------------------------
2022-03-30 15:52:53 INFO resolver/watcher.go:55 start watching service [guild]
2022-03-30 15:52:53 INFO resolver/watcher.go:55 start watching service [mail]
2022-03-30 15:52:53 INFO balancer/balancer.go:107 + service [login] register server [login01, 10.23.40.17:60893]
2022-03-30 15:52:53 INFO resolver/watcher.go:55 start watching service [login]
2022-03-30 15:52:53 INFO grpc/server.go:113 grpc listen addr: 10.23.41.5:55896
2022-03-30 15:53:02 DEBUG controller/handler.go:328 PreHandle Intercepted ,uid:12313212315
2022-03-30 15:53:02 WARN controller/handler.go:83 ERROR: illegal Command 1005
2022-03-30 15:53:17 INFO balancer/balancer.go:121 - service [portal] unregister server [portal01]
2022-03-30 15:53:17 INFO balancer/balancer.go:128 + service [portal] register server [portal01, 10.23.41.5:55996]
2022-03-30 15:53:17 INFO least_conn/least_conn.go:57 
--------- service [portal] regenerate server ----------
          1. portal01, 10.23.41.5:55996
---------------------------------------------------
2022-03-30 15:53:23 INFO base/config_manager.go:2381 Load cfg_action_unlock.csv file success
2022-03-30 15:53:23 INFO base/config_manager.go:2381 Load cfg_activity.csv file success
2022-03-30 15:53:23 INFO base/config_manager.go:2381 Load cfg_activity_func.csv file success
2022-03-30 15:53:23 INFO base/config_manager.go:2381 Load cfg_battle_level.csv file success
2022-03-30 15:53:23 INFO base/config_manager.go:2381 Load cfg_battle_npc.csv file success
2022-03-30 15:53:23 INFO base/config_manager.go:2381 Load cfg_battle_position.csv file success
2022-03-30 15:53:23 INFO base/config_manager.go:2381 Load cfg_boss_infor.csv file success
2022-03-30 15:53:23 INFO base/config_manager.go:2381 Load cfg_buff.csv file success
2022-03-30 15:53:23 INFO base/config_manager.go:2381 Load cfg_bullet.csv file success
2022-03-30 15:53:23 INFO base/config_manager.go:2381 Load cfg_chapter_level_achievement.csv file success
2022-03-30 15:53:23 INFO base/config_manager.go:2381 Load cfg_character.csv file success
2022-03-30 15:53:23 INFO base/config_manager.go:2381 Load cfg_character_battle.csv file success
2022-03-30 15:53:23 INFO base/config_manager.go:2381 Load cfg_character_camp.csv file success
2022-03-30 15:53:23 INFO base/config_manager.go:2381 Load cfg_character_career.csv file success
2022-03-30 15:53:23 INFO base/config_manager.go:2381 Load cfg_character_data.csv file success
2022-03-30 15:53:23 INFO base/config_manager.go:2381 Load cfg_character_feature.csv file success
2022-03-30 15:53:23 INFO base/config_manager.go:2381 Load cfg_character_level.csv file success
2022-03-30 15:53:23 INFO base/config_manager.go:2381 Load cfg_character_rarity.csv file success
2022-03-30 15:53:23 INFO base/config_manager.go:2381 Load cfg_character_skill.csv file success
2022-03-30 15:53:23 INFO base/config_manager.go:2381 Load cfg_character_skin.csv file success
2022-03-30 15:53:23 INFO base/config_manager.go:2381 Load cfg_character_stage.csv file success
2022-03-30 15:53:23 INFO base/config_manager.go:2381 Load cfg_character_star.csv file success
2022-03-30 15:53:23 INFO base/config_manager.go:2381 Load cfg_combat_power.csv file success
2022-03-30 15:53:23 INFO base/config_manager.go:2381 Load cfg_combat_power_adapt.csv file success
2022-03-30 15:53:23 INFO base/config_manager.go:2381 Load cfg_drop_data.csv file success
2022-03-30 15:53:23 INFO base/config_manager.go:2381 Load cfg_drop_group.csv file success
2022-03-30 15:53:23 INFO base/config_manager.go:2381 Load cfg_equipLevelUp_data.csv file success
2022-03-30 15:53:23 INFO base/config_manager.go:2381 Load cfg_equip_advance.csv file success
2022-03-30 15:53:23 INFO base/config_manager.go:2381 Load cfg_equip_attributes_data.csv file success
2022-03-30 15:53:23 INFO base/config_manager.go:2381 Load cfg_equip_break.csv file success
2022-03-30 15:53:23 INFO base/config_manager.go:2381 Load cfg_equip_data.csv file success
2022-03-30 15:53:23 INFO base/config_manager.go:2381 Load cfg_equip_rand_attributes.csv file success
2022-03-30 15:53:23 INFO base/config_manager.go:2381 Load cfg_equip_rand_attributes_value.csv file success
2022-03-30 15:53:23 INFO base/config_manager.go:2381 Load cfg_equip_skill.csv file success
2022-03-30 15:53:23 INFO base/config_manager.go:2381 Load cfg_everyday_energy_receive.csv file success
2022-03-30 15:53:23 INFO base/config_manager.go:2381 Load cfg_explore_chapter.csv file success
2022-03-30 15:53:23 INFO base/config_manager.go:2381 Load cfg_explore_chapter_level.csv file success
2022-03-30 15:53:23 INFO base/config_manager.go:2381 Load cfg_explore_chapter_level_adapt.csv file success
2022-03-30 15:53:23 INFO base/config_manager.go:2381 Load cfg_explore_chapter_reward.csv file success
2022-03-30 15:53:23 INFO base/config_manager.go:2381 Load cfg_explore_event.csv file success
2022-03-30 15:53:23 INFO base/config_manager.go:2381 Load cfg_explore_fog.csv file success
2022-03-30 15:53:23 INFO base/config_manager.go:2381 Load cfg_explore_gather.csv file success
2022-03-30 15:53:23 INFO base/config_manager.go:2381 Load cfg_explore_map_coordinate.csv file success
2022-03-30 15:53:23 INFO base/config_manager.go:2381 Load cfg_explore_monster.csv file success
2022-03-30 15:53:23 INFO base/config_manager.go:2381 Load cfg_explore_npc.csv file success
2022-03-30 15:53:23 INFO base/config_manager.go:2381 Load cfg_explore_resource.csv file success
2022-03-30 15:53:23 INFO base/config_manager.go:2381 Load cfg_field_skill.csv file success
2022-03-30 15:53:23 INFO base/config_manager.go:2381 Load cfg_fx.csv file success
2022-03-30 15:53:23 INFO base/config_manager.go:2381 Load cfg_gacha_drop.csv file success
2022-03-30 15:53:23 INFO base/config_manager.go:2381 Load cfg_gacha_global.csv file success
2022-03-30 15:53:23 INFO base/config_manager.go:2381 Load cfg_gacha_pool.csv file success
2022-03-30 15:53:23 INFO base/config_manager.go:2381 Load cfg_global_string.csv file success
2022-03-30 15:53:23 INFO base/config_manager.go:2381 Load cfg_graveyard_build.csv file success
2022-03-30 15:53:23 INFO base/config_manager.go:2381 Load cfg_graveyard_build_level.csv file success
2022-03-30 15:53:23 INFO base/config_manager.go:2381 Load cfg_graveyard_build_stage.csv file success
2022-03-30 15:53:23 INFO base/config_manager.go:2381 Load cfg_graveyard_main_tower_level.csv file success
2022-03-30 15:53:23 INFO base/config_manager.go:2381 Load cfg_graveyard_produce_buff.csv file success
2022-03-30 15:53:23 INFO base/config_manager.go:2381 Load cfg_guide_module.csv file success
2022-03-30 15:53:23 INFO base/config_manager.go:2381 Load cfg_guide_step.csv file success
2022-03-30 15:53:23 INFO base/config_manager.go:2381 Load cfg_guild_greetings.csv file success
2022-03-30 15:53:23 INFO base/config_manager.go:2381 Load cfg_guild_level.csv file success
2022-03-30 15:53:23 INFO base/config_manager.go:2381 Load cfg_guild_task.csv file success
2022-03-30 15:53:23 INFO base/config_manager.go:2381 Load cfg_hero.csv file success
2022-03-30 15:53:23 INFO base/config_manager.go:2381 Load cfg_hero_camp_skill_filter.csv file success
2022-03-30 15:53:23 INFO base/config_manager.go:2381 Load cfg_hero_data.csv file success
2022-03-30 15:53:23 INFO base/config_manager.go:2381 Load cfg_hero_extra_data.csv file success
2022-03-30 15:53:23 INFO base/config_manager.go:2381 Load cfg_hero_level.csv file success
2022-03-30 15:53:23 INFO base/config_manager.go:2381 Load cfg_hero_skill.csv file success
2022-03-30 15:53:23 INFO base/config_manager.go:2381 Load cfg_hero_task_data.csv file success
2022-03-30 15:53:23 INFO base/config_manager.go:2381 Load cfg_item_data.csv file success
2022-03-30 15:53:23 INFO base/config_manager.go:2381 Load cfg_mail_template.csv file success
2022-03-30 15:53:23 INFO base/config_manager.go:2381 Load cfg_manual.csv file success
2022-03-30 15:53:23 INFO base/config_manager.go:2381 Load cfg_manual_camp.csv file success
2022-03-30 15:53:23 INFO base/config_manager.go:2381 Load cfg_manual_character_voice.csv file success
2022-03-30 15:53:23 INFO base/config_manager.go:2381 Load cfg_manual_group.csv file success
2022-03-30 15:53:23 INFO base/config_manager.go:2381 Load cfg_manual_level_attribute_data.csv file success
2022-03-30 15:53:23 INFO base/config_manager.go:2381 Load cfg_mask_word.csv file success
2022-03-30 15:53:23 INFO base/config_manager.go:2381 Load cfg_monster_battle.csv file success
2022-03-30 15:53:23 INFO base/config_manager.go:2381 Load cfg_monster_data.csv file success
2022-03-30 15:53:23 INFO base/config_manager.go:2381 Load cfg_names_npc.csv file success
2022-03-30 15:53:23 INFO base/config_manager.go:2381 Load cfg_passive_effect.csv file success
2022-03-30 15:53:23 INFO base/config_manager.go:2381 Load cfg_passsive_attributes.csv file success
2022-03-30 15:53:23 INFO base/config_manager.go:2381 Load cfg_quick_purchase_stamina.csv file success
2022-03-30 15:53:23 INFO base/config_manager.go:2381 Load cfg_rarity.csv file success
2022-03-30 15:53:23 INFO base/config_manager.go:2381 Load cfg_score_pass_group.csv file success
2022-03-30 15:53:23 INFO base/config_manager.go:2381 Load cfg_score_pass_phase.csv file success
2022-03-30 15:53:23 INFO base/config_manager.go:2381 Load cfg_score_pass_reward.csv file success
2022-03-30 15:53:23 INFO base/config_manager.go:2381 Load cfg_score_pass_task.csv file success
2022-03-30 15:53:23 INFO base/config_manager.go:2381 Load cfg_signin_data.csv file success
2022-03-30 15:53:23 INFO base/config_manager.go:2381 Load cfg_skill.csv file success
2022-03-30 15:53:23 INFO base/config_manager.go:2381 Load cfg_skill_effect.csv file success
2022-03-30 15:53:23 INFO base/config_manager.go:2381 Load cfg_skill_event.csv file success
2022-03-30 15:53:23 INFO base/config_manager.go:2381 Load cfg_sound.csv file success
2022-03-30 15:53:23 INFO base/config_manager.go:2381 Load cfg_store_general.csv file success
2022-03-30 15:53:23 INFO base/config_manager.go:2381 Load cfg_store_goods.csv file success
2022-03-30 15:53:23 INFO base/config_manager.go:2381 Load cfg_store_substore.csv file success
2022-03-30 15:53:23 INFO base/config_manager.go:2381 Load cfg_store_update.csv file success
2022-03-30 15:53:23 INFO base/config_manager.go:2381 Load cfg_survey_info.csv file success
2022-03-30 15:53:23 INFO base/config_manager.go:2381 Load cfg_survey_question.csv file success
2022-03-30 15:53:23 INFO base/config_manager.go:2381 Load cfg_targeting.csv file success
2022-03-30 15:53:23 INFO base/config_manager.go:2381 Load cfg_task_data.csv file success
2022-03-30 15:53:23 INFO base/config_manager.go:2381 Load cfg_task_reward.csv file success
2022-03-30 15:53:23 INFO base/config_manager.go:2381 Load cfg_team_level.csv file success
2022-03-30 15:53:23 INFO base/config_manager.go:2381 Load cfg_tower.csv file success
2022-03-30 15:53:23 INFO base/config_manager.go:2381 Load cfg_tower_level.csv file success
2022-03-30 15:53:23 INFO base/config_manager.go:2381 Load cfg_tower_stage.csv file success
2022-03-30 15:53:23 INFO base/config_manager.go:2381 Load cfg_tp_gate.csv file success
2022-03-30 15:53:23 INFO base/config_manager.go:2381 Load cfg_ultra_skill.csv file success
2022-03-30 15:53:23 INFO base/config_manager.go:2381 Load cfg_user_avatar.csv file success
2022-03-30 15:53:23 INFO base/config_manager.go:2381 Load cfg_vn.csv file success
2022-03-30 15:53:23 INFO base/config_manager.go:2381 Load cfg_world_item_advance.csv file success
2022-03-30 15:53:23 INFO base/config_manager.go:2381 Load cfg_world_item_attributes_data.csv file success
2022-03-30 15:53:23 INFO base/config_manager.go:2381 Load cfg_world_item_data.csv file success
2022-03-30 15:53:23 INFO base/config_manager.go:2381 Load cfg_world_item_level_up_data.csv file success
2022-03-30 15:53:23 INFO base/config_manager.go:2381 Load cfg_yggdrasil_area.csv file success
2022-03-30 15:53:23 INFO base/config_manager.go:2381 Load cfg_yggdrasil_area_city.csv file success
2022-03-30 15:53:23 INFO base/config_manager.go:2381 Load cfg_yggdrasil_area_pos.csv file success
2022-03-30 15:53:23 INFO base/config_manager.go:2381 Load cfg_yggdrasil_building.csv file success
2022-03-30 15:53:23 INFO base/config_manager.go:2381 Load cfg_yggdrasil_cobuilding.csv file success
2022-03-30 15:53:23 INFO base/config_manager.go:2381 Load cfg_yggdrasil_daily_monster.csv file success
2022-03-30 15:53:23 INFO base/config_manager.go:2381 Load cfg_yggdrasil_dispatch.csv file success
2022-03-30 15:53:23 INFO base/config_manager.go:2381 Load cfg_yggdrasil_mark.csv file success
2022-03-30 15:53:23 INFO base/config_manager.go:2381 Load cfg_yggdrasil_object.csv file success
2022-03-30 15:53:23 INFO base/config_manager.go:2381 Load cfg_yggdrasil_object_state.csv file success
2022-03-30 15:53:23 INFO base/config_manager.go:2381 Load cfg_yggdrasil_simple_talk.csv file success
2022-03-30 15:53:23 INFO base/config_manager.go:2381 Load cfg_yggdrasil_sub_task.csv file success
2022-03-30 15:53:23 INFO base/config_manager.go:2381 Load cfg_yggdrasil_sub_task_env.csv file success
2022-03-30 15:53:23 INFO base/config_manager.go:2381 Load cfg_yggdrasil_task.csv file success
2022-03-30 15:53:23 INFO base/config_manager.go:2381 Load cfg_yggdrasil_world.csv file success
2022-03-30 15:53:23 INFO base/config_manager.go:2381 Load gm.csv file success
2022-03-30 15:53:23 INFO base/config_manager.go:2381 Load protocol.csv file success
2022-03-30 15:53:24 INFO etcd/dial.go:30 etcd 127.0.0.1:2379 connect success
2022-03-30 15:53:24 INFO etcd/dial.go:30 etcd 127.0.0.1:2479 connect success
2022-03-30 15:53:24 INFO etcd/dial.go:30 etcd 127.0.0.1:2579 connect success
2022-03-30 15:53:24 INFO manager/manager.go:142 now time: 2022-03-30 15:53:24.2934601 +0800 CST m=+0.406961601
2022-03-30 15:53:24 INFO balancer/balancer.go:107 + service [portal] register server [portal01, 10.23.41.5:55996]
2022-03-30 15:53:24 INFO least_conn/least_conn.go:57 
--------- service [portal] regenerate server ----------
          1. portal01, 10.23.41.5:55996
---------------------------------------------------
2022-03-30 15:53:24 INFO resolver/watcher.go:55 start watching service [portal]
2022-03-30 15:53:24 INFO resolver/watcher.go:55 start watching service [guild]
2022-03-30 15:53:24 INFO resolver/watcher.go:55 start watching service [mail]
2022-03-30 15:53:24 INFO balancer/balancer.go:107 + service [login] register server [login01, 10.23.40.17:60893]
2022-03-30 15:53:24 INFO resolver/watcher.go:55 start watching service [login]
2022-03-30 15:53:24 INFO grpc/server.go:113 grpc listen addr: 10.23.41.5:56025
2022-03-30 15:53:28 DEBUG controller/handler.go:328 PreHandle Intercepted ,uid:12313212315
2022-03-30 15:53:28 WARN controller/handler.go:83 ERROR: illegal Command 1005
