2022-03-17 16:20:00 INFO base/config_manager.go:2381 Load cfg_action_unlock.csv file success
2022-03-17 16:20:00 INFO base/config_manager.go:2381 Load cfg_activity.csv file success
2022-03-17 16:20:00 INFO base/config_manager.go:2381 Load cfg_activity_func.csv file success
2022-03-17 16:20:00 INFO base/config_manager.go:2381 Load cfg_battle_level.csv file success
2022-03-17 16:20:00 INFO base/config_manager.go:2381 Load cfg_battle_npc.csv file success
2022-03-17 16:20:00 INFO base/config_manager.go:2381 Load cfg_battle_position.csv file success
2022-03-17 16:20:00 INFO base/config_manager.go:2381 Load cfg_boss_infor.csv file success
2022-03-17 16:20:00 INFO base/config_manager.go:2381 Load cfg_buff.csv file success
2022-03-17 16:20:00 INFO base/config_manager.go:2381 Load cfg_bullet.csv file success
2022-03-17 16:20:00 INFO base/config_manager.go:2381 Load cfg_chapter_level_achievement.csv file success
2022-03-17 16:20:00 INFO base/config_manager.go:2381 Load cfg_character.csv file success
2022-03-17 16:20:00 INFO base/config_manager.go:2381 Load cfg_character_battle.csv file success
2022-03-17 16:20:00 INFO base/config_manager.go:2381 Load cfg_character_camp.csv file success
2022-03-17 16:20:00 INFO base/config_manager.go:2381 Load cfg_character_career.csv file success
2022-03-17 16:20:00 INFO base/config_manager.go:2381 Load cfg_character_data.csv file success
2022-03-17 16:20:00 INFO base/config_manager.go:2381 Load cfg_character_feature.csv file success
2022-03-17 16:20:00 INFO base/config_manager.go:2381 Load cfg_character_level.csv file success
2022-03-17 16:20:00 INFO base/config_manager.go:2381 Load cfg_character_rarity.csv file success
2022-03-17 16:20:00 INFO base/config_manager.go:2381 Load cfg_character_skill.csv file success
2022-03-17 16:20:00 INFO base/config_manager.go:2381 Load cfg_character_skin.csv file success
2022-03-17 16:20:00 INFO base/config_manager.go:2381 Load cfg_character_stage.csv file success
2022-03-17 16:20:00 INFO base/config_manager.go:2381 Load cfg_character_star.csv file success
2022-03-17 16:20:00 INFO base/config_manager.go:2381 Load cfg_combat_power.csv file success
2022-03-17 16:20:00 INFO base/config_manager.go:2381 Load cfg_combat_power_adapt.csv file success
2022-03-17 16:20:00 INFO base/config_manager.go:2381 Load cfg_drop_data.csv file success
2022-03-17 16:20:00 INFO base/config_manager.go:2381 Load cfg_drop_group.csv file success
2022-03-17 16:20:00 INFO base/config_manager.go:2381 Load cfg_equipLevelUp_data.csv file success
2022-03-17 16:20:00 INFO base/config_manager.go:2381 Load cfg_equip_advance.csv file success
2022-03-17 16:20:00 INFO base/config_manager.go:2381 Load cfg_equip_attributes_data.csv file success
2022-03-17 16:20:00 INFO base/config_manager.go:2381 Load cfg_equip_break.csv file success
2022-03-17 16:20:00 INFO base/config_manager.go:2381 Load cfg_equip_data.csv file success
2022-03-17 16:20:00 INFO base/config_manager.go:2381 Load cfg_equip_rand_attributes.csv file success
2022-03-17 16:20:00 INFO base/config_manager.go:2381 Load cfg_equip_rand_attributes_value.csv file success
2022-03-17 16:20:00 INFO base/config_manager.go:2381 Load cfg_equip_skill.csv file success
2022-03-17 16:20:00 INFO base/config_manager.go:2381 Load cfg_everyday_energy_receive.csv file success
2022-03-17 16:20:00 INFO base/config_manager.go:2381 Load cfg_explore_chapter.csv file success
2022-03-17 16:20:00 INFO base/config_manager.go:2381 Load cfg_explore_chapter_level.csv file success
2022-03-17 16:20:00 INFO base/config_manager.go:2381 Load cfg_explore_chapter_level_adapt.csv file success
2022-03-17 16:20:00 INFO base/config_manager.go:2381 Load cfg_explore_chapter_reward.csv file success
2022-03-17 16:20:00 INFO base/config_manager.go:2381 Load cfg_explore_event.csv file success
2022-03-17 16:20:00 INFO base/config_manager.go:2381 Load cfg_explore_fog.csv file success
2022-03-17 16:20:00 INFO base/config_manager.go:2381 Load cfg_explore_gather.csv file success
2022-03-17 16:20:00 INFO base/config_manager.go:2381 Load cfg_explore_map_coordinate.csv file success
2022-03-17 16:20:00 INFO base/config_manager.go:2381 Load cfg_explore_monster.csv file success
2022-03-17 16:20:00 INFO base/config_manager.go:2381 Load cfg_explore_npc.csv file success
2022-03-17 16:20:00 INFO base/config_manager.go:2381 Load cfg_explore_resource.csv file success
2022-03-17 16:20:00 INFO base/config_manager.go:2381 Load cfg_field_skill.csv file success
2022-03-17 16:20:00 INFO base/config_manager.go:2381 Load cfg_fx.csv file success
2022-03-17 16:20:00 INFO base/config_manager.go:2381 Load cfg_gacha_drop.csv file success
2022-03-17 16:20:00 INFO base/config_manager.go:2381 Load cfg_gacha_global.csv file success
2022-03-17 16:20:00 INFO base/config_manager.go:2381 Load cfg_gacha_pool.csv file success
2022-03-17 16:20:00 INFO base/config_manager.go:2381 Load cfg_global_string.csv file success
2022-03-17 16:20:00 INFO base/config_manager.go:2381 Load cfg_graveyard_build.csv file success
2022-03-17 16:20:00 INFO base/config_manager.go:2381 Load cfg_graveyard_build_level.csv file success
2022-03-17 16:20:00 INFO base/config_manager.go:2381 Load cfg_graveyard_build_stage.csv file success
2022-03-17 16:20:00 INFO base/config_manager.go:2381 Load cfg_graveyard_main_tower_level.csv file success
2022-03-17 16:20:00 INFO base/config_manager.go:2381 Load cfg_graveyard_produce_buff.csv file success
2022-03-17 16:20:00 INFO base/config_manager.go:2381 Load cfg_guide_module.csv file success
2022-03-17 16:20:00 INFO base/config_manager.go:2381 Load cfg_guide_step.csv file success
2022-03-17 16:20:00 INFO base/config_manager.go:2381 Load cfg_guild_greetings.csv file success
2022-03-17 16:20:00 INFO base/config_manager.go:2381 Load cfg_guild_level.csv file success
2022-03-17 16:20:00 INFO base/config_manager.go:2381 Load cfg_guild_task.csv file success
2022-03-17 16:20:00 INFO base/config_manager.go:2381 Load cfg_hero.csv file success
2022-03-17 16:20:00 INFO base/config_manager.go:2381 Load cfg_hero_camp_skill_filter.csv file success
2022-03-17 16:20:00 INFO base/config_manager.go:2381 Load cfg_hero_data.csv file success
2022-03-17 16:20:00 INFO base/config_manager.go:2381 Load cfg_hero_extra_data.csv file success
2022-03-17 16:20:00 INFO base/config_manager.go:2381 Load cfg_hero_level.csv file success
2022-03-17 16:20:00 INFO base/config_manager.go:2381 Load cfg_hero_skill.csv file success
2022-03-17 16:20:00 INFO base/config_manager.go:2381 Load cfg_hero_task_data.csv file success
2022-03-17 16:20:00 INFO base/config_manager.go:2381 Load cfg_item_data.csv file success
2022-03-17 16:20:00 INFO base/config_manager.go:2381 Load cfg_mail_template.csv file success
2022-03-17 16:20:00 INFO base/config_manager.go:2381 Load cfg_manual.csv file success
2022-03-17 16:20:00 INFO base/config_manager.go:2381 Load cfg_manual_camp.csv file success
2022-03-17 16:20:00 INFO base/config_manager.go:2381 Load cfg_manual_character_voice.csv file success
2022-03-17 16:20:00 INFO base/config_manager.go:2381 Load cfg_manual_group.csv file success
2022-03-17 16:20:00 INFO base/config_manager.go:2381 Load cfg_manual_level_attribute_data.csv file success
2022-03-17 16:20:00 INFO base/config_manager.go:2381 Load cfg_mask_word.csv file success
2022-03-17 16:20:00 INFO base/config_manager.go:2381 Load cfg_monster_battle.csv file success
2022-03-17 16:20:01 INFO base/config_manager.go:2381 Load cfg_monster_data.csv file success
2022-03-17 16:20:01 INFO base/config_manager.go:2381 Load cfg_names_npc.csv file success
2022-03-17 16:20:01 INFO base/config_manager.go:2381 Load cfg_passive_effect.csv file success
2022-03-17 16:20:01 INFO base/config_manager.go:2381 Load cfg_passsive_attributes.csv file success
2022-03-17 16:20:01 INFO base/config_manager.go:2381 Load cfg_quick_purchase_stamina.csv file success
2022-03-17 16:20:01 INFO base/config_manager.go:2381 Load cfg_rarity.csv file success
2022-03-17 16:20:01 INFO base/config_manager.go:2381 Load cfg_score_pass_group.csv file success
2022-03-17 16:20:01 INFO base/config_manager.go:2381 Load cfg_score_pass_phase.csv file success
2022-03-17 16:20:01 INFO base/config_manager.go:2381 Load cfg_score_pass_reward.csv file success
2022-03-17 16:20:01 INFO base/config_manager.go:2381 Load cfg_score_pass_task.csv file success
2022-03-17 16:20:01 INFO base/config_manager.go:2381 Load cfg_signin_data.csv file success
2022-03-17 16:20:01 INFO base/config_manager.go:2381 Load cfg_skill.csv file success
2022-03-17 16:20:01 INFO base/config_manager.go:2381 Load cfg_skill_effect.csv file success
2022-03-17 16:20:01 INFO base/config_manager.go:2381 Load cfg_skill_event.csv file success
2022-03-17 16:20:01 INFO base/config_manager.go:2381 Load cfg_sound.csv file success
2022-03-17 16:20:01 INFO base/config_manager.go:2381 Load cfg_store_general.csv file success
2022-03-17 16:20:01 INFO base/config_manager.go:2381 Load cfg_store_goods.csv file success
2022-03-17 16:20:01 INFO base/config_manager.go:2381 Load cfg_store_substore.csv file success
2022-03-17 16:20:01 INFO base/config_manager.go:2381 Load cfg_store_update.csv file success
2022-03-17 16:20:01 INFO base/config_manager.go:2381 Load cfg_survey_info.csv file success
2022-03-17 16:20:01 INFO base/config_manager.go:2381 Load cfg_survey_question.csv file success
2022-03-17 16:20:01 INFO base/config_manager.go:2381 Load cfg_targeting.csv file success
2022-03-17 16:20:01 INFO base/config_manager.go:2381 Load cfg_task_data.csv file success
2022-03-17 16:20:01 INFO base/config_manager.go:2381 Load cfg_task_reward.csv file success
2022-03-17 16:20:01 INFO base/config_manager.go:2381 Load cfg_team_level.csv file success
2022-03-17 16:20:01 INFO base/config_manager.go:2381 Load cfg_tower.csv file success
2022-03-17 16:20:01 INFO base/config_manager.go:2381 Load cfg_tower_level.csv file success
2022-03-17 16:20:01 INFO base/config_manager.go:2381 Load cfg_tower_stage.csv file success
2022-03-17 16:20:01 INFO base/config_manager.go:2381 Load cfg_tp_gate.csv file success
2022-03-17 16:20:01 INFO base/config_manager.go:2381 Load cfg_ultra_skill.csv file success
2022-03-17 16:20:01 INFO base/config_manager.go:2381 Load cfg_user_avatar.csv file success
2022-03-17 16:20:01 INFO base/config_manager.go:2381 Load cfg_vn.csv file success
2022-03-17 16:20:01 INFO base/config_manager.go:2381 Load cfg_world_item_advance.csv file success
2022-03-17 16:20:01 INFO base/config_manager.go:2381 Load cfg_world_item_attributes_data.csv file success
2022-03-17 16:20:01 INFO base/config_manager.go:2381 Load cfg_world_item_data.csv file success
2022-03-17 16:20:01 INFO base/config_manager.go:2381 Load cfg_world_item_level_up_data.csv file success
2022-03-17 16:20:01 INFO base/config_manager.go:2381 Load cfg_yggdrasil_area.csv file success
2022-03-17 16:20:01 INFO base/config_manager.go:2381 Load cfg_yggdrasil_area_city.csv file success
2022-03-17 16:20:01 INFO base/config_manager.go:2381 Load cfg_yggdrasil_area_pos.csv file success
2022-03-17 16:20:01 INFO base/config_manager.go:2381 Load cfg_yggdrasil_building.csv file success
2022-03-17 16:20:01 INFO base/config_manager.go:2381 Load cfg_yggdrasil_cobuilding.csv file success
2022-03-17 16:20:01 INFO base/config_manager.go:2381 Load cfg_yggdrasil_daily_monster.csv file success
2022-03-17 16:20:01 INFO base/config_manager.go:2381 Load cfg_yggdrasil_dispatch.csv file success
2022-03-17 16:20:01 INFO base/config_manager.go:2381 Load cfg_yggdrasil_mark.csv file success
2022-03-17 16:20:01 INFO base/config_manager.go:2381 Load cfg_yggdrasil_object.csv file success
2022-03-17 16:20:01 INFO base/config_manager.go:2381 Load cfg_yggdrasil_object_state.csv file success
2022-03-17 16:20:01 INFO base/config_manager.go:2381 Load cfg_yggdrasil_simple_talk.csv file success
2022-03-17 16:20:01 INFO base/config_manager.go:2381 Load cfg_yggdrasil_sub_task.csv file success
2022-03-17 16:20:01 INFO base/config_manager.go:2381 Load cfg_yggdrasil_sub_task_env.csv file success
2022-03-17 16:20:01 INFO base/config_manager.go:2381 Load cfg_yggdrasil_task.csv file success
2022-03-17 16:20:01 INFO base/config_manager.go:2381 Load cfg_yggdrasil_world.csv file success
2022-03-17 16:20:01 INFO base/config_manager.go:2381 Load gm.csv file success
2022-03-17 16:20:01 INFO base/config_manager.go:2381 Load protocol.csv file success
2022-03-17 16:21:24 INFO base/config_manager.go:2381 Load cfg_action_unlock.csv file success
2022-03-17 16:21:24 INFO base/config_manager.go:2381 Load cfg_activity.csv file success
2022-03-17 16:21:24 INFO base/config_manager.go:2381 Load cfg_activity_func.csv file success
2022-03-17 16:21:24 INFO base/config_manager.go:2381 Load cfg_battle_level.csv file success
2022-03-17 16:21:24 INFO base/config_manager.go:2381 Load cfg_battle_npc.csv file success
2022-03-17 16:21:24 INFO base/config_manager.go:2381 Load cfg_battle_position.csv file success
2022-03-17 16:21:24 INFO base/config_manager.go:2381 Load cfg_boss_infor.csv file success
2022-03-17 16:21:24 INFO base/config_manager.go:2381 Load cfg_buff.csv file success
2022-03-17 16:21:24 INFO base/config_manager.go:2381 Load cfg_bullet.csv file success
2022-03-17 16:21:24 INFO base/config_manager.go:2381 Load cfg_chapter_level_achievement.csv file success
2022-03-17 16:21:24 INFO base/config_manager.go:2381 Load cfg_character.csv file success
2022-03-17 16:21:24 INFO base/config_manager.go:2381 Load cfg_character_battle.csv file success
2022-03-17 16:21:24 INFO base/config_manager.go:2381 Load cfg_character_camp.csv file success
2022-03-17 16:21:24 INFO base/config_manager.go:2381 Load cfg_character_career.csv file success
2022-03-17 16:21:24 INFO base/config_manager.go:2381 Load cfg_character_data.csv file success
2022-03-17 16:21:24 INFO base/config_manager.go:2381 Load cfg_character_feature.csv file success
2022-03-17 16:21:24 INFO base/config_manager.go:2381 Load cfg_character_level.csv file success
2022-03-17 16:21:24 INFO base/config_manager.go:2381 Load cfg_character_rarity.csv file success
2022-03-17 16:21:24 INFO base/config_manager.go:2381 Load cfg_character_skill.csv file success
2022-03-17 16:21:24 INFO base/config_manager.go:2381 Load cfg_character_skin.csv file success
2022-03-17 16:21:24 INFO base/config_manager.go:2381 Load cfg_character_stage.csv file success
2022-03-17 16:21:24 INFO base/config_manager.go:2381 Load cfg_character_star.csv file success
2022-03-17 16:21:24 INFO base/config_manager.go:2381 Load cfg_combat_power.csv file success
2022-03-17 16:21:24 INFO base/config_manager.go:2381 Load cfg_combat_power_adapt.csv file success
2022-03-17 16:21:24 INFO base/config_manager.go:2381 Load cfg_drop_data.csv file success
2022-03-17 16:21:24 INFO base/config_manager.go:2381 Load cfg_drop_group.csv file success
2022-03-17 16:21:24 INFO base/config_manager.go:2381 Load cfg_equipLevelUp_data.csv file success
2022-03-17 16:21:24 INFO base/config_manager.go:2381 Load cfg_equip_advance.csv file success
2022-03-17 16:21:24 INFO base/config_manager.go:2381 Load cfg_equip_attributes_data.csv file success
2022-03-17 16:21:24 INFO base/config_manager.go:2381 Load cfg_equip_break.csv file success
2022-03-17 16:21:24 INFO base/config_manager.go:2381 Load cfg_equip_data.csv file success
2022-03-17 16:21:24 INFO base/config_manager.go:2381 Load cfg_equip_rand_attributes.csv file success
2022-03-17 16:21:24 INFO base/config_manager.go:2381 Load cfg_equip_rand_attributes_value.csv file success
2022-03-17 16:21:24 INFO base/config_manager.go:2381 Load cfg_equip_skill.csv file success
2022-03-17 16:21:24 INFO base/config_manager.go:2381 Load cfg_everyday_energy_receive.csv file success
2022-03-17 16:21:24 INFO base/config_manager.go:2381 Load cfg_explore_chapter.csv file success
2022-03-17 16:21:24 INFO base/config_manager.go:2381 Load cfg_explore_chapter_level.csv file success
2022-03-17 16:21:24 INFO base/config_manager.go:2381 Load cfg_explore_chapter_level_adapt.csv file success
2022-03-17 16:21:24 INFO base/config_manager.go:2381 Load cfg_explore_chapter_reward.csv file success
2022-03-17 16:21:24 INFO base/config_manager.go:2381 Load cfg_explore_event.csv file success
2022-03-17 16:21:24 INFO base/config_manager.go:2381 Load cfg_explore_fog.csv file success
2022-03-17 16:21:24 INFO base/config_manager.go:2381 Load cfg_explore_gather.csv file success
2022-03-17 16:21:24 INFO base/config_manager.go:2381 Load cfg_explore_map_coordinate.csv file success
2022-03-17 16:21:24 INFO base/config_manager.go:2381 Load cfg_explore_monster.csv file success
2022-03-17 16:21:24 INFO base/config_manager.go:2381 Load cfg_explore_npc.csv file success
2022-03-17 16:21:24 INFO base/config_manager.go:2381 Load cfg_explore_resource.csv file success
2022-03-17 16:21:24 INFO base/config_manager.go:2381 Load cfg_field_skill.csv file success
2022-03-17 16:21:24 INFO base/config_manager.go:2381 Load cfg_fx.csv file success
2022-03-17 16:21:24 INFO base/config_manager.go:2381 Load cfg_gacha_drop.csv file success
2022-03-17 16:21:24 INFO base/config_manager.go:2381 Load cfg_gacha_global.csv file success
2022-03-17 16:21:24 INFO base/config_manager.go:2381 Load cfg_gacha_pool.csv file success
2022-03-17 16:21:24 INFO base/config_manager.go:2381 Load cfg_global_string.csv file success
2022-03-17 16:21:24 INFO base/config_manager.go:2381 Load cfg_graveyard_build.csv file success
2022-03-17 16:21:24 INFO base/config_manager.go:2381 Load cfg_graveyard_build_level.csv file success
2022-03-17 16:21:24 INFO base/config_manager.go:2381 Load cfg_graveyard_build_stage.csv file success
2022-03-17 16:21:24 INFO base/config_manager.go:2381 Load cfg_graveyard_main_tower_level.csv file success
2022-03-17 16:21:24 INFO base/config_manager.go:2381 Load cfg_graveyard_produce_buff.csv file success
2022-03-17 16:21:24 INFO base/config_manager.go:2381 Load cfg_guide_module.csv file success
2022-03-17 16:21:24 INFO base/config_manager.go:2381 Load cfg_guide_step.csv file success
2022-03-17 16:21:24 INFO base/config_manager.go:2381 Load cfg_guild_greetings.csv file success
2022-03-17 16:21:24 INFO base/config_manager.go:2381 Load cfg_guild_level.csv file success
2022-03-17 16:21:24 INFO base/config_manager.go:2381 Load cfg_guild_task.csv file success
2022-03-17 16:21:24 INFO base/config_manager.go:2381 Load cfg_hero.csv file success
2022-03-17 16:21:24 INFO base/config_manager.go:2381 Load cfg_hero_camp_skill_filter.csv file success
2022-03-17 16:21:24 INFO base/config_manager.go:2381 Load cfg_hero_data.csv file success
2022-03-17 16:21:24 INFO base/config_manager.go:2381 Load cfg_hero_extra_data.csv file success
2022-03-17 16:21:24 INFO base/config_manager.go:2381 Load cfg_hero_level.csv file success
2022-03-17 16:21:24 INFO base/config_manager.go:2381 Load cfg_hero_skill.csv file success
2022-03-17 16:21:24 INFO base/config_manager.go:2381 Load cfg_hero_task_data.csv file success
2022-03-17 16:21:24 INFO base/config_manager.go:2381 Load cfg_item_data.csv file success
2022-03-17 16:21:24 INFO base/config_manager.go:2381 Load cfg_mail_template.csv file success
2022-03-17 16:21:24 INFO base/config_manager.go:2381 Load cfg_manual.csv file success
2022-03-17 16:21:24 INFO base/config_manager.go:2381 Load cfg_manual_camp.csv file success
2022-03-17 16:21:24 INFO base/config_manager.go:2381 Load cfg_manual_character_voice.csv file success
2022-03-17 16:21:24 INFO base/config_manager.go:2381 Load cfg_manual_group.csv file success
2022-03-17 16:21:24 INFO base/config_manager.go:2381 Load cfg_manual_level_attribute_data.csv file success
2022-03-17 16:21:24 INFO base/config_manager.go:2381 Load cfg_mask_word.csv file success
2022-03-17 16:21:24 INFO base/config_manager.go:2381 Load cfg_monster_battle.csv file success
2022-03-17 16:21:24 INFO base/config_manager.go:2381 Load cfg_monster_data.csv file success
2022-03-17 16:21:24 INFO base/config_manager.go:2381 Load cfg_names_npc.csv file success
2022-03-17 16:21:24 INFO base/config_manager.go:2381 Load cfg_passive_effect.csv file success
2022-03-17 16:21:24 INFO base/config_manager.go:2381 Load cfg_passsive_attributes.csv file success
2022-03-17 16:21:24 INFO base/config_manager.go:2381 Load cfg_quick_purchase_stamina.csv file success
2022-03-17 16:21:24 INFO base/config_manager.go:2381 Load cfg_rarity.csv file success
2022-03-17 16:21:24 INFO base/config_manager.go:2381 Load cfg_score_pass_group.csv file success
2022-03-17 16:21:24 INFO base/config_manager.go:2381 Load cfg_score_pass_phase.csv file success
2022-03-17 16:21:24 INFO base/config_manager.go:2381 Load cfg_score_pass_reward.csv file success
2022-03-17 16:21:24 INFO base/config_manager.go:2381 Load cfg_score_pass_task.csv file success
2022-03-17 16:21:24 INFO base/config_manager.go:2381 Load cfg_signin_data.csv file success
2022-03-17 16:21:24 INFO base/config_manager.go:2381 Load cfg_skill.csv file success
2022-03-17 16:21:24 INFO base/config_manager.go:2381 Load cfg_skill_effect.csv file success
2022-03-17 16:21:24 INFO base/config_manager.go:2381 Load cfg_skill_event.csv file success
2022-03-17 16:21:24 INFO base/config_manager.go:2381 Load cfg_sound.csv file success
2022-03-17 16:21:24 INFO base/config_manager.go:2381 Load cfg_store_general.csv file success
2022-03-17 16:21:24 INFO base/config_manager.go:2381 Load cfg_store_goods.csv file success
2022-03-17 16:21:24 INFO base/config_manager.go:2381 Load cfg_store_substore.csv file success
2022-03-17 16:21:24 INFO base/config_manager.go:2381 Load cfg_store_update.csv file success
2022-03-17 16:21:24 INFO base/config_manager.go:2381 Load cfg_survey_info.csv file success
2022-03-17 16:21:24 INFO base/config_manager.go:2381 Load cfg_survey_question.csv file success
2022-03-17 16:21:24 INFO base/config_manager.go:2381 Load cfg_targeting.csv file success
2022-03-17 16:21:24 INFO base/config_manager.go:2381 Load cfg_task_data.csv file success
2022-03-17 16:21:24 INFO base/config_manager.go:2381 Load cfg_task_reward.csv file success
2022-03-17 16:21:24 INFO base/config_manager.go:2381 Load cfg_team_level.csv file success
2022-03-17 16:21:24 INFO base/config_manager.go:2381 Load cfg_tower.csv file success
2022-03-17 16:21:24 INFO base/config_manager.go:2381 Load cfg_tower_level.csv file success
2022-03-17 16:21:24 INFO base/config_manager.go:2381 Load cfg_tower_stage.csv file success
2022-03-17 16:21:24 INFO base/config_manager.go:2381 Load cfg_tp_gate.csv file success
2022-03-17 16:21:24 INFO base/config_manager.go:2381 Load cfg_ultra_skill.csv file success
2022-03-17 16:21:24 INFO base/config_manager.go:2381 Load cfg_user_avatar.csv file success
2022-03-17 16:21:24 INFO base/config_manager.go:2381 Load cfg_vn.csv file success
2022-03-17 16:21:24 INFO base/config_manager.go:2381 Load cfg_world_item_advance.csv file success
2022-03-17 16:21:24 INFO base/config_manager.go:2381 Load cfg_world_item_attributes_data.csv file success
2022-03-17 16:21:24 INFO base/config_manager.go:2381 Load cfg_world_item_data.csv file success
2022-03-17 16:21:24 INFO base/config_manager.go:2381 Load cfg_world_item_level_up_data.csv file success
2022-03-17 16:21:24 INFO base/config_manager.go:2381 Load cfg_yggdrasil_area.csv file success
2022-03-17 16:21:24 INFO base/config_manager.go:2381 Load cfg_yggdrasil_area_city.csv file success
2022-03-17 16:21:24 INFO base/config_manager.go:2381 Load cfg_yggdrasil_area_pos.csv file success
2022-03-17 16:21:24 INFO base/config_manager.go:2381 Load cfg_yggdrasil_building.csv file success
2022-03-17 16:21:24 INFO base/config_manager.go:2381 Load cfg_yggdrasil_cobuilding.csv file success
2022-03-17 16:21:24 INFO base/config_manager.go:2381 Load cfg_yggdrasil_daily_monster.csv file success
2022-03-17 16:21:24 INFO base/config_manager.go:2381 Load cfg_yggdrasil_dispatch.csv file success
2022-03-17 16:21:24 INFO base/config_manager.go:2381 Load cfg_yggdrasil_mark.csv file success
2022-03-17 16:21:24 INFO base/config_manager.go:2381 Load cfg_yggdrasil_object.csv file success
2022-03-17 16:21:24 INFO base/config_manager.go:2381 Load cfg_yggdrasil_object_state.csv file success
2022-03-17 16:21:24 INFO base/config_manager.go:2381 Load cfg_yggdrasil_simple_talk.csv file success
2022-03-17 16:21:24 INFO base/config_manager.go:2381 Load cfg_yggdrasil_sub_task.csv file success
2022-03-17 16:21:24 INFO base/config_manager.go:2381 Load cfg_yggdrasil_sub_task_env.csv file success
2022-03-17 16:21:24 INFO base/config_manager.go:2381 Load cfg_yggdrasil_task.csv file success
2022-03-17 16:21:24 INFO base/config_manager.go:2381 Load cfg_yggdrasil_world.csv file success
2022-03-17 16:21:24 INFO base/config_manager.go:2381 Load gm.csv file success
2022-03-17 16:21:24 INFO base/config_manager.go:2381 Load protocol.csv file success
2022-03-17 16:21:24 ERROR ERROR: load *entry.GachaEntry error: (/ﾟДﾟ)/ A Error Occurred!
Code: -1
Text: Gacha CfgCharacter Visible cannot be false,characterId:2014
Trace:
Gacha CfgCharacter Visible cannot be false,characterId:2014
	shared/csv/entry.CheckDropRarity()
		C:/code/overlord-backend-go/shared/csv/entry/gacha.go:216	
	shared/csv/entry.(*GachaEntry).Reload()
		C:/code/overlord-backend-go/shared/csv/entry/gacha.go:176	

shared/csv/entry.(*Manager).Reload
	C:/code/overlord-backend-go/shared/csv/entry/manager.go:123
shared/csv/entry.TestMain
	C:/code/overlord-backend-go/shared/csv/entry/main_test.go:25
main.main
	_testmain.go:129
runtime.main
	C:/Program Files/Go/src/runtime/proc.go:225
2022-03-17 16:22:37 INFO base/config_manager.go:2381 Load cfg_action_unlock.csv file success
2022-03-17 16:22:37 INFO base/config_manager.go:2381 Load cfg_activity.csv file success
2022-03-17 16:22:37 INFO base/config_manager.go:2381 Load cfg_activity_func.csv file success
2022-03-17 16:22:37 INFO base/config_manager.go:2381 Load cfg_battle_level.csv file success
2022-03-17 16:22:37 INFO base/config_manager.go:2381 Load cfg_battle_npc.csv file success
2022-03-17 16:22:37 INFO base/config_manager.go:2381 Load cfg_battle_position.csv file success
2022-03-17 16:22:37 INFO base/config_manager.go:2381 Load cfg_boss_infor.csv file success
2022-03-17 16:22:37 INFO base/config_manager.go:2381 Load cfg_buff.csv file success
2022-03-17 16:22:37 INFO base/config_manager.go:2381 Load cfg_bullet.csv file success
2022-03-17 16:22:37 INFO base/config_manager.go:2381 Load cfg_chapter_level_achievement.csv file success
2022-03-17 16:22:37 INFO base/config_manager.go:2381 Load cfg_character.csv file success
2022-03-17 16:22:37 INFO base/config_manager.go:2381 Load cfg_character_battle.csv file success
2022-03-17 16:22:37 INFO base/config_manager.go:2381 Load cfg_character_camp.csv file success
2022-03-17 16:22:37 INFO base/config_manager.go:2381 Load cfg_character_career.csv file success
2022-03-17 16:22:37 INFO base/config_manager.go:2381 Load cfg_character_data.csv file success
2022-03-17 16:22:37 INFO base/config_manager.go:2381 Load cfg_character_feature.csv file success
2022-03-17 16:22:37 INFO base/config_manager.go:2381 Load cfg_character_level.csv file success
2022-03-17 16:22:37 INFO base/config_manager.go:2381 Load cfg_character_rarity.csv file success
2022-03-17 16:22:37 INFO base/config_manager.go:2381 Load cfg_character_skill.csv file success
2022-03-17 16:22:37 INFO base/config_manager.go:2381 Load cfg_character_skin.csv file success
2022-03-17 16:22:37 INFO base/config_manager.go:2381 Load cfg_character_stage.csv file success
2022-03-17 16:22:37 INFO base/config_manager.go:2381 Load cfg_character_star.csv file success
2022-03-17 16:22:37 INFO base/config_manager.go:2381 Load cfg_combat_power.csv file success
2022-03-17 16:22:37 INFO base/config_manager.go:2381 Load cfg_combat_power_adapt.csv file success
2022-03-17 16:22:37 INFO base/config_manager.go:2381 Load cfg_drop_data.csv file success
2022-03-17 16:22:37 INFO base/config_manager.go:2381 Load cfg_drop_group.csv file success
2022-03-17 16:22:37 INFO base/config_manager.go:2381 Load cfg_equipLevelUp_data.csv file success
2022-03-17 16:22:37 INFO base/config_manager.go:2381 Load cfg_equip_advance.csv file success
2022-03-17 16:22:37 INFO base/config_manager.go:2381 Load cfg_equip_attributes_data.csv file success
2022-03-17 16:22:37 INFO base/config_manager.go:2381 Load cfg_equip_break.csv file success
2022-03-17 16:22:37 INFO base/config_manager.go:2381 Load cfg_equip_data.csv file success
2022-03-17 16:22:37 INFO base/config_manager.go:2381 Load cfg_equip_rand_attributes.csv file success
2022-03-17 16:22:37 INFO base/config_manager.go:2381 Load cfg_equip_rand_attributes_value.csv file success
2022-03-17 16:22:37 INFO base/config_manager.go:2381 Load cfg_equip_skill.csv file success
2022-03-17 16:22:37 INFO base/config_manager.go:2381 Load cfg_everyday_energy_receive.csv file success
2022-03-17 16:22:37 INFO base/config_manager.go:2381 Load cfg_explore_chapter.csv file success
2022-03-17 16:22:37 INFO base/config_manager.go:2381 Load cfg_explore_chapter_level.csv file success
2022-03-17 16:22:37 INFO base/config_manager.go:2381 Load cfg_explore_chapter_level_adapt.csv file success
2022-03-17 16:22:37 INFO base/config_manager.go:2381 Load cfg_explore_chapter_reward.csv file success
2022-03-17 16:22:37 INFO base/config_manager.go:2381 Load cfg_explore_event.csv file success
2022-03-17 16:22:37 INFO base/config_manager.go:2381 Load cfg_explore_fog.csv file success
2022-03-17 16:22:37 INFO base/config_manager.go:2381 Load cfg_explore_gather.csv file success
2022-03-17 16:22:37 INFO base/config_manager.go:2381 Load cfg_explore_map_coordinate.csv file success
2022-03-17 16:22:37 INFO base/config_manager.go:2381 Load cfg_explore_monster.csv file success
2022-03-17 16:22:37 INFO base/config_manager.go:2381 Load cfg_explore_npc.csv file success
2022-03-17 16:22:37 INFO base/config_manager.go:2381 Load cfg_explore_resource.csv file success
2022-03-17 16:22:37 INFO base/config_manager.go:2381 Load cfg_field_skill.csv file success
2022-03-17 16:22:37 INFO base/config_manager.go:2381 Load cfg_fx.csv file success
2022-03-17 16:22:37 INFO base/config_manager.go:2381 Load cfg_gacha_drop.csv file success
2022-03-17 16:22:37 INFO base/config_manager.go:2381 Load cfg_gacha_global.csv file success
2022-03-17 16:22:37 INFO base/config_manager.go:2381 Load cfg_gacha_pool.csv file success
2022-03-17 16:22:37 INFO base/config_manager.go:2381 Load cfg_global_string.csv file success
2022-03-17 16:22:37 INFO base/config_manager.go:2381 Load cfg_graveyard_build.csv file success
2022-03-17 16:22:37 INFO base/config_manager.go:2381 Load cfg_graveyard_build_level.csv file success
2022-03-17 16:22:37 INFO base/config_manager.go:2381 Load cfg_graveyard_build_stage.csv file success
2022-03-17 16:22:37 INFO base/config_manager.go:2381 Load cfg_graveyard_main_tower_level.csv file success
2022-03-17 16:22:37 INFO base/config_manager.go:2381 Load cfg_graveyard_produce_buff.csv file success
2022-03-17 16:22:37 INFO base/config_manager.go:2381 Load cfg_guide_module.csv file success
2022-03-17 16:22:37 INFO base/config_manager.go:2381 Load cfg_guide_step.csv file success
2022-03-17 16:22:37 INFO base/config_manager.go:2381 Load cfg_guild_greetings.csv file success
2022-03-17 16:22:37 INFO base/config_manager.go:2381 Load cfg_guild_level.csv file success
2022-03-17 16:22:37 INFO base/config_manager.go:2381 Load cfg_guild_task.csv file success
2022-03-17 16:22:37 INFO base/config_manager.go:2381 Load cfg_hero.csv file success
2022-03-17 16:22:37 INFO base/config_manager.go:2381 Load cfg_hero_camp_skill_filter.csv file success
2022-03-17 16:22:37 INFO base/config_manager.go:2381 Load cfg_hero_data.csv file success
2022-03-17 16:22:37 INFO base/config_manager.go:2381 Load cfg_hero_extra_data.csv file success
2022-03-17 16:22:37 INFO base/config_manager.go:2381 Load cfg_hero_level.csv file success
2022-03-17 16:22:37 INFO base/config_manager.go:2381 Load cfg_hero_skill.csv file success
2022-03-17 16:22:37 INFO base/config_manager.go:2381 Load cfg_hero_task_data.csv file success
2022-03-17 16:22:37 INFO base/config_manager.go:2381 Load cfg_item_data.csv file success
2022-03-17 16:22:37 INFO base/config_manager.go:2381 Load cfg_mail_template.csv file success
2022-03-17 16:22:37 INFO base/config_manager.go:2381 Load cfg_manual.csv file success
2022-03-17 16:22:37 INFO base/config_manager.go:2381 Load cfg_manual_camp.csv file success
2022-03-17 16:22:37 INFO base/config_manager.go:2381 Load cfg_manual_character_voice.csv file success
2022-03-17 16:22:37 INFO base/config_manager.go:2381 Load cfg_manual_group.csv file success
2022-03-17 16:22:37 INFO base/config_manager.go:2381 Load cfg_manual_level_attribute_data.csv file success
2022-03-17 16:22:37 INFO base/config_manager.go:2381 Load cfg_mask_word.csv file success
2022-03-17 16:22:37 INFO base/config_manager.go:2381 Load cfg_monster_battle.csv file success
2022-03-17 16:22:37 INFO base/config_manager.go:2381 Load cfg_monster_data.csv file success
2022-03-17 16:22:37 INFO base/config_manager.go:2381 Load cfg_names_npc.csv file success
2022-03-17 16:22:37 INFO base/config_manager.go:2381 Load cfg_passive_effect.csv file success
2022-03-17 16:22:37 INFO base/config_manager.go:2381 Load cfg_passsive_attributes.csv file success
2022-03-17 16:22:37 INFO base/config_manager.go:2381 Load cfg_quick_purchase_stamina.csv file success
2022-03-17 16:22:37 INFO base/config_manager.go:2381 Load cfg_rarity.csv file success
2022-03-17 16:22:37 INFO base/config_manager.go:2381 Load cfg_score_pass_group.csv file success
2022-03-17 16:22:37 INFO base/config_manager.go:2381 Load cfg_score_pass_phase.csv file success
2022-03-17 16:22:37 INFO base/config_manager.go:2381 Load cfg_score_pass_reward.csv file success
2022-03-17 16:22:37 INFO base/config_manager.go:2381 Load cfg_score_pass_task.csv file success
2022-03-17 16:22:37 INFO base/config_manager.go:2381 Load cfg_signin_data.csv file success
2022-03-17 16:22:37 INFO base/config_manager.go:2381 Load cfg_skill.csv file success
2022-03-17 16:22:37 INFO base/config_manager.go:2381 Load cfg_skill_effect.csv file success
2022-03-17 16:22:37 INFO base/config_manager.go:2381 Load cfg_skill_event.csv file success
2022-03-17 16:22:37 INFO base/config_manager.go:2381 Load cfg_sound.csv file success
2022-03-17 16:22:37 INFO base/config_manager.go:2381 Load cfg_store_general.csv file success
2022-03-17 16:22:37 INFO base/config_manager.go:2381 Load cfg_store_goods.csv file success
2022-03-17 16:22:37 INFO base/config_manager.go:2381 Load cfg_store_substore.csv file success
2022-03-17 16:22:37 INFO base/config_manager.go:2381 Load cfg_store_update.csv file success
2022-03-17 16:22:37 INFO base/config_manager.go:2381 Load cfg_survey_info.csv file success
2022-03-17 16:22:37 INFO base/config_manager.go:2381 Load cfg_survey_question.csv file success
2022-03-17 16:22:37 INFO base/config_manager.go:2381 Load cfg_targeting.csv file success
2022-03-17 16:22:37 INFO base/config_manager.go:2381 Load cfg_task_data.csv file success
2022-03-17 16:22:37 INFO base/config_manager.go:2381 Load cfg_task_reward.csv file success
2022-03-17 16:22:37 INFO base/config_manager.go:2381 Load cfg_team_level.csv file success
2022-03-17 16:22:37 INFO base/config_manager.go:2381 Load cfg_tower.csv file success
2022-03-17 16:22:37 INFO base/config_manager.go:2381 Load cfg_tower_level.csv file success
2022-03-17 16:22:37 INFO base/config_manager.go:2381 Load cfg_tower_stage.csv file success
2022-03-17 16:22:37 INFO base/config_manager.go:2381 Load cfg_tp_gate.csv file success
2022-03-17 16:22:37 INFO base/config_manager.go:2381 Load cfg_ultra_skill.csv file success
2022-03-17 16:22:37 INFO base/config_manager.go:2381 Load cfg_user_avatar.csv file success
2022-03-17 16:22:37 INFO base/config_manager.go:2381 Load cfg_vn.csv file success
2022-03-17 16:22:37 INFO base/config_manager.go:2381 Load cfg_world_item_advance.csv file success
2022-03-17 16:22:37 INFO base/config_manager.go:2381 Load cfg_world_item_attributes_data.csv file success
2022-03-17 16:22:37 INFO base/config_manager.go:2381 Load cfg_world_item_data.csv file success
2022-03-17 16:22:37 INFO base/config_manager.go:2381 Load cfg_world_item_level_up_data.csv file success
2022-03-17 16:22:37 INFO base/config_manager.go:2381 Load cfg_yggdrasil_area.csv file success
2022-03-17 16:22:37 INFO base/config_manager.go:2381 Load cfg_yggdrasil_area_city.csv file success
2022-03-17 16:22:37 INFO base/config_manager.go:2381 Load cfg_yggdrasil_area_pos.csv file success
2022-03-17 16:22:37 INFO base/config_manager.go:2381 Load cfg_yggdrasil_building.csv file success
2022-03-17 16:22:37 INFO base/config_manager.go:2381 Load cfg_yggdrasil_cobuilding.csv file success
2022-03-17 16:22:37 INFO base/config_manager.go:2381 Load cfg_yggdrasil_daily_monster.csv file success
2022-03-17 16:22:37 INFO base/config_manager.go:2381 Load cfg_yggdrasil_dispatch.csv file success
2022-03-17 16:22:37 INFO base/config_manager.go:2381 Load cfg_yggdrasil_mark.csv file success
2022-03-17 16:22:37 INFO base/config_manager.go:2381 Load cfg_yggdrasil_object.csv file success
2022-03-17 16:22:37 INFO base/config_manager.go:2381 Load cfg_yggdrasil_object_state.csv file success
2022-03-17 16:22:37 INFO base/config_manager.go:2381 Load cfg_yggdrasil_simple_talk.csv file success
2022-03-17 16:22:37 INFO base/config_manager.go:2381 Load cfg_yggdrasil_sub_task.csv file success
2022-03-17 16:22:37 INFO base/config_manager.go:2381 Load cfg_yggdrasil_sub_task_env.csv file success
2022-03-17 16:22:37 INFO base/config_manager.go:2381 Load cfg_yggdrasil_task.csv file success
2022-03-17 16:22:37 INFO base/config_manager.go:2381 Load cfg_yggdrasil_world.csv file success
2022-03-17 16:22:37 INFO base/config_manager.go:2381 Load gm.csv file success
2022-03-17 16:22:37 INFO base/config_manager.go:2381 Load protocol.csv file success
2022-03-17 16:22:37 ERROR ERROR: load *entry.GachaEntry error: (/ﾟДﾟ)/ A Error Occurred!
Code: -1
Text: Gacha CfgCharacter Visible cannot be false,characterId:2014
Trace:
Gacha CfgCharacter Visible cannot be false,characterId:2014
	shared/csv/entry.CheckDropRarity()
		C:/code/overlord-backend-go/shared/csv/entry/gacha.go:216	
	shared/csv/entry.(*GachaEntry).Reload()
		C:/code/overlord-backend-go/shared/csv/entry/gacha.go:176	

shared/csv/entry.(*Manager).Reload
	C:/code/overlord-backend-go/shared/csv/entry/manager.go:123
shared/csv/entry.TestMain
	C:/code/overlord-backend-go/shared/csv/entry/main_test.go:25
main.main
	_testmain.go:129
runtime.main
	C:/Program Files/Go/src/runtime/proc.go:225
2022-03-17 16:23:43 INFO base/config_manager.go:2381 Load cfg_action_unlock.csv file success
2022-03-17 16:23:43 INFO base/config_manager.go:2381 Load cfg_activity.csv file success
2022-03-17 16:23:43 INFO base/config_manager.go:2381 Load cfg_activity_func.csv file success
2022-03-17 16:23:43 INFO base/config_manager.go:2381 Load cfg_battle_level.csv file success
2022-03-17 16:23:43 INFO base/config_manager.go:2381 Load cfg_battle_npc.csv file success
2022-03-17 16:23:43 INFO base/config_manager.go:2381 Load cfg_battle_position.csv file success
2022-03-17 16:23:43 INFO base/config_manager.go:2381 Load cfg_boss_infor.csv file success
2022-03-17 16:23:43 INFO base/config_manager.go:2381 Load cfg_buff.csv file success
2022-03-17 16:23:43 INFO base/config_manager.go:2381 Load cfg_bullet.csv file success
2022-03-17 16:23:43 INFO base/config_manager.go:2381 Load cfg_chapter_level_achievement.csv file success
2022-03-17 16:23:43 INFO base/config_manager.go:2381 Load cfg_character.csv file success
2022-03-17 16:23:43 INFO base/config_manager.go:2381 Load cfg_character_battle.csv file success
2022-03-17 16:23:43 INFO base/config_manager.go:2381 Load cfg_character_camp.csv file success
2022-03-17 16:23:43 INFO base/config_manager.go:2381 Load cfg_character_career.csv file success
2022-03-17 16:23:43 INFO base/config_manager.go:2381 Load cfg_character_data.csv file success
2022-03-17 16:23:43 INFO base/config_manager.go:2381 Load cfg_character_feature.csv file success
2022-03-17 16:23:43 INFO base/config_manager.go:2381 Load cfg_character_level.csv file success
2022-03-17 16:23:43 INFO base/config_manager.go:2381 Load cfg_character_rarity.csv file success
2022-03-17 16:23:43 INFO base/config_manager.go:2381 Load cfg_character_skill.csv file success
2022-03-17 16:23:43 INFO base/config_manager.go:2381 Load cfg_character_skin.csv file success
2022-03-17 16:23:43 INFO base/config_manager.go:2381 Load cfg_character_stage.csv file success
2022-03-17 16:23:43 INFO base/config_manager.go:2381 Load cfg_character_star.csv file success
2022-03-17 16:23:43 INFO base/config_manager.go:2381 Load cfg_combat_power.csv file success
2022-03-17 16:23:43 INFO base/config_manager.go:2381 Load cfg_combat_power_adapt.csv file success
2022-03-17 16:23:43 INFO base/config_manager.go:2381 Load cfg_drop_data.csv file success
2022-03-17 16:23:43 INFO base/config_manager.go:2381 Load cfg_drop_group.csv file success
2022-03-17 16:23:43 INFO base/config_manager.go:2381 Load cfg_equipLevelUp_data.csv file success
2022-03-17 16:23:43 INFO base/config_manager.go:2381 Load cfg_equip_advance.csv file success
2022-03-17 16:23:43 INFO base/config_manager.go:2381 Load cfg_equip_attributes_data.csv file success
2022-03-17 16:23:43 INFO base/config_manager.go:2381 Load cfg_equip_break.csv file success
2022-03-17 16:23:43 INFO base/config_manager.go:2381 Load cfg_equip_data.csv file success
2022-03-17 16:23:43 INFO base/config_manager.go:2381 Load cfg_equip_rand_attributes.csv file success
2022-03-17 16:23:43 INFO base/config_manager.go:2381 Load cfg_equip_rand_attributes_value.csv file success
2022-03-17 16:23:43 INFO base/config_manager.go:2381 Load cfg_equip_skill.csv file success
2022-03-17 16:23:43 INFO base/config_manager.go:2381 Load cfg_everyday_energy_receive.csv file success
2022-03-17 16:23:43 INFO base/config_manager.go:2381 Load cfg_explore_chapter.csv file success
2022-03-17 16:23:43 INFO base/config_manager.go:2381 Load cfg_explore_chapter_level.csv file success
2022-03-17 16:23:43 INFO base/config_manager.go:2381 Load cfg_explore_chapter_level_adapt.csv file success
2022-03-17 16:23:43 INFO base/config_manager.go:2381 Load cfg_explore_chapter_reward.csv file success
2022-03-17 16:23:43 INFO base/config_manager.go:2381 Load cfg_explore_event.csv file success
2022-03-17 16:23:43 INFO base/config_manager.go:2381 Load cfg_explore_fog.csv file success
2022-03-17 16:23:43 INFO base/config_manager.go:2381 Load cfg_explore_gather.csv file success
2022-03-17 16:23:43 INFO base/config_manager.go:2381 Load cfg_explore_map_coordinate.csv file success
2022-03-17 16:23:43 INFO base/config_manager.go:2381 Load cfg_explore_monster.csv file success
2022-03-17 16:23:43 INFO base/config_manager.go:2381 Load cfg_explore_npc.csv file success
2022-03-17 16:23:43 INFO base/config_manager.go:2381 Load cfg_explore_resource.csv file success
2022-03-17 16:23:43 INFO base/config_manager.go:2381 Load cfg_field_skill.csv file success
2022-03-17 16:23:43 INFO base/config_manager.go:2381 Load cfg_fx.csv file success
2022-03-17 16:23:43 INFO base/config_manager.go:2381 Load cfg_gacha_drop.csv file success
2022-03-17 16:23:43 INFO base/config_manager.go:2381 Load cfg_gacha_global.csv file success
2022-03-17 16:23:43 INFO base/config_manager.go:2381 Load cfg_gacha_pool.csv file success
2022-03-17 16:23:43 INFO base/config_manager.go:2381 Load cfg_global_string.csv file success
2022-03-17 16:23:43 INFO base/config_manager.go:2381 Load cfg_graveyard_build.csv file success
2022-03-17 16:23:43 INFO base/config_manager.go:2381 Load cfg_graveyard_build_level.csv file success
2022-03-17 16:23:43 INFO base/config_manager.go:2381 Load cfg_graveyard_build_stage.csv file success
2022-03-17 16:23:43 INFO base/config_manager.go:2381 Load cfg_graveyard_main_tower_level.csv file success
2022-03-17 16:23:43 INFO base/config_manager.go:2381 Load cfg_graveyard_produce_buff.csv file success
2022-03-17 16:23:43 INFO base/config_manager.go:2381 Load cfg_guide_module.csv file success
2022-03-17 16:23:43 INFO base/config_manager.go:2381 Load cfg_guide_step.csv file success
2022-03-17 16:23:43 INFO base/config_manager.go:2381 Load cfg_guild_greetings.csv file success
2022-03-17 16:23:43 INFO base/config_manager.go:2381 Load cfg_guild_level.csv file success
2022-03-17 16:23:43 INFO base/config_manager.go:2381 Load cfg_guild_task.csv file success
2022-03-17 16:23:43 INFO base/config_manager.go:2381 Load cfg_hero.csv file success
2022-03-17 16:23:43 INFO base/config_manager.go:2381 Load cfg_hero_camp_skill_filter.csv file success
2022-03-17 16:23:43 INFO base/config_manager.go:2381 Load cfg_hero_data.csv file success
2022-03-17 16:23:43 INFO base/config_manager.go:2381 Load cfg_hero_extra_data.csv file success
2022-03-17 16:23:43 INFO base/config_manager.go:2381 Load cfg_hero_level.csv file success
2022-03-17 16:23:43 INFO base/config_manager.go:2381 Load cfg_hero_skill.csv file success
2022-03-17 16:23:43 INFO base/config_manager.go:2381 Load cfg_hero_task_data.csv file success
2022-03-17 16:23:43 INFO base/config_manager.go:2381 Load cfg_item_data.csv file success
2022-03-17 16:23:43 INFO base/config_manager.go:2381 Load cfg_mail_template.csv file success
2022-03-17 16:23:43 INFO base/config_manager.go:2381 Load cfg_manual.csv file success
2022-03-17 16:23:43 INFO base/config_manager.go:2381 Load cfg_manual_camp.csv file success
2022-03-17 16:23:43 INFO base/config_manager.go:2381 Load cfg_manual_character_voice.csv file success
2022-03-17 16:23:43 INFO base/config_manager.go:2381 Load cfg_manual_group.csv file success
2022-03-17 16:23:43 INFO base/config_manager.go:2381 Load cfg_manual_level_attribute_data.csv file success
2022-03-17 16:23:43 INFO base/config_manager.go:2381 Load cfg_mask_word.csv file success
2022-03-17 16:23:43 INFO base/config_manager.go:2381 Load cfg_monster_battle.csv file success
2022-03-17 16:23:43 INFO base/config_manager.go:2381 Load cfg_monster_data.csv file success
2022-03-17 16:23:43 INFO base/config_manager.go:2381 Load cfg_names_npc.csv file success
2022-03-17 16:23:43 INFO base/config_manager.go:2381 Load cfg_passive_effect.csv file success
2022-03-17 16:23:43 INFO base/config_manager.go:2381 Load cfg_passsive_attributes.csv file success
2022-03-17 16:23:43 INFO base/config_manager.go:2381 Load cfg_quick_purchase_stamina.csv file success
2022-03-17 16:23:43 INFO base/config_manager.go:2381 Load cfg_rarity.csv file success
2022-03-17 16:23:43 INFO base/config_manager.go:2381 Load cfg_score_pass_group.csv file success
2022-03-17 16:23:43 INFO base/config_manager.go:2381 Load cfg_score_pass_phase.csv file success
2022-03-17 16:23:43 INFO base/config_manager.go:2381 Load cfg_score_pass_reward.csv file success
2022-03-17 16:23:43 INFO base/config_manager.go:2381 Load cfg_score_pass_task.csv file success
2022-03-17 16:23:43 INFO base/config_manager.go:2381 Load cfg_signin_data.csv file success
2022-03-17 16:23:43 INFO base/config_manager.go:2381 Load cfg_skill.csv file success
2022-03-17 16:23:43 INFO base/config_manager.go:2381 Load cfg_skill_effect.csv file success
2022-03-17 16:23:43 INFO base/config_manager.go:2381 Load cfg_skill_event.csv file success
2022-03-17 16:23:43 INFO base/config_manager.go:2381 Load cfg_sound.csv file success
2022-03-17 16:23:43 INFO base/config_manager.go:2381 Load cfg_store_general.csv file success
2022-03-17 16:23:43 INFO base/config_manager.go:2381 Load cfg_store_goods.csv file success
2022-03-17 16:23:43 INFO base/config_manager.go:2381 Load cfg_store_substore.csv file success
2022-03-17 16:23:43 INFO base/config_manager.go:2381 Load cfg_store_update.csv file success
2022-03-17 16:23:43 INFO base/config_manager.go:2381 Load cfg_survey_info.csv file success
2022-03-17 16:23:43 INFO base/config_manager.go:2381 Load cfg_survey_question.csv file success
2022-03-17 16:23:43 INFO base/config_manager.go:2381 Load cfg_targeting.csv file success
2022-03-17 16:23:43 INFO base/config_manager.go:2381 Load cfg_task_data.csv file success
2022-03-17 16:23:43 INFO base/config_manager.go:2381 Load cfg_task_reward.csv file success
2022-03-17 16:23:43 INFO base/config_manager.go:2381 Load cfg_team_level.csv file success
2022-03-17 16:23:43 INFO base/config_manager.go:2381 Load cfg_tower.csv file success
2022-03-17 16:23:43 INFO base/config_manager.go:2381 Load cfg_tower_level.csv file success
2022-03-17 16:23:43 INFO base/config_manager.go:2381 Load cfg_tower_stage.csv file success
2022-03-17 16:23:43 INFO base/config_manager.go:2381 Load cfg_tp_gate.csv file success
2022-03-17 16:23:43 INFO base/config_manager.go:2381 Load cfg_ultra_skill.csv file success
2022-03-17 16:23:43 INFO base/config_manager.go:2381 Load cfg_user_avatar.csv file success
2022-03-17 16:23:43 INFO base/config_manager.go:2381 Load cfg_vn.csv file success
2022-03-17 16:23:43 INFO base/config_manager.go:2381 Load cfg_world_item_advance.csv file success
2022-03-17 16:23:43 INFO base/config_manager.go:2381 Load cfg_world_item_attributes_data.csv file success
2022-03-17 16:23:43 INFO base/config_manager.go:2381 Load cfg_world_item_data.csv file success
2022-03-17 16:23:43 INFO base/config_manager.go:2381 Load cfg_world_item_level_up_data.csv file success
2022-03-17 16:23:43 INFO base/config_manager.go:2381 Load cfg_yggdrasil_area.csv file success
2022-03-17 16:23:43 INFO base/config_manager.go:2381 Load cfg_yggdrasil_area_city.csv file success
2022-03-17 16:23:43 INFO base/config_manager.go:2381 Load cfg_yggdrasil_area_pos.csv file success
2022-03-17 16:23:43 INFO base/config_manager.go:2381 Load cfg_yggdrasil_building.csv file success
2022-03-17 16:23:43 INFO base/config_manager.go:2381 Load cfg_yggdrasil_cobuilding.csv file success
2022-03-17 16:23:43 INFO base/config_manager.go:2381 Load cfg_yggdrasil_daily_monster.csv file success
2022-03-17 16:23:43 INFO base/config_manager.go:2381 Load cfg_yggdrasil_dispatch.csv file success
2022-03-17 16:23:43 INFO base/config_manager.go:2381 Load cfg_yggdrasil_mark.csv file success
2022-03-17 16:23:43 INFO base/config_manager.go:2381 Load cfg_yggdrasil_object.csv file success
2022-03-17 16:23:43 INFO base/config_manager.go:2381 Load cfg_yggdrasil_object_state.csv file success
2022-03-17 16:23:43 INFO base/config_manager.go:2381 Load cfg_yggdrasil_simple_talk.csv file success
2022-03-17 16:23:43 INFO base/config_manager.go:2381 Load cfg_yggdrasil_sub_task.csv file success
2022-03-17 16:23:43 INFO base/config_manager.go:2381 Load cfg_yggdrasil_sub_task_env.csv file success
2022-03-17 16:23:43 INFO base/config_manager.go:2381 Load cfg_yggdrasil_task.csv file success
2022-03-17 16:23:43 INFO base/config_manager.go:2381 Load cfg_yggdrasil_world.csv file success
2022-03-17 16:23:43 INFO base/config_manager.go:2381 Load gm.csv file success
2022-03-17 16:23:43 INFO base/config_manager.go:2381 Load protocol.csv file success
2022-03-17 16:23:43 ERROR ERROR: load *entry.GachaEntry error: (/ﾟДﾟ)/ A Error Occurred!
Code: -1
Text: Gacha CfgCharacter Visible cannot be false,characterId:1022
Trace:
Gacha CfgCharacter Visible cannot be false,characterId:1022
	shared/csv/entry.CheckDropRarity()
		C:/code/overlord-backend-go/shared/csv/entry/gacha.go:216	
	shared/csv/entry.(*GachaEntry).Reload()
		C:/code/overlord-backend-go/shared/csv/entry/gacha.go:180	

shared/csv/entry.(*Manager).Reload
	C:/code/overlord-backend-go/shared/csv/entry/manager.go:123
shared/csv/entry.TestMain
	C:/code/overlord-backend-go/shared/csv/entry/main_test.go:25
main.main
	_testmain.go:129
runtime.main
	C:/Program Files/Go/src/runtime/proc.go:225
2022-03-17 16:30:17 INFO base/config_manager.go:2381 Load cfg_action_unlock.csv file success
2022-03-17 16:30:17 INFO base/config_manager.go:2381 Load cfg_activity.csv file success
2022-03-17 16:30:17 INFO base/config_manager.go:2381 Load cfg_activity_func.csv file success
2022-03-17 16:30:17 INFO base/config_manager.go:2381 Load cfg_battle_level.csv file success
2022-03-17 16:30:17 INFO base/config_manager.go:2381 Load cfg_battle_npc.csv file success
2022-03-17 16:30:17 INFO base/config_manager.go:2381 Load cfg_battle_position.csv file success
2022-03-17 16:30:17 INFO base/config_manager.go:2381 Load cfg_boss_infor.csv file success
2022-03-17 16:30:17 INFO base/config_manager.go:2381 Load cfg_buff.csv file success
2022-03-17 16:30:17 INFO base/config_manager.go:2381 Load cfg_bullet.csv file success
2022-03-17 16:30:17 INFO base/config_manager.go:2381 Load cfg_chapter_level_achievement.csv file success
2022-03-17 16:30:17 INFO base/config_manager.go:2381 Load cfg_character.csv file success
2022-03-17 16:30:17 INFO base/config_manager.go:2381 Load cfg_character_battle.csv file success
2022-03-17 16:30:17 INFO base/config_manager.go:2381 Load cfg_character_camp.csv file success
2022-03-17 16:30:17 INFO base/config_manager.go:2381 Load cfg_character_career.csv file success
2022-03-17 16:30:17 INFO base/config_manager.go:2381 Load cfg_character_data.csv file success
2022-03-17 16:30:17 INFO base/config_manager.go:2381 Load cfg_character_feature.csv file success
2022-03-17 16:30:17 INFO base/config_manager.go:2381 Load cfg_character_level.csv file success
2022-03-17 16:30:17 INFO base/config_manager.go:2381 Load cfg_character_rarity.csv file success
2022-03-17 16:30:17 INFO base/config_manager.go:2381 Load cfg_character_skill.csv file success
2022-03-17 16:30:17 INFO base/config_manager.go:2381 Load cfg_character_skin.csv file success
2022-03-17 16:30:17 INFO base/config_manager.go:2381 Load cfg_character_stage.csv file success
2022-03-17 16:30:17 INFO base/config_manager.go:2381 Load cfg_character_star.csv file success
2022-03-17 16:30:17 INFO base/config_manager.go:2381 Load cfg_combat_power.csv file success
2022-03-17 16:30:17 INFO base/config_manager.go:2381 Load cfg_combat_power_adapt.csv file success
2022-03-17 16:30:17 INFO base/config_manager.go:2381 Load cfg_drop_data.csv file success
2022-03-17 16:30:17 INFO base/config_manager.go:2381 Load cfg_drop_group.csv file success
2022-03-17 16:30:17 INFO base/config_manager.go:2381 Load cfg_equipLevelUp_data.csv file success
2022-03-17 16:30:17 INFO base/config_manager.go:2381 Load cfg_equip_advance.csv file success
2022-03-17 16:30:17 INFO base/config_manager.go:2381 Load cfg_equip_attributes_data.csv file success
2022-03-17 16:30:17 INFO base/config_manager.go:2381 Load cfg_equip_break.csv file success
2022-03-17 16:30:17 INFO base/config_manager.go:2381 Load cfg_equip_data.csv file success
2022-03-17 16:30:17 INFO base/config_manager.go:2381 Load cfg_equip_rand_attributes.csv file success
2022-03-17 16:30:17 INFO base/config_manager.go:2381 Load cfg_equip_rand_attributes_value.csv file success
2022-03-17 16:30:17 INFO base/config_manager.go:2381 Load cfg_equip_skill.csv file success
2022-03-17 16:30:17 INFO base/config_manager.go:2381 Load cfg_everyday_energy_receive.csv file success
2022-03-17 16:30:17 INFO base/config_manager.go:2381 Load cfg_explore_chapter.csv file success
2022-03-17 16:30:17 INFO base/config_manager.go:2381 Load cfg_explore_chapter_level.csv file success
2022-03-17 16:30:17 INFO base/config_manager.go:2381 Load cfg_explore_chapter_level_adapt.csv file success
2022-03-17 16:30:17 INFO base/config_manager.go:2381 Load cfg_explore_chapter_reward.csv file success
2022-03-17 16:30:17 INFO base/config_manager.go:2381 Load cfg_explore_event.csv file success
2022-03-17 16:30:17 INFO base/config_manager.go:2381 Load cfg_explore_fog.csv file success
2022-03-17 16:30:17 INFO base/config_manager.go:2381 Load cfg_explore_gather.csv file success
2022-03-17 16:30:17 INFO base/config_manager.go:2381 Load cfg_explore_map_coordinate.csv file success
2022-03-17 16:30:17 INFO base/config_manager.go:2381 Load cfg_explore_monster.csv file success
2022-03-17 16:30:17 INFO base/config_manager.go:2381 Load cfg_explore_npc.csv file success
2022-03-17 16:30:17 INFO base/config_manager.go:2381 Load cfg_explore_resource.csv file success
2022-03-17 16:30:17 INFO base/config_manager.go:2381 Load cfg_field_skill.csv file success
2022-03-17 16:30:17 INFO base/config_manager.go:2381 Load cfg_fx.csv file success
2022-03-17 16:30:17 INFO base/config_manager.go:2381 Load cfg_gacha_drop.csv file success
2022-03-17 16:30:17 INFO base/config_manager.go:2381 Load cfg_gacha_global.csv file success
2022-03-17 16:30:17 INFO base/config_manager.go:2381 Load cfg_gacha_pool.csv file success
2022-03-17 16:30:17 INFO base/config_manager.go:2381 Load cfg_global_string.csv file success
2022-03-17 16:30:17 INFO base/config_manager.go:2381 Load cfg_graveyard_build.csv file success
2022-03-17 16:30:17 INFO base/config_manager.go:2381 Load cfg_graveyard_build_level.csv file success
2022-03-17 16:30:17 INFO base/config_manager.go:2381 Load cfg_graveyard_build_stage.csv file success
2022-03-17 16:30:17 INFO base/config_manager.go:2381 Load cfg_graveyard_main_tower_level.csv file success
2022-03-17 16:30:17 INFO base/config_manager.go:2381 Load cfg_graveyard_produce_buff.csv file success
2022-03-17 16:30:17 INFO base/config_manager.go:2381 Load cfg_guide_module.csv file success
2022-03-17 16:30:17 INFO base/config_manager.go:2381 Load cfg_guide_step.csv file success
2022-03-17 16:30:17 INFO base/config_manager.go:2381 Load cfg_guild_greetings.csv file success
2022-03-17 16:30:17 INFO base/config_manager.go:2381 Load cfg_guild_level.csv file success
2022-03-17 16:30:17 INFO base/config_manager.go:2381 Load cfg_guild_task.csv file success
2022-03-17 16:30:17 INFO base/config_manager.go:2381 Load cfg_hero.csv file success
2022-03-17 16:30:17 INFO base/config_manager.go:2381 Load cfg_hero_camp_skill_filter.csv file success
2022-03-17 16:30:17 INFO base/config_manager.go:2381 Load cfg_hero_data.csv file success
2022-03-17 16:30:17 INFO base/config_manager.go:2381 Load cfg_hero_extra_data.csv file success
2022-03-17 16:30:17 INFO base/config_manager.go:2381 Load cfg_hero_level.csv file success
2022-03-17 16:30:17 INFO base/config_manager.go:2381 Load cfg_hero_skill.csv file success
2022-03-17 16:30:17 INFO base/config_manager.go:2381 Load cfg_hero_task_data.csv file success
2022-03-17 16:30:17 INFO base/config_manager.go:2381 Load cfg_item_data.csv file success
2022-03-17 16:30:17 INFO base/config_manager.go:2381 Load cfg_mail_template.csv file success
2022-03-17 16:30:17 INFO base/config_manager.go:2381 Load cfg_manual.csv file success
2022-03-17 16:30:17 INFO base/config_manager.go:2381 Load cfg_manual_camp.csv file success
2022-03-17 16:30:17 INFO base/config_manager.go:2381 Load cfg_manual_character_voice.csv file success
2022-03-17 16:30:17 INFO base/config_manager.go:2381 Load cfg_manual_group.csv file success
2022-03-17 16:30:17 INFO base/config_manager.go:2381 Load cfg_manual_level_attribute_data.csv file success
2022-03-17 16:30:17 INFO base/config_manager.go:2381 Load cfg_mask_word.csv file success
2022-03-17 16:30:17 INFO base/config_manager.go:2381 Load cfg_monster_battle.csv file success
2022-03-17 16:30:17 INFO base/config_manager.go:2381 Load cfg_monster_data.csv file success
2022-03-17 16:30:17 INFO base/config_manager.go:2381 Load cfg_names_npc.csv file success
2022-03-17 16:30:17 INFO base/config_manager.go:2381 Load cfg_passive_effect.csv file success
2022-03-17 16:30:17 INFO base/config_manager.go:2381 Load cfg_passsive_attributes.csv file success
2022-03-17 16:30:17 INFO base/config_manager.go:2381 Load cfg_quick_purchase_stamina.csv file success
2022-03-17 16:30:17 INFO base/config_manager.go:2381 Load cfg_rarity.csv file success
2022-03-17 16:30:17 INFO base/config_manager.go:2381 Load cfg_score_pass_group.csv file success
2022-03-17 16:30:17 INFO base/config_manager.go:2381 Load cfg_score_pass_phase.csv file success
2022-03-17 16:30:17 INFO base/config_manager.go:2381 Load cfg_score_pass_reward.csv file success
2022-03-17 16:30:17 INFO base/config_manager.go:2381 Load cfg_score_pass_task.csv file success
2022-03-17 16:30:17 INFO base/config_manager.go:2381 Load cfg_signin_data.csv file success
2022-03-17 16:30:17 INFO base/config_manager.go:2381 Load cfg_skill.csv file success
2022-03-17 16:30:17 INFO base/config_manager.go:2381 Load cfg_skill_effect.csv file success
2022-03-17 16:30:17 INFO base/config_manager.go:2381 Load cfg_skill_event.csv file success
2022-03-17 16:30:17 INFO base/config_manager.go:2381 Load cfg_sound.csv file success
2022-03-17 16:30:17 INFO base/config_manager.go:2381 Load cfg_store_general.csv file success
2022-03-17 16:30:17 INFO base/config_manager.go:2381 Load cfg_store_goods.csv file success
2022-03-17 16:30:17 INFO base/config_manager.go:2381 Load cfg_store_substore.csv file success
2022-03-17 16:30:17 INFO base/config_manager.go:2381 Load cfg_store_update.csv file success
2022-03-17 16:30:17 INFO base/config_manager.go:2381 Load cfg_survey_info.csv file success
2022-03-17 16:30:17 INFO base/config_manager.go:2381 Load cfg_survey_question.csv file success
2022-03-17 16:30:17 INFO base/config_manager.go:2381 Load cfg_targeting.csv file success
2022-03-17 16:30:17 INFO base/config_manager.go:2381 Load cfg_task_data.csv file success
2022-03-17 16:30:17 INFO base/config_manager.go:2381 Load cfg_task_reward.csv file success
2022-03-17 16:30:17 INFO base/config_manager.go:2381 Load cfg_team_level.csv file success
2022-03-17 16:30:17 INFO base/config_manager.go:2381 Load cfg_tower.csv file success
2022-03-17 16:30:17 INFO base/config_manager.go:2381 Load cfg_tower_level.csv file success
2022-03-17 16:30:17 INFO base/config_manager.go:2381 Load cfg_tower_stage.csv file success
2022-03-17 16:30:17 INFO base/config_manager.go:2381 Load cfg_tp_gate.csv file success
2022-03-17 16:30:17 INFO base/config_manager.go:2381 Load cfg_ultra_skill.csv file success
2022-03-17 16:30:17 INFO base/config_manager.go:2381 Load cfg_user_avatar.csv file success
2022-03-17 16:30:17 INFO base/config_manager.go:2381 Load cfg_vn.csv file success
2022-03-17 16:30:17 INFO base/config_manager.go:2381 Load cfg_world_item_advance.csv file success
2022-03-17 16:30:17 INFO base/config_manager.go:2381 Load cfg_world_item_attributes_data.csv file success
2022-03-17 16:30:17 INFO base/config_manager.go:2381 Load cfg_world_item_data.csv file success
2022-03-17 16:30:17 INFO base/config_manager.go:2381 Load cfg_world_item_level_up_data.csv file success
2022-03-17 16:30:17 INFO base/config_manager.go:2381 Load cfg_yggdrasil_area.csv file success
2022-03-17 16:30:17 INFO base/config_manager.go:2381 Load cfg_yggdrasil_area_city.csv file success
2022-03-17 16:30:17 INFO base/config_manager.go:2381 Load cfg_yggdrasil_area_pos.csv file success
2022-03-17 16:30:17 INFO base/config_manager.go:2381 Load cfg_yggdrasil_building.csv file success
2022-03-17 16:30:17 INFO base/config_manager.go:2381 Load cfg_yggdrasil_cobuilding.csv file success
2022-03-17 16:30:17 INFO base/config_manager.go:2381 Load cfg_yggdrasil_daily_monster.csv file success
2022-03-17 16:30:17 INFO base/config_manager.go:2381 Load cfg_yggdrasil_dispatch.csv file success
2022-03-17 16:30:17 INFO base/config_manager.go:2381 Load cfg_yggdrasil_mark.csv file success
2022-03-17 16:30:17 INFO base/config_manager.go:2381 Load cfg_yggdrasil_object.csv file success
2022-03-17 16:30:17 INFO base/config_manager.go:2381 Load cfg_yggdrasil_object_state.csv file success
2022-03-17 16:30:17 INFO base/config_manager.go:2381 Load cfg_yggdrasil_simple_talk.csv file success
2022-03-17 16:30:17 INFO base/config_manager.go:2381 Load cfg_yggdrasil_sub_task.csv file success
2022-03-17 16:30:17 INFO base/config_manager.go:2381 Load cfg_yggdrasil_sub_task_env.csv file success
2022-03-17 16:30:17 INFO base/config_manager.go:2381 Load cfg_yggdrasil_task.csv file success
2022-03-17 16:30:17 INFO base/config_manager.go:2381 Load cfg_yggdrasil_world.csv file success
2022-03-17 16:30:17 INFO base/config_manager.go:2381 Load gm.csv file success
2022-03-17 16:30:17 INFO base/config_manager.go:2381 Load protocol.csv file success
2022-03-17 16:30:17 ERROR ERROR: load *entry.GachaEntry error: (/ﾟДﾟ)/ A Error Occurred!
Code: -1
Text: Gacha CfgCharacter Visible cannot be false,characterId:1019
Trace:
Gacha CfgCharacter Visible cannot be false,characterId:1019
	shared/csv/entry.CheckDropRarity()
		C:/code/overlord-backend-go/shared/csv/entry/gacha.go:216	
	shared/csv/entry.(*GachaEntry).Reload()
		C:/code/overlord-backend-go/shared/csv/entry/gacha.go:180	

shared/csv/entry.(*Manager).Reload
	C:/code/overlord-backend-go/shared/csv/entry/manager.go:123
shared/csv/entry.TestMain
	C:/code/overlord-backend-go/shared/csv/entry/main_test.go:25
main.main
	_testmain.go:129
runtime.main
	C:/Program Files/Go/src/runtime/proc.go:225
2022-03-17 16:31:54 INFO base/config_manager.go:2381 Load cfg_action_unlock.csv file success
2022-03-17 16:31:54 INFO base/config_manager.go:2381 Load cfg_activity.csv file success
2022-03-17 16:31:54 INFO base/config_manager.go:2381 Load cfg_activity_func.csv file success
2022-03-17 16:31:54 INFO base/config_manager.go:2381 Load cfg_battle_level.csv file success
2022-03-17 16:31:54 INFO base/config_manager.go:2381 Load cfg_battle_npc.csv file success
2022-03-17 16:31:54 INFO base/config_manager.go:2381 Load cfg_battle_position.csv file success
2022-03-17 16:31:54 INFO base/config_manager.go:2381 Load cfg_boss_infor.csv file success
2022-03-17 16:31:54 INFO base/config_manager.go:2381 Load cfg_buff.csv file success
2022-03-17 16:31:54 INFO base/config_manager.go:2381 Load cfg_bullet.csv file success
2022-03-17 16:31:54 INFO base/config_manager.go:2381 Load cfg_chapter_level_achievement.csv file success
2022-03-17 16:31:54 INFO base/config_manager.go:2381 Load cfg_character.csv file success
2022-03-17 16:31:54 INFO base/config_manager.go:2381 Load cfg_character_battle.csv file success
2022-03-17 16:31:54 INFO base/config_manager.go:2381 Load cfg_character_camp.csv file success
2022-03-17 16:31:54 INFO base/config_manager.go:2381 Load cfg_character_career.csv file success
2022-03-17 16:31:54 INFO base/config_manager.go:2381 Load cfg_character_data.csv file success
2022-03-17 16:31:54 INFO base/config_manager.go:2381 Load cfg_character_feature.csv file success
2022-03-17 16:31:54 INFO base/config_manager.go:2381 Load cfg_character_level.csv file success
2022-03-17 16:31:54 INFO base/config_manager.go:2381 Load cfg_character_rarity.csv file success
2022-03-17 16:31:54 INFO base/config_manager.go:2381 Load cfg_character_skill.csv file success
2022-03-17 16:31:54 INFO base/config_manager.go:2381 Load cfg_character_skin.csv file success
2022-03-17 16:31:54 INFO base/config_manager.go:2381 Load cfg_character_stage.csv file success
2022-03-17 16:31:54 INFO base/config_manager.go:2381 Load cfg_character_star.csv file success
2022-03-17 16:31:54 INFO base/config_manager.go:2381 Load cfg_combat_power.csv file success
2022-03-17 16:31:54 INFO base/config_manager.go:2381 Load cfg_combat_power_adapt.csv file success
2022-03-17 16:31:54 INFO base/config_manager.go:2381 Load cfg_drop_data.csv file success
2022-03-17 16:31:54 INFO base/config_manager.go:2381 Load cfg_drop_group.csv file success
2022-03-17 16:31:54 INFO base/config_manager.go:2381 Load cfg_equipLevelUp_data.csv file success
2022-03-17 16:31:54 INFO base/config_manager.go:2381 Load cfg_equip_advance.csv file success
2022-03-17 16:31:54 INFO base/config_manager.go:2381 Load cfg_equip_attributes_data.csv file success
2022-03-17 16:31:54 INFO base/config_manager.go:2381 Load cfg_equip_break.csv file success
2022-03-17 16:31:54 INFO base/config_manager.go:2381 Load cfg_equip_data.csv file success
2022-03-17 16:31:54 INFO base/config_manager.go:2381 Load cfg_equip_rand_attributes.csv file success
2022-03-17 16:31:54 INFO base/config_manager.go:2381 Load cfg_equip_rand_attributes_value.csv file success
2022-03-17 16:31:54 INFO base/config_manager.go:2381 Load cfg_equip_skill.csv file success
2022-03-17 16:31:54 INFO base/config_manager.go:2381 Load cfg_everyday_energy_receive.csv file success
2022-03-17 16:31:54 INFO base/config_manager.go:2381 Load cfg_explore_chapter.csv file success
2022-03-17 16:31:54 INFO base/config_manager.go:2381 Load cfg_explore_chapter_level.csv file success
2022-03-17 16:31:54 INFO base/config_manager.go:2381 Load cfg_explore_chapter_level_adapt.csv file success
2022-03-17 16:31:54 INFO base/config_manager.go:2381 Load cfg_explore_chapter_reward.csv file success
2022-03-17 16:31:54 INFO base/config_manager.go:2381 Load cfg_explore_event.csv file success
2022-03-17 16:31:54 INFO base/config_manager.go:2381 Load cfg_explore_fog.csv file success
2022-03-17 16:31:54 INFO base/config_manager.go:2381 Load cfg_explore_gather.csv file success
2022-03-17 16:31:54 INFO base/config_manager.go:2381 Load cfg_explore_map_coordinate.csv file success
2022-03-17 16:31:54 INFO base/config_manager.go:2381 Load cfg_explore_monster.csv file success
2022-03-17 16:31:54 INFO base/config_manager.go:2381 Load cfg_explore_npc.csv file success
2022-03-17 16:31:54 INFO base/config_manager.go:2381 Load cfg_explore_resource.csv file success
2022-03-17 16:31:54 INFO base/config_manager.go:2381 Load cfg_field_skill.csv file success
2022-03-17 16:31:54 INFO base/config_manager.go:2381 Load cfg_fx.csv file success
2022-03-17 16:31:55 INFO base/config_manager.go:2381 Load cfg_gacha_drop.csv file success
2022-03-17 16:31:55 INFO base/config_manager.go:2381 Load cfg_gacha_global.csv file success
2022-03-17 16:31:55 INFO base/config_manager.go:2381 Load cfg_gacha_pool.csv file success
2022-03-17 16:31:55 INFO base/config_manager.go:2381 Load cfg_global_string.csv file success
2022-03-17 16:31:55 INFO base/config_manager.go:2381 Load cfg_graveyard_build.csv file success
2022-03-17 16:31:55 INFO base/config_manager.go:2381 Load cfg_graveyard_build_level.csv file success
2022-03-17 16:31:55 INFO base/config_manager.go:2381 Load cfg_graveyard_build_stage.csv file success
2022-03-17 16:31:55 INFO base/config_manager.go:2381 Load cfg_graveyard_main_tower_level.csv file success
2022-03-17 16:31:55 INFO base/config_manager.go:2381 Load cfg_graveyard_produce_buff.csv file success
2022-03-17 16:31:55 INFO base/config_manager.go:2381 Load cfg_guide_module.csv file success
2022-03-17 16:31:55 INFO base/config_manager.go:2381 Load cfg_guide_step.csv file success
2022-03-17 16:31:55 INFO base/config_manager.go:2381 Load cfg_guild_greetings.csv file success
2022-03-17 16:31:55 INFO base/config_manager.go:2381 Load cfg_guild_level.csv file success
2022-03-17 16:31:55 INFO base/config_manager.go:2381 Load cfg_guild_task.csv file success
2022-03-17 16:31:55 INFO base/config_manager.go:2381 Load cfg_hero.csv file success
2022-03-17 16:31:55 INFO base/config_manager.go:2381 Load cfg_hero_camp_skill_filter.csv file success
2022-03-17 16:31:55 INFO base/config_manager.go:2381 Load cfg_hero_data.csv file success
2022-03-17 16:31:55 INFO base/config_manager.go:2381 Load cfg_hero_extra_data.csv file success
2022-03-17 16:31:55 INFO base/config_manager.go:2381 Load cfg_hero_level.csv file success
2022-03-17 16:31:55 INFO base/config_manager.go:2381 Load cfg_hero_skill.csv file success
2022-03-17 16:31:55 INFO base/config_manager.go:2381 Load cfg_hero_task_data.csv file success
2022-03-17 16:31:55 INFO base/config_manager.go:2381 Load cfg_item_data.csv file success
2022-03-17 16:31:55 INFO base/config_manager.go:2381 Load cfg_mail_template.csv file success
2022-03-17 16:31:55 INFO base/config_manager.go:2381 Load cfg_manual.csv file success
2022-03-17 16:31:55 INFO base/config_manager.go:2381 Load cfg_manual_camp.csv file success
2022-03-17 16:31:55 INFO base/config_manager.go:2381 Load cfg_manual_character_voice.csv file success
2022-03-17 16:31:55 INFO base/config_manager.go:2381 Load cfg_manual_group.csv file success
2022-03-17 16:31:55 INFO base/config_manager.go:2381 Load cfg_manual_level_attribute_data.csv file success
2022-03-17 16:31:55 INFO base/config_manager.go:2381 Load cfg_mask_word.csv file success
2022-03-17 16:31:55 INFO base/config_manager.go:2381 Load cfg_monster_battle.csv file success
2022-03-17 16:31:55 INFO base/config_manager.go:2381 Load cfg_monster_data.csv file success
2022-03-17 16:31:55 INFO base/config_manager.go:2381 Load cfg_names_npc.csv file success
2022-03-17 16:31:55 INFO base/config_manager.go:2381 Load cfg_passive_effect.csv file success
2022-03-17 16:31:55 INFO base/config_manager.go:2381 Load cfg_passsive_attributes.csv file success
2022-03-17 16:31:55 INFO base/config_manager.go:2381 Load cfg_quick_purchase_stamina.csv file success
2022-03-17 16:31:55 INFO base/config_manager.go:2381 Load cfg_rarity.csv file success
2022-03-17 16:31:55 INFO base/config_manager.go:2381 Load cfg_score_pass_group.csv file success
2022-03-17 16:31:55 INFO base/config_manager.go:2381 Load cfg_score_pass_phase.csv file success
2022-03-17 16:31:55 INFO base/config_manager.go:2381 Load cfg_score_pass_reward.csv file success
2022-03-17 16:31:55 INFO base/config_manager.go:2381 Load cfg_score_pass_task.csv file success
2022-03-17 16:31:55 INFO base/config_manager.go:2381 Load cfg_signin_data.csv file success
2022-03-17 16:31:55 INFO base/config_manager.go:2381 Load cfg_skill.csv file success
2022-03-17 16:31:55 INFO base/config_manager.go:2381 Load cfg_skill_effect.csv file success
2022-03-17 16:31:55 INFO base/config_manager.go:2381 Load cfg_skill_event.csv file success
2022-03-17 16:31:55 INFO base/config_manager.go:2381 Load cfg_sound.csv file success
2022-03-17 16:31:55 INFO base/config_manager.go:2381 Load cfg_store_general.csv file success
2022-03-17 16:31:55 INFO base/config_manager.go:2381 Load cfg_store_goods.csv file success
2022-03-17 16:31:55 INFO base/config_manager.go:2381 Load cfg_store_substore.csv file success
2022-03-17 16:31:55 INFO base/config_manager.go:2381 Load cfg_store_update.csv file success
2022-03-17 16:31:55 INFO base/config_manager.go:2381 Load cfg_survey_info.csv file success
2022-03-17 16:31:55 INFO base/config_manager.go:2381 Load cfg_survey_question.csv file success
2022-03-17 16:31:55 INFO base/config_manager.go:2381 Load cfg_targeting.csv file success
2022-03-17 16:31:55 INFO base/config_manager.go:2381 Load cfg_task_data.csv file success
2022-03-17 16:31:55 INFO base/config_manager.go:2381 Load cfg_task_reward.csv file success
2022-03-17 16:31:55 INFO base/config_manager.go:2381 Load cfg_team_level.csv file success
2022-03-17 16:31:55 INFO base/config_manager.go:2381 Load cfg_tower.csv file success
2022-03-17 16:31:55 INFO base/config_manager.go:2381 Load cfg_tower_level.csv file success
2022-03-17 16:31:55 INFO base/config_manager.go:2381 Load cfg_tower_stage.csv file success
2022-03-17 16:31:55 INFO base/config_manager.go:2381 Load cfg_tp_gate.csv file success
2022-03-17 16:31:55 INFO base/config_manager.go:2381 Load cfg_ultra_skill.csv file success
2022-03-17 16:31:55 INFO base/config_manager.go:2381 Load cfg_user_avatar.csv file success
2022-03-17 16:31:55 INFO base/config_manager.go:2381 Load cfg_vn.csv file success
2022-03-17 16:31:55 INFO base/config_manager.go:2381 Load cfg_world_item_advance.csv file success
2022-03-17 16:31:55 INFO base/config_manager.go:2381 Load cfg_world_item_attributes_data.csv file success
2022-03-17 16:31:55 INFO base/config_manager.go:2381 Load cfg_world_item_data.csv file success
2022-03-17 16:31:55 INFO base/config_manager.go:2381 Load cfg_world_item_level_up_data.csv file success
2022-03-17 16:31:55 INFO base/config_manager.go:2381 Load cfg_yggdrasil_area.csv file success
2022-03-17 16:31:55 INFO base/config_manager.go:2381 Load cfg_yggdrasil_area_city.csv file success
2022-03-17 16:31:55 INFO base/config_manager.go:2381 Load cfg_yggdrasil_area_pos.csv file success
2022-03-17 16:31:55 INFO base/config_manager.go:2381 Load cfg_yggdrasil_building.csv file success
2022-03-17 16:31:55 INFO base/config_manager.go:2381 Load cfg_yggdrasil_cobuilding.csv file success
2022-03-17 16:31:55 INFO base/config_manager.go:2381 Load cfg_yggdrasil_daily_monster.csv file success
2022-03-17 16:31:55 INFO base/config_manager.go:2381 Load cfg_yggdrasil_dispatch.csv file success
2022-03-17 16:31:55 INFO base/config_manager.go:2381 Load cfg_yggdrasil_mark.csv file success
2022-03-17 16:31:55 INFO base/config_manager.go:2381 Load cfg_yggdrasil_object.csv file success
2022-03-17 16:31:55 INFO base/config_manager.go:2381 Load cfg_yggdrasil_object_state.csv file success
2022-03-17 16:31:55 INFO base/config_manager.go:2381 Load cfg_yggdrasil_simple_talk.csv file success
2022-03-17 16:31:55 INFO base/config_manager.go:2381 Load cfg_yggdrasil_sub_task.csv file success
2022-03-17 16:31:55 INFO base/config_manager.go:2381 Load cfg_yggdrasil_sub_task_env.csv file success
2022-03-17 16:31:55 INFO base/config_manager.go:2381 Load cfg_yggdrasil_task.csv file success
2022-03-17 16:31:55 INFO base/config_manager.go:2381 Load cfg_yggdrasil_world.csv file success
2022-03-17 16:31:55 INFO base/config_manager.go:2381 Load gm.csv file success
2022-03-17 16:31:55 INFO base/config_manager.go:2381 Load protocol.csv file success
2022-03-17 16:31:55 ERROR ERROR: load *entry.GachaEntry error: (/ﾟДﾟ)/ A Error Occurred!
Code: -1
Text: Gacha CfgCharacter Visible cannot be false,characterId:1019
Trace:
Gacha CfgCharacter Visible cannot be false,characterId:1019
	shared/csv/entry.CheckDropRarity()
		C:/code/overlord-backend-go/shared/csv/entry/gacha.go:216	
	shared/csv/entry.(*GachaEntry).Reload()
		C:/code/overlord-backend-go/shared/csv/entry/gacha.go:180	

shared/csv/entry.(*Manager).Reload
	C:/code/overlord-backend-go/shared/csv/entry/manager.go:123
shared/csv/entry.TestMain
	C:/code/overlord-backend-go/shared/csv/entry/main_test.go:25
main.main
	_testmain.go:129
runtime.main
	C:/Program Files/Go/src/runtime/proc.go:225
2022-03-17 16:42:34 INFO base/config_manager.go:2381 Load cfg_action_unlock.csv file success
2022-03-17 16:42:34 INFO base/config_manager.go:2381 Load cfg_activity.csv file success
2022-03-17 16:42:34 INFO base/config_manager.go:2381 Load cfg_activity_func.csv file success
2022-03-17 16:42:34 INFO base/config_manager.go:2381 Load cfg_battle_level.csv file success
2022-03-17 16:42:34 INFO base/config_manager.go:2381 Load cfg_battle_npc.csv file success
2022-03-17 16:42:34 INFO base/config_manager.go:2381 Load cfg_battle_position.csv file success
2022-03-17 16:42:34 INFO base/config_manager.go:2381 Load cfg_boss_infor.csv file success
2022-03-17 16:42:34 INFO base/config_manager.go:2381 Load cfg_buff.csv file success
2022-03-17 16:42:34 INFO base/config_manager.go:2381 Load cfg_bullet.csv file success
2022-03-17 16:42:34 INFO base/config_manager.go:2381 Load cfg_chapter_level_achievement.csv file success
2022-03-17 16:42:34 INFO base/config_manager.go:2381 Load cfg_character.csv file success
2022-03-17 16:42:34 INFO base/config_manager.go:2381 Load cfg_character_battle.csv file success
2022-03-17 16:42:34 INFO base/config_manager.go:2381 Load cfg_character_camp.csv file success
2022-03-17 16:42:34 INFO base/config_manager.go:2381 Load cfg_character_career.csv file success
2022-03-17 16:42:34 INFO base/config_manager.go:2381 Load cfg_character_data.csv file success
2022-03-17 16:42:34 INFO base/config_manager.go:2381 Load cfg_character_feature.csv file success
2022-03-17 16:42:34 INFO base/config_manager.go:2381 Load cfg_character_level.csv file success
2022-03-17 16:42:34 INFO base/config_manager.go:2381 Load cfg_character_rarity.csv file success
2022-03-17 16:42:34 INFO base/config_manager.go:2381 Load cfg_character_skill.csv file success
2022-03-17 16:42:34 INFO base/config_manager.go:2381 Load cfg_character_skin.csv file success
2022-03-17 16:42:34 INFO base/config_manager.go:2381 Load cfg_character_stage.csv file success
2022-03-17 16:42:34 INFO base/config_manager.go:2381 Load cfg_character_star.csv file success
2022-03-17 16:42:34 INFO base/config_manager.go:2381 Load cfg_combat_power.csv file success
2022-03-17 16:42:34 INFO base/config_manager.go:2381 Load cfg_combat_power_adapt.csv file success
2022-03-17 16:42:34 INFO base/config_manager.go:2381 Load cfg_drop_data.csv file success
2022-03-17 16:42:34 INFO base/config_manager.go:2381 Load cfg_drop_group.csv file success
2022-03-17 16:42:34 INFO base/config_manager.go:2381 Load cfg_equipLevelUp_data.csv file success
2022-03-17 16:42:34 INFO base/config_manager.go:2381 Load cfg_equip_advance.csv file success
2022-03-17 16:42:34 INFO base/config_manager.go:2381 Load cfg_equip_attributes_data.csv file success
2022-03-17 16:42:34 INFO base/config_manager.go:2381 Load cfg_equip_break.csv file success
2022-03-17 16:42:34 INFO base/config_manager.go:2381 Load cfg_equip_data.csv file success
2022-03-17 16:42:34 INFO base/config_manager.go:2381 Load cfg_equip_rand_attributes.csv file success
2022-03-17 16:42:34 INFO base/config_manager.go:2381 Load cfg_equip_rand_attributes_value.csv file success
2022-03-17 16:42:34 INFO base/config_manager.go:2381 Load cfg_equip_skill.csv file success
2022-03-17 16:42:34 INFO base/config_manager.go:2381 Load cfg_everyday_energy_receive.csv file success
2022-03-17 16:42:34 INFO base/config_manager.go:2381 Load cfg_explore_chapter.csv file success
2022-03-17 16:42:34 INFO base/config_manager.go:2381 Load cfg_explore_chapter_level.csv file success
2022-03-17 16:42:34 INFO base/config_manager.go:2381 Load cfg_explore_chapter_level_adapt.csv file success
2022-03-17 16:42:34 INFO base/config_manager.go:2381 Load cfg_explore_chapter_reward.csv file success
2022-03-17 16:42:34 INFO base/config_manager.go:2381 Load cfg_explore_event.csv file success
2022-03-17 16:42:34 INFO base/config_manager.go:2381 Load cfg_explore_fog.csv file success
2022-03-17 16:42:34 INFO base/config_manager.go:2381 Load cfg_explore_gather.csv file success
2022-03-17 16:42:34 INFO base/config_manager.go:2381 Load cfg_explore_map_coordinate.csv file success
2022-03-17 16:42:34 INFO base/config_manager.go:2381 Load cfg_explore_monster.csv file success
2022-03-17 16:42:34 INFO base/config_manager.go:2381 Load cfg_explore_npc.csv file success
2022-03-17 16:42:34 INFO base/config_manager.go:2381 Load cfg_explore_resource.csv file success
2022-03-17 16:42:34 INFO base/config_manager.go:2381 Load cfg_field_skill.csv file success
2022-03-17 16:42:34 INFO base/config_manager.go:2381 Load cfg_fx.csv file success
2022-03-17 16:42:34 INFO base/config_manager.go:2381 Load cfg_gacha_drop.csv file success
2022-03-17 16:42:34 INFO base/config_manager.go:2381 Load cfg_gacha_global.csv file success
2022-03-17 16:42:34 INFO base/config_manager.go:2381 Load cfg_gacha_pool.csv file success
2022-03-17 16:42:34 INFO base/config_manager.go:2381 Load cfg_global_string.csv file success
2022-03-17 16:42:34 INFO base/config_manager.go:2381 Load cfg_graveyard_build.csv file success
2022-03-17 16:42:34 INFO base/config_manager.go:2381 Load cfg_graveyard_build_level.csv file success
2022-03-17 16:42:34 INFO base/config_manager.go:2381 Load cfg_graveyard_build_stage.csv file success
2022-03-17 16:42:34 INFO base/config_manager.go:2381 Load cfg_graveyard_main_tower_level.csv file success
2022-03-17 16:42:34 INFO base/config_manager.go:2381 Load cfg_graveyard_produce_buff.csv file success
2022-03-17 16:42:34 INFO base/config_manager.go:2381 Load cfg_guide_module.csv file success
2022-03-17 16:42:34 INFO base/config_manager.go:2381 Load cfg_guide_step.csv file success
2022-03-17 16:42:34 INFO base/config_manager.go:2381 Load cfg_guild_greetings.csv file success
2022-03-17 16:42:34 INFO base/config_manager.go:2381 Load cfg_guild_level.csv file success
2022-03-17 16:42:34 INFO base/config_manager.go:2381 Load cfg_guild_task.csv file success
2022-03-17 16:42:34 INFO base/config_manager.go:2381 Load cfg_hero.csv file success
2022-03-17 16:42:34 INFO base/config_manager.go:2381 Load cfg_hero_camp_skill_filter.csv file success
2022-03-17 16:42:34 INFO base/config_manager.go:2381 Load cfg_hero_data.csv file success
2022-03-17 16:42:34 INFO base/config_manager.go:2381 Load cfg_hero_extra_data.csv file success
2022-03-17 16:42:34 INFO base/config_manager.go:2381 Load cfg_hero_level.csv file success
2022-03-17 16:42:34 INFO base/config_manager.go:2381 Load cfg_hero_skill.csv file success
2022-03-17 16:42:34 INFO base/config_manager.go:2381 Load cfg_hero_task_data.csv file success
2022-03-17 16:42:34 INFO base/config_manager.go:2381 Load cfg_item_data.csv file success
2022-03-17 16:42:34 INFO base/config_manager.go:2381 Load cfg_mail_template.csv file success
2022-03-17 16:42:34 INFO base/config_manager.go:2381 Load cfg_manual.csv file success
2022-03-17 16:42:34 INFO base/config_manager.go:2381 Load cfg_manual_camp.csv file success
2022-03-17 16:42:34 INFO base/config_manager.go:2381 Load cfg_manual_character_voice.csv file success
2022-03-17 16:42:34 INFO base/config_manager.go:2381 Load cfg_manual_group.csv file success
2022-03-17 16:42:34 INFO base/config_manager.go:2381 Load cfg_manual_level_attribute_data.csv file success
2022-03-17 16:42:34 INFO base/config_manager.go:2381 Load cfg_mask_word.csv file success
2022-03-17 16:42:34 INFO base/config_manager.go:2381 Load cfg_monster_battle.csv file success
2022-03-17 16:42:34 INFO base/config_manager.go:2381 Load cfg_monster_data.csv file success
2022-03-17 16:42:34 INFO base/config_manager.go:2381 Load cfg_names_npc.csv file success
2022-03-17 16:42:34 INFO base/config_manager.go:2381 Load cfg_passive_effect.csv file success
2022-03-17 16:42:34 INFO base/config_manager.go:2381 Load cfg_passsive_attributes.csv file success
2022-03-17 16:42:34 INFO base/config_manager.go:2381 Load cfg_quick_purchase_stamina.csv file success
2022-03-17 16:42:34 INFO base/config_manager.go:2381 Load cfg_rarity.csv file success
2022-03-17 16:42:34 INFO base/config_manager.go:2381 Load cfg_score_pass_group.csv file success
2022-03-17 16:42:34 INFO base/config_manager.go:2381 Load cfg_score_pass_phase.csv file success
2022-03-17 16:42:34 INFO base/config_manager.go:2381 Load cfg_score_pass_reward.csv file success
2022-03-17 16:42:34 INFO base/config_manager.go:2381 Load cfg_score_pass_task.csv file success
2022-03-17 16:42:34 INFO base/config_manager.go:2381 Load cfg_signin_data.csv file success
2022-03-17 16:42:34 INFO base/config_manager.go:2381 Load cfg_skill.csv file success
2022-03-17 16:42:34 INFO base/config_manager.go:2381 Load cfg_skill_effect.csv file success
2022-03-17 16:42:34 INFO base/config_manager.go:2381 Load cfg_skill_event.csv file success
2022-03-17 16:42:34 INFO base/config_manager.go:2381 Load cfg_sound.csv file success
2022-03-17 16:42:34 INFO base/config_manager.go:2381 Load cfg_store_general.csv file success
2022-03-17 16:42:34 INFO base/config_manager.go:2381 Load cfg_store_goods.csv file success
2022-03-17 16:42:34 INFO base/config_manager.go:2381 Load cfg_store_substore.csv file success
2022-03-17 16:42:34 INFO base/config_manager.go:2381 Load cfg_store_update.csv file success
2022-03-17 16:42:34 INFO base/config_manager.go:2381 Load cfg_survey_info.csv file success
2022-03-17 16:42:34 INFO base/config_manager.go:2381 Load cfg_survey_question.csv file success
2022-03-17 16:42:34 INFO base/config_manager.go:2381 Load cfg_targeting.csv file success
2022-03-17 16:42:34 INFO base/config_manager.go:2381 Load cfg_task_data.csv file success
2022-03-17 16:42:34 INFO base/config_manager.go:2381 Load cfg_task_reward.csv file success
2022-03-17 16:42:34 INFO base/config_manager.go:2381 Load cfg_team_level.csv file success
2022-03-17 16:42:34 INFO base/config_manager.go:2381 Load cfg_tower.csv file success
2022-03-17 16:42:34 INFO base/config_manager.go:2381 Load cfg_tower_level.csv file success
2022-03-17 16:42:34 INFO base/config_manager.go:2381 Load cfg_tower_stage.csv file success
2022-03-17 16:42:34 INFO base/config_manager.go:2381 Load cfg_tp_gate.csv file success
2022-03-17 16:42:34 INFO base/config_manager.go:2381 Load cfg_ultra_skill.csv file success
2022-03-17 16:42:34 INFO base/config_manager.go:2381 Load cfg_user_avatar.csv file success
2022-03-17 16:42:34 INFO base/config_manager.go:2381 Load cfg_vn.csv file success
2022-03-17 16:42:34 INFO base/config_manager.go:2381 Load cfg_world_item_advance.csv file success
2022-03-17 16:42:34 INFO base/config_manager.go:2381 Load cfg_world_item_attributes_data.csv file success
2022-03-17 16:42:34 INFO base/config_manager.go:2381 Load cfg_world_item_data.csv file success
2022-03-17 16:42:34 INFO base/config_manager.go:2381 Load cfg_world_item_level_up_data.csv file success
2022-03-17 16:42:34 INFO base/config_manager.go:2381 Load cfg_yggdrasil_area.csv file success
2022-03-17 16:42:34 INFO base/config_manager.go:2381 Load cfg_yggdrasil_area_city.csv file success
2022-03-17 16:42:34 INFO base/config_manager.go:2381 Load cfg_yggdrasil_area_pos.csv file success
2022-03-17 16:42:34 INFO base/config_manager.go:2381 Load cfg_yggdrasil_building.csv file success
2022-03-17 16:42:34 INFO base/config_manager.go:2381 Load cfg_yggdrasil_cobuilding.csv file success
2022-03-17 16:42:34 INFO base/config_manager.go:2381 Load cfg_yggdrasil_daily_monster.csv file success
2022-03-17 16:42:34 INFO base/config_manager.go:2381 Load cfg_yggdrasil_dispatch.csv file success
2022-03-17 16:42:34 INFO base/config_manager.go:2381 Load cfg_yggdrasil_mark.csv file success
2022-03-17 16:42:34 INFO base/config_manager.go:2381 Load cfg_yggdrasil_object.csv file success
2022-03-17 16:42:34 INFO base/config_manager.go:2381 Load cfg_yggdrasil_object_state.csv file success
2022-03-17 16:42:34 INFO base/config_manager.go:2381 Load cfg_yggdrasil_simple_talk.csv file success
2022-03-17 16:42:34 INFO base/config_manager.go:2381 Load cfg_yggdrasil_sub_task.csv file success
2022-03-17 16:42:34 INFO base/config_manager.go:2381 Load cfg_yggdrasil_sub_task_env.csv file success
2022-03-17 16:42:34 INFO base/config_manager.go:2381 Load cfg_yggdrasil_task.csv file success
2022-03-17 16:42:34 INFO base/config_manager.go:2381 Load cfg_yggdrasil_world.csv file success
2022-03-17 16:42:34 INFO base/config_manager.go:2381 Load gm.csv file success
2022-03-17 16:42:34 INFO base/config_manager.go:2381 Load protocol.csv file success
