2022-03-22 13:18:44 DEBUG mysql/module.go:102 select sql: SELECT `id`,`name`,`info`,`item_pack`,`character_pack`,`equipment_pack`,`world_item_pack`,`hero_pack`,`manual_info`,`quest_pack`,`graveyard`,`levels_info`,`chapter_info`,`explore_info`,`tower_info`,`store_info`,`guild`,`mail_info`,`yggdrasil`,`activity_info`,`score_pass_info`,`gacha_record`,`formation_info`,`mercenary` FROM `user` WHERE `id`=?
2022-03-22 13:18:44 DEBUG mysql/module.go:104 select i: 0 args: 12313212311
2022-03-22 13:18:45 DEBUG mysql/module.go:71 intert sql: INSERT INTO `user` (`id`,`name`,`info`,`item_pack`,`character_pack`,`equipment_pack`,`world_item_pack`,`hero_pack`,`manual_info`,`quest_pack`,`graveyard`,`levels_info`,`chapter_info`,`explore_info`,`tower_info`,`store_info`,`guild`,`mail_info`,`yggdrasil`,`activity_info`,`score_pass_info`,`gacha_record`,`formation_info`,`mercenary`) VALUES (?,?,?,?,?,?,?,?,?,?,?,?,?,?,?,?,?,?,?,?,?,?,?,?)
2022-03-22 13:18:45 DEBUG mysql/module.go:73 intert i: 0 args: 12313212311
2022-03-22 13:18:45 DEBUG mysql/module.go:73 intert i: 1 args: 飞鼠_8
2022-03-22 13:18:45 DEBUG mysql/module.go:73 intert i: 2 args: {"exp":0,"level":1,"name_index":1,"avatar":1811012,"frame":1831001,"signature":"","kanban":1012,"power":0,"register_at":1647926324,"last_login_time":1647926324,"gold":0,"diamond_gift":0,"diamond_cash":0,"energy":{"num":120,"last":1647926324},"drop_info":{},"sign_in":{"SignInGroups":{}},"survey_record":0,"stamina_record":{"stamina_record":0,"last_time_update":0},"rewarded_vn_ids":[],"passed_guide_ids":[],"ap":{"num":180,"last":1647926324},"card_show":{"characters_set":false,"characters":{},"characters_cache":{"1":{"characterId":1012,"level":1,"star":1,"createAt":1647926324,"skills":[{"skillId":101204,"level":1},{"skillId":101205,"level":1},{"skillId":101201,"level":1}],"power":468,"canYggdrasilTime":1647926324,"rarity":3},"2":null,"3":null,"4":null},"world_item_u_id":0,"world_item_id":0},"latest_explore_level":0,"explored_level_vns":[],"daily_gift_info_rewarded":[false,false,false],"achievement_finish_count":0,"manual_count":1,"last_daily_refresh_time":0,"total_login_day":0,"total_login_time":0}
2022-03-22 13:18:45 DEBUG mysql/module.go:73 intert i: 3 args: {"1811012":1,"1831001":1}
2022-03-22 13:18:45 DEBUG mysql/module.go:73 intert i: 4 args: {"1012":{"id":1012,"exp":0,"level":1,"star":1,"stage":0,"c_time":1647926324,"skills":{"101201":1,"101204":1,"101205":1},"hero_id":0,"hero_slot":0,"power":468,"can_yggdrasil_time":1647926324,"rarity":3,"equipments":[0,0,0,0],"world_item":0}}
2022-03-22 13:18:45 DEBUG mysql/module.go:73 intert i: 5 args: {"uid":1,"equipments":{}}
2022-03-22 13:18:45 DEBUG mysql/module.go:73 intert i: 6 args: {"recast_id":0,"recast_camp":0,"uid":1,"equipments":{}}
2022-03-22 13:18:45 DEBUG mysql/module.go:73 intert i: 7 args: {"heros":{"1":{"id":1,"skills":{},"attendants":{},"skill_item_used":0,"last_calc_attr":0,"power":599}},"level":1,"exp":0,"new_one":true}
2022-03-22 13:18:45 DEBUG mysql/module.go:73 intert i: 8 args: {"101012":false}
2022-03-22 13:18:45 DEBUG mysql/module.go:73 intert i: 9 args: {"quests":{},"activities":{},"last_daily_refresh_time":0}
2022-03-22 13:18:45 DEBUG mysql/module.go:73 intert i: 10 args: {"last_daily_refresh_time":0,"incr":1,"buildings":{"1":{"base":{"build_id":11,"position":{"x":-7,"y":-12},"lv":1,"stage":0,"in_bag_time":0},"produce":null,"transition":{"start_at":1647926325,"end_at":1647926325,"need_sec":0,"curtain_type":1},"request":{"request_id":0,"request_state":1,"receive_help_count":0,"last_receive_help_count":0}}},"send_request_num":0,"plot_record":{"reward_hours":[11,15,19],"reward_num":0},"daily_guild_gold_by_help":0,"daily_add_activation_by_help":0}
2022-03-22 13:18:45 DEBUG mysql/module.go:73 intert i: 11 args: {"levels":{},"cur_level":{"level_id":0,"formation":null,"system_type":0,"system_params":null,"seed":0},"last_daily_refresh_time":0}
2022-03-22 13:18:45 DEBUG mysql/module.go:73 intert i: 12 args: {"chapters":{}}
2022-03-22 13:18:45 DEBUG mysql/module.go:73 intert i: 13 args: {"maps":{},"resource_points":{},"event_point":{},"fog_unlocks":{},"transport_gates":{},"cur_chapter":0}
2022-03-22 13:18:45 DEBUG mysql/module.go:73 intert i: 14 args: {"towers":{},"last_daily_refresh_time":0}
2022-03-22 13:18:45 DEBUG mysql/module.go:73 intert i: 15 args: {"last_daily_refresh_time":0,"stores":{},"subStores":{}}
2022-03-22 13:18:45 DEBUG mysql/module.go:73 intert i: 16 args: {"guild_id":0,"guild_name":"","apply_list":[],"last_quit_time":0,"last_check_dissolve":0,"guild_gold":0,"guild_greetings":{"sequence":null,"send_queue":null}}
2022-03-22 13:18:45 DEBUG mysql/module.go:73 intert i: 17 args: {"mails":{},"recv_group_mails":{},"recv_personal_mails":{},"allocated_id":0}
2022-03-22 13:18:45 DEBUG mysql/module.go:73 intert i: 18 args: {"last_daily_refresh_time":0,"status":0,"travel_time":0,"city_id":0,"can_travel_city_ids":[1],"world_id":1,"travel_pos":{"x":-5,"y":-7},"travel_pos_before":{"x":-5,"y":-7},"travel_area_id":0,"travel_info":{"explore_ap":0,"characters_hp":{}},"pack":{},"task_pack":{"items":{}},"task":{"complete_task_ids":[],"task_in_progress":{},"track_task_id":0},"yggdrasil_dispatch":{"last_daily_refresh_time":0,"daily_tasks":{},"guild_tasks":{},"if_update_guild":false},"areas":{"areas":{}},"unlock_area":"","entities":{"builds":{},"co_builds":{},"marks":{},"messages":{},"discard_goods":{},"objects":{},"env_removed_builds":{},"env_removed_objects":{},"env_removed_discard_goods":{},"destroyed_build_uids":[],"last_match_discard_goods_users":[],"npc_hp":{},"env_terrains":null},"track_mark":null,"mail_box":{"keys":[],"m":{},"uid":1},"daily_monster":{},"special_statics":{"complete":false,"move_count":0},"init_objects":{}}
2022-03-22 13:18:45 DEBUG mysql/module.go:73 intert i: 19 args: {"activity_funcs":{}}
2022-03-22 13:18:45 DEBUG mysql/module.go:73 intert i: 20 args: {"seasons":{}}
2022-03-22 13:18:45 DEBUG mysql/module.go:73 intert i: 21 args: {"last_daily_refresh_time":0,"new_player_drew":false,"new_player_ssr_id":0,"pool_records":{},"type_records":{},"world_item_record":{"uid":1,"keys":[],"records":{}},"character_record":{"uid":1,"keys":[],"records":{}},"total_times":0}
2022-03-22 13:18:45 DEBUG mysql/module.go:73 intert i: 22 args: {"formations":{}}
2022-03-22 13:18:45 DEBUG mysql/module.go:73 intert i: 23 args: {"last_daily_refresh_time":0,"mercenaries":[],"mercenary_received_apply":{},"mercenary_sent_apply":[],"mercenary_records":{},"expiretime":1648411200}
2022-03-22 13:21:46 DEBUG mysql/module.go:102 select sql: SELECT `id`,`name`,`info`,`item_pack`,`character_pack`,`equipment_pack`,`world_item_pack`,`hero_pack`,`manual_info`,`quest_pack`,`graveyard`,`levels_info`,`chapter_info`,`explore_info`,`tower_info`,`store_info`,`guild`,`mail_info`,`yggdrasil`,`activity_info`,`score_pass_info`,`gacha_record`,`formation_info`,`mercenary` FROM `user` WHERE `id`=?
2022-03-22 13:21:46 DEBUG mysql/module.go:104 select i: 0 args: 12313212311
2022-03-22 13:29:28 DEBUG mysql/module.go:102 select sql: SELECT `id`,`name`,`info`,`item_pack`,`character_pack`,`equipment_pack`,`world_item_pack`,`hero_pack`,`manual_info`,`quest_pack`,`graveyard`,`levels_info`,`chapter_info`,`explore_info`,`tower_info`,`store_info`,`guild`,`mail_info`,`yggdrasil`,`activity_info`,`score_pass_info`,`gacha_record`,`formation_info`,`mercenary` FROM `user` WHERE `id`=?
2022-03-22 13:29:28 DEBUG mysql/module.go:104 select i: 0 args: 12313212311
2022-03-22 13:29:46 DEBUG mysql/module.go:102 select sql: SELECT `id`,`name`,`info`,`item_pack`,`character_pack`,`equipment_pack`,`world_item_pack`,`hero_pack`,`manual_info`,`quest_pack`,`graveyard`,`levels_info`,`chapter_info`,`explore_info`,`tower_info`,`store_info`,`guild`,`mail_info`,`yggdrasil`,`activity_info`,`score_pass_info`,`gacha_record`,`formation_info`,`mercenary` FROM `user` WHERE `id`=?
2022-03-22 13:29:46 DEBUG mysql/module.go:104 select i: 0 args: 12313212311
2022-03-22 13:29:59 DEBUG mysql/module.go:102 select sql: SELECT `id`,`name`,`info`,`item_pack`,`character_pack`,`equipment_pack`,`world_item_pack`,`hero_pack`,`manual_info`,`quest_pack`,`graveyard`,`levels_info`,`chapter_info`,`explore_info`,`tower_info`,`store_info`,`guild`,`mail_info`,`yggdrasil`,`activity_info`,`score_pass_info`,`gacha_record`,`formation_info`,`mercenary` FROM `user` WHERE `id`=?
2022-03-22 13:29:59 DEBUG mysql/module.go:104 select i: 0 args: 12313212311
2022-03-22 13:30:53 DEBUG mysql/module.go:102 select sql: SELECT `id`,`name`,`info`,`item_pack`,`character_pack`,`equipment_pack`,`world_item_pack`,`hero_pack`,`manual_info`,`quest_pack`,`graveyard`,`levels_info`,`chapter_info`,`explore_info`,`tower_info`,`store_info`,`guild`,`mail_info`,`yggdrasil`,`activity_info`,`score_pass_info`,`gacha_record`,`formation_info`,`mercenary` FROM `user` WHERE `id`=?
2022-03-22 13:30:53 DEBUG mysql/module.go:104 select i: 0 args: 12313212311
