2023-02-17 18:27:47 INFO etcd/dial.go:30 etcd 127.0.0.1:2379 connect success
2023-02-17 18:27:47 INFO etcd/dial.go:30 etcd 127.0.0.1:2479 connect success
2023-02-17 18:27:47 INFO etcd/dial.go:30 etcd 127.0.0.1:2579 connect success
2023-02-17 18:27:47 INFO controller/handler.go:50 Echo server is listening on :9080 (multi-cores: true, loops: 8)

2023-02-17 18:27:47 INFO balancer/balancer.go:107 + service [game] register server [game01, 172.16.11.241:55002]
2023-02-17 18:27:47 INFO least_conn/least_conn.go:57 
--------- service [game] regenerate server ----------
          1. game01, 172.16.11.241:55002
---------------------------------------------------
2023-02-17 18:27:47 INFO resolver/watcher.go:55 start watching service [game]
2023-02-17 18:27:47 INFO grpc/server.go:115 grpc listen addr: 172.16.11.241:55674
2023-02-17 18:30:03 DEBUG controller/handler.go:185 Connect: req[command:1001 serial:1 content:"\x10\xb1ˊϜ\xcc\x04"]
2023-02-17 18:30:03 DEBUG grpc/client_conn.go:168 call rpc method[/Game/Connect], id[0], service[game], server[], args[gameReq:{command:1001 serial:1 content:"\x10\xb1ˊϜ\xcc\x04"} token:"4ee88d55-0792-5d17-89c9-4647268fcbf8" server:"portal01" ctime:1676629803]
2023-02-17 18:30:06 DEBUG controller/handler.go:200 Connect: resp[gameResp: {
  command: 1002
  serial: 1
  timestamp: 1676629806
  content: "\x10\xb1ˊϜ\xcc\x04"
}
uid: 20211208201649
]
2023-02-17 18:30:06 DEBUG controller/handler.go:139 HandleClient: resp[command:1002 serial:1 timestamp:1676629806 content:"\x10\xb1ˊϜ\xcc\x04"]
2023-02-17 18:30:06 DEBUG controller/handler.go:214 Transfer: req[command:1033 serial:2 content:"\n\x1f#GM:addItem(11,1);addItem(11,2)"]
2023-02-17 18:30:06 DEBUG grpc/client_conn.go:168 call rpc method[/Game/Transfer], id[20211208201649], service[game], server[game01], args[gameReq:{command:1033 serial:2 content:"\n\x1f#GM:addItem(11,1);addItem(11,2)"} uid:20211208201649 token:"4ee88d55-0792-5d17-89c9-4647268fcbf8" ctime:1676629803]
2023-02-17 18:30:06 DEBUG controller/handler.go:233 Transfer: resp[gameResp: {
  command: 1034
  serial: 2
  timestamp: 1676629806
  content: "\n\x1c\n\x0c\n\x04\x08\x0b\x10\x01\n\x04\x08\x0b\x10\x02\x12\x0c\x08\x03 x(\xae\xae\xbd\x9f\x068\x01"
}
]
2023-02-17 18:30:06 DEBUG controller/handler.go:139 HandleClient: resp[command:1034 serial:2 timestamp:1676629806 content:"\n\x1c\n\x0c\n\x04\x08\x0b\x10\x01\n\x04\x08\x0b\x10\x02\x12\x0c\x08\x03 x(\xae\xae\xbd\x9f\x068\x01"]
2023-02-17 18:31:21 DEBUG controller/handler.go:185 Connect: req[command:1001 serial:1 content:"\x10\xb1ˊϜ\xcc\x04"]
2023-02-17 18:31:21 DEBUG grpc/client_conn.go:168 call rpc method[/Game/Connect], id[0], service[game], server[], args[gameReq:{command:1001 serial:1 content:"\x10\xb1ˊϜ\xcc\x04"} token:"478c89e6-fc3e-5d9c-8f15-7b4e7ae41fbf" server:"portal01" ctime:1676629881]
2023-02-17 18:31:21 DEBUG controller/handler.go:200 Connect: resp[gameResp: {
  command: 1002
  serial: 1
  timestamp: 1676629881
  content: "\x10\xb1ˊϜ\xcc\x04"
}
uid: 20211208201649
]
2023-02-17 18:31:21 DEBUG controller/handler.go:139 HandleClient: resp[command:1002 serial:1 timestamp:1676629881 content:"\x10\xb1ˊϜ\xcc\x04"]
2023-02-17 18:31:31 DEBUG controller/handler.go:214 Transfer: req[command:1033 serial:2 content:"\n\x1f#GM:addItem(11,1);addItem(11,2)"]
2023-02-17 18:31:31 DEBUG grpc/client_conn.go:168 call rpc method[/Game/Transfer], id[20211208201649], service[game], server[game01], args[gameReq:{command:1033 serial:2 content:"\n\x1f#GM:addItem(11,1);addItem(11,2)"} uid:20211208201649 token:"478c89e6-fc3e-5d9c-8f15-7b4e7ae41fbf" ctime:1676629881]
2023-02-17 18:31:31 DEBUG controller/handler.go:233 Transfer: resp[gameResp: {
  command: 1034
  serial: 2
  timestamp: 1676629891
  content: "\n\x1c\n\x0c\n\x04\x08\x0b\x10\x01\n\x04\x08\x0b\x10\x02\x12\x0c\x08\x06 x(\x83\xaf\xbd\x9f\x068\x01"
}
]
2023-02-17 18:31:31 DEBUG controller/handler.go:139 HandleClient: resp[command:1034 serial:2 timestamp:1676629891 content:"\n\x1c\n\x0c\n\x04\x08\x0b\x10\x01\n\x04\x08\x0b\x10\x02\x12\x0c\x08\x06 x(\x83\xaf\xbd\x9f\x068\x01"]
2023-02-17 18:31:41 DEBUG controller/handler.go:214 Transfer: req[command:1033 serial:3 content:"\n\x1f#GM:addItem(11,1);addItem(11,2)"]
2023-02-17 18:31:41 DEBUG grpc/client_conn.go:168 call rpc method[/Game/Transfer], id[20211208201649], service[game], server[game01], args[gameReq:{command:1033 serial:3 content:"\n\x1f#GM:addItem(11,1);addItem(11,2)"} uid:20211208201649 token:"478c89e6-fc3e-5d9c-8f15-7b4e7ae41fbf" ctime:1676629881]
2023-02-17 18:31:41 WARN grpc/client_conn.go:189 call rpc method[/Game/Transfer], id[20211208201649], service[game], server[game01], args[gameReq:{command:1033 serial:3 content:"\n\x1f#GM:addItem(11,1);addItem(11,2)"} uid:20211208201649 token:"478c89e6-fc3e-5d9c-8f15-7b4e7ae41fbf" ctime:1676629881], error: rpc error: code = Unavailable desc = last connection error: connection error: desc = "transport: Error while dialing dial tcp 172.16.11.241:55002: connect: connection refused"
2023-02-17 18:31:41 DEBUG controller/handler.go:269 error: rpc error: code = Unavailable desc = last connection error: connection error: desc = "transport: Error while dialing dial tcp 172.16.11.241:55002: connect: connection refused"
2023-02-17 18:31:41 DEBUG controller/handler.go:139 HandleClient: resp[command:23 serial:3 timestamp:1676629901 content:"\x08\x0e"]
2023-02-17 18:31:41 INFO balancer/balancer.go:121 - service [game] unregister server [game01]
2023-02-17 18:31:41 INFO balancer/balancer.go:128 + service [game] register server [game01, 172.16.11.241:56650]
2023-02-17 18:31:41 INFO least_conn/least_conn.go:57 
--------- service [game] regenerate server ----------
          1. game01, 172.16.11.241:56650
---------------------------------------------------
2023-02-17 18:32:53 DEBUG controller/handler.go:185 Connect: req[command:1001 serial:1 content:"\x10\xb1ˊϜ\xcc\x04"]
2023-02-17 18:32:53 DEBUG grpc/client_conn.go:168 call rpc method[/Game/Connect], id[0], service[game], server[], args[gameReq:{command:1001 serial:1 content:"\x10\xb1ˊϜ\xcc\x04"} token:"ddfaa1e3-91b9-54a7-a786-3f81ee61db56" server:"portal01" ctime:1676629973]
2023-02-17 18:32:55 DEBUG controller/handler.go:200 Connect: resp[gameResp: {
  command: 1002
  serial: 1
  timestamp: 1676629975
  content: "\x10\xb1ˊϜ\xcc\x04"
}
uid: 20211208201649
]
2023-02-17 18:32:55 DEBUG controller/handler.go:139 HandleClient: resp[command:1002 serial:1 timestamp:1676629975 content:"\x10\xb1ˊϜ\xcc\x04"]
2023-02-17 18:33:05 DEBUG controller/handler.go:214 Transfer: req[command:1033 serial:2 content:"\n\x1f#GM:addItem(11,1);addItem(11,2)"]
2023-02-17 18:33:05 DEBUG grpc/client_conn.go:168 call rpc method[/Game/Transfer], id[20211208201649], service[game], server[game01], args[gameReq:{command:1033 serial:2 content:"\n\x1f#GM:addItem(11,1);addItem(11,2)"} uid:20211208201649 token:"ddfaa1e3-91b9-54a7-a786-3f81ee61db56" ctime:1676629973]
2023-02-17 18:33:05 DEBUG controller/handler.go:233 Transfer: resp[gameResp: {
  command: 1034
  serial: 2
  timestamp: 1676629985
  content: "\n\x1c\n\x0c\n\x04\x08\x0b\x10\x01\n\x04\x08\x0b\x10\x02\x12\x0c\x08\x03 x(᯽\x9f\x068\x01"
}
]
2023-02-17 18:33:05 DEBUG controller/handler.go:139 HandleClient: resp[command:1034 serial:2 timestamp:1676629985 content:"\n\x1c\n\x0c\n\x04\x08\x0b\x10\x01\n\x04\x08\x0b\x10\x02\x12\x0c\x08\x03 x(᯽\x9f\x068\x01"]
2023-02-17 18:33:10 INFO balancer/balancer.go:121 - service [game] unregister server [game01]
2023-02-17 18:33:10 INFO balancer/balancer.go:128 + service [game] register server [game01, 172.16.11.241:57066]
2023-02-17 18:33:10 INFO least_conn/least_conn.go:57 
--------- service [game] regenerate server ----------
          1. game01, 172.16.11.241:57066
---------------------------------------------------
2023-02-17 18:33:15 DEBUG controller/handler.go:214 Transfer: req[command:1033 serial:3 content:"\n\x1f#GM:addItem(11,1);addItem(11,2)"]
2023-02-17 18:33:15 DEBUG grpc/client_conn.go:168 call rpc method[/Game/Transfer], id[20211208201649], service[game], server[game01], args[gameReq:{command:1033 serial:3 content:"\n\x1f#GM:addItem(11,1);addItem(11,2)"} uid:20211208201649 token:"ddfaa1e3-91b9-54a7-a786-3f81ee61db56" ctime:1676629973]
2023-02-17 18:33:17 DEBUG controller/handler.go:233 Transfer: resp[gameResp: {
  command: 1034
  serial: 3
  timestamp: 1676629997
  content: "\n\x1c\n\x0c\n\x04\x08\x0b\x10\x01\n\x04\x08\x0b\x10\x02\x12\x0c\x08\x03 x(\xed\xaf\xbd\x9f\x068\x01"
}
]
2023-02-17 18:33:17 DEBUG controller/handler.go:139 HandleClient: resp[command:1034 serial:3 timestamp:1676629997 content:"\n\x1c\n\x0c\n\x04\x08\x0b\x10\x01\n\x04\x08\x0b\x10\x02\x12\x0c\x08\x03 x(\xed\xaf\xbd\x9f\x068\x01"]
2023-02-17 18:33:27 DEBUG controller/handler.go:214 Transfer: req[command:1033 serial:4 content:"\n\x1f#GM:addItem(11,1);addItem(11,2)"]
2023-02-17 18:33:27 DEBUG grpc/client_conn.go:168 call rpc method[/Game/Transfer], id[20211208201649], service[game], server[game01], args[gameReq:{command:1033 serial:4 content:"\n\x1f#GM:addItem(11,1);addItem(11,2)"} uid:20211208201649 token:"ddfaa1e3-91b9-54a7-a786-3f81ee61db56" ctime:1676629973]
2023-02-17 18:33:27 DEBUG controller/handler.go:233 Transfer: resp[gameResp: {
  command: 1034
  serial: 4
  timestamp: 1676630007
  content: "\n\x1c\n\x0c\n\x04\x08\x0b\x10\x01\n\x04\x08\x0b\x10\x02\x12\x0c\x08\x06 x(\xf7\xaf\xbd\x9f\x068\x01"
}
]
2023-02-17 18:33:27 DEBUG controller/handler.go:139 HandleClient: resp[command:1034 serial:4 timestamp:1676630007 content:"\n\x1c\n\x0c\n\x04\x08\x0b\x10\x01\n\x04\x08\x0b\x10\x02\x12\x0c\x08\x06 x(\xf7\xaf\xbd\x9f\x068\x01"]
2023-02-17 18:33:37 DEBUG controller/handler.go:214 Transfer: req[command:1033 serial:5 content:"\n\x1f#GM:addItem(11,1);addItem(11,2)"]
2023-02-17 18:33:37 DEBUG grpc/client_conn.go:168 call rpc method[/Game/Transfer], id[20211208201649], service[game], server[game01], args[gameReq:{command:1033 serial:5 content:"\n\x1f#GM:addItem(11,1);addItem(11,2)"} uid:20211208201649 token:"ddfaa1e3-91b9-54a7-a786-3f81ee61db56" ctime:1676629973]
2023-02-17 18:33:37 WARN grpc/client_conn.go:189 call rpc method[/Game/Transfer], id[20211208201649], service[game], server[game01], args[gameReq:{command:1033 serial:5 content:"\n\x1f#GM:addItem(11,1);addItem(11,2)"} uid:20211208201649 token:"ddfaa1e3-91b9-54a7-a786-3f81ee61db56" ctime:1676629973], error: rpc error: code = Unavailable desc = last connection error: connection error: desc = "transport: Error while dialing dial tcp 172.16.11.241:57066: connect: connection refused"
2023-02-17 18:33:37 DEBUG controller/handler.go:269 error: rpc error: code = Unavailable desc = last connection error: connection error: desc = "transport: Error while dialing dial tcp 172.16.11.241:57066: connect: connection refused"
2023-02-17 18:33:37 DEBUG controller/handler.go:139 HandleClient: resp[command:23 serial:5 timestamp:1676630017 content:"\x08\x0e"]
2023-02-17 18:33:39 INFO balancer/balancer.go:121 - service [game] unregister server [game01]
2023-02-17 18:33:39 INFO balancer/balancer.go:128 + service [game] register server [game01, 172.16.11.241:57265]
2023-02-17 18:33:39 INFO least_conn/least_conn.go:57 
--------- service [game] regenerate server ----------
          1. game01, 172.16.11.241:57265
---------------------------------------------------
2023-02-17 18:33:57 DEBUG controller/handler.go:185 Connect: req[command:1001 serial:1 content:"\x10\xb1ˊϜ\xcc\x04"]
2023-02-17 18:33:57 DEBUG grpc/client_conn.go:168 call rpc method[/Game/Connect], id[0], service[game], server[], args[gameReq:{command:1001 serial:1 content:"\x10\xb1ˊϜ\xcc\x04"} token:"ad993f5f-d579-5283-a404-c18c1f95e245" server:"portal01" ctime:1676630037]
2023-02-17 18:33:59 DEBUG controller/handler.go:200 Connect: resp[gameResp: {
  command: 1002
  serial: 1
  timestamp: 1676630039
  content: "\x10\xb1ˊϜ\xcc\x04"
}
uid: 20211208201649
]
2023-02-17 18:33:59 DEBUG controller/handler.go:139 HandleClient: resp[command:1002 serial:1 timestamp:1676630039 content:"\x10\xb1ˊϜ\xcc\x04"]
2023-02-17 18:34:09 DEBUG controller/handler.go:214 Transfer: req[command:1033 serial:2 content:"\n\x1f#GM:addItem(11,1);addItem(11,2)"]
2023-02-17 18:34:09 DEBUG grpc/client_conn.go:168 call rpc method[/Game/Transfer], id[20211208201649], service[game], server[game01], args[gameReq:{command:1033 serial:2 content:"\n\x1f#GM:addItem(11,1);addItem(11,2)"} uid:20211208201649 token:"ad993f5f-d579-5283-a404-c18c1f95e245" ctime:1676630037]
2023-02-17 18:34:14 DEBUG controller/handler.go:233 Transfer: resp[gameResp: {
  command: 1034
  serial: 2
  timestamp: 1676630054
  content: "\n\x1c\n\x0c\n\x04\x08\x0b\x10\x01\n\x04\x08\x0b\x10\x02\x12\x0c\x08\x03 x(\xa6\xb0\xbd\x9f\x068\x01"
}
]
2023-02-17 18:34:14 DEBUG controller/handler.go:139 HandleClient: resp[command:1034 serial:2 timestamp:1676630054 content:"\n\x1c\n\x0c\n\x04\x08\x0b\x10\x01\n\x04\x08\x0b\x10\x02\x12\x0c\x08\x03 x(\xa6\xb0\xbd\x9f\x068\x01"]
2023-02-17 18:34:23 INFO balancer/balancer.go:121 - service [game] unregister server [game01]
2023-02-17 18:34:23 INFO balancer/balancer.go:128 + service [game] register server [game01, 172.16.11.241:57499]
2023-02-17 18:34:23 INFO least_conn/least_conn.go:57 
--------- service [game] regenerate server ----------
          1. game01, 172.16.11.241:57499
---------------------------------------------------
2023-02-17 18:34:24 DEBUG controller/handler.go:214 Transfer: req[command:1033 serial:3 content:"\n\x1f#GM:addItem(11,1);addItem(11,2)"]
2023-02-17 18:34:24 DEBUG grpc/client_conn.go:168 call rpc method[/Game/Transfer], id[20211208201649], service[game], server[game01], args[gameReq:{command:1033 serial:3 content:"\n\x1f#GM:addItem(11,1);addItem(11,2)"} uid:20211208201649 token:"ad993f5f-d579-5283-a404-c18c1f95e245" ctime:1676630037]
2023-02-17 18:34:26 DEBUG controller/handler.go:233 Transfer: resp[gameResp: {
  command: 1034
  serial: 3
  timestamp: 1676630066
  content: "\n\x1c\n\x0c\n\x04\x08\x0b\x10\x01\n\x04\x08\x0b\x10\x02\x12\x0c\x08\x03 x(\xb2\xb0\xbd\x9f\x068\x01"
}
]
2023-02-17 18:34:26 DEBUG controller/handler.go:139 HandleClient: resp[command:1034 serial:3 timestamp:1676630066 content:"\n\x1c\n\x0c\n\x04\x08\x0b\x10\x01\n\x04\x08\x0b\x10\x02\x12\x0c\x08\x03 x(\xb2\xb0\xbd\x9f\x068\x01"]
2023-02-17 18:34:36 DEBUG controller/handler.go:214 Transfer: req[command:1033 serial:4 content:"\n\x1f#GM:addItem(11,1);addItem(11,2)"]
2023-02-17 18:34:36 DEBUG grpc/client_conn.go:168 call rpc method[/Game/Transfer], id[20211208201649], service[game], server[game01], args[gameReq:{command:1033 serial:4 content:"\n\x1f#GM:addItem(11,1);addItem(11,2)"} uid:20211208201649 token:"ad993f5f-d579-5283-a404-c18c1f95e245" ctime:1676630037]
2023-02-17 18:34:36 DEBUG controller/handler.go:233 Transfer: resp[gameResp: {
  command: 1034
  serial: 4
  timestamp: 1676630076
  content: "\n\x1c\n\x0c\n\x04\x08\x0b\x10\x01\n\x04\x08\x0b\x10\x02\x12\x0c\x08\x06 x(\xbc\xb0\xbd\x9f\x068\x01"
}
]
2023-02-17 18:34:36 DEBUG controller/handler.go:139 HandleClient: resp[command:1034 serial:4 timestamp:1676630076 content:"\n\x1c\n\x0c\n\x04\x08\x0b\x10\x01\n\x04\x08\x0b\x10\x02\x12\x0c\x08\x06 x(\xbc\xb0\xbd\x9f\x068\x01"]
2023-02-17 18:34:46 DEBUG controller/handler.go:214 Transfer: req[command:1033 serial:5 content:"\n\x1f#GM:addItem(11,1);addItem(11,2)"]
2023-02-17 18:34:46 DEBUG grpc/client_conn.go:168 call rpc method[/Game/Transfer], id[20211208201649], service[game], server[game01], args[gameReq:{command:1033 serial:5 content:"\n\x1f#GM:addItem(11,1);addItem(11,2)"} uid:20211208201649 token:"ad993f5f-d579-5283-a404-c18c1f95e245" ctime:1676630037]
2023-02-17 18:34:46 DEBUG controller/handler.go:233 Transfer: resp[gameResp: {
  command: 1034
  serial: 5
  timestamp: 1676630086
  content: "\n\x1c\n\x0c\n\x04\x08\x0b\x10\x01\n\x04\x08\x0b\x10\x02\x12\x0c\x08\t x(ư\xbd\x9f\x068\x01"
}
]
2023-02-17 18:34:46 DEBUG controller/handler.go:139 HandleClient: resp[command:1034 serial:5 timestamp:1676630086 content:"\n\x1c\n\x0c\n\x04\x08\x0b\x10\x01\n\x04\x08\x0b\x10\x02\x12\x0c\x08\t x(ư\xbd\x9f\x068\x01"]
2023-02-17 18:34:56 DEBUG controller/handler.go:214 Transfer: req[command:1033 serial:6 content:"\n\x1f#GM:addItem(11,1);addItem(11,2)"]
2023-02-17 18:34:56 DEBUG grpc/client_conn.go:168 call rpc method[/Game/Transfer], id[20211208201649], service[game], server[game01], args[gameReq:{command:1033 serial:6 content:"\n\x1f#GM:addItem(11,1);addItem(11,2)"} uid:20211208201649 token:"ad993f5f-d579-5283-a404-c18c1f95e245" ctime:1676630037]
2023-02-17 18:34:56 DEBUG controller/handler.go:233 Transfer: resp[gameResp: {
  command: 1034
  serial: 6
  timestamp: 1676630096
  content: "\n\x1c\n\x0c\n\x04\x08\x0b\x10\x01\n\x04\x08\x0b\x10\x02\x12\x0c\x08\x0c x(а\xbd\x9f\x068\x01"
}
]
2023-02-17 18:34:56 DEBUG controller/handler.go:139 HandleClient: resp[command:1034 serial:6 timestamp:1676630096 content:"\n\x1c\n\x0c\n\x04\x08\x0b\x10\x01\n\x04\x08\x0b\x10\x02\x12\x0c\x08\x0c x(а\xbd\x9f\x068\x01"]
2023-02-17 18:35:06 DEBUG controller/handler.go:214 Transfer: req[command:1033 serial:7 content:"\n\x1f#GM:addItem(11,1);addItem(11,2)"]
2023-02-17 18:35:06 DEBUG grpc/client_conn.go:168 call rpc method[/Game/Transfer], id[20211208201649], service[game], server[game01], args[gameReq:{command:1033 serial:7 content:"\n\x1f#GM:addItem(11,1);addItem(11,2)"} uid:20211208201649 token:"ad993f5f-d579-5283-a404-c18c1f95e245" ctime:1676630037]
2023-02-17 18:35:06 DEBUG controller/handler.go:233 Transfer: resp[gameResp: {
  command: 1034
  serial: 7
  timestamp: 1676630106
  content: "\n\x1c\n\x0c\n\x04\x08\x0b\x10\x01\n\x04\x08\x0b\x10\x02\x12\x0c\x08\x0f x(ڰ\xbd\x9f\x068\x01"
}
]
2023-02-17 18:35:06 DEBUG controller/handler.go:139 HandleClient: resp[command:1034 serial:7 timestamp:1676630106 content:"\n\x1c\n\x0c\n\x04\x08\x0b\x10\x01\n\x04\x08\x0b\x10\x02\x12\x0c\x08\x0f x(ڰ\xbd\x9f\x068\x01"]
2023-02-17 18:35:16 DEBUG controller/handler.go:214 Transfer: req[command:1033 serial:8 content:"\n\x1f#GM:addItem(11,1);addItem(11,2)"]
2023-02-17 18:35:16 DEBUG grpc/client_conn.go:168 call rpc method[/Game/Transfer], id[20211208201649], service[game], server[game01], args[gameReq:{command:1033 serial:8 content:"\n\x1f#GM:addItem(11,1);addItem(11,2)"} uid:20211208201649 token:"ad993f5f-d579-5283-a404-c18c1f95e245" ctime:1676630037]
2023-02-17 18:35:16 DEBUG controller/handler.go:233 Transfer: resp[gameResp: {
  command: 1034
  serial: 8
  timestamp: 1676630116
  content: "\n\x1c\n\x0c\n\x04\x08\x0b\x10\x01\n\x04\x08\x0b\x10\x02\x12\x0c\x08\x12 x(䰽\x9f\x068\x01"
}
]
2023-02-17 18:35:16 DEBUG controller/handler.go:139 HandleClient: resp[command:1034 serial:8 timestamp:1676630116 content:"\n\x1c\n\x0c\n\x04\x08\x0b\x10\x01\n\x04\x08\x0b\x10\x02\x12\x0c\x08\x12 x(䰽\x9f\x068\x01"]
2023-02-17 18:35:26 DEBUG controller/handler.go:214 Transfer: req[command:1033 serial:9 content:"\n\x1f#GM:addItem(11,1);addItem(11,2)"]
2023-02-17 18:35:26 DEBUG grpc/client_conn.go:168 call rpc method[/Game/Transfer], id[20211208201649], service[game], server[game01], args[gameReq:{command:1033 serial:9 content:"\n\x1f#GM:addItem(11,1);addItem(11,2)"} uid:20211208201649 token:"ad993f5f-d579-5283-a404-c18c1f95e245" ctime:1676630037]
2023-02-17 18:35:26 DEBUG controller/handler.go:233 Transfer: resp[gameResp: {
  command: 1034
  serial: 9
  timestamp: 1676630126
  content: "\n\x1c\n\x0c\n\x04\x08\x0b\x10\x01\n\x04\x08\x0b\x10\x02\x12\x0c\x08\x15 x(\x9f\x068\x01"
}
]
2023-02-17 18:35:26 DEBUG controller/handler.go:139 HandleClient: resp[command:1034 serial:9 timestamp:1676630126 content:"\n\x1c\n\x0c\n\x04\x08\x0b\x10\x01\n\x04\x08\x0b\x10\x02\x12\x0c\x08\x15 x(\x9f\x068\x01"]
2023-02-17 18:35:36 DEBUG controller/handler.go:214 Transfer: req[command:1033 serial:10 content:"\n\x1f#GM:addItem(11,1);addItem(11,2)"]
2023-02-17 18:35:36 DEBUG grpc/client_conn.go:168 call rpc method[/Game/Transfer], id[20211208201649], service[game], server[game01], args[gameReq:{command:1033 serial:10 content:"\n\x1f#GM:addItem(11,1);addItem(11,2)"} uid:20211208201649 token:"ad993f5f-d579-5283-a404-c18c1f95e245" ctime:1676630037]
2023-02-17 18:35:36 DEBUG controller/handler.go:233 Transfer: resp[gameResp: {
  command: 1034
  serial: 10
  timestamp: 1676630136
  content: "\n\x1c\n\x0c\n\x04\x08\x0b\x10\x01\n\x04\x08\x0b\x10\x02\x12\x0c\x08\x18 x(\xf8\xb0\xbd\x9f\x068\x01"
}
]
2023-02-17 18:35:36 DEBUG controller/handler.go:139 HandleClient: resp[command:1034 serial:10 timestamp:1676630136 content:"\n\x1c\n\x0c\n\x04\x08\x0b\x10\x01\n\x04\x08\x0b\x10\x02\x12\x0c\x08\x18 x(\xf8\xb0\xbd\x9f\x068\x01"]
2023-02-17 18:35:46 DEBUG controller/handler.go:214 Transfer: req[command:1033 serial:11 content:"\n\x1f#GM:addItem(11,1);addItem(11,2)"]
2023-02-17 18:35:46 DEBUG grpc/client_conn.go:168 call rpc method[/Game/Transfer], id[20211208201649], service[game], server[game01], args[gameReq:{command:1033 serial:11 content:"\n\x1f#GM:addItem(11,1);addItem(11,2)"} uid:20211208201649 token:"ad993f5f-d579-5283-a404-c18c1f95e245" ctime:1676630037]
2023-02-17 18:35:46 DEBUG controller/handler.go:233 Transfer: resp[gameResp: {
  command: 1034
  serial: 11
  timestamp: 1676630146
  content: "\n\x1c\n\x0c\n\x04\x08\x0b\x10\x01\n\x04\x08\x0b\x10\x02\x12\x0c\x08\x1b x(\x82\xb1\xbd\x9f\x068\x01"
}
]
2023-02-17 18:35:46 DEBUG controller/handler.go:139 HandleClient: resp[command:1034 serial:11 timestamp:1676630146 content:"\n\x1c\n\x0c\n\x04\x08\x0b\x10\x01\n\x04\x08\x0b\x10\x02\x12\x0c\x08\x1b x(\x82\xb1\xbd\x9f\x068\x01"]
2023-02-17 18:35:56 DEBUG controller/handler.go:214 Transfer: req[command:1033 serial:12 content:"\n\x1f#GM:addItem(11,1);addItem(11,2)"]
2023-02-17 18:35:56 DEBUG grpc/client_conn.go:168 call rpc method[/Game/Transfer], id[20211208201649], service[game], server[game01], args[gameReq:{command:1033 serial:12 content:"\n\x1f#GM:addItem(11,1);addItem(11,2)"} uid:20211208201649 token:"ad993f5f-d579-5283-a404-c18c1f95e245" ctime:1676630037]
2023-02-17 18:35:56 DEBUG controller/handler.go:233 Transfer: resp[gameResp: {
  command: 1034
  serial: 12
  timestamp: 1676630156
  content: "\n\x1c\n\x0c\n\x04\x08\x0b\x10\x01\n\x04\x08\x0b\x10\x02\x12\x0c\x08\x1e x(\x8c\xb1\xbd\x9f\x068\x01"
}
]
2023-02-17 18:35:56 DEBUG controller/handler.go:139 HandleClient: resp[command:1034 serial:12 timestamp:1676630156 content:"\n\x1c\n\x0c\n\x04\x08\x0b\x10\x01\n\x04\x08\x0b\x10\x02\x12\x0c\x08\x1e x(\x8c\xb1\xbd\x9f\x068\x01"]
2023-02-17 18:36:06 DEBUG controller/handler.go:214 Transfer: req[command:1033 serial:13 content:"\n\x1f#GM:addItem(11,1);addItem(11,2)"]
2023-02-17 18:36:06 DEBUG grpc/client_conn.go:168 call rpc method[/Game/Transfer], id[20211208201649], service[game], server[game01], args[gameReq:{command:1033 serial:13 content:"\n\x1f#GM:addItem(11,1);addItem(11,2)"} uid:20211208201649 token:"ad993f5f-d579-5283-a404-c18c1f95e245" ctime:1676630037]
2023-02-17 18:36:06 DEBUG controller/handler.go:233 Transfer: resp[gameResp: {
  command: 1034
  serial: 13
  timestamp: 1676630166
  content: "\n\x1c\n\x0c\n\x04\x08\x0b\x10\x01\n\x04\x08\x0b\x10\x02\x12\x0c\x08! x(\x96\xb1\xbd\x9f\x068\x01"
}
]
2023-02-17 18:36:06 DEBUG controller/handler.go:139 HandleClient: resp[command:1034 serial:13 timestamp:1676630166 content:"\n\x1c\n\x0c\n\x04\x08\x0b\x10\x01\n\x04\x08\x0b\x10\x02\x12\x0c\x08! x(\x96\xb1\xbd\x9f\x068\x01"]
2023-02-17 18:36:16 DEBUG controller/handler.go:214 Transfer: req[command:1033 serial:14 content:"\n\x1f#GM:addItem(11,1);addItem(11,2)"]
2023-02-17 18:36:16 DEBUG grpc/client_conn.go:168 call rpc method[/Game/Transfer], id[20211208201649], service[game], server[game01], args[gameReq:{command:1033 serial:14 content:"\n\x1f#GM:addItem(11,1);addItem(11,2)"} uid:20211208201649 token:"ad993f5f-d579-5283-a404-c18c1f95e245" ctime:1676630037]
2023-02-17 18:36:16 DEBUG controller/handler.go:233 Transfer: resp[gameResp: {
  command: 1034
  serial: 14
  timestamp: 1676630176
  content: "\n\x1c\n\x0c\n\x04\x08\x0b\x10\x01\n\x04\x08\x0b\x10\x02\x12\x0c\x08$ x(\xa0\xb1\xbd\x9f\x068\x01"
}
]
2023-02-17 18:36:16 DEBUG controller/handler.go:139 HandleClient: resp[command:1034 serial:14 timestamp:1676630176 content:"\n\x1c\n\x0c\n\x04\x08\x0b\x10\x01\n\x04\x08\x0b\x10\x02\x12\x0c\x08$ x(\xa0\xb1\xbd\x9f\x068\x01"]
2023-02-17 18:36:26 DEBUG controller/handler.go:214 Transfer: req[command:1033 serial:15 content:"\n\x1f#GM:addItem(11,1);addItem(11,2)"]
2023-02-17 18:36:26 DEBUG grpc/client_conn.go:168 call rpc method[/Game/Transfer], id[20211208201649], service[game], server[game01], args[gameReq:{command:1033 serial:15 content:"\n\x1f#GM:addItem(11,1);addItem(11,2)"} uid:20211208201649 token:"ad993f5f-d579-5283-a404-c18c1f95e245" ctime:1676630037]
2023-02-17 18:36:26 DEBUG controller/handler.go:233 Transfer: resp[gameResp: {
  command: 1034
  serial: 15
  timestamp: 1676630186
  content: "\n\x1c\n\x0c\n\x04\x08\x0b\x10\x01\n\x04\x08\x0b\x10\x02\x12\x0c\x08' x(\xaa\xb1\xbd\x9f\x068\x01"
}
]
2023-02-17 18:36:26 DEBUG controller/handler.go:139 HandleClient: resp[command:1034 serial:15 timestamp:1676630186 content:"\n\x1c\n\x0c\n\x04\x08\x0b\x10\x01\n\x04\x08\x0b\x10\x02\x12\x0c\x08' x(\xaa\xb1\xbd\x9f\x068\x01"]
2023-02-17 18:36:36 DEBUG controller/handler.go:214 Transfer: req[command:1033 serial:16 content:"\n\x1f#GM:addItem(11,1);addItem(11,2)"]
2023-02-17 18:36:36 DEBUG grpc/client_conn.go:168 call rpc method[/Game/Transfer], id[20211208201649], service[game], server[game01], args[gameReq:{command:1033 serial:16 content:"\n\x1f#GM:addItem(11,1);addItem(11,2)"} uid:20211208201649 token:"ad993f5f-d579-5283-a404-c18c1f95e245" ctime:1676630037]
2023-02-17 18:36:36 DEBUG controller/handler.go:233 Transfer: resp[gameResp: {
  command: 1034
  serial: 16
  timestamp: 1676630196
  content: "\n\x1c\n\x0c\n\x04\x08\x0b\x10\x01\n\x04\x08\x0b\x10\x02\x12\x0c\x08* x(\xb4\xb1\xbd\x9f\x068\x01"
}
]
2023-02-17 18:36:36 DEBUG controller/handler.go:139 HandleClient: resp[command:1034 serial:16 timestamp:1676630196 content:"\n\x1c\n\x0c\n\x04\x08\x0b\x10\x01\n\x04\x08\x0b\x10\x02\x12\x0c\x08* x(\xb4\xb1\xbd\x9f\x068\x01"]
2023-02-17 18:36:46 DEBUG controller/handler.go:214 Transfer: req[command:1033 serial:17 content:"\n\x1f#GM:addItem(11,1);addItem(11,2)"]
2023-02-17 18:36:46 DEBUG grpc/client_conn.go:168 call rpc method[/Game/Transfer], id[20211208201649], service[game], server[game01], args[gameReq:{command:1033 serial:17 content:"\n\x1f#GM:addItem(11,1);addItem(11,2)"} uid:20211208201649 token:"ad993f5f-d579-5283-a404-c18c1f95e245" ctime:1676630037]
2023-02-17 18:36:46 DEBUG controller/handler.go:233 Transfer: resp[gameResp: {
  command: 1034
  serial: 17
  timestamp: 1676630206
  content: "\n\x1c\n\x0c\n\x04\x08\x0b\x10\x01\n\x04\x08\x0b\x10\x02\x12\x0c\x08- x(\xbe\xb1\xbd\x9f\x068\x01"
}
]
2023-02-17 18:36:46 DEBUG controller/handler.go:139 HandleClient: resp[command:1034 serial:17 timestamp:1676630206 content:"\n\x1c\n\x0c\n\x04\x08\x0b\x10\x01\n\x04\x08\x0b\x10\x02\x12\x0c\x08- x(\xbe\xb1\xbd\x9f\x068\x01"]
2023-02-17 18:36:56 DEBUG controller/handler.go:214 Transfer: req[command:1033 serial:18 content:"\n\x1f#GM:addItem(11,1);addItem(11,2)"]
2023-02-17 18:36:56 DEBUG grpc/client_conn.go:168 call rpc method[/Game/Transfer], id[20211208201649], service[game], server[game01], args[gameReq:{command:1033 serial:18 content:"\n\x1f#GM:addItem(11,1);addItem(11,2)"} uid:20211208201649 token:"ad993f5f-d579-5283-a404-c18c1f95e245" ctime:1676630037]
2023-02-17 18:36:56 DEBUG controller/handler.go:233 Transfer: resp[gameResp: {
  command: 1034
  serial: 18
  timestamp: 1676630216
  content: "\n\x1c\n\x0c\n\x04\x08\x0b\x10\x01\n\x04\x08\x0b\x10\x02\x12\x0c\x080 x(ȱ\xbd\x9f\x068\x01"
}
]
2023-02-17 18:36:56 DEBUG controller/handler.go:139 HandleClient: resp[command:1034 serial:18 timestamp:1676630216 content:"\n\x1c\n\x0c\n\x04\x08\x0b\x10\x01\n\x04\x08\x0b\x10\x02\x12\x0c\x080 x(ȱ\xbd\x9f\x068\x01"]
2023-02-17 18:37:06 DEBUG controller/handler.go:214 Transfer: req[command:1033 serial:19 content:"\n\x1f#GM:addItem(11,1);addItem(11,2)"]
2023-02-17 18:37:06 DEBUG grpc/client_conn.go:168 call rpc method[/Game/Transfer], id[20211208201649], service[game], server[game01], args[gameReq:{command:1033 serial:19 content:"\n\x1f#GM:addItem(11,1);addItem(11,2)"} uid:20211208201649 token:"ad993f5f-d579-5283-a404-c18c1f95e245" ctime:1676630037]
2023-02-17 18:37:06 DEBUG controller/handler.go:233 Transfer: resp[gameResp: {
  command: 1034
  serial: 19
  timestamp: 1676630226
  content: "\n\x1c\n\x0c\n\x04\x08\x0b\x10\x01\n\x04\x08\x0b\x10\x02\x12\x0c\x083 x(ұ\xbd\x9f\x068\x01"
}
]
2023-02-17 18:37:06 DEBUG controller/handler.go:139 HandleClient: resp[command:1034 serial:19 timestamp:1676630226 content:"\n\x1c\n\x0c\n\x04\x08\x0b\x10\x01\n\x04\x08\x0b\x10\x02\x12\x0c\x083 x(ұ\xbd\x9f\x068\x01"]
2023-02-17 18:37:16 DEBUG controller/handler.go:214 Transfer: req[command:1033 serial:20 content:"\n\x1f#GM:addItem(11,1);addItem(11,2)"]
2023-02-17 18:37:16 DEBUG grpc/client_conn.go:168 call rpc method[/Game/Transfer], id[20211208201649], service[game], server[game01], args[gameReq:{command:1033 serial:20 content:"\n\x1f#GM:addItem(11,1);addItem(11,2)"} uid:20211208201649 token:"ad993f5f-d579-5283-a404-c18c1f95e245" ctime:1676630037]
2023-02-17 18:37:16 DEBUG controller/handler.go:233 Transfer: resp[gameResp: {
  command: 1034
  serial: 20
  timestamp: 1676630236
  content: "\n\x1c\n\x0c\n\x04\x08\x0b\x10\x01\n\x04\x08\x0b\x10\x02\x12\x0c\x086 x(ܱ\xbd\x9f\x068\x01"
}
]
2023-02-17 18:37:16 DEBUG controller/handler.go:139 HandleClient: resp[command:1034 serial:20 timestamp:1676630236 content:"\n\x1c\n\x0c\n\x04\x08\x0b\x10\x01\n\x04\x08\x0b\x10\x02\x12\x0c\x086 x(ܱ\xbd\x9f\x068\x01"]
2023-02-17 18:37:26 DEBUG controller/handler.go:214 Transfer: req[command:1033 serial:21 content:"\n\x1f#GM:addItem(11,1);addItem(11,2)"]
2023-02-17 18:37:26 DEBUG grpc/client_conn.go:168 call rpc method[/Game/Transfer], id[20211208201649], service[game], server[game01], args[gameReq:{command:1033 serial:21 content:"\n\x1f#GM:addItem(11,1);addItem(11,2)"} uid:20211208201649 token:"ad993f5f-d579-5283-a404-c18c1f95e245" ctime:1676630037]
2023-02-17 18:37:26 DEBUG controller/handler.go:233 Transfer: resp[gameResp: {
  command: 1034
  serial: 21
  timestamp: 1676630246
  content: "\n\x1c\n\x0c\n\x04\x08\x0b\x10\x01\n\x04\x08\x0b\x10\x02\x12\x0c\x089 x(汽\x9f\x068\x01"
}
]
2023-02-17 18:37:26 DEBUG controller/handler.go:139 HandleClient: resp[command:1034 serial:21 timestamp:1676630246 content:"\n\x1c\n\x0c\n\x04\x08\x0b\x10\x01\n\x04\x08\x0b\x10\x02\x12\x0c\x089 x(汽\x9f\x068\x01"]
2023-02-17 18:37:36 DEBUG controller/handler.go:214 Transfer: req[command:1033 serial:22 content:"\n\x1f#GM:addItem(11,1);addItem(11,2)"]
2023-02-17 18:37:36 DEBUG grpc/client_conn.go:168 call rpc method[/Game/Transfer], id[20211208201649], service[game], server[game01], args[gameReq:{command:1033 serial:22 content:"\n\x1f#GM:addItem(11,1);addItem(11,2)"} uid:20211208201649 token:"ad993f5f-d579-5283-a404-c18c1f95e245" ctime:1676630037]
2023-02-17 18:37:36 DEBUG controller/handler.go:233 Transfer: resp[gameResp: {
  command: 1034
  serial: 22
  timestamp: 1676630256
  content: "\n\x1c\n\x0c\n\x04\x08\x0b\x10\x01\n\x04\x08\x0b\x10\x02\x12\x0c\x08< x(𱽟\x068\x01"
}
]
2023-02-17 18:37:36 DEBUG controller/handler.go:139 HandleClient: resp[command:1034 serial:22 timestamp:1676630256 content:"\n\x1c\n\x0c\n\x04\x08\x0b\x10\x01\n\x04\x08\x0b\x10\x02\x12\x0c\x08< x(𱽟\x068\x01"]
2023-02-17 18:37:41 INFO balancer/balancer.go:121 - service [game] unregister server [game01]
2023-02-17 18:37:41 INFO balancer/balancer.go:128 + service [game] register server [game01, 172.16.11.241:58724]
2023-02-17 18:37:41 INFO least_conn/least_conn.go:57 
--------- service [game] regenerate server ----------
          1. game01, 172.16.11.241:58724
---------------------------------------------------
2023-02-17 18:37:46 DEBUG controller/handler.go:214 Transfer: req[command:1033 serial:23 content:"\n\x1f#GM:addItem(11,1);addItem(11,2)"]
2023-02-17 18:37:46 DEBUG grpc/client_conn.go:168 call rpc method[/Game/Transfer], id[20211208201649], service[game], server[game01], args[gameReq:{command:1033 serial:23 content:"\n\x1f#GM:addItem(11,1);addItem(11,2)"} uid:20211208201649 token:"ad993f5f-d579-5283-a404-c18c1f95e245" ctime:1676630037]
2023-02-17 18:37:48 DEBUG controller/handler.go:233 Transfer: resp[gameResp: {
  command: 1034
  serial: 23
  timestamp: 1676630268
  content: "\n\x1c\n\x0c\n\x04\x08\x0b\x10\x01\n\x04\x08\x0b\x10\x02\x12\x0c\x08\x03 x(\xfc\xb1\xbd\x9f\x068\x01"
}
]
2023-02-17 18:37:48 DEBUG controller/handler.go:139 HandleClient: resp[command:1034 serial:23 timestamp:1676630268 content:"\n\x1c\n\x0c\n\x04\x08\x0b\x10\x01\n\x04\x08\x0b\x10\x02\x12\x0c\x08\x03 x(\xfc\xb1\xbd\x9f\x068\x01"]
2023-02-17 18:37:58 DEBUG controller/handler.go:214 Transfer: req[command:1033 serial:24 content:"\n\x1f#GM:addItem(11,1);addItem(11,2)"]
2023-02-17 18:37:58 DEBUG grpc/client_conn.go:168 call rpc method[/Game/Transfer], id[20211208201649], service[game], server[game01], args[gameReq:{command:1033 serial:24 content:"\n\x1f#GM:addItem(11,1);addItem(11,2)"} uid:20211208201649 token:"ad993f5f-d579-5283-a404-c18c1f95e245" ctime:1676630037]
2023-02-17 18:37:58 DEBUG controller/handler.go:233 Transfer: resp[gameResp: {
  command: 1034
  serial: 24
  timestamp: 1676630278
  content: "\n\x1c\n\x0c\n\x04\x08\x0b\x10\x01\n\x04\x08\x0b\x10\x02\x12\x0c\x08\x06 x(\x86\xb2\xbd\x9f\x068\x01"
}
]
2023-02-17 18:37:58 DEBUG controller/handler.go:139 HandleClient: resp[command:1034 serial:24 timestamp:1676630278 content:"\n\x1c\n\x0c\n\x04\x08\x0b\x10\x01\n\x04\x08\x0b\x10\x02\x12\x0c\x08\x06 x(\x86\xb2\xbd\x9f\x068\x01"]
2023-02-17 18:38:08 DEBUG controller/handler.go:214 Transfer: req[command:1033 serial:25 content:"\n\x1f#GM:addItem(11,1);addItem(11,2)"]
2023-02-17 18:38:08 DEBUG grpc/client_conn.go:168 call rpc method[/Game/Transfer], id[20211208201649], service[game], server[game01], args[gameReq:{command:1033 serial:25 content:"\n\x1f#GM:addItem(11,1);addItem(11,2)"} uid:20211208201649 token:"ad993f5f-d579-5283-a404-c18c1f95e245" ctime:1676630037]
2023-02-17 18:38:08 DEBUG controller/handler.go:233 Transfer: resp[gameResp: {
  command: 1034
  serial: 25
  timestamp: 1676630288
  content: "\n\x1c\n\x0c\n\x04\x08\x0b\x10\x01\n\x04\x08\x0b\x10\x02\x12\x0c\x08\t x(\x90\xb2\xbd\x9f\x068\x01"
}
]
2023-02-17 18:38:08 DEBUG controller/handler.go:139 HandleClient: resp[command:1034 serial:25 timestamp:1676630288 content:"\n\x1c\n\x0c\n\x04\x08\x0b\x10\x01\n\x04\x08\x0b\x10\x02\x12\x0c\x08\t x(\x90\xb2\xbd\x9f\x068\x01"]
2023-02-17 18:38:18 DEBUG controller/handler.go:214 Transfer: req[command:1033 serial:26 content:"\n\x1f#GM:addItem(11,1);addItem(11,2)"]
2023-02-17 18:38:18 DEBUG grpc/client_conn.go:168 call rpc method[/Game/Transfer], id[20211208201649], service[game], server[game01], args[gameReq:{command:1033 serial:26 content:"\n\x1f#GM:addItem(11,1);addItem(11,2)"} uid:20211208201649 token:"ad993f5f-d579-5283-a404-c18c1f95e245" ctime:1676630037]
2023-02-17 18:38:18 DEBUG controller/handler.go:233 Transfer: resp[gameResp: {
  command: 1034
  serial: 26
  timestamp: 1676630298
  content: "\n\x1c\n\x0c\n\x04\x08\x0b\x10\x01\n\x04\x08\x0b\x10\x02\x12\x0c\x08\x0c x(\x9a\xb2\xbd\x9f\x068\x01"
}
]
2023-02-17 18:38:18 DEBUG controller/handler.go:139 HandleClient: resp[command:1034 serial:26 timestamp:1676630298 content:"\n\x1c\n\x0c\n\x04\x08\x0b\x10\x01\n\x04\x08\x0b\x10\x02\x12\x0c\x08\x0c x(\x9a\xb2\xbd\x9f\x068\x01"]
2023-02-17 18:38:28 DEBUG controller/handler.go:214 Transfer: req[command:1033 serial:27 content:"\n\x1f#GM:addItem(11,1);addItem(11,2)"]
2023-02-17 18:38:28 DEBUG grpc/client_conn.go:168 call rpc method[/Game/Transfer], id[20211208201649], service[game], server[game01], args[gameReq:{command:1033 serial:27 content:"\n\x1f#GM:addItem(11,1);addItem(11,2)"} uid:20211208201649 token:"ad993f5f-d579-5283-a404-c18c1f95e245" ctime:1676630037]
2023-02-17 18:38:28 DEBUG controller/handler.go:233 Transfer: resp[gameResp: {
  command: 1034
  serial: 27
  timestamp: 1676630308
  content: "\n\x1c\n\x0c\n\x04\x08\x0b\x10\x01\n\x04\x08\x0b\x10\x02\x12\x0c\x08\x0f x(\xa4\xb2\xbd\x9f\x068\x01"
}
]
2023-02-17 18:38:28 DEBUG controller/handler.go:139 HandleClient: resp[command:1034 serial:27 timestamp:1676630308 content:"\n\x1c\n\x0c\n\x04\x08\x0b\x10\x01\n\x04\x08\x0b\x10\x02\x12\x0c\x08\x0f x(\xa4\xb2\xbd\x9f\x068\x01"]
2023-02-17 18:38:38 DEBUG controller/handler.go:214 Transfer: req[command:1033 serial:28 content:"\n\x1f#GM:addItem(11,1);addItem(11,2)"]
2023-02-17 18:38:38 DEBUG grpc/client_conn.go:168 call rpc method[/Game/Transfer], id[20211208201649], service[game], server[game01], args[gameReq:{command:1033 serial:28 content:"\n\x1f#GM:addItem(11,1);addItem(11,2)"} uid:20211208201649 token:"ad993f5f-d579-5283-a404-c18c1f95e245" ctime:1676630037]
2023-02-17 18:38:38 DEBUG controller/handler.go:233 Transfer: resp[gameResp: {
  command: 1034
  serial: 28
  timestamp: 1676630318
  content: "\n\x1c\n\x0c\n\x04\x08\x0b\x10\x01\n\x04\x08\x0b\x10\x02\x12\x0c\x08\x12 x(\xae\xb2\xbd\x9f\x068\x01"
}
]
2023-02-17 18:38:38 DEBUG controller/handler.go:139 HandleClient: resp[command:1034 serial:28 timestamp:1676630318 content:"\n\x1c\n\x0c\n\x04\x08\x0b\x10\x01\n\x04\x08\x0b\x10\x02\x12\x0c\x08\x12 x(\xae\xb2\xbd\x9f\x068\x01"]
2023-02-17 18:38:42 DEBUG controller/handler.go:185 Connect: req[command:1001 serial:1 content:"\x10\xb1ˊϜ\xcc\x04"]
2023-02-17 18:38:42 DEBUG grpc/client_conn.go:168 call rpc method[/Game/Connect], id[0], service[game], server[], args[gameReq:{command:1001 serial:1 content:"\x10\xb1ˊϜ\xcc\x04"} token:"d9c29f30-a4a4-5e7f-be3d-01abd797c45e" server:"portal01" ctime:1676630322]
2023-02-17 18:38:42 DEBUG controller/handler.go:200 Connect: resp[gameResp: {
  command: 1002
  serial: 1
  timestamp: 1676630322
  content: "\x10\xb1ˊϜ\xcc\x04"
}
uid: 20211208201649
]
2023-02-17 18:38:42 DEBUG controller/handler.go:139 HandleClient: resp[command:1002 serial:1 timestamp:1676630322 content:"\x10\xb1ˊϜ\xcc\x04"]
2023-02-17 18:38:43 DEBUG controller/handler.go:214 Transfer: req[command:1033 serial:2 content:"\n\x1f#GM:addItem(11,1);addItem(11,2)"]
2023-02-17 18:38:43 DEBUG grpc/client_conn.go:168 call rpc method[/Game/Transfer], id[20211208201649], service[game], server[game01], args[gameReq:{command:1033 serial:2 content:"\n\x1f#GM:addItem(11,1);addItem(11,2)"} uid:20211208201649 token:"d9c29f30-a4a4-5e7f-be3d-01abd797c45e" ctime:1676630322]
2023-02-17 18:38:43 DEBUG controller/handler.go:233 Transfer: resp[gameResp: {
  command: 1034
  serial: 2
  timestamp: 1676630323
  content: "\n\x1c\n\x0c\n\x04\x08\x0b\x10\x01\n\x04\x08\x0b\x10\x02\x12\x0c\x08\x15 x(\xb3\xb2\xbd\x9f\x068\x01"
}
]
2023-02-17 18:38:43 DEBUG controller/handler.go:139 HandleClient: resp[command:1034 serial:2 timestamp:1676630323 content:"\n\x1c\n\x0c\n\x04\x08\x0b\x10\x01\n\x04\x08\x0b\x10\x02\x12\x0c\x08\x15 x(\xb3\xb2\xbd\x9f\x068\x01"]
2023-02-17 18:38:44 DEBUG controller/handler.go:214 Transfer: req[command:1033 serial:3 content:"\n\x1f#GM:addItem(11,1);addItem(11,2)"]
2023-02-17 18:38:44 DEBUG grpc/client_conn.go:168 call rpc method[/Game/Transfer], id[20211208201649], service[game], server[game01], args[gameReq:{command:1033 serial:3 content:"\n\x1f#GM:addItem(11,1);addItem(11,2)"} uid:20211208201649 token:"d9c29f30-a4a4-5e7f-be3d-01abd797c45e" ctime:1676630322]
2023-02-17 18:38:44 DEBUG controller/handler.go:233 Transfer: resp[gameResp: {
  command: 1034
  serial: 3
  timestamp: 1676630324
  content: "\n\x1c\n\x0c\n\x04\x08\x0b\x10\x01\n\x04\x08\x0b\x10\x02\x12\x0c\x08\x18 x(\xb4\xb2\xbd\x9f\x068\x01"
}
]
2023-02-17 18:38:44 DEBUG controller/handler.go:139 HandleClient: resp[command:1034 serial:3 timestamp:1676630324 content:"\n\x1c\n\x0c\n\x04\x08\x0b\x10\x01\n\x04\x08\x0b\x10\x02\x12\x0c\x08\x18 x(\xb4\xb2\xbd\x9f\x068\x01"]
2023-02-17 18:38:45 DEBUG controller/handler.go:214 Transfer: req[command:1033 serial:4 content:"\n\x1f#GM:addItem(11,1);addItem(11,2)"]
2023-02-17 18:38:45 DEBUG grpc/client_conn.go:168 call rpc method[/Game/Transfer], id[20211208201649], service[game], server[game01], args[gameReq:{command:1033 serial:4 content:"\n\x1f#GM:addItem(11,1);addItem(11,2)"} uid:20211208201649 token:"d9c29f30-a4a4-5e7f-be3d-01abd797c45e" ctime:1676630322]
2023-02-17 18:38:45 DEBUG controller/handler.go:233 Transfer: resp[gameResp: {
  command: 1034
  serial: 4
  timestamp: 1676630325
  content: "\n\x1c\n\x0c\n\x04\x08\x0b\x10\x01\n\x04\x08\x0b\x10\x02\x12\x0c\x08\x1b x(\xb5\xb2\xbd\x9f\x068\x01"
}
]
2023-02-17 18:38:45 DEBUG controller/handler.go:139 HandleClient: resp[command:1034 serial:4 timestamp:1676630325 content:"\n\x1c\n\x0c\n\x04\x08\x0b\x10\x01\n\x04\x08\x0b\x10\x02\x12\x0c\x08\x1b x(\xb5\xb2\xbd\x9f\x068\x01"]
2023-02-17 18:38:46 DEBUG controller/handler.go:214 Transfer: req[command:1033 serial:5 content:"\n\x1f#GM:addItem(11,1);addItem(11,2)"]
2023-02-17 18:38:46 DEBUG grpc/client_conn.go:168 call rpc method[/Game/Transfer], id[20211208201649], service[game], server[game01], args[gameReq:{command:1033 serial:5 content:"\n\x1f#GM:addItem(11,1);addItem(11,2)"} uid:20211208201649 token:"d9c29f30-a4a4-5e7f-be3d-01abd797c45e" ctime:1676630322]
2023-02-17 18:38:46 WARN grpc/client_conn.go:189 call rpc method[/Game/Transfer], id[20211208201649], service[game], server[game01], args[gameReq:{command:1033 serial:5 content:"\n\x1f#GM:addItem(11,1);addItem(11,2)"} uid:20211208201649 token:"d9c29f30-a4a4-5e7f-be3d-01abd797c45e" ctime:1676630322], error: rpc error: code = Unavailable desc = last connection error: connection error: desc = "transport: Error while dialing dial tcp 172.16.11.241:58724: connect: connection refused"
2023-02-17 18:38:46 DEBUG controller/handler.go:269 error: rpc error: code = Unavailable desc = last connection error: connection error: desc = "transport: Error while dialing dial tcp 172.16.11.241:58724: connect: connection refused"
2023-02-17 18:38:46 DEBUG controller/handler.go:139 HandleClient: resp[command:23 serial:5 timestamp:1676630326 content:"\x08\x0e"]
2023-02-17 18:38:47 INFO balancer/balancer.go:121 - service [game] unregister server [game01]
2023-02-17 18:38:47 INFO balancer/balancer.go:128 + service [game] register server [game01, 172.16.11.241:59139]
2023-02-17 18:38:47 INFO least_conn/least_conn.go:57 
--------- service [game] regenerate server ----------
          1. game01, 172.16.11.241:59139
---------------------------------------------------
2023-02-17 18:39:20 DEBUG controller/handler.go:185 Connect: req[command:1001 serial:1 content:"\x10\xb1ˊϜ\xcc\x04"]
2023-02-17 18:39:20 DEBUG grpc/client_conn.go:168 call rpc method[/Game/Connect], id[0], service[game], server[], args[gameReq:{command:1001 serial:1 content:"\x10\xb1ˊϜ\xcc\x04"} token:"1d003095-c257-5d0c-82b8-237286239681" server:"portal01" ctime:1676630360]
2023-02-17 18:39:24 DEBUG controller/handler.go:200 Connect: resp[gameResp: {
  command: 1002
  serial: 1
  timestamp: 1676630364
  content: "\x10\xb1ˊϜ\xcc\x04"
}
uid: 20211208201649
]
2023-02-17 18:39:24 DEBUG controller/handler.go:139 HandleClient: resp[command:1002 serial:1 timestamp:1676630364 content:"\x10\xb1ˊϜ\xcc\x04"]
2023-02-17 18:39:25 DEBUG controller/handler.go:214 Transfer: req[command:1033 serial:2 content:"\n\x1f#GM:addItem(11,1);addItem(11,2)"]
2023-02-17 18:39:25 DEBUG grpc/client_conn.go:168 call rpc method[/Game/Transfer], id[20211208201649], service[game], server[game01], args[gameReq:{command:1033 serial:2 content:"\n\x1f#GM:addItem(11,1);addItem(11,2)"} uid:20211208201649 token:"1d003095-c257-5d0c-82b8-237286239681" ctime:1676630360]
2023-02-17 18:39:25 DEBUG controller/handler.go:233 Transfer: resp[gameResp: {
  command: 1034
  serial: 2
  timestamp: 1676630365
  content: "\n\x1c\n\x0c\n\x04\x08\x0b\x10\x01\n\x04\x08\x0b\x10\x02\x12\x0c\x08\x03 x(ݲ\xbd\x9f\x068\x01"
}
]
2023-02-17 18:39:25 DEBUG controller/handler.go:139 HandleClient: resp[command:1034 serial:2 timestamp:1676630365 content:"\n\x1c\n\x0c\n\x04\x08\x0b\x10\x01\n\x04\x08\x0b\x10\x02\x12\x0c\x08\x03 x(ݲ\xbd\x9f\x068\x01"]
2023-02-17 18:39:26 DEBUG controller/handler.go:214 Transfer: req[command:1033 serial:3 content:"\n\x1f#GM:addItem(11,1);addItem(11,2)"]
2023-02-17 18:39:26 DEBUG grpc/client_conn.go:168 call rpc method[/Game/Transfer], id[20211208201649], service[game], server[game01], args[gameReq:{command:1033 serial:3 content:"\n\x1f#GM:addItem(11,1);addItem(11,2)"} uid:20211208201649 token:"1d003095-c257-5d0c-82b8-237286239681" ctime:1676630360]
2023-02-17 18:39:26 DEBUG controller/handler.go:233 Transfer: resp[gameResp: {
  command: 1034
  serial: 3
  timestamp: 1676630366
  content: "\n\x1c\n\x0c\n\x04\x08\x0b\x10\x01\n\x04\x08\x0b\x10\x02\x12\x0c\x08\x06 x(޲\xbd\x9f\x068\x01"
}
]
2023-02-17 18:39:26 DEBUG controller/handler.go:139 HandleClient: resp[command:1034 serial:3 timestamp:1676630366 content:"\n\x1c\n\x0c\n\x04\x08\x0b\x10\x01\n\x04\x08\x0b\x10\x02\x12\x0c\x08\x06 x(޲\xbd\x9f\x068\x01"]
2023-02-17 18:39:27 DEBUG controller/handler.go:214 Transfer: req[command:1033 serial:4 content:"\n\x1f#GM:addItem(11,1);addItem(11,2)"]
2023-02-17 18:39:27 DEBUG grpc/client_conn.go:168 call rpc method[/Game/Transfer], id[20211208201649], service[game], server[game01], args[gameReq:{command:1033 serial:4 content:"\n\x1f#GM:addItem(11,1);addItem(11,2)"} uid:20211208201649 token:"1d003095-c257-5d0c-82b8-237286239681" ctime:1676630360]
2023-02-17 18:39:27 DEBUG controller/handler.go:233 Transfer: resp[gameResp: {
  command: 1034
  serial: 4
  timestamp: 1676630367
  content: "\n\x1c\n\x0c\n\x04\x08\x0b\x10\x01\n\x04\x08\x0b\x10\x02\x12\x0c\x08\t x(߲\xbd\x9f\x068\x01"
}
]
2023-02-17 18:39:27 DEBUG controller/handler.go:139 HandleClient: resp[command:1034 serial:4 timestamp:1676630367 content:"\n\x1c\n\x0c\n\x04\x08\x0b\x10\x01\n\x04\x08\x0b\x10\x02\x12\x0c\x08\t x(߲\xbd\x9f\x068\x01"]
2023-02-17 18:39:28 DEBUG controller/handler.go:214 Transfer: req[command:1033 serial:5 content:"\n\x1f#GM:addItem(11,1);addItem(11,2)"]
2023-02-17 18:39:28 DEBUG grpc/client_conn.go:168 call rpc method[/Game/Transfer], id[20211208201649], service[game], server[game01], args[gameReq:{command:1033 serial:5 content:"\n\x1f#GM:addItem(11,1);addItem(11,2)"} uid:20211208201649 token:"1d003095-c257-5d0c-82b8-237286239681" ctime:1676630360]
2023-02-17 18:39:28 DEBUG controller/handler.go:233 Transfer: resp[gameResp: {
  command: 1034
  serial: 5
  timestamp: 1676630368
  content: "\n\x1c\n\x0c\n\x04\x08\x0b\x10\x01\n\x04\x08\x0b\x10\x02\x12\x0c\x08\x0c x(ಽ\x9f\x068\x01"
}
]
2023-02-17 18:39:28 DEBUG controller/handler.go:139 HandleClient: resp[command:1034 serial:5 timestamp:1676630368 content:"\n\x1c\n\x0c\n\x04\x08\x0b\x10\x01\n\x04\x08\x0b\x10\x02\x12\x0c\x08\x0c x(ಽ\x9f\x068\x01"]
2023-02-17 18:39:29 DEBUG controller/handler.go:214 Transfer: req[command:1033 serial:6 content:"\n\x1f#GM:addItem(11,1);addItem(11,2)"]
2023-02-17 18:39:29 DEBUG grpc/client_conn.go:168 call rpc method[/Game/Transfer], id[20211208201649], service[game], server[game01], args[gameReq:{command:1033 serial:6 content:"\n\x1f#GM:addItem(11,1);addItem(11,2)"} uid:20211208201649 token:"1d003095-c257-5d0c-82b8-237286239681" ctime:1676630360]
2023-02-17 18:39:29 DEBUG controller/handler.go:233 Transfer: resp[gameResp: {
  command: 1034
  serial: 6
  timestamp: 1676630369
  content: "\n\x1c\n\x0c\n\x04\x08\x0b\x10\x01\n\x04\x08\x0b\x10\x02\x12\x0c\x08\x0f x(Ჽ\x9f\x068\x01"
}
]
2023-02-17 18:39:29 DEBUG controller/handler.go:139 HandleClient: resp[command:1034 serial:6 timestamp:1676630369 content:"\n\x1c\n\x0c\n\x04\x08\x0b\x10\x01\n\x04\x08\x0b\x10\x02\x12\x0c\x08\x0f x(Ჽ\x9f\x068\x01"]
2023-02-17 18:39:30 DEBUG controller/handler.go:214 Transfer: req[command:1033 serial:7 content:"\n\x1f#GM:addItem(11,1);addItem(11,2)"]
2023-02-17 18:39:30 DEBUG grpc/client_conn.go:168 call rpc method[/Game/Transfer], id[20211208201649], service[game], server[game01], args[gameReq:{command:1033 serial:7 content:"\n\x1f#GM:addItem(11,1);addItem(11,2)"} uid:20211208201649 token:"1d003095-c257-5d0c-82b8-237286239681" ctime:1676630360]
2023-02-17 18:39:30 DEBUG controller/handler.go:233 Transfer: resp[gameResp: {
  command: 1034
  serial: 7
  timestamp: 1676630370
  content: "\n\x1c\n\x0c\n\x04\x08\x0b\x10\x01\n\x04\x08\x0b\x10\x02\x12\x0c\x08\x12 x(ⲽ\x9f\x068\x01"
}
]
2023-02-17 18:39:30 DEBUG controller/handler.go:139 HandleClient: resp[command:1034 serial:7 timestamp:1676630370 content:"\n\x1c\n\x0c\n\x04\x08\x0b\x10\x01\n\x04\x08\x0b\x10\x02\x12\x0c\x08\x12 x(ⲽ\x9f\x068\x01"]
2023-02-17 18:39:31 DEBUG controller/handler.go:214 Transfer: req[command:1033 serial:8 content:"\n\x1f#GM:addItem(11,1);addItem(11,2)"]
2023-02-17 18:39:31 DEBUG grpc/client_conn.go:168 call rpc method[/Game/Transfer], id[20211208201649], service[game], server[game01], args[gameReq:{command:1033 serial:8 content:"\n\x1f#GM:addItem(11,1);addItem(11,2)"} uid:20211208201649 token:"1d003095-c257-5d0c-82b8-237286239681" ctime:1676630360]
2023-02-17 18:39:31 DEBUG controller/handler.go:233 Transfer: resp[gameResp: {
  command: 1034
  serial: 8
  timestamp: 1676630371
  content: "\n\x1c\n\x0c\n\x04\x08\x0b\x10\x01\n\x04\x08\x0b\x10\x02\x12\x0c\x08\x15 x(㲽\x9f\x068\x01"
}
]
2023-02-17 18:39:31 DEBUG controller/handler.go:139 HandleClient: resp[command:1034 serial:8 timestamp:1676630371 content:"\n\x1c\n\x0c\n\x04\x08\x0b\x10\x01\n\x04\x08\x0b\x10\x02\x12\x0c\x08\x15 x(㲽\x9f\x068\x01"]
2023-02-17 18:39:32 DEBUG controller/handler.go:214 Transfer: req[command:1033 serial:9 content:"\n\x1f#GM:addItem(11,1);addItem(11,2)"]
2023-02-17 18:39:32 DEBUG grpc/client_conn.go:168 call rpc method[/Game/Transfer], id[20211208201649], service[game], server[game01], args[gameReq:{command:1033 serial:9 content:"\n\x1f#GM:addItem(11,1);addItem(11,2)"} uid:20211208201649 token:"1d003095-c257-5d0c-82b8-237286239681" ctime:1676630360]
2023-02-17 18:39:32 DEBUG controller/handler.go:233 Transfer: resp[gameResp: {
  command: 1034
  serial: 9
  timestamp: 1676630372
  content: "\n\x1c\n\x0c\n\x04\x08\x0b\x10\x01\n\x04\x08\x0b\x10\x02\x12\x0c\x08\x18 x(䲽\x9f\x068\x01"
}
]
2023-02-17 18:39:32 DEBUG controller/handler.go:139 HandleClient: resp[command:1034 serial:9 timestamp:1676630372 content:"\n\x1c\n\x0c\n\x04\x08\x0b\x10\x01\n\x04\x08\x0b\x10\x02\x12\x0c\x08\x18 x(䲽\x9f\x068\x01"]
2023-02-17 18:39:33 DEBUG controller/handler.go:214 Transfer: req[command:1033 serial:10 content:"\n\x1f#GM:addItem(11,1);addItem(11,2)"]
2023-02-17 18:39:33 DEBUG grpc/client_conn.go:168 call rpc method[/Game/Transfer], id[20211208201649], service[game], server[game01], args[gameReq:{command:1033 serial:10 content:"\n\x1f#GM:addItem(11,1);addItem(11,2)"} uid:20211208201649 token:"1d003095-c257-5d0c-82b8-237286239681" ctime:1676630360]
2023-02-17 18:39:33 DEBUG controller/handler.go:233 Transfer: resp[gameResp: {
  command: 1034
  serial: 10
  timestamp: 1676630373
  content: "\n\x1c\n\x0c\n\x04\x08\x0b\x10\x01\n\x04\x08\x0b\x10\x02\x12\x0c\x08\x1b x(岽\x9f\x068\x01"
}
]
2023-02-17 18:39:33 DEBUG controller/handler.go:139 HandleClient: resp[command:1034 serial:10 timestamp:1676630373 content:"\n\x1c\n\x0c\n\x04\x08\x0b\x10\x01\n\x04\x08\x0b\x10\x02\x12\x0c\x08\x1b x(岽\x9f\x068\x01"]
2023-02-17 18:39:34 DEBUG controller/handler.go:214 Transfer: req[command:1033 serial:11 content:"\n\x1f#GM:addItem(11,1);addItem(11,2)"]
2023-02-17 18:39:34 DEBUG grpc/client_conn.go:168 call rpc method[/Game/Transfer], id[20211208201649], service[game], server[game01], args[gameReq:{command:1033 serial:11 content:"\n\x1f#GM:addItem(11,1);addItem(11,2)"} uid:20211208201649 token:"1d003095-c257-5d0c-82b8-237286239681" ctime:1676630360]
2023-02-17 18:39:34 DEBUG controller/handler.go:233 Transfer: resp[gameResp: {
  command: 1034
  serial: 11
  timestamp: 1676630374
  content: "\n\x1c\n\x0c\n\x04\x08\x0b\x10\x01\n\x04\x08\x0b\x10\x02\x12\x0c\x08\x1e x(沽\x9f\x068\x01"
}
]
2023-02-17 18:39:34 DEBUG controller/handler.go:139 HandleClient: resp[command:1034 serial:11 timestamp:1676630374 content:"\n\x1c\n\x0c\n\x04\x08\x0b\x10\x01\n\x04\x08\x0b\x10\x02\x12\x0c\x08\x1e x(沽\x9f\x068\x01"]
2023-02-17 18:39:35 DEBUG controller/handler.go:214 Transfer: req[command:1033 serial:12 content:"\n\x1f#GM:addItem(11,1);addItem(11,2)"]
2023-02-17 18:39:35 DEBUG grpc/client_conn.go:168 call rpc method[/Game/Transfer], id[20211208201649], service[game], server[game01], args[gameReq:{command:1033 serial:12 content:"\n\x1f#GM:addItem(11,1);addItem(11,2)"} uid:20211208201649 token:"1d003095-c257-5d0c-82b8-237286239681" ctime:1676630360]
2023-02-17 18:39:35 DEBUG controller/handler.go:233 Transfer: resp[gameResp: {
  command: 1034
  serial: 12
  timestamp: 1676630375
  content: "\n\x1c\n\x0c\n\x04\x08\x0b\x10\x01\n\x04\x08\x0b\x10\x02\x12\x0c\x08! x(粽\x9f\x068\x01"
}
]
2023-02-17 18:39:35 DEBUG controller/handler.go:139 HandleClient: resp[command:1034 serial:12 timestamp:1676630375 content:"\n\x1c\n\x0c\n\x04\x08\x0b\x10\x01\n\x04\x08\x0b\x10\x02\x12\x0c\x08! x(粽\x9f\x068\x01"]
2023-02-17 18:39:36 DEBUG controller/handler.go:214 Transfer: req[command:1033 serial:13 content:"\n\x1f#GM:addItem(11,1);addItem(11,2)"]
2023-02-17 18:39:36 DEBUG grpc/client_conn.go:168 call rpc method[/Game/Transfer], id[20211208201649], service[game], server[game01], args[gameReq:{command:1033 serial:13 content:"\n\x1f#GM:addItem(11,1);addItem(11,2)"} uid:20211208201649 token:"1d003095-c257-5d0c-82b8-237286239681" ctime:1676630360]
2023-02-17 18:39:36 DEBUG controller/handler.go:233 Transfer: resp[gameResp: {
  command: 1034
  serial: 13
  timestamp: 1676630376
  content: "\n\x1c\n\x0c\n\x04\x08\x0b\x10\x01\n\x04\x08\x0b\x10\x02\x12\x0c\x08$ x(貽\x9f\x068\x01"
}
]
2023-02-17 18:39:36 DEBUG controller/handler.go:139 HandleClient: resp[command:1034 serial:13 timestamp:1676630376 content:"\n\x1c\n\x0c\n\x04\x08\x0b\x10\x01\n\x04\x08\x0b\x10\x02\x12\x0c\x08$ x(貽\x9f\x068\x01"]
2023-02-17 18:39:37 DEBUG controller/handler.go:214 Transfer: req[command:1033 serial:14 content:"\n\x1f#GM:addItem(11,1);addItem(11,2)"]
2023-02-17 18:39:37 DEBUG grpc/client_conn.go:168 call rpc method[/Game/Transfer], id[20211208201649], service[game], server[game01], args[gameReq:{command:1033 serial:14 content:"\n\x1f#GM:addItem(11,1);addItem(11,2)"} uid:20211208201649 token:"1d003095-c257-5d0c-82b8-237286239681" ctime:1676630360]
2023-02-17 18:39:37 DEBUG controller/handler.go:233 Transfer: resp[gameResp: {
  command: 1034
  serial: 14
  timestamp: 1676630377
  content: "\n\x1c\n\x0c\n\x04\x08\x0b\x10\x01\n\x04\x08\x0b\x10\x02\x12\x0c\x08' x(鲽\x9f\x068\x01"
}
]
2023-02-17 18:39:37 DEBUG controller/handler.go:139 HandleClient: resp[command:1034 serial:14 timestamp:1676630377 content:"\n\x1c\n\x0c\n\x04\x08\x0b\x10\x01\n\x04\x08\x0b\x10\x02\x12\x0c\x08' x(鲽\x9f\x068\x01"]
2023-02-17 18:39:38 DEBUG controller/handler.go:214 Transfer: req[command:1033 serial:15 content:"\n\x1f#GM:addItem(11,1);addItem(11,2)"]
2023-02-17 18:39:38 DEBUG grpc/client_conn.go:168 call rpc method[/Game/Transfer], id[20211208201649], service[game], server[game01], args[gameReq:{command:1033 serial:15 content:"\n\x1f#GM:addItem(11,1);addItem(11,2)"} uid:20211208201649 token:"1d003095-c257-5d0c-82b8-237286239681" ctime:1676630360]
2023-02-17 18:39:38 DEBUG controller/handler.go:233 Transfer: resp[gameResp: {
  command: 1034
  serial: 15
  timestamp: 1676630378
  content: "\n\x1c\n\x0c\n\x04\x08\x0b\x10\x01\n\x04\x08\x0b\x10\x02\x12\x0c\x08* x(경\x9f\x068\x01"
}
]
2023-02-17 18:39:38 DEBUG controller/handler.go:139 HandleClient: resp[command:1034 serial:15 timestamp:1676630378 content:"\n\x1c\n\x0c\n\x04\x08\x0b\x10\x01\n\x04\x08\x0b\x10\x02\x12\x0c\x08* x(경\x9f\x068\x01"]
2023-02-17 18:39:39 DEBUG controller/handler.go:214 Transfer: req[command:1033 serial:16 content:"\n\x1f#GM:addItem(11,1);addItem(11,2)"]
2023-02-17 18:39:39 DEBUG grpc/client_conn.go:168 call rpc method[/Game/Transfer], id[20211208201649], service[game], server[game01], args[gameReq:{command:1033 serial:16 content:"\n\x1f#GM:addItem(11,1);addItem(11,2)"} uid:20211208201649 token:"1d003095-c257-5d0c-82b8-237286239681" ctime:1676630360]
2023-02-17 18:39:39 DEBUG controller/handler.go:233 Transfer: resp[gameResp: {
  command: 1034
  serial: 16
  timestamp: 1676630379
  content: "\n\x1c\n\x0c\n\x04\x08\x0b\x10\x01\n\x04\x08\x0b\x10\x02\x12\x0c\x08- x(벽\x9f\x068\x01"
}
]
2023-02-17 18:39:39 DEBUG controller/handler.go:139 HandleClient: resp[command:1034 serial:16 timestamp:1676630379 content:"\n\x1c\n\x0c\n\x04\x08\x0b\x10\x01\n\x04\x08\x0b\x10\x02\x12\x0c\x08- x(벽\x9f\x068\x01"]
2023-02-17 18:39:40 DEBUG controller/handler.go:214 Transfer: req[command:1033 serial:17 content:"\n\x1f#GM:addItem(11,1);addItem(11,2)"]
2023-02-17 18:39:40 DEBUG grpc/client_conn.go:168 call rpc method[/Game/Transfer], id[20211208201649], service[game], server[game01], args[gameReq:{command:1033 serial:17 content:"\n\x1f#GM:addItem(11,1);addItem(11,2)"} uid:20211208201649 token:"1d003095-c257-5d0c-82b8-237286239681" ctime:1676630360]
2023-02-17 18:39:40 DEBUG controller/handler.go:233 Transfer: resp[gameResp: {
  command: 1034
  serial: 17
  timestamp: 1676630380
  content: "\n\x1c\n\x0c\n\x04\x08\x0b\x10\x01\n\x04\x08\x0b\x10\x02\x12\x0c\x080 x(첽\x9f\x068\x01"
}
]
2023-02-17 18:39:40 DEBUG controller/handler.go:139 HandleClient: resp[command:1034 serial:17 timestamp:1676630380 content:"\n\x1c\n\x0c\n\x04\x08\x0b\x10\x01\n\x04\x08\x0b\x10\x02\x12\x0c\x080 x(첽\x9f\x068\x01"]
2023-02-17 18:39:41 DEBUG controller/handler.go:214 Transfer: req[command:1033 serial:18 content:"\n\x1f#GM:addItem(11,1);addItem(11,2)"]
2023-02-17 18:39:41 DEBUG grpc/client_conn.go:168 call rpc method[/Game/Transfer], id[20211208201649], service[game], server[game01], args[gameReq:{command:1033 serial:18 content:"\n\x1f#GM:addItem(11,1);addItem(11,2)"} uid:20211208201649 token:"1d003095-c257-5d0c-82b8-237286239681" ctime:1676630360]
2023-02-17 18:39:41 DEBUG controller/handler.go:233 Transfer: resp[gameResp: {
  command: 1034
  serial: 18
  timestamp: 1676630381
  content: "\n\x1c\n\x0c\n\x04\x08\x0b\x10\x01\n\x04\x08\x0b\x10\x02\x12\x0c\x083 x(\xed\xb2\xbd\x9f\x068\x01"
}
]
2023-02-17 18:39:41 DEBUG controller/handler.go:139 HandleClient: resp[command:1034 serial:18 timestamp:1676630381 content:"\n\x1c\n\x0c\n\x04\x08\x0b\x10\x01\n\x04\x08\x0b\x10\x02\x12\x0c\x083 x(\xed\xb2\xbd\x9f\x068\x01"]
2023-02-17 18:39:42 DEBUG controller/handler.go:214 Transfer: req[command:1033 serial:19 content:"\n\x1f#GM:addItem(11,1);addItem(11,2)"]
2023-02-17 18:39:42 DEBUG grpc/client_conn.go:168 call rpc method[/Game/Transfer], id[20211208201649], service[game], server[game01], args[gameReq:{command:1033 serial:19 content:"\n\x1f#GM:addItem(11,1);addItem(11,2)"} uid:20211208201649 token:"1d003095-c257-5d0c-82b8-237286239681" ctime:1676630360]
2023-02-17 18:39:42 DEBUG controller/handler.go:233 Transfer: resp[gameResp: {
  command: 1034
  serial: 19
  timestamp: 1676630382
  content: "\n\x1c\n\x0c\n\x04\x08\x0b\x10\x01\n\x04\x08\x0b\x10\x02\x12\x0c\x086 x(\x9f\x068\x01"
}
]
2023-02-17 18:39:42 DEBUG controller/handler.go:139 HandleClient: resp[command:1034 serial:19 timestamp:1676630382 content:"\n\x1c\n\x0c\n\x04\x08\x0b\x10\x01\n\x04\x08\x0b\x10\x02\x12\x0c\x086 x(\x9f\x068\x01"]
2023-02-17 18:39:43 DEBUG controller/handler.go:214 Transfer: req[command:1033 serial:20 content:"\n\x1f#GM:addItem(11,1);addItem(11,2)"]
2023-02-17 18:39:43 DEBUG grpc/client_conn.go:168 call rpc method[/Game/Transfer], id[20211208201649], service[game], server[game01], args[gameReq:{command:1033 serial:20 content:"\n\x1f#GM:addItem(11,1);addItem(11,2)"} uid:20211208201649 token:"1d003095-c257-5d0c-82b8-237286239681" ctime:1676630360]
2023-02-17 18:39:43 WARN grpc/client_conn.go:189 call rpc method[/Game/Transfer], id[20211208201649], service[game], server[game01], args[gameReq:{command:1033 serial:20 content:"\n\x1f#GM:addItem(11,1);addItem(11,2)"} uid:20211208201649 token:"1d003095-c257-5d0c-82b8-237286239681" ctime:1676630360], error: rpc error: code = Unavailable desc = last connection error: connection error: desc = "transport: Error while dialing dial tcp 172.16.11.241:59139: connect: connection refused"
2023-02-17 18:39:43 DEBUG controller/handler.go:269 error: rpc error: code = Unavailable desc = last connection error: connection error: desc = "transport: Error while dialing dial tcp 172.16.11.241:59139: connect: connection refused"
2023-02-17 18:39:43 DEBUG controller/handler.go:139 HandleClient: resp[command:23 serial:20 timestamp:1676630383 content:"\x08\x0e"]
2023-02-17 18:39:45 INFO balancer/balancer.go:121 - service [game] unregister server [game01]
2023-02-17 18:39:45 INFO balancer/balancer.go:128 + service [game] register server [game01, 172.16.11.241:59719]
2023-02-17 18:39:45 INFO least_conn/least_conn.go:57 
--------- service [game] regenerate server ----------
          1. game01, 172.16.11.241:59719
---------------------------------------------------
2023-02-17 18:42:12 DEBUG controller/handler.go:185 Connect: req[command:1001 serial:1 content:"\x10\xb1ˊϜ\xcc\x04"]
2023-02-17 18:42:12 DEBUG grpc/client_conn.go:168 call rpc method[/Game/Connect], id[0], service[game], server[], args[gameReq:{command:1001 serial:1 content:"\x10\xb1ˊϜ\xcc\x04"} token:"5077e2d7-86b2-51ed-9297-384703cb7e9c" server:"portal01" ctime:1676630532]
2023-02-17 18:42:22 DEBUG controller/handler.go:200 Connect: resp[gameResp: {
  command: 1002
  serial: 1
  timestamp: 1676630542
  content: "\x10\xb1ˊϜ\xcc\x04"
}
uid: 20211208201649
]
2023-02-17 18:42:22 DEBUG controller/handler.go:139 HandleClient: resp[command:1002 serial:1 timestamp:1676630542 content:"\x10\xb1ˊϜ\xcc\x04"]
2023-02-17 18:42:23 DEBUG controller/handler.go:214 Transfer: req[command:1033 serial:2 content:"\n\x1f#GM:addItem(11,1);addItem(11,2)"]
2023-02-17 18:42:23 DEBUG grpc/client_conn.go:168 call rpc method[/Game/Transfer], id[20211208201649], service[game], server[game01], args[gameReq:{command:1033 serial:2 content:"\n\x1f#GM:addItem(11,1);addItem(11,2)"} uid:20211208201649 token:"5077e2d7-86b2-51ed-9297-384703cb7e9c" ctime:1676630532]
2023-02-17 18:42:25 DEBUG controller/handler.go:233 Transfer: resp[gameResp: {
  command: 1034
  serial: 2
  timestamp: 1676630545
  content: "\n\x1c\n\x0c\n\x04\x08\x0b\x10\x01\n\x04\x08\x0b\x10\x02\x12\x0c\x08\x03 x(\x91\xb4\xbd\x9f\x068\x01"
}
]
2023-02-17 18:42:25 DEBUG controller/handler.go:139 HandleClient: resp[command:1034 serial:2 timestamp:1676630545 content:"\n\x1c\n\x0c\n\x04\x08\x0b\x10\x01\n\x04\x08\x0b\x10\x02\x12\x0c\x08\x03 x(\x91\xb4\xbd\x9f\x068\x01"]
2023-02-17 18:42:26 DEBUG controller/handler.go:214 Transfer: req[command:1033 serial:3 content:"\n\x1f#GM:addItem(11,1);addItem(11,2)"]
2023-02-17 18:42:26 DEBUG grpc/client_conn.go:168 call rpc method[/Game/Transfer], id[20211208201649], service[game], server[game01], args[gameReq:{command:1033 serial:3 content:"\n\x1f#GM:addItem(11,1);addItem(11,2)"} uid:20211208201649 token:"5077e2d7-86b2-51ed-9297-384703cb7e9c" ctime:1676630532]
2023-02-17 18:42:27 DEBUG controller/handler.go:233 Transfer: resp[gameResp: {
  command: 1034
  serial: 3
  timestamp: 1676630547
  content: "\n\x1c\n\x0c\n\x04\x08\x0b\x10\x01\n\x04\x08\x0b\x10\x02\x12\x0c\x08\x06 x(\x93\xb4\xbd\x9f\x068\x01"
}
]
2023-02-17 18:42:27 DEBUG controller/handler.go:139 HandleClient: resp[command:1034 serial:3 timestamp:1676630547 content:"\n\x1c\n\x0c\n\x04\x08\x0b\x10\x01\n\x04\x08\x0b\x10\x02\x12\x0c\x08\x06 x(\x93\xb4\xbd\x9f\x068\x01"]
2023-02-17 18:42:28 DEBUG controller/handler.go:214 Transfer: req[command:1033 serial:4 content:"\n\x1f#GM:addItem(11,1);addItem(11,2)"]
2023-02-17 18:42:28 DEBUG grpc/client_conn.go:168 call rpc method[/Game/Transfer], id[20211208201649], service[game], server[game01], args[gameReq:{command:1033 serial:4 content:"\n\x1f#GM:addItem(11,1);addItem(11,2)"} uid:20211208201649 token:"5077e2d7-86b2-51ed-9297-384703cb7e9c" ctime:1676630532]
2023-02-17 18:42:30 WARN grpc/client_conn.go:189 call rpc method[/Game/Transfer], id[20211208201649], service[game], server[game01], args[gameReq:{command:1033 serial:4 content:"\n\x1f#GM:addItem(11,1);addItem(11,2)"} uid:20211208201649 token:"5077e2d7-86b2-51ed-9297-384703cb7e9c" ctime:1676630532], error: rpc error: code = Unavailable desc = error reading from server: EOF
2023-02-17 18:42:30 DEBUG controller/handler.go:269 error: rpc error: code = Unavailable desc = error reading from server: EOF
2023-02-17 18:42:30 DEBUG controller/handler.go:139 HandleClient: resp[command:23 serial:4 timestamp:1676630550 content:"\x08\x0e"]
2023-02-17 18:42:32 INFO balancer/balancer.go:121 - service [game] unregister server [game01]
2023-02-17 18:42:32 INFO balancer/balancer.go:128 + service [game] register server [game01, 172.16.11.241:60570]
2023-02-17 18:42:32 INFO least_conn/least_conn.go:57 
--------- service [game] regenerate server ----------
          1. game01, 172.16.11.241:60570
---------------------------------------------------
2023-02-17 18:43:29 DEBUG controller/handler.go:185 Connect: req[command:1001 serial:1 content:"\x10\xb1ˊϜ\xcc\x04"]
2023-02-17 18:43:29 DEBUG grpc/client_conn.go:168 call rpc method[/Game/Connect], id[0], service[game], server[], args[gameReq:{command:1001 serial:1 content:"\x10\xb1ˊϜ\xcc\x04"} token:"14132ab4-afed-5440-ba4d-bd40c02e7157" server:"portal01" ctime:1676630609]
2023-02-17 18:43:34 DEBUG controller/handler.go:200 Connect: resp[gameResp: {
  command: 1002
  serial: 1
  timestamp: 1676630614
  content: "\x10\xb1ˊϜ\xcc\x04"
}
uid: 20211208201649
]
2023-02-17 18:43:34 DEBUG controller/handler.go:139 HandleClient: resp[command:1002 serial:1 timestamp:1676630614 content:"\x10\xb1ˊϜ\xcc\x04"]
2023-02-17 18:43:35 DEBUG controller/handler.go:214 Transfer: req[command:1033 serial:2 content:"\n\x1f#GM:addItem(11,1);addItem(11,2)"]
2023-02-17 18:43:35 DEBUG grpc/client_conn.go:168 call rpc method[/Game/Transfer], id[20211208201649], service[game], server[game01], args[gameReq:{command:1033 serial:2 content:"\n\x1f#GM:addItem(11,1);addItem(11,2)"} uid:20211208201649 token:"14132ab4-afed-5440-ba4d-bd40c02e7157" ctime:1676630609]
2023-02-17 18:43:37 DEBUG controller/handler.go:233 Transfer: resp[gameResp: {
  command: 1034
  serial: 2
  timestamp: 1676630617
  content: "\n\x1c\n\x0c\n\x04\x08\x0b\x10\x01\n\x04\x08\x0b\x10\x02\x12\x0c\x08\x03 x(ٴ\xbd\x9f\x068\x01"
}
]
2023-02-17 18:43:37 DEBUG controller/handler.go:139 HandleClient: resp[command:1034 serial:2 timestamp:1676630617 content:"\n\x1c\n\x0c\n\x04\x08\x0b\x10\x01\n\x04\x08\x0b\x10\x02\x12\x0c\x08\x03 x(ٴ\xbd\x9f\x068\x01"]
2023-02-17 18:43:38 DEBUG controller/handler.go:214 Transfer: req[command:1033 serial:3 content:"\n\x1f#GM:addItem(11,1);addItem(11,2)"]
2023-02-17 18:43:38 DEBUG grpc/client_conn.go:168 call rpc method[/Game/Transfer], id[20211208201649], service[game], server[game01], args[gameReq:{command:1033 serial:3 content:"\n\x1f#GM:addItem(11,1);addItem(11,2)"} uid:20211208201649 token:"14132ab4-afed-5440-ba4d-bd40c02e7157" ctime:1676630609]
2023-02-17 18:43:41 DEBUG controller/handler.go:233 Transfer: resp[gameResp: {
  command: 1034
  serial: 3
  timestamp: 1676630621
  content: "\n\x1c\n\x0c\n\x04\x08\x0b\x10\x01\n\x04\x08\x0b\x10\x02\x12\x0c\x08\x06 x(ݴ\xbd\x9f\x068\x01"
}
]
2023-02-17 18:43:41 DEBUG controller/handler.go:139 HandleClient: resp[command:1034 serial:3 timestamp:1676630621 content:"\n\x1c\n\x0c\n\x04\x08\x0b\x10\x01\n\x04\x08\x0b\x10\x02\x12\x0c\x08\x06 x(ݴ\xbd\x9f\x068\x01"]
2023-02-17 18:43:42 DEBUG controller/handler.go:214 Transfer: req[command:1033 serial:4 content:"\n\x1f#GM:addItem(11,1);addItem(11,2)"]
2023-02-17 18:43:42 DEBUG grpc/client_conn.go:168 call rpc method[/Game/Transfer], id[20211208201649], service[game], server[game01], args[gameReq:{command:1033 serial:4 content:"\n\x1f#GM:addItem(11,1);addItem(11,2)"} uid:20211208201649 token:"14132ab4-afed-5440-ba4d-bd40c02e7157" ctime:1676630609]
2023-02-17 18:43:44 DEBUG controller/handler.go:233 Transfer: resp[gameResp: {
  command: 1034
  serial: 4
  timestamp: 1676630624
  content: "\n\x1c\n\x0c\n\x04\x08\x0b\x10\x01\n\x04\x08\x0b\x10\x02\x12\x0c\x08\t x(ഽ\x9f\x068\x01"
}
]
2023-02-17 18:43:44 DEBUG controller/handler.go:139 HandleClient: resp[command:1034 serial:4 timestamp:1676630624 content:"\n\x1c\n\x0c\n\x04\x08\x0b\x10\x01\n\x04\x08\x0b\x10\x02\x12\x0c\x08\t x(ഽ\x9f\x068\x01"]
2023-02-17 18:43:45 DEBUG controller/handler.go:214 Transfer: req[command:1033 serial:5 content:"\n\x1f#GM:addItem(11,1);addItem(11,2)"]
2023-02-17 18:43:45 DEBUG grpc/client_conn.go:168 call rpc method[/Game/Transfer], id[20211208201649], service[game], server[game01], args[gameReq:{command:1033 serial:5 content:"\n\x1f#GM:addItem(11,1);addItem(11,2)"} uid:20211208201649 token:"14132ab4-afed-5440-ba4d-bd40c02e7157" ctime:1676630609]
2023-02-17 18:43:48 DEBUG controller/handler.go:233 Transfer: resp[gameResp: {
  command: 1034
  serial: 5
  timestamp: 1676630628
  content: "\n\x1c\n\x0c\n\x04\x08\x0b\x10\x01\n\x04\x08\x0b\x10\x02\x12\x0c\x08\x0c x(䴽\x9f\x068\x01"
}
]
2023-02-17 18:43:48 DEBUG controller/handler.go:139 HandleClient: resp[command:1034 serial:5 timestamp:1676630628 content:"\n\x1c\n\x0c\n\x04\x08\x0b\x10\x01\n\x04\x08\x0b\x10\x02\x12\x0c\x08\x0c x(䴽\x9f\x068\x01"]
2023-02-17 18:43:49 DEBUG controller/handler.go:214 Transfer: req[command:1033 serial:6 content:"\n\x1f#GM:addItem(11,1);addItem(11,2)"]
2023-02-17 18:43:49 DEBUG grpc/client_conn.go:168 call rpc method[/Game/Transfer], id[20211208201649], service[game], server[game01], args[gameReq:{command:1033 serial:6 content:"\n\x1f#GM:addItem(11,1);addItem(11,2)"} uid:20211208201649 token:"14132ab4-afed-5440-ba4d-bd40c02e7157" ctime:1676630609]
2023-02-17 18:43:50 DEBUG controller/handler.go:233 Transfer: resp[gameResp: {
  command: 1034
  serial: 6
  timestamp: 1676630630
  content: "\n\x1c\n\x0c\n\x04\x08\x0b\x10\x01\n\x04\x08\x0b\x10\x02\x12\x0c\x08\x0f x(洽\x9f\x068\x01"
}
]
2023-02-17 18:43:50 DEBUG controller/handler.go:139 HandleClient: resp[command:1034 serial:6 timestamp:1676630630 content:"\n\x1c\n\x0c\n\x04\x08\x0b\x10\x01\n\x04\x08\x0b\x10\x02\x12\x0c\x08\x0f x(洽\x9f\x068\x01"]
2023-02-17 18:43:51 DEBUG controller/handler.go:214 Transfer: req[command:1033 serial:7 content:"\n\x1f#GM:addItem(11,1);addItem(11,2)"]
2023-02-17 18:43:51 DEBUG grpc/client_conn.go:168 call rpc method[/Game/Transfer], id[20211208201649], service[game], server[game01], args[gameReq:{command:1033 serial:7 content:"\n\x1f#GM:addItem(11,1);addItem(11,2)"} uid:20211208201649 token:"14132ab4-afed-5440-ba4d-bd40c02e7157" ctime:1676630609]
2023-02-17 18:43:51 WARN grpc/client_conn.go:189 call rpc method[/Game/Transfer], id[20211208201649], service[game], server[game01], args[gameReq:{command:1033 serial:7 content:"\n\x1f#GM:addItem(11,1);addItem(11,2)"} uid:20211208201649 token:"14132ab4-afed-5440-ba4d-bd40c02e7157" ctime:1676630609], error: rpc error: code = Unavailable desc = last connection error: connection error: desc = "transport: Error while dialing dial tcp 172.16.11.241:60570: connect: connection refused"
2023-02-17 18:43:51 DEBUG controller/handler.go:269 error: rpc error: code = Unavailable desc = last connection error: connection error: desc = "transport: Error while dialing dial tcp 172.16.11.241:60570: connect: connection refused"
2023-02-17 18:43:51 DEBUG controller/handler.go:139 HandleClient: resp[command:23 serial:7 timestamp:1676630631 content:"\x08\x0e"]
2023-02-17 18:43:54 INFO balancer/balancer.go:121 - service [game] unregister server [game01]
2023-02-17 18:43:54 INFO balancer/balancer.go:128 + service [game] register server [game01, 172.16.11.241:60953]
2023-02-17 18:43:54 INFO least_conn/least_conn.go:57 
--------- service [game] regenerate server ----------
          1. game01, 172.16.11.241:60953
---------------------------------------------------
2023-02-17 18:45:51 DEBUG controller/handler.go:185 Connect: req[command:1001 serial:1 content:"\x10\xb1ˊϜ\xcc\x04"]
2023-02-17 18:45:51 DEBUG grpc/client_conn.go:168 call rpc method[/Game/Connect], id[0], service[game], server[], args[gameReq:{command:1001 serial:1 content:"\x10\xb1ˊϜ\xcc\x04"} token:"e828bcde-57bb-57cd-91d4-b29034612567" server:"portal01" ctime:1676630751]
2023-02-17 18:45:58 DEBUG controller/handler.go:200 Connect: resp[gameResp: {
  command: 1002
  serial: 1
  timestamp: 1676630758
  content: "\x10\xb1ˊϜ\xcc\x04"
}
uid: 20211208201649
]
2023-02-17 18:45:58 DEBUG controller/handler.go:139 HandleClient: resp[command:1002 serial:1 timestamp:1676630758 content:"\x10\xb1ˊϜ\xcc\x04"]
2023-02-17 18:45:59 DEBUG controller/handler.go:214 Transfer: req[command:1033 serial:2 content:"\n\x1f#GM:addItem(11,1);addItem(11,2)"]
2023-02-17 18:45:59 DEBUG grpc/client_conn.go:168 call rpc method[/Game/Transfer], id[20211208201649], service[game], server[game01], args[gameReq:{command:1033 serial:2 content:"\n\x1f#GM:addItem(11,1);addItem(11,2)"} uid:20211208201649 token:"e828bcde-57bb-57cd-91d4-b29034612567" ctime:1676630751]
2023-02-17 18:46:06 DEBUG controller/handler.go:233 Transfer: resp[gameResp: {
  command: 1034
  serial: 2
  timestamp: 1676630761
  content: "\n\x1c\n\x0c\n\x04\x08\x0b\x10\x01\n\x04\x08\x0b\x10\x02\x12\x0c\x08\x03 x(鵽\x9f\x068\x01"
}
]
2023-02-17 18:46:06 DEBUG controller/handler.go:139 HandleClient: resp[command:1034 serial:2 timestamp:1676630761 content:"\n\x1c\n\x0c\n\x04\x08\x0b\x10\x01\n\x04\x08\x0b\x10\x02\x12\x0c\x08\x03 x(鵽\x9f\x068\x01"]
2023-02-17 18:46:07 DEBUG controller/handler.go:214 Transfer: req[command:1033 serial:3 content:"\n\x1f#GM:addItem(11,1);addItem(11,2)"]
2023-02-17 18:46:07 DEBUG grpc/client_conn.go:168 call rpc method[/Game/Transfer], id[20211208201649], service[game], server[game01], args[gameReq:{command:1033 serial:3 content:"\n\x1f#GM:addItem(11,1);addItem(11,2)"} uid:20211208201649 token:"e828bcde-57bb-57cd-91d4-b29034612567" ctime:1676630751]
2023-02-17 18:46:20 DEBUG controller/handler.go:233 Transfer: resp[gameResp: {
  command: 1034
  serial: 3
  timestamp: 1676630770
  content: "\n\x1c\n\x0c\n\x04\x08\x0b\x10\x01\n\x04\x08\x0b\x10\x02\x12\x0c\x08\x06 x(򵽟\x068\x01"
}
]
2023-02-17 18:46:20 INFO balancer/balancer.go:121 - service [game] unregister server [game01]
2023-02-17 18:46:20 DEBUG controller/handler.go:139 HandleClient: resp[command:1034 serial:3 timestamp:1676630770 content:"\n\x1c\n\x0c\n\x04\x08\x0b\x10\x01\n\x04\x08\x0b\x10\x02\x12\x0c\x08\x06 x(򵽟\x068\x01"]
2023-02-17 18:46:20 INFO balancer/balancer.go:128 + service [game] register server [game01, 172.16.11.241:61570]
2023-02-17 18:46:20 INFO least_conn/least_conn.go:57 
--------- service [game] regenerate server ----------
          1. game01, 172.16.11.241:61570
---------------------------------------------------
2023-02-17 18:46:21 DEBUG controller/handler.go:214 Transfer: req[command:1033 serial:4 content:"\n\x1f#GM:addItem(11,1);addItem(11,2)"]
2023-02-17 18:46:21 DEBUG grpc/client_conn.go:168 call rpc method[/Game/Transfer], id[20211208201649], service[game], server[game01], args[gameReq:{command:1033 serial:4 content:"\n\x1f#GM:addItem(11,1);addItem(11,2)"} uid:20211208201649 token:"e828bcde-57bb-57cd-91d4-b29034612567" ctime:1676630751]
2023-02-17 18:46:31 WARN grpc/client_conn.go:189 call rpc method[/Game/Transfer], id[20211208201649], service[game], server[game01], args[gameReq:{command:1033 serial:4 content:"\n\x1f#GM:addItem(11,1);addItem(11,2)"} uid:20211208201649 token:"e828bcde-57bb-57cd-91d4-b29034612567" ctime:1676630751], error: rpc error: code = DeadlineExceeded desc = context deadline exceeded
2023-02-17 18:46:31 DEBUG controller/handler.go:269 error: rpc error: code = DeadlineExceeded desc = context deadline exceeded
2023-02-17 18:46:31 DEBUG controller/handler.go:139 HandleClient: resp[command:23 serial:4 timestamp:1676630791 content:"\x08\x04"]
2023-02-17 18:49:54 DEBUG controller/handler.go:185 Connect: req[command:1001 serial:1 content:"\x10\xb1ˊϜ\xcc\x04"]
2023-02-17 18:49:54 DEBUG grpc/client_conn.go:168 call rpc method[/Game/Connect], id[0], service[game], server[], args[gameReq:{command:1001 serial:1 content:"\x10\xb1ˊϜ\xcc\x04"} token:"509fbe54-900f-5ff8-95cf-e827bee33117" server:"portal01" ctime:1676630994]
2023-02-17 18:49:54 DEBUG controller/handler.go:200 Connect: resp[gameResp: {
  command: 1002
  serial: 1
  timestamp: 1676630994
  content: "\x10\xb1ˊϜ\xcc\x04"
}
uid: 20211208201649
]
2023-02-17 18:49:54 DEBUG controller/handler.go:139 HandleClient: resp[command:1002 serial:1 timestamp:1676630994 content:"\x10\xb1ˊϜ\xcc\x04"]
2023-02-17 18:49:55 DEBUG controller/handler.go:214 Transfer: req[command:1033 serial:2 content:"\n\x1f#GM:addItem(11,1);addItem(11,2)"]
2023-02-17 18:49:55 DEBUG grpc/client_conn.go:168 call rpc method[/Game/Transfer], id[20211208201649], service[game], server[game01], args[gameReq:{command:1033 serial:2 content:"\n\x1f#GM:addItem(11,1);addItem(11,2)"} uid:20211208201649 token:"509fbe54-900f-5ff8-95cf-e827bee33117" ctime:1676630994]
2023-02-17 18:49:59 DEBUG controller/handler.go:233 Transfer: resp[gameResp: {
  command: 1034
  serial: 2
  timestamp: 1676630998
  content: "\n\x1c\n\x0c\n\x04\x08\x0b\x10\x01\n\x04\x08\x0b\x10\x02\x12\x0c\x08\x06 x(ַ\xbd\x9f\x068\x01"
}
]
2023-02-17 18:49:59 DEBUG controller/handler.go:139 HandleClient: resp[command:1034 serial:2 timestamp:1676630998 content:"\n\x1c\n\x0c\n\x04\x08\x0b\x10\x01\n\x04\x08\x0b\x10\x02\x12\x0c\x08\x06 x(ַ\xbd\x9f\x068\x01"]
2023-02-17 18:50:00 DEBUG controller/handler.go:214 Transfer: req[command:1033 serial:3 content:"\n\x1f#GM:addItem(11,1);addItem(11,2)"]
2023-02-17 18:50:00 DEBUG grpc/client_conn.go:168 call rpc method[/Game/Transfer], id[20211208201649], service[game], server[game01], args[gameReq:{command:1033 serial:3 content:"\n\x1f#GM:addItem(11,1);addItem(11,2)"} uid:20211208201649 token:"509fbe54-900f-5ff8-95cf-e827bee33117" ctime:1676630994]
2023-02-17 18:50:04 DEBUG controller/handler.go:233 Transfer: resp[gameResp: {
  command: 1034
  serial: 3
  timestamp: 1676631003
  content: "\n\x1c\n\x0c\n\x04\x08\x0b\x10\x01\n\x04\x08\x0b\x10\x02\x12\x0c\x08\t x(۷\xbd\x9f\x068\x01"
}
]
2023-02-17 18:50:04 DEBUG controller/handler.go:139 HandleClient: resp[command:1034 serial:3 timestamp:1676631003 content:"\n\x1c\n\x0c\n\x04\x08\x0b\x10\x01\n\x04\x08\x0b\x10\x02\x12\x0c\x08\t x(۷\xbd\x9f\x068\x01"]
2023-02-17 18:50:05 DEBUG controller/handler.go:214 Transfer: req[command:1033 serial:4 content:"\n\x1f#GM:addItem(11,1);addItem(11,2)"]
2023-02-17 18:50:05 DEBUG grpc/client_conn.go:168 call rpc method[/Game/Transfer], id[20211208201649], service[game], server[game01], args[gameReq:{command:1033 serial:4 content:"\n\x1f#GM:addItem(11,1);addItem(11,2)"} uid:20211208201649 token:"509fbe54-900f-5ff8-95cf-e827bee33117" ctime:1676630994]
2023-02-17 18:50:08 DEBUG controller/handler.go:233 Transfer: resp[gameResp: {
  command: 1034
  serial: 4
  timestamp: 1676631007
  content: "\n\x1c\n\x0c\n\x04\x08\x0b\x10\x01\n\x04\x08\x0b\x10\x02\x12\x0c\x08\x0c x(߷\xbd\x9f\x068\x01"
}
]
2023-02-17 18:50:08 DEBUG controller/handler.go:139 HandleClient: resp[command:1034 serial:4 timestamp:1676631007 content:"\n\x1c\n\x0c\n\x04\x08\x0b\x10\x01\n\x04\x08\x0b\x10\x02\x12\x0c\x08\x0c x(߷\xbd\x9f\x068\x01"]
2023-02-17 18:50:09 DEBUG controller/handler.go:214 Transfer: req[command:1033 serial:5 content:"\n\x1f#GM:addItem(11,1);addItem(11,2)"]
2023-02-17 18:50:09 DEBUG grpc/client_conn.go:168 call rpc method[/Game/Transfer], id[20211208201649], service[game], server[game01], args[gameReq:{command:1033 serial:5 content:"\n\x1f#GM:addItem(11,1);addItem(11,2)"} uid:20211208201649 token:"509fbe54-900f-5ff8-95cf-e827bee33117" ctime:1676630994]
2023-02-17 18:50:15 DEBUG controller/handler.go:233 Transfer: resp[gameResp: {
  command: 1034
  serial: 5
  timestamp: 1676631014
  content: "\n\x1c\n\x0c\n\x04\x08\x0b\x10\x01\n\x04\x08\x0b\x10\x02\x12\x0c\x08\x0f x(淽\x9f\x068\x01"
}
]
2023-02-17 18:50:15 DEBUG controller/handler.go:139 HandleClient: resp[command:1034 serial:5 timestamp:1676631014 content:"\n\x1c\n\x0c\n\x04\x08\x0b\x10\x01\n\x04\x08\x0b\x10\x02\x12\x0c\x08\x0f x(淽\x9f\x068\x01"]
2023-02-17 18:50:16 DEBUG controller/handler.go:214 Transfer: req[command:1033 serial:6 content:"\n\x1f#GM:addItem(11,1);addItem(11,2)"]
2023-02-17 18:50:16 DEBUG grpc/client_conn.go:168 call rpc method[/Game/Transfer], id[20211208201649], service[game], server[game01], args[gameReq:{command:1033 serial:6 content:"\n\x1f#GM:addItem(11,1);addItem(11,2)"} uid:20211208201649 token:"509fbe54-900f-5ff8-95cf-e827bee33117" ctime:1676630994]
2023-02-17 18:50:31 DEBUG controller/handler.go:233 Transfer: resp[gameResp: {
  command: 1034
  serial: 6
  timestamp: 1676631019
  content: "\n\x1c\n\x0c\n\x04\x08\x0b\x10\x01\n\x04\x08\x0b\x10\x02\x12\x0c\x08\x12 x(뷽\x9f\x068\x01"
}
]
2023-02-17 18:50:31 DEBUG controller/handler.go:139 HandleClient: resp[command:1034 serial:6 timestamp:1676631019 content:"\n\x1c\n\x0c\n\x04\x08\x0b\x10\x01\n\x04\x08\x0b\x10\x02\x12\x0c\x08\x12 x(뷽\x9f\x068\x01"]
2023-02-17 18:50:31 INFO balancer/balancer.go:121 - service [game] unregister server [game01]
2023-02-17 18:50:31 INFO balancer/balancer.go:128 + service [game] register server [game01, 172.16.11.241:62989]
2023-02-17 18:50:31 INFO least_conn/least_conn.go:57 
--------- service [game] regenerate server ----------
          1. game01, 172.16.11.241:62989
---------------------------------------------------
2023-02-17 18:50:32 DEBUG controller/handler.go:214 Transfer: req[command:1033 serial:7 content:"\n\x1f#GM:addItem(11,1);addItem(11,2)"]
2023-02-17 18:50:32 DEBUG grpc/client_conn.go:168 call rpc method[/Game/Transfer], id[20211208201649], service[game], server[game01], args[gameReq:{command:1033 serial:7 content:"\n\x1f#GM:addItem(11,1);addItem(11,2)"} uid:20211208201649 token:"509fbe54-900f-5ff8-95cf-e827bee33117" ctime:1676630994]
2023-02-17 18:50:38 DEBUG controller/handler.go:233 Transfer: resp[gameResp: {
  command: 1034
  serial: 7
  timestamp: 1676631036
  content: "\n\x1c\n\x0c\n\x04\x08\x0b\x10\x01\n\x04\x08\x0b\x10\x02\x12\x0c\x08\x03 x(\xfc\xb7\xbd\x9f\x068\x01"
}
]
2023-02-17 18:50:38 DEBUG controller/handler.go:139 HandleClient: resp[command:1034 serial:7 timestamp:1676631036 content:"\n\x1c\n\x0c\n\x04\x08\x0b\x10\x01\n\x04\x08\x0b\x10\x02\x12\x0c\x08\x03 x(\xfc\xb7\xbd\x9f\x068\x01"]
2023-02-17 18:50:39 DEBUG controller/handler.go:214 Transfer: req[command:1033 serial:8 content:"\n\x1f#GM:addItem(11,1);addItem(11,2)"]
2023-02-17 18:50:39 DEBUG grpc/client_conn.go:168 call rpc method[/Game/Transfer], id[20211208201649], service[game], server[game01], args[gameReq:{command:1033 serial:8 content:"\n\x1f#GM:addItem(11,1);addItem(11,2)"} uid:20211208201649 token:"509fbe54-900f-5ff8-95cf-e827bee33117" ctime:1676630994]
2023-02-17 18:50:42 DEBUG controller/handler.go:233 Transfer: resp[gameResp: {
  command: 1034
  serial: 8
  timestamp: 1676631041
  content: "\n\x1c\n\x0c\n\x04\x08\x0b\x10\x01\n\x04\x08\x0b\x10\x02\x12\x0c\x08\x06 x(\x81\xb8\xbd\x9f\x068\x01"
}
]
2023-02-17 18:50:42 DEBUG controller/handler.go:139 HandleClient: resp[command:1034 serial:8 timestamp:1676631041 content:"\n\x1c\n\x0c\n\x04\x08\x0b\x10\x01\n\x04\x08\x0b\x10\x02\x12\x0c\x08\x06 x(\x81\xb8\xbd\x9f\x068\x01"]
2023-02-17 18:50:43 DEBUG controller/handler.go:214 Transfer: req[command:1033 serial:9 content:"\n\x1f#GM:addItem(11,1);addItem(11,2)"]
2023-02-17 18:50:43 DEBUG grpc/client_conn.go:168 call rpc method[/Game/Transfer], id[20211208201649], service[game], server[game01], args[gameReq:{command:1033 serial:9 content:"\n\x1f#GM:addItem(11,1);addItem(11,2)"} uid:20211208201649 token:"509fbe54-900f-5ff8-95cf-e827bee33117" ctime:1676630994]
2023-02-17 18:50:50 DEBUG controller/handler.go:233 Transfer: resp[gameResp: {
  command: 1034
  serial: 9
  timestamp: 1676631046
  content: "\n\x1c\n\x0c\n\x04\x08\x0b\x10\x01\n\x04\x08\x0b\x10\x02\x12\x0c\x08\t x(\x86\xb8\xbd\x9f\x068\x01"
}
]
2023-02-17 18:50:50 DEBUG controller/handler.go:139 HandleClient: resp[command:1034 serial:9 timestamp:1676631046 content:"\n\x1c\n\x0c\n\x04\x08\x0b\x10\x01\n\x04\x08\x0b\x10\x02\x12\x0c\x08\t x(\x86\xb8\xbd\x9f\x068\x01"]
2023-02-17 18:50:51 DEBUG controller/handler.go:214 Transfer: req[command:1033 serial:10 content:"\n\x1f#GM:addItem(11,1);addItem(11,2)"]
2023-02-17 18:50:51 DEBUG grpc/client_conn.go:168 call rpc method[/Game/Transfer], id[20211208201649], service[game], server[game01], args[gameReq:{command:1033 serial:10 content:"\n\x1f#GM:addItem(11,1);addItem(11,2)"} uid:20211208201649 token:"509fbe54-900f-5ff8-95cf-e827bee33117" ctime:1676630994]
