2023-02-18 13:38:25 DEBUG controller/handler.go:233 Transfer: resp[gameResp: {
  command: 1034
  serial: 10
  timestamp: 1676631051
  content: "\n\x1c\n\x0c\n\x04\x08\x0b\x10\x01\n\x04\x08\x0b\x10\x02\x12\x0c\x08\x0c x(\x8b\xb8\xbd\x9f\x068\x01"
}
]
2023-02-18 13:38:25 DEBUG controller/handler.go:139 HandleClient: resp[command:1034 serial:10 timestamp:1676631051 content:"\n\x1c\n\x0c\n\x04\x08\x0b\x10\x01\n\x04\x08\x0b\x10\x02\x12\x0c\x08\x0c x(\x8b\xb8\xbd\x9f\x068\x01"]
2023-02-18 13:38:26 DEBUG controller/handler.go:214 Transfer: req[command:1033 serial:11 content:"\n\x1f#GM:addItem(11,1);addItem(11,2)"]
2023-02-18 13:38:26 DEBUG grpc/client_conn.go:168 call rpc method[/Game/Transfer], id[20211208201649], service[game], server[], args[gameReq:{command:1033 serial:11 content:"\n\x1f#GM:addItem(11,1);addItem(11,2)"} uid:20211208201649 token:"509fbe54-900f-5ff8-95cf-e827bee33117" ctime:1676630994]
2023-02-18 13:38:26 ERROR pick: conns.GetBalance(game01) !ok
shared/grpc/balancer/picker/least_conn.(*picker).pick
	/Users/xuecenming/Desktop/projects/overlord-backend-go/shared/grpc/balancer/picker/least_conn/least_conn.go:160
shared/grpc/balancer/picker/least_conn.(*picker).Pick
	/Users/xuecenming/Desktop/projects/overlord-backend-go/shared/grpc/balancer/picker/least_conn/least_conn.go:91
google.golang.org/grpc.(*pickerWrapper).pick
	/Users/xuecenming/go/pkg/mod/google.golang.org/grpc@v1.44.0/picker_wrapper.go:126
google.golang.org/grpc.(*ClientConn).getTransport
	/Users/xuecenming/go/pkg/mod/google.golang.org/grpc@v1.44.0/clientconn.go:962
google.golang.org/grpc.(*clientStream).newAttemptLocked
	/Users/xuecenming/go/pkg/mod/google.golang.org/grpc@v1.44.0/stream.go:408
google.golang.org/grpc.newClientStreamWithParams
	/Users/xuecenming/go/pkg/mod/google.golang.org/grpc@v1.44.0/stream.go:298
google.golang.org/grpc.newClientStream.func2
	/Users/xuecenming/go/pkg/mod/google.golang.org/grpc@v1.44.0/stream.go:184
google.golang.org/grpc.newClientStream
	/Users/xuecenming/go/pkg/mod/google.golang.org/grpc@v1.44.0/stream.go:212
google.golang.org/grpc.invoke
	/Users/xuecenming/go/pkg/mod/google.golang.org/grpc@v1.44.0/call.go:66
google.golang.org/grpc.(*ClientConn).Invoke
	/Users/xuecenming/go/pkg/mod/google.golang.org/grpc@v1.44.0/call.go:37
shared/grpc.(*ClientConn).Invoke
	/Users/xuecenming/Desktop/projects/overlord-backend-go/shared/grpc/client_conn.go:169
shared/protobuf/pb.(*gameClient).Transfer
	/Users/xuecenming/Desktop/projects/overlord-backend-go/shared/protobuf/pb/game_service_grpc.pb.go:50
portal/controller.(*Handler).Transfer
	/Users/xuecenming/Desktop/projects/overlord-backend-go/portal/controller/handler.go:228
portal/controller.(*Handler).handle
	/Users/xuecenming/Desktop/projects/overlord-backend-go/portal/controller/handler.go:172
portal/controller.(*Handler).HandleClient
	/Users/xuecenming/Desktop/projects/overlord-backend-go/portal/controller/handler.go:117
portal/controller.(*Handler).React.func1
	/Users/xuecenming/Desktop/projects/overlord-backend-go/portal/controller/handler.go:72
github.com/panjf2000/ants/v2.(*goWorker).run.func1
	/Users/xuecenming/go/pkg/mod/github.com/panjf2000/ants/v2@v2.4.6/worker.go:70
2023-02-18 13:38:26 ERROR picker: pick error: rpc error: code = Unavailable desc = name game01 disable
shared/grpc/balancer/picker/least_conn.(*picker).Pick
	/Users/xuecenming/Desktop/projects/overlord-backend-go/shared/grpc/balancer/picker/least_conn/least_conn.go:93
google.golang.org/grpc.(*pickerWrapper).pick
	/Users/xuecenming/go/pkg/mod/google.golang.org/grpc@v1.44.0/picker_wrapper.go:126
google.golang.org/grpc.(*ClientConn).getTransport
	/Users/xuecenming/go/pkg/mod/google.golang.org/grpc@v1.44.0/clientconn.go:962
google.golang.org/grpc.(*clientStream).newAttemptLocked
	/Users/xuecenming/go/pkg/mod/google.golang.org/grpc@v1.44.0/stream.go:408
google.golang.org/grpc.newClientStreamWithParams
	/Users/xuecenming/go/pkg/mod/google.golang.org/grpc@v1.44.0/stream.go:298
google.golang.org/grpc.newClientStream.func2
	/Users/xuecenming/go/pkg/mod/google.golang.org/grpc@v1.44.0/stream.go:184
google.golang.org/grpc.newClientStream
	/Users/xuecenming/go/pkg/mod/google.golang.org/grpc@v1.44.0/stream.go:212
google.golang.org/grpc.invoke
	/Users/xuecenming/go/pkg/mod/google.golang.org/grpc@v1.44.0/call.go:66
google.golang.org/grpc.(*ClientConn).Invoke
	/Users/xuecenming/go/pkg/mod/google.golang.org/grpc@v1.44.0/call.go:37
shared/grpc.(*ClientConn).Invoke
	/Users/xuecenming/Desktop/projects/overlord-backend-go/shared/grpc/client_conn.go:169
shared/protobuf/pb.(*gameClient).Transfer
	/Users/xuecenming/Desktop/projects/overlord-backend-go/shared/protobuf/pb/game_service_grpc.pb.go:50
portal/controller.(*Handler).Transfer
	/Users/xuecenming/Desktop/projects/overlord-backend-go/portal/controller/handler.go:228
portal/controller.(*Handler).handle
	/Users/xuecenming/Desktop/projects/overlord-backend-go/portal/controller/handler.go:172
portal/controller.(*Handler).HandleClient
	/Users/xuecenming/Desktop/projects/overlord-backend-go/portal/controller/handler.go:117
portal/controller.(*Handler).React.func1
	/Users/xuecenming/Desktop/projects/overlord-backend-go/portal/controller/handler.go:72
github.com/panjf2000/ants/v2.(*goWorker).run.func1
	/Users/xuecenming/go/pkg/mod/github.com/panjf2000/ants/v2@v2.4.6/worker.go:70
2023-02-18 13:38:26 WARN grpc/client_conn.go:189 call rpc method[/Game/Transfer], id[20211208201649], service[game], server[], args[gameReq:{command:1033 serial:11 content:"\n\x1f#GM:addItem(11,1);addItem(11,2)"} uid:20211208201649 token:"509fbe54-900f-5ff8-95cf-e827bee33117" ctime:1676630994], error: rpc error: code = Unavailable desc = name game01 disable
2023-02-18 13:38:26 DEBUG controller/handler.go:269 error: rpc error: code = Unavailable desc = name game01 disable
2023-02-18 13:38:26 DEBUG controller/handler.go:139 HandleClient: resp[command:23 serial:11 timestamp:1676698706 content:"\x08\x0e"]
2023-02-18 13:39:58 DEBUG controller/handler.go:185 Connect: req[command:1001 serial:1 content:"\x10\xb1ˊϜ\xcc\x04"]
2023-02-18 13:39:58 DEBUG grpc/client_conn.go:168 call rpc method[/Game/Connect], id[0], service[game], server[], args[gameReq:{command:1001 serial:1 content:"\x10\xb1ˊϜ\xcc\x04"} token:"5ce43092-57af-5c68-b90f-57bb60c837c6" server:"portal01" ctime:1676698798]
2023-02-18 13:39:58 WARN grpc/client_conn.go:189 call rpc method[/Game/Connect], id[0], service[game], server[], args[gameReq:{command:1001 serial:1 content:"\x10\xb1ˊϜ\xcc\x04"} token:"5ce43092-57af-5c68-b90f-57bb60c837c6" server:"portal01" ctime:1676698798], error: rpc error: code = Unavailable desc = last connection error: connection error: desc = "transport: Error while dialing dial tcp 172.16.11.241:62989: i/o timeout"
2023-02-18 13:39:58 DEBUG controller/handler.go:269 error: rpc error: code = Unavailable desc = last connection error: connection error: desc = "transport: Error while dialing dial tcp 172.16.11.241:62989: i/o timeout"
2023-02-18 13:39:58 DEBUG controller/handler.go:139 HandleClient: resp[command:23 serial:1 timestamp:1676698798 content:"\x08\x0e"]
2023-02-18 13:40:08 DEBUG controller/handler.go:185 Connect: req[command:1001 serial:1 content:"\x10\xb1ˊϜ\xcc\x04"]
2023-02-18 13:40:08 DEBUG grpc/client_conn.go:168 call rpc method[/Game/Connect], id[0], service[game], server[], args[gameReq:{command:1001 serial:1 content:"\x10\xb1ˊϜ\xcc\x04"} token:"e07bb716-2764-5fee-9838-1a8912ab4117" server:"portal01" ctime:1676698808]
2023-02-18 13:40:08 WARN grpc/client_conn.go:189 call rpc method[/Game/Connect], id[0], service[game], server[], args[gameReq:{command:1001 serial:1 content:"\x10\xb1ˊϜ\xcc\x04"} token:"e07bb716-2764-5fee-9838-1a8912ab4117" server:"portal01" ctime:1676698808], error: rpc error: code = Unavailable desc = last connection error: connection error: desc = "transport: Error while dialing dial tcp 172.16.11.241:62989: i/o timeout"
2023-02-18 13:40:08 DEBUG controller/handler.go:269 error: rpc error: code = Unavailable desc = last connection error: connection error: desc = "transport: Error while dialing dial tcp 172.16.11.241:62989: i/o timeout"
2023-02-18 13:40:08 DEBUG controller/handler.go:139 HandleClient: resp[command:23 serial:1 timestamp:1676698808 content:"\x08\x0e"]
2023-02-18 13:40:27 DEBUG controller/handler.go:185 Connect: req[command:1001 serial:1 content:"\x10\xb1ˊϜ\xcc\x04"]
2023-02-18 13:40:27 DEBUG grpc/client_conn.go:168 call rpc method[/Game/Connect], id[0], service[game], server[], args[gameReq:{command:1001 serial:1 content:"\x10\xb1ˊϜ\xcc\x04"} token:"2550c212-1f62-5777-9afb-895738acbf21" server:"portal01" ctime:1676698827]
2023-02-18 13:40:27 WARN grpc/client_conn.go:189 call rpc method[/Game/Connect], id[0], service[game], server[], args[gameReq:{command:1001 serial:1 content:"\x10\xb1ˊϜ\xcc\x04"} token:"2550c212-1f62-5777-9afb-895738acbf21" server:"portal01" ctime:1676698827], error: rpc error: code = Unavailable desc = last connection error: connection error: desc = "transport: Error while dialing dial tcp 172.16.11.241:62989: i/o timeout"
2023-02-18 13:40:27 DEBUG controller/handler.go:269 error: rpc error: code = Unavailable desc = last connection error: connection error: desc = "transport: Error while dialing dial tcp 172.16.11.241:62989: i/o timeout"
2023-02-18 13:40:27 DEBUG controller/handler.go:139 HandleClient: resp[command:23 serial:1 timestamp:1676698827 content:"\x08\x0e"]
2023-02-18 13:41:56 DEBUG controller/handler.go:185 Connect: req[command:1001 serial:1 content:"\x10\xb1ˊϜ\xcc\x04"]
2023-02-18 13:41:56 DEBUG grpc/client_conn.go:168 call rpc method[/Game/Connect], id[0], service[game], server[], args[gameReq:{command:1001 serial:1 content:"\x10\xb1ˊϜ\xcc\x04"} token:"8e4a9902-3ca0-52bd-8d1a-e601545a483c" server:"portal01" ctime:1676698916]
2023-02-18 13:41:56 WARN grpc/client_conn.go:189 call rpc method[/Game/Connect], id[0], service[game], server[], args[gameReq:{command:1001 serial:1 content:"\x10\xb1ˊϜ\xcc\x04"} token:"8e4a9902-3ca0-52bd-8d1a-e601545a483c" server:"portal01" ctime:1676698916], error: rpc error: code = Unavailable desc = last connection error: connection error: desc = "transport: Error while dialing dial tcp 172.16.11.241:62989: i/o timeout"
2023-02-18 13:41:56 DEBUG controller/handler.go:269 error: rpc error: code = Unavailable desc = last connection error: connection error: desc = "transport: Error while dialing dial tcp 172.16.11.241:62989: i/o timeout"
2023-02-18 13:41:56 DEBUG controller/handler.go:139 HandleClient: resp[command:23 serial:1 timestamp:1676698916 content:"\x08\x0e"]
2023-02-18 13:44:27 DEBUG controller/handler.go:185 Connect: req[command:1001 serial:1 content:"\x10\xb1ˊϜ\xcc\x04"]
2023-02-18 13:44:27 DEBUG grpc/client_conn.go:168 call rpc method[/Game/Connect], id[0], service[game], server[], args[gameReq:{command:1001 serial:1 content:"\x10\xb1ˊϜ\xcc\x04"} token:"bf7a546a-aab4-53a8-9fde-5c37ac53fdcc" server:"portal01" ctime:1676699067]
2023-02-18 13:44:27 WARN grpc/client_conn.go:189 call rpc method[/Game/Connect], id[0], service[game], server[], args[gameReq:{command:1001 serial:1 content:"\x10\xb1ˊϜ\xcc\x04"} token:"bf7a546a-aab4-53a8-9fde-5c37ac53fdcc" server:"portal01" ctime:1676699067], error: rpc error: code = Unavailable desc = last connection error: connection error: desc = "transport: Error while dialing dial tcp 172.16.11.241:62989: i/o timeout"
2023-02-18 13:44:27 DEBUG controller/handler.go:269 error: rpc error: code = Unavailable desc = last connection error: connection error: desc = "transport: Error while dialing dial tcp 172.16.11.241:62989: i/o timeout"
2023-02-18 13:44:27 DEBUG controller/handler.go:139 HandleClient: resp[command:23 serial:1 timestamp:1676699067 content:"\x08\x0e"]
2023-02-18 13:45:08 DEBUG controller/handler.go:185 Connect: req[command:1001 serial:1 content:"\x10\xb1ˊϜ\xcc\x04"]
2023-02-18 13:45:46 DEBUG grpc/client_conn.go:168 call rpc method[/Game/Connect], id[0], service[game], server[], args[gameReq:{command:1001 serial:1 content:"\x10\xb1ˊϜ\xcc\x04"} token:"28b0526b-6ab9-5089-bc0f-7f83e4cbfe8b" server:"portal01" ctime:1676699105]
2023-02-18 13:45:46 WARN grpc/client_conn.go:189 call rpc method[/Game/Connect], id[0], service[game], server[], args[gameReq:{command:1001 serial:1 content:"\x10\xb1ˊϜ\xcc\x04"} token:"28b0526b-6ab9-5089-bc0f-7f83e4cbfe8b" server:"portal01" ctime:1676699105], error: rpc error: code = DeadlineExceeded desc = context deadline exceeded
2023-02-18 13:45:46 DEBUG controller/handler.go:269 error: rpc error: code = DeadlineExceeded desc = context deadline exceeded
2023-02-18 13:45:46 DEBUG controller/handler.go:139 HandleClient: resp[command:23 serial:1 timestamp:1676699146 content:"\x08\x04"]
2023-02-18 13:46:00 DEBUG controller/handler.go:185 Connect: req[command:1001 serial:1 content:"\x10\xb1ˊϜ\xcc\x04"]
2023-02-18 13:46:09 DEBUG grpc/client_conn.go:168 call rpc method[/Game/Connect], id[0], service[game], server[], args[gameReq:{command:1001 serial:1 content:"\x10\xb1ˊϜ\xcc\x04"} token:"1d976f13-278a-5418-a5b4-a18935fe7191" server:"portal01" ctime:1676699157]
2023-02-18 13:46:09 WARN grpc/client_conn.go:189 call rpc method[/Game/Connect], id[0], service[game], server[], args[gameReq:{command:1001 serial:1 content:"\x10\xb1ˊϜ\xcc\x04"} token:"1d976f13-278a-5418-a5b4-a18935fe7191" server:"portal01" ctime:1676699157], error: rpc error: code = DeadlineExceeded desc = context deadline exceeded
2023-02-18 13:47:01 DEBUG controller/handler.go:269 error: rpc error: code = DeadlineExceeded desc = context deadline exceeded
2023-02-18 13:47:01 DEBUG controller/handler.go:139 HandleClient: resp[command:23 serial:1 timestamp:1676699221 content:"\x08\x04"]
2023-02-18 13:47:10 DEBUG controller/handler.go:185 Connect: req[command:1001 serial:1 content:"\x10\xb1ˊϜ\xcc\x04"]
2023-02-18 13:47:10 DEBUG grpc/client_conn.go:168 call rpc method[/Game/Connect], id[0], service[game], server[], args[gameReq:{command:1001 serial:1 content:"\x10\xb1ˊϜ\xcc\x04"} token:"850fe657-a59e-589f-ab61-760a43629c7f" server:"portal01" ctime:1676699226]
2023-02-18 13:47:10 WARN grpc/client_conn.go:189 call rpc method[/Game/Connect], id[0], service[game], server[], args[gameReq:{command:1001 serial:1 content:"\x10\xb1ˊϜ\xcc\x04"} token:"850fe657-a59e-589f-ab61-760a43629c7f" server:"portal01" ctime:1676699226], error: rpc error: code = Unavailable desc = last connection error: connection error: desc = "transport: Error while dialing dial tcp 172.16.11.241:62989: connect: operation timed out"
2023-02-18 13:47:10 DEBUG controller/handler.go:269 error: rpc error: code = Unavailable desc = last connection error: connection error: desc = "transport: Error while dialing dial tcp 172.16.11.241:62989: connect: operation timed out"
2023-02-18 13:47:10 DEBUG controller/handler.go:139 HandleClient: resp[command:23 serial:1 timestamp:1676699230 content:"\x08\x0e"]
2023-02-18 13:48:09 INFO balancer/balancer.go:121 - service [game] unregister server [game01]
2023-02-18 13:48:09 INFO balancer/balancer.go:128 + service [game] register server [game01, 192.168.1.9:59125]
2023-02-18 13:48:09 INFO least_conn/least_conn.go:57 
--------- service [game] regenerate server ----------
          1. game01, 192.168.1.9:59125
---------------------------------------------------
2023-02-18 13:48:14 DEBUG controller/handler.go:185 Connect: req[command:1001 serial:1 content:"\x10\xb1ˊϜ\xcc\x04"]
2023-02-18 13:48:14 DEBUG grpc/client_conn.go:168 call rpc method[/Game/Connect], id[0], service[game], server[], args[gameReq:{command:1001 serial:1 content:"\x10\xb1ˊϜ\xcc\x04"} token:"699db827-8455-58ab-b96e-41ab33efb1bf" server:"portal01" ctime:1676699294]
2023-02-18 13:48:19 DEBUG controller/handler.go:200 Connect: resp[gameResp: {
  command: 1002
  serial: 1
  timestamp: 1676699299
  content: "\x10\xb1ˊϜ\xcc\x04"
}
uid: 20211208201649
]
2023-02-18 13:48:19 DEBUG controller/handler.go:139 HandleClient: resp[command:1002 serial:1 timestamp:1676699299 content:"\x10\xb1ˊϜ\xcc\x04"]
2023-02-18 13:48:20 DEBUG controller/handler.go:214 Transfer: req[command:1033 serial:2 content:"\n\x1f#GM:addItem(11,1);addItem(11,2)"]
2023-02-18 13:48:20 DEBUG grpc/client_conn.go:168 call rpc method[/Game/Transfer], id[20211208201649], service[game], server[game01], args[gameReq:{command:1033 serial:2 content:"\n\x1f#GM:addItem(11,1);addItem(11,2)"} uid:20211208201649 token:"699db827-8455-58ab-b96e-41ab33efb1bf" ctime:1676699294]
2023-02-18 13:48:30 WARN grpc/client_conn.go:189 call rpc method[/Game/Transfer], id[20211208201649], service[game], server[game01], args[gameReq:{command:1033 serial:2 content:"\n\x1f#GM:addItem(11,1);addItem(11,2)"} uid:20211208201649 token:"699db827-8455-58ab-b96e-41ab33efb1bf" ctime:1676699294], error: rpc error: code = DeadlineExceeded desc = context deadline exceeded
2023-02-18 13:48:30 DEBUG controller/handler.go:269 error: rpc error: code = DeadlineExceeded desc = context deadline exceeded
2023-02-18 13:48:30 DEBUG controller/handler.go:139 HandleClient: resp[command:23 serial:2 timestamp:1676699310 content:"\x08\x04"]
2023-02-18 13:48:55 INFO balancer/balancer.go:121 - service [game] unregister server [game01]
2023-02-18 13:48:55 INFO balancer/balancer.go:128 + service [game] register server [game01, 192.168.1.9:59386]
2023-02-18 13:48:55 INFO least_conn/least_conn.go:57 
--------- service [game] regenerate server ----------
          1. game01, 192.168.1.9:59386
---------------------------------------------------
2023-02-18 13:48:59 DEBUG controller/handler.go:185 Connect: req[command:1001 serial:1 content:"\x10\xb1ˊϜ\xcc\x04"]
2023-02-18 13:48:59 DEBUG grpc/client_conn.go:168 call rpc method[/Game/Connect], id[0], service[game], server[], args[gameReq:{command:1001 serial:1 content:"\x10\xb1ˊϜ\xcc\x04"} token:"68204a37-8747-5364-9f3a-aafa8b72e980" server:"portal01" ctime:1676699339]
2023-02-18 13:49:05 DEBUG controller/handler.go:200 Connect: resp[gameResp: {
  command: 1002
  serial: 1
  timestamp: 1676699345
  content: "\x10\xb1ˊϜ\xcc\x04"
}
uid: 20211208201649
]
2023-02-18 13:49:05 DEBUG controller/handler.go:139 HandleClient: resp[command:1002 serial:1 timestamp:1676699345 content:"\x10\xb1ˊϜ\xcc\x04"]
2023-02-18 13:49:06 DEBUG controller/handler.go:214 Transfer: req[command:1033 serial:2 content:"\n\x1f#GM:addItem(11,1);addItem(11,2)"]
2023-02-18 13:49:06 DEBUG grpc/client_conn.go:168 call rpc method[/Game/Transfer], id[20211208201649], service[game], server[game01], args[gameReq:{command:1033 serial:2 content:"\n\x1f#GM:addItem(11,1);addItem(11,2)"} uid:20211208201649 token:"68204a37-8747-5364-9f3a-aafa8b72e980" ctime:1676699339]
2023-02-18 13:49:08 DEBUG controller/handler.go:233 Transfer: resp[gameResp: {
  command: 1034
  serial: 2
  timestamp: 1676699348
  content: "\n\x1c\n\x0c\n\x04\x08\x0b\x10\x01\n\x04\x08\x0b\x10\x02\x12\x0c\x08\x0f x(\xd4\xcd\xc1\x9f\x068\x01"
}
]
2023-02-18 13:49:08 DEBUG controller/handler.go:139 HandleClient: resp[command:1034 serial:2 timestamp:1676699348 content:"\n\x1c\n\x0c\n\x04\x08\x0b\x10\x01\n\x04\x08\x0b\x10\x02\x12\x0c\x08\x0f x(\xd4\xcd\xc1\x9f\x068\x01"]
2023-02-18 13:49:09 DEBUG controller/handler.go:214 Transfer: req[command:1033 serial:3 content:"\n\x1f#GM:addItem(11,1);addItem(11,2)"]
2023-02-18 13:49:09 DEBUG grpc/client_conn.go:168 call rpc method[/Game/Transfer], id[20211208201649], service[game], server[game01], args[gameReq:{command:1033 serial:3 content:"\n\x1f#GM:addItem(11,1);addItem(11,2)"} uid:20211208201649 token:"68204a37-8747-5364-9f3a-aafa8b72e980" ctime:1676699339]
2023-02-18 13:49:11 DEBUG controller/handler.go:233 Transfer: resp[gameResp: {
  command: 1034
  serial: 3
  timestamp: 1676699351
  content: "\n\x1c\n\x0c\n\x04\x08\x0b\x10\x01\n\x04\x08\x0b\x10\x02\x12\x0c\x08\x12 x(\xd7\xcd\xc1\x9f\x068\x01"
}
]
2023-02-18 13:49:11 DEBUG controller/handler.go:139 HandleClient: resp[command:1034 serial:3 timestamp:1676699351 content:"\n\x1c\n\x0c\n\x04\x08\x0b\x10\x01\n\x04\x08\x0b\x10\x02\x12\x0c\x08\x12 x(\xd7\xcd\xc1\x9f\x068\x01"]
2023-02-18 13:49:12 DEBUG controller/handler.go:214 Transfer: req[command:1033 serial:4 content:"\n\x1f#GM:addItem(11,1);addItem(11,2)"]
2023-02-18 13:49:12 DEBUG grpc/client_conn.go:168 call rpc method[/Game/Transfer], id[20211208201649], service[game], server[game01], args[gameReq:{command:1033 serial:4 content:"\n\x1f#GM:addItem(11,1);addItem(11,2)"} uid:20211208201649 token:"68204a37-8747-5364-9f3a-aafa8b72e980" ctime:1676699339]
2023-02-18 13:49:18 DEBUG controller/handler.go:233 Transfer: resp[gameResp: {
  command: 1034
  serial: 4
  timestamp: 1676699358
  content: "\n\x1c\n\x0c\n\x04\x08\x0b\x10\x01\n\x04\x08\x0b\x10\x02\x12\x0c\x08\x15 x(\xde\xcd\xc1\x9f\x068\x01"
}
]
2023-02-18 13:49:18 DEBUG controller/handler.go:139 HandleClient: resp[command:1034 serial:4 timestamp:1676699358 content:"\n\x1c\n\x0c\n\x04\x08\x0b\x10\x01\n\x04\x08\x0b\x10\x02\x12\x0c\x08\x15 x(\xde\xcd\xc1\x9f\x068\x01"]
2023-02-18 13:49:19 DEBUG controller/handler.go:214 Transfer: req[command:1033 serial:5 content:"\n\x1f#GM:addItem(11,1);addItem(11,2)"]
2023-02-18 13:49:19 DEBUG grpc/client_conn.go:168 call rpc method[/Game/Transfer], id[20211208201649], service[game], server[game01], args[gameReq:{command:1033 serial:5 content:"\n\x1f#GM:addItem(11,1);addItem(11,2)"} uid:20211208201649 token:"68204a37-8747-5364-9f3a-aafa8b72e980" ctime:1676699339]
2023-02-18 13:49:29 WARN grpc/client_conn.go:189 call rpc method[/Game/Transfer], id[20211208201649], service[game], server[game01], args[gameReq:{command:1033 serial:5 content:"\n\x1f#GM:addItem(11,1);addItem(11,2)"} uid:20211208201649 token:"68204a37-8747-5364-9f3a-aafa8b72e980" ctime:1676699339], error: rpc error: code = DeadlineExceeded desc = context deadline exceeded
2023-02-18 13:49:29 DEBUG controller/handler.go:269 error: rpc error: code = DeadlineExceeded desc = context deadline exceeded
2023-02-18 13:49:29 DEBUG controller/handler.go:139 HandleClient: resp[command:23 serial:5 timestamp:1676699369 content:"\x08\x04"]
2023-02-18 13:49:56 DEBUG controller/handler.go:185 Connect: req[command:1001 serial:1 content:"\x10\xb1ˊϜ\xcc\x04"]
2023-02-18 13:49:56 DEBUG grpc/client_conn.go:168 call rpc method[/Game/Connect], id[0], service[game], server[], args[gameReq:{command:1001 serial:1 content:"\x10\xb1ˊϜ\xcc\x04"} token:"3a93cee1-031a-5879-9412-700801a37c5b" server:"portal01" ctime:1676699393]
2023-02-18 13:49:59 DEBUG controller/handler.go:200 Connect: resp[gameResp: {
  command: 1002
  serial: 1
  timestamp: 1676699399
  content: "\x10\xb1ˊϜ\xcc\x04"
}
uid: 20211208201649
]
2023-02-18 13:49:59 DEBUG controller/handler.go:139 HandleClient: resp[command:1002 serial:1 timestamp:1676699399 content:"\x10\xb1ˊϜ\xcc\x04"]
2023-02-18 13:50:00 DEBUG controller/handler.go:214 Transfer: req[command:1033 serial:2 content:"\n\x1f#GM:addItem(11,1);addItem(11,2)"]
2023-02-18 13:50:00 DEBUG grpc/client_conn.go:168 call rpc method[/Game/Transfer], id[20211208201649], service[game], server[game01], args[gameReq:{command:1033 serial:2 content:"\n\x1f#GM:addItem(11,1);addItem(11,2)"} uid:20211208201649 token:"3a93cee1-031a-5879-9412-700801a37c5b" ctime:1676699393]
2023-02-18 13:50:02 DEBUG controller/handler.go:233 Transfer: resp[gameResp: {
  command: 1034
  serial: 2
  timestamp: 1676699401
  content: "\n\x1c\n\x0c\n\x04\x08\x0b\x10\x01\n\x04\x08\x0b\x10\x02\x12\x0c\x08\x1b x(\x89\xce\xc1\x9f\x068\x01"
}
]
2023-02-18 13:50:02 DEBUG controller/handler.go:139 HandleClient: resp[command:1034 serial:2 timestamp:1676699401 content:"\n\x1c\n\x0c\n\x04\x08\x0b\x10\x01\n\x04\x08\x0b\x10\x02\x12\x0c\x08\x1b x(\x89\xce\xc1\x9f\x068\x01"]
2023-02-18 13:50:03 DEBUG controller/handler.go:214 Transfer: req[command:1033 serial:3 content:"\n\x1f#GM:addItem(11,1);addItem(11,2)"]
2023-02-18 13:50:03 DEBUG grpc/client_conn.go:168 call rpc method[/Game/Transfer], id[20211208201649], service[game], server[game01], args[gameReq:{command:1033 serial:3 content:"\n\x1f#GM:addItem(11,1);addItem(11,2)"} uid:20211208201649 token:"3a93cee1-031a-5879-9412-700801a37c5b" ctime:1676699393]
2023-02-18 13:50:09 DEBUG controller/handler.go:233 Transfer: resp[gameResp: {
  command: 1034
  serial: 3
  timestamp: 1676699407
  content: "\n\x1c\n\x0c\n\x04\x08\x0b\x10\x01\n\x04\x08\x0b\x10\x02\x12\x0c\x08\x1e x(\x8f\xce\xc1\x9f\x068\x01"
}
]
2023-02-18 13:50:09 DEBUG controller/handler.go:139 HandleClient: resp[command:1034 serial:3 timestamp:1676699407 content:"\n\x1c\n\x0c\n\x04\x08\x0b\x10\x01\n\x04\x08\x0b\x10\x02\x12\x0c\x08\x1e x(\x8f\xce\xc1\x9f\x068\x01"]
2023-02-18 13:50:10 DEBUG controller/handler.go:214 Transfer: req[command:1033 serial:4 content:"\n\x1f#GM:addItem(11,1);addItem(11,2)"]
2023-02-18 13:50:10 DEBUG grpc/client_conn.go:168 call rpc method[/Game/Transfer], id[20211208201649], service[game], server[game01], args[gameReq:{command:1033 serial:4 content:"\n\x1f#GM:addItem(11,1);addItem(11,2)"} uid:20211208201649 token:"3a93cee1-031a-5879-9412-700801a37c5b" ctime:1676699393]
2023-02-18 13:50:16 DEBUG controller/handler.go:233 Transfer: resp[gameResp: {
  command: 1034
  serial: 4
  timestamp: 1676699415
  content: "\n\x1c\n\x0c\n\x04\x08\x0b\x10\x01\n\x04\x08\x0b\x10\x02\x12\x0c\x08! x(\x97\xce\xc1\x9f\x068\x01"
}
]
2023-02-18 13:50:16 DEBUG controller/handler.go:139 HandleClient: resp[command:1034 serial:4 timestamp:1676699415 content:"\n\x1c\n\x0c\n\x04\x08\x0b\x10\x01\n\x04\x08\x0b\x10\x02\x12\x0c\x08! x(\x97\xce\xc1\x9f\x068\x01"]
2023-02-18 13:50:17 DEBUG controller/handler.go:214 Transfer: req[command:1033 serial:5 content:"\n\x1f#GM:addItem(11,1);addItem(11,2)"]
2023-02-18 13:50:17 DEBUG grpc/client_conn.go:168 call rpc method[/Game/Transfer], id[20211208201649], service[game], server[game01], args[gameReq:{command:1033 serial:5 content:"\n\x1f#GM:addItem(11,1);addItem(11,2)"} uid:20211208201649 token:"3a93cee1-031a-5879-9412-700801a37c5b" ctime:1676699393]
2023-02-18 13:50:30 DEBUG controller/handler.go:233 Transfer: resp[gameResp: {
  command: 1034
  serial: 5
  timestamp: 1676699420
  content: "\n\x1c\n\x0c\n\x04\x08\x0b\x10\x01\n\x04\x08\x0b\x10\x02\x12\x0c\x08$ x(\x9c\xce\xc1\x9f\x068\x01"
}
]
2023-02-18 13:50:30 DEBUG controller/handler.go:139 HandleClient: resp[command:1034 serial:5 timestamp:1676699420 content:"\n\x1c\n\x0c\n\x04\x08\x0b\x10\x01\n\x04\x08\x0b\x10\x02\x12\x0c\x08$ x(\x9c\xce\xc1\x9f\x068\x01"]
2023-02-18 13:50:31 DEBUG controller/handler.go:214 Transfer: req[command:1033 serial:6 content:"\n\x1f#GM:addItem(11,1);addItem(11,2)"]
2023-02-18 13:50:31 DEBUG grpc/client_conn.go:168 call rpc method[/Game/Transfer], id[20211208201649], service[game], server[game01], args[gameReq:{command:1033 serial:6 content:"\n\x1f#GM:addItem(11,1);addItem(11,2)"} uid:20211208201649 token:"3a93cee1-031a-5879-9412-700801a37c5b" ctime:1676699393]
2023-02-18 13:50:41 DEBUG controller/handler.go:233 Transfer: resp[gameResp: {
  command: 1034
  serial: 6
  timestamp: 1676699434
  content: "\n\x1c\n\x0c\n\x04\x08\x0b\x10\x01\n\x04\x08\x0b\x10\x02\x12\x0c\x08' x(\xaa\xce\xc1\x9f\x068\x01"
}
]
2023-02-18 13:50:41 DEBUG controller/handler.go:139 HandleClient: resp[command:1034 serial:6 timestamp:1676699434 content:"\n\x1c\n\x0c\n\x04\x08\x0b\x10\x01\n\x04\x08\x0b\x10\x02\x12\x0c\x08' x(\xaa\xce\xc1\x9f\x068\x01"]
2023-02-18 13:50:42 DEBUG controller/handler.go:214 Transfer: req[command:1033 serial:7 content:"\n\x1f#GM:addItem(11,1);addItem(11,2)"]
2023-02-18 13:50:42 DEBUG grpc/client_conn.go:168 call rpc method[/Game/Transfer], id[20211208201649], service[game], server[game01], args[gameReq:{command:1033 serial:7 content:"\n\x1f#GM:addItem(11,1);addItem(11,2)"} uid:20211208201649 token:"3a93cee1-031a-5879-9412-700801a37c5b" ctime:1676699393]
2023-02-18 13:50:47 DEBUG controller/handler.go:233 Transfer: resp[gameResp: {
  command: 1034
  serial: 7
  timestamp: 1676699445
  content: "\n\x1c\n\x0c\n\x04\x08\x0b\x10\x01\n\x04\x08\x0b\x10\x02\x12\x0c\x08* x(\xb5\xce\xc1\x9f\x068\x01"
}
]
2023-02-18 13:50:47 DEBUG controller/handler.go:139 HandleClient: resp[command:1034 serial:7 timestamp:1676699445 content:"\n\x1c\n\x0c\n\x04\x08\x0b\x10\x01\n\x04\x08\x0b\x10\x02\x12\x0c\x08* x(\xb5\xce\xc1\x9f\x068\x01"]
2023-02-18 13:50:48 DEBUG controller/handler.go:214 Transfer: req[command:1033 serial:8 content:"\n\x1f#GM:addItem(11,1);addItem(11,2)"]
2023-02-18 13:50:48 DEBUG grpc/client_conn.go:168 call rpc method[/Game/Transfer], id[20211208201649], service[game], server[game01], args[gameReq:{command:1033 serial:8 content:"\n\x1f#GM:addItem(11,1);addItem(11,2)"} uid:20211208201649 token:"3a93cee1-031a-5879-9412-700801a37c5b" ctime:1676699393]
2023-02-18 13:50:58 WARN grpc/client_conn.go:189 call rpc method[/Game/Transfer], id[20211208201649], service[game], server[game01], args[gameReq:{command:1033 serial:8 content:"\n\x1f#GM:addItem(11,1);addItem(11,2)"} uid:20211208201649 token:"3a93cee1-031a-5879-9412-700801a37c5b" ctime:1676699393], error: rpc error: code = DeadlineExceeded desc = context deadline exceeded
2023-02-18 13:51:02 DEBUG controller/handler.go:269 error: rpc error: code = DeadlineExceeded desc = context deadline exceeded
2023-02-18 13:51:02 DEBUG controller/handler.go:139 HandleClient: resp[command:23 serial:8 timestamp:1676699462 content:"\x08\x04"]
2023-02-18 13:51:33 DEBUG controller/handler.go:185 Connect: req[command:1001 serial:1 content:"\x10\xb1ˊϜ\xcc\x04"]
2023-02-18 13:51:33 DEBUG grpc/client_conn.go:168 call rpc method[/Game/Connect], id[0], service[game], server[], args[gameReq:{command:1001 serial:1 content:"\x10\xb1ˊϜ\xcc\x04"} token:"5b29c5bb-733d-546d-a49c-8c79c308f56d" server:"portal01" ctime:1676699491]
2023-02-18 13:51:35 DEBUG controller/handler.go:200 Connect: resp[gameResp: {
  command: 1002
  serial: 1
  timestamp: 1676699495
  content: "\x10\xb1ˊϜ\xcc\x04"
}
uid: 20211208201649
]
2023-02-18 13:51:35 DEBUG controller/handler.go:139 HandleClient: resp[command:1002 serial:1 timestamp:1676699495 content:"\x10\xb1ˊϜ\xcc\x04"]
2023-02-18 13:51:36 DEBUG controller/handler.go:214 Transfer: req[command:1033 serial:2 content:"\n\x1f#GM:addItem(11,1);addItem(11,2)"]
2023-02-18 13:51:36 DEBUG grpc/client_conn.go:168 call rpc method[/Game/Transfer], id[20211208201649], service[game], server[game01], args[gameReq:{command:1033 serial:2 content:"\n\x1f#GM:addItem(11,1);addItem(11,2)"} uid:20211208201649 token:"5b29c5bb-733d-546d-a49c-8c79c308f56d" ctime:1676699491]
2023-02-18 13:51:44 DEBUG controller/handler.go:233 Transfer: resp[gameResp: {
  command: 1034
  serial: 2
  timestamp: 1676699502
  content: "\n\x1c\n\x0c\n\x04\x08\x0b\x10\x01\n\x04\x08\x0b\x10\x02\x12\x0c\x080 x(\xee\xce\xc1\x9f\x068\x01"
}
]
2023-02-18 13:51:44 DEBUG controller/handler.go:139 HandleClient: resp[command:1034 serial:2 timestamp:1676699502 content:"\n\x1c\n\x0c\n\x04\x08\x0b\x10\x01\n\x04\x08\x0b\x10\x02\x12\x0c\x080 x(\xee\xce\xc1\x9f\x068\x01"]
2023-02-18 13:51:45 DEBUG controller/handler.go:214 Transfer: req[command:1033 serial:3 content:"\n\x1f#GM:addItem(11,1);addItem(11,2)"]
2023-02-18 13:51:45 DEBUG grpc/client_conn.go:168 call rpc method[/Game/Transfer], id[20211208201649], service[game], server[game01], args[gameReq:{command:1033 serial:3 content:"\n\x1f#GM:addItem(11,1);addItem(11,2)"} uid:20211208201649 token:"5b29c5bb-733d-546d-a49c-8c79c308f56d" ctime:1676699491]
2023-02-18 13:51:48 DEBUG controller/handler.go:233 Transfer: resp[gameResp: {
  command: 1034
  serial: 3
  timestamp: 1676699506
  content: "\n\x1c\n\x0c\n\x04\x08\x0b\x10\x01\n\x04\x08\x0b\x10\x02\x12\x0c\x083 x(\xf2\xce\xc1\x9f\x068\x01"
}
]
2023-02-18 13:51:48 DEBUG controller/handler.go:139 HandleClient: resp[command:1034 serial:3 timestamp:1676699506 content:"\n\x1c\n\x0c\n\x04\x08\x0b\x10\x01\n\x04\x08\x0b\x10\x02\x12\x0c\x083 x(\xf2\xce\xc1\x9f\x068\x01"]
2023-02-18 13:51:49 DEBUG controller/handler.go:214 Transfer: req[command:1033 serial:4 content:"\n\x1f#GM:addItem(11,1);addItem(11,2)"]
2023-02-18 13:51:49 DEBUG grpc/client_conn.go:168 call rpc method[/Game/Transfer], id[20211208201649], service[game], server[game01], args[gameReq:{command:1033 serial:4 content:"\n\x1f#GM:addItem(11,1);addItem(11,2)"} uid:20211208201649 token:"5b29c5bb-733d-546d-a49c-8c79c308f56d" ctime:1676699491]
2023-02-18 13:51:59 WARN grpc/client_conn.go:189 call rpc method[/Game/Transfer], id[20211208201649], service[game], server[game01], args[gameReq:{command:1033 serial:4 content:"\n\x1f#GM:addItem(11,1);addItem(11,2)"} uid:20211208201649 token:"5b29c5bb-733d-546d-a49c-8c79c308f56d" ctime:1676699491], error: rpc error: code = DeadlineExceeded desc = context deadline exceeded
