2023-02-18 14:02:13 DEBUG controller/handler.go:269 error: rpc error: code = DeadlineExceeded desc = context deadline exceeded
2023-02-18 14:02:13 DEBUG controller/handler.go:139 HandleClient: resp[command:23 serial:4 timestamp:1676700133 content:"\x08\x04"]
2023-02-18 14:03:16 DEBUG controller/handler.go:185 Connect: req[command:1001 serial:1 content:"\x10\xb1ˊϜ\xcc\x04"]
2023-02-18 14:03:16 DEBUG grpc/client_conn.go:168 call rpc method[/Game/Connect], id[0], service[game], server[], args[gameReq:{command:1001 serial:1 content:"\x10\xb1ˊϜ\xcc\x04"} token:"74ded5ca-3bf8-5297-ae3b-e561a7092e71" server:"portal01" ctime:1676700193]
2023-02-18 14:03:23 WARN grpc/client_conn.go:189 call rpc method[/Game/Connect], id[0], service[game], server[], args[gameReq:{command:1001 serial:1 content:"\x10\xb1ˊϜ\xcc\x04"} token:"74ded5ca-3bf8-5297-ae3b-e561a7092e71" server:"portal01" ctime:1676700193], error: rpc error: code = DeadlineExceeded desc = context deadline exceeded
2023-02-18 14:03:23 DEBUG controller/handler.go:269 error: rpc error: code = DeadlineExceeded desc = context deadline exceeded
2023-02-18 14:03:23 DEBUG controller/handler.go:139 HandleClient: resp[command:23 serial:1 timestamp:1676700203 content:"\x08\x04"]
2023-02-18 14:03:56 DEBUG controller/handler.go:185 Connect: req[command:1001 serial:1 content:"\x10\xb1ˊϜ\xcc\x04"]
2023-02-18 14:03:56 DEBUG grpc/client_conn.go:168 call rpc method[/Game/Connect], id[0], service[game], server[], args[gameReq:{command:1001 serial:1 content:"\x10\xb1ˊϜ\xcc\x04"} token:"268d3297-54d6-5328-93c8-98ee1ba23afe" server:"portal01" ctime:1676700235]
2023-02-18 14:03:57 DEBUG controller/handler.go:200 Connect: resp[gameResp: {
  command: 1002
  serial: 1
  timestamp: 1676700237
  content: "\x10\xb1ˊϜ\xcc\x04"
}
uid: 20211208201649
]
2023-02-18 14:03:57 DEBUG controller/handler.go:139 HandleClient: resp[command:1002 serial:1 timestamp:1676700237 content:"\x10\xb1ˊϜ\xcc\x04"]
2023-02-18 14:03:58 DEBUG controller/handler.go:214 Transfer: req[command:1033 serial:2 content:"\n\x1f#GM:addItem(11,1);addItem(11,2)"]
2023-02-18 14:03:58 DEBUG grpc/client_conn.go:168 call rpc method[/Game/Transfer], id[20211208201649], service[game], server[game01], args[gameReq:{command:1033 serial:2 content:"\n\x1f#GM:addItem(11,1);addItem(11,2)"} uid:20211208201649 token:"268d3297-54d6-5328-93c8-98ee1ba23afe" ctime:1676700235]
2023-02-18 14:04:02 DEBUG controller/handler.go:233 Transfer: resp[gameResp: {
  command: 1034
  serial: 2
  timestamp: 1676700240
  content: "\n\x1c\n\x0c\n\x04\x08\x0b\x10\x01\n\x04\x08\x0b\x10\x02\x12\x0c\x089 x(\xd0\xd4\xc1\x9f\x068\x01"
}
]
2023-02-18 14:04:02 DEBUG controller/handler.go:139 HandleClient: resp[command:1034 serial:2 timestamp:1676700240 content:"\n\x1c\n\x0c\n\x04\x08\x0b\x10\x01\n\x04\x08\x0b\x10\x02\x12\x0c\x089 x(\xd0\xd4\xc1\x9f\x068\x01"]
2023-02-18 14:04:03 DEBUG controller/handler.go:214 Transfer: req[command:1033 serial:3 content:"\n\x1f#GM:addItem(11,1);addItem(11,2)"]
2023-02-18 14:04:03 DEBUG grpc/client_conn.go:168 call rpc method[/Game/Transfer], id[20211208201649], service[game], server[game01], args[gameReq:{command:1033 serial:3 content:"\n\x1f#GM:addItem(11,1);addItem(11,2)"} uid:20211208201649 token:"268d3297-54d6-5328-93c8-98ee1ba23afe" ctime:1676700235]
2023-02-18 14:04:11 DEBUG controller/handler.go:233 Transfer: resp[gameResp: {
  command: 1034
  serial: 3
  timestamp: 1676700245
  content: "\n\x1c\n\x0c\n\x04\x08\x0b\x10\x01\n\x04\x08\x0b\x10\x02\x12\x0c\x08< x(\xd5\xd4\xc1\x9f\x068\x01"
}
]
2023-02-18 14:04:43 DEBUG controller/handler.go:139 HandleClient: resp[command:1034 serial:3 timestamp:1676700245 content:"\n\x1c\n\x0c\n\x04\x08\x0b\x10\x01\n\x04\x08\x0b\x10\x02\x12\x0c\x08< x(\xd5\xd4\xc1\x9f\x068\x01"]
2023-02-18 14:04:44 DEBUG controller/handler.go:214 Transfer: req[command:1033 serial:4 content:"\n\x1f#GM:addItem(11,1);addItem(11,2)"]
2023-02-18 14:04:44 DEBUG grpc/client_conn.go:168 call rpc method[/Game/Transfer], id[20211208201649], service[game], server[game01], args[gameReq:{command:1033 serial:4 content:"\n\x1f#GM:addItem(11,1);addItem(11,2)"} uid:20211208201649 token:"268d3297-54d6-5328-93c8-98ee1ba23afe" ctime:1676700235]
2023-02-18 14:04:54 WARN grpc/client_conn.go:189 call rpc method[/Game/Transfer], id[20211208201649], service[game], server[game01], args[gameReq:{command:1033 serial:4 content:"\n\x1f#GM:addItem(11,1);addItem(11,2)"} uid:20211208201649 token:"268d3297-54d6-5328-93c8-98ee1ba23afe" ctime:1676700235], error: rpc error: code = DeadlineExceeded desc = context deadline exceeded
2023-02-18 14:10:33 INFO etcd/dial.go:30 etcd 127.0.0.1:2379 connect success
2023-02-18 14:10:33 INFO etcd/dial.go:30 etcd 127.0.0.1:2479 connect success
2023-02-18 14:10:33 INFO etcd/dial.go:30 etcd 127.0.0.1:2579 connect success
2023-02-18 14:10:33 INFO controller/handler.go:50 Echo server is listening on :9080 (multi-cores: true, loops: 8)

2023-02-18 14:10:33 INFO balancer/balancer.go:107 + service [game] register server [game01, 192.168.1.9:59386]
2023-02-18 14:10:33 INFO least_conn/least_conn.go:57 
--------- service [game] regenerate server ----------
          1. game01, 192.168.1.9:59386
---------------------------------------------------
2023-02-18 14:10:33 INFO resolver/watcher.go:55 start watching service [game]
2023-02-18 14:10:33 INFO grpc/server.go:115 grpc listen addr: 192.168.1.9:62338
2023-02-18 14:10:46 DEBUG controller/handler.go:185 Connect: req[command:1001 serial:1 content:"\x10\xb1ˊϜ\xcc\x04"]
2023-02-18 14:10:46 DEBUG grpc/client_conn.go:168 call rpc method[/Game/Connect], id[0], service[game], server[], args[gameReq:{command:1001 serial:1 content:"\x10\xb1ˊϜ\xcc\x04"} token:"2a8da2d1-1280-5fe1-a81a-19bd3cdb84d4" server:"portal01" ctime:1676700642]
2023-02-18 14:10:51 DEBUG controller/handler.go:200 Connect: resp[gameResp: {
  command: 1002
  serial: 1
  timestamp: 1676700651
  content: "\x10\xb1ˊϜ\xcc\x04"
}
uid: 20211208201649
]
2023-02-18 14:10:51 DEBUG controller/handler.go:139 HandleClient: resp[command:1002 serial:1 timestamp:1676700651 content:"\x10\xb1ˊϜ\xcc\x04"]
2023-02-18 14:10:52 DEBUG controller/handler.go:214 Transfer: req[command:1033 serial:2 content:"\n\x1f#GM:addItem(11,1);addItem(11,2)"]
2023-02-18 14:10:52 DEBUG grpc/client_conn.go:168 call rpc method[/Game/Transfer], id[20211208201649], service[game], server[game01], args[gameReq:{command:1033 serial:2 content:"\n\x1f#GM:addItem(11,1);addItem(11,2)"} uid:20211208201649 token:"2a8da2d1-1280-5fe1-a81a-19bd3cdb84d4" ctime:1676700642]
2023-02-18 14:11:02 WARN grpc/client_conn.go:189 call rpc method[/Game/Transfer], id[20211208201649], service[game], server[game01], args[gameReq:{command:1033 serial:2 content:"\n\x1f#GM:addItem(11,1);addItem(11,2)"} uid:20211208201649 token:"2a8da2d1-1280-5fe1-a81a-19bd3cdb84d4" ctime:1676700642], error: rpc error: code = DeadlineExceeded desc = context deadline exceeded
2023-02-18 14:11:41 DEBUG controller/handler.go:274 error: rpc error: code = DeadlineExceeded desc = context deadline exceeded
2023-02-18 14:11:41 DEBUG controller/handler.go:139 HandleClient: resp[command:23 serial:2 timestamp:1676700701 content:"\x08\x04"]
2023-02-18 14:11:54 DEBUG controller/handler.go:185 Connect: req[command:1001 serial:1 content:"\x10\xb1ˊϜ\xcc\x04"]
2023-02-18 14:11:54 DEBUG grpc/client_conn.go:168 call rpc method[/Game/Connect], id[0], service[game], server[], args[gameReq:{command:1001 serial:1 content:"\x10\xb1ˊϜ\xcc\x04"} token:"1e4dd5f6-de4b-52f0-b334-31e4b59589a9" server:"portal01" ctime:1676700712]
2023-02-18 14:12:02 WARN grpc/client_conn.go:189 call rpc method[/Game/Connect], id[0], service[game], server[], args[gameReq:{command:1001 serial:1 content:"\x10\xb1ˊϜ\xcc\x04"} token:"1e4dd5f6-de4b-52f0-b334-31e4b59589a9" server:"portal01" ctime:1676700712], error: rpc error: code = DeadlineExceeded desc = context deadline exceeded
2023-02-18 14:12:02 DEBUG controller/handler.go:274 error: rpc error: code = DeadlineExceeded desc = context deadline exceeded
2023-02-18 14:12:02 DEBUG controller/handler.go:139 HandleClient: resp[command:23 serial:1 timestamp:1676700722 content:"\x08\x04"]
2023-02-18 14:12:12 DEBUG controller/handler.go:185 Connect: req[command:1001 serial:1 content:"\x10\xb1ˊϜ\xcc\x04"]
2023-02-18 14:12:12 DEBUG grpc/client_conn.go:168 call rpc method[/Game/Connect], id[0], service[game], server[], args[gameReq:{command:1001 serial:1 content:"\x10\xb1ˊϜ\xcc\x04"} token:"19a75067-3794-5dd9-ab44-e4afef107078" server:"portal01" ctime:1676700730]
2023-02-18 14:12:13 DEBUG controller/handler.go:200 Connect: resp[gameResp: {
  command: 1002
  serial: 1
  timestamp: 1676700733
  content: "\x10\xb1ˊϜ\xcc\x04"
}
uid: 20211208201649
]
2023-02-18 14:12:13 DEBUG controller/handler.go:139 HandleClient: resp[command:1002 serial:1 timestamp:1676700733 content:"\x10\xb1ˊϜ\xcc\x04"]
2023-02-18 14:12:14 DEBUG controller/handler.go:214 Transfer: req[command:1033 serial:2 content:"\n\x1f#GM:addItem(11,1);addItem(11,2)"]
2023-02-18 14:12:14 DEBUG grpc/client_conn.go:168 call rpc method[/Game/Transfer], id[20211208201649], service[game], server[game01], args[gameReq:{command:1033 serial:2 content:"\n\x1f#GM:addItem(11,1);addItem(11,2)"} uid:20211208201649 token:"19a75067-3794-5dd9-ab44-e4afef107078" ctime:1676700730]
2023-02-18 14:12:22 DEBUG controller/handler.go:238 Transfer: resp[gameResp: {
  command: 1034
  serial: 2
  timestamp: 1676700736
  content: "\n\x1c\n\x0c\n\x04\x08\x0b\x10\x01\n\x04\x08\x0b\x10\x02\x12\x0c\x08E x(\xc0\xd8\xc1\x9f\x068\x01"
}
]
2023-02-18 14:12:22 DEBUG controller/handler.go:139 HandleClient: resp[command:1034 serial:2 timestamp:1676700736 content:"\n\x1c\n\x0c\n\x04\x08\x0b\x10\x01\n\x04\x08\x0b\x10\x02\x12\x0c\x08E x(\xc0\xd8\xc1\x9f\x068\x01"]
2023-02-18 14:12:23 DEBUG controller/handler.go:214 Transfer: req[command:1033 serial:3 content:"\n\x1f#GM:addItem(11,1);addItem(11,2)"]
2023-02-18 14:12:23 DEBUG grpc/client_conn.go:168 call rpc method[/Game/Transfer], id[20211208201649], service[game], server[game01], args[gameReq:{command:1033 serial:3 content:"\n\x1f#GM:addItem(11,1);addItem(11,2)"} uid:20211208201649 token:"19a75067-3794-5dd9-ab44-e4afef107078" ctime:1676700730]
2023-02-18 14:12:33 WARN grpc/client_conn.go:189 call rpc method[/Game/Transfer], id[20211208201649], service[game], server[game01], args[gameReq:{command:1033 serial:3 content:"\n\x1f#GM:addItem(11,1);addItem(11,2)"} uid:20211208201649 token:"19a75067-3794-5dd9-ab44-e4afef107078" ctime:1676700730], error: rpc error: code = DeadlineExceeded desc = context deadline exceeded
