2022-03-14 17:38:35 INFO base/config_manager.go:2381 Load cfg_action_unlock.csv file success
2022-03-14 17:38:35 INFO base/config_manager.go:2381 Load cfg_activity.csv file success
2022-03-14 17:38:35 INFO base/config_manager.go:2381 Load cfg_activity_func.csv file success
2022-03-14 17:38:35 INFO base/config_manager.go:2381 Load cfg_battle_level.csv file success
2022-03-14 17:38:35 INFO base/config_manager.go:2381 Load cfg_battle_npc.csv file success
2022-03-14 17:38:35 INFO base/config_manager.go:2381 Load cfg_battle_position.csv file success
2022-03-14 17:38:35 INFO base/config_manager.go:2381 Load cfg_boss_infor.csv file success
2022-03-14 17:38:35 INFO base/config_manager.go:2381 Load cfg_buff.csv file success
2022-03-14 17:38:35 INFO base/config_manager.go:2381 Load cfg_bullet.csv file success
2022-03-14 17:38:35 INFO base/config_manager.go:2381 Load cfg_chapter_level_achievement.csv file success
2022-03-14 17:38:35 INFO base/config_manager.go:2381 Load cfg_character.csv file success
2022-03-14 17:38:35 INFO base/config_manager.go:2381 Load cfg_character_battle.csv file success
2022-03-14 17:38:35 INFO base/config_manager.go:2381 Load cfg_character_camp.csv file success
2022-03-14 17:38:35 INFO base/config_manager.go:2381 Load cfg_character_career.csv file success
2022-03-14 17:38:35 INFO base/config_manager.go:2381 Load cfg_character_data.csv file success
2022-03-14 17:38:35 INFO base/config_manager.go:2381 Load cfg_character_feature.csv file success
2022-03-14 17:38:35 INFO base/config_manager.go:2381 Load cfg_character_level.csv file success
2022-03-14 17:38:35 INFO base/config_manager.go:2381 Load cfg_character_rarity.csv file success
2022-03-14 17:38:35 INFO base/config_manager.go:2381 Load cfg_character_skill.csv file success
2022-03-14 17:38:35 INFO base/config_manager.go:2381 Load cfg_character_skin.csv file success
2022-03-14 17:38:35 INFO base/config_manager.go:2381 Load cfg_character_stage.csv file success
2022-03-14 17:38:35 INFO base/config_manager.go:2381 Load cfg_character_star.csv file success
2022-03-14 17:38:35 INFO base/config_manager.go:2381 Load cfg_combat_power.csv file success
2022-03-14 17:38:35 INFO base/config_manager.go:2381 Load cfg_combat_power_adapt.csv file success
2022-03-14 17:38:35 INFO base/config_manager.go:2381 Load cfg_drop_data.csv file success
2022-03-14 17:38:35 INFO base/config_manager.go:2381 Load cfg_drop_group.csv file success
2022-03-14 17:38:35 INFO base/config_manager.go:2381 Load cfg_equipLevelUp_data.csv file success
2022-03-14 17:38:35 INFO base/config_manager.go:2381 Load cfg_equip_advance.csv file success
2022-03-14 17:38:35 INFO base/config_manager.go:2381 Load cfg_equip_attributes_data.csv file success
2022-03-14 17:38:35 INFO base/config_manager.go:2381 Load cfg_equip_break.csv file success
2022-03-14 17:38:35 INFO base/config_manager.go:2381 Load cfg_equip_data.csv file success
2022-03-14 17:38:35 INFO base/config_manager.go:2381 Load cfg_equip_rand_attributes.csv file success
2022-03-14 17:38:35 INFO base/config_manager.go:2381 Load cfg_equip_rand_attributes_value.csv file success
2022-03-14 17:38:35 INFO base/config_manager.go:2381 Load cfg_equip_skill.csv file success
2022-03-14 17:38:35 INFO base/config_manager.go:2381 Load cfg_everyday_energy_receive.csv file success
2022-03-14 17:38:35 INFO base/config_manager.go:2381 Load cfg_explore_chapter.csv file success
2022-03-14 17:38:35 INFO base/config_manager.go:2381 Load cfg_explore_chapter_level.csv file success
2022-03-14 17:38:35 INFO base/config_manager.go:2381 Load cfg_explore_chapter_level_adapt.csv file success
2022-03-14 17:38:35 INFO base/config_manager.go:2381 Load cfg_explore_chapter_reward.csv file success
2022-03-14 17:38:35 INFO base/config_manager.go:2381 Load cfg_explore_event.csv file success
2022-03-14 17:38:35 INFO base/config_manager.go:2381 Load cfg_explore_fog.csv file success
2022-03-14 17:38:35 INFO base/config_manager.go:2381 Load cfg_explore_gather.csv file success
2022-03-14 17:38:35 INFO base/config_manager.go:2381 Load cfg_explore_map_coordinate.csv file success
2022-03-14 17:38:35 INFO base/config_manager.go:2381 Load cfg_explore_monster.csv file success
2022-03-14 17:38:35 INFO base/config_manager.go:2381 Load cfg_explore_npc.csv file success
2022-03-14 17:38:35 INFO base/config_manager.go:2381 Load cfg_explore_resource.csv file success
2022-03-14 17:38:35 INFO base/config_manager.go:2381 Load cfg_field_skill.csv file success
2022-03-14 17:38:35 INFO base/config_manager.go:2381 Load cfg_fx.csv file success
2022-03-14 17:38:35 INFO base/config_manager.go:2381 Load cfg_gacha_drop.csv file success
2022-03-14 17:38:35 INFO base/config_manager.go:2381 Load cfg_gacha_global.csv file success
2022-03-14 17:38:35 INFO base/config_manager.go:2381 Load cfg_gacha_pool.csv file success
2022-03-14 17:38:35 INFO base/config_manager.go:2381 Load cfg_global_string.csv file success
2022-03-14 17:38:35 INFO base/config_manager.go:2381 Load cfg_graveyard_build.csv file success
2022-03-14 17:38:35 INFO base/config_manager.go:2381 Load cfg_graveyard_build_level.csv file success
2022-03-14 17:38:35 INFO base/config_manager.go:2381 Load cfg_graveyard_build_stage.csv file success
2022-03-14 17:38:35 INFO base/config_manager.go:2381 Load cfg_graveyard_main_tower_level.csv file success
2022-03-14 17:38:35 INFO base/config_manager.go:2381 Load cfg_graveyard_produce_buff.csv file success
2022-03-14 17:38:35 INFO base/config_manager.go:2381 Load cfg_guide_module.csv file success
2022-03-14 17:38:35 INFO base/config_manager.go:2381 Load cfg_guide_step.csv file success
2022-03-14 17:38:35 INFO base/config_manager.go:2381 Load cfg_guild_greetings.csv file success
2022-03-14 17:38:35 INFO base/config_manager.go:2381 Load cfg_guild_level.csv file success
2022-03-14 17:38:35 INFO base/config_manager.go:2381 Load cfg_guild_task.csv file success
2022-03-14 17:38:35 INFO base/config_manager.go:2381 Load cfg_hero.csv file success
2022-03-14 17:38:35 INFO base/config_manager.go:2381 Load cfg_hero_camp_skill_filter.csv file success
2022-03-14 17:38:35 INFO base/config_manager.go:2381 Load cfg_hero_data.csv file success
2022-03-14 17:38:35 INFO base/config_manager.go:2381 Load cfg_hero_extra_data.csv file success
2022-03-14 17:38:35 INFO base/config_manager.go:2381 Load cfg_hero_level.csv file success
2022-03-14 17:38:35 INFO base/config_manager.go:2381 Load cfg_hero_skill.csv file success
2022-03-14 17:38:35 INFO base/config_manager.go:2381 Load cfg_hero_task_data.csv file success
2022-03-14 17:38:35 INFO base/config_manager.go:2381 Load cfg_item_data.csv file success
2022-03-14 17:38:35 INFO base/config_manager.go:2381 Load cfg_mail_template.csv file success
2022-03-14 17:38:35 INFO base/config_manager.go:2381 Load cfg_manual.csv file success
2022-03-14 17:38:35 INFO base/config_manager.go:2381 Load cfg_manual_camp.csv file success
2022-03-14 17:38:35 INFO base/config_manager.go:2381 Load cfg_manual_character_voice.csv file success
2022-03-14 17:38:35 INFO base/config_manager.go:2381 Load cfg_manual_group.csv file success
2022-03-14 17:38:35 INFO base/config_manager.go:2381 Load cfg_manual_level_attribute_data.csv file success
2022-03-14 17:38:35 INFO base/config_manager.go:2381 Load cfg_mask_word.csv file success
2022-03-14 17:38:35 INFO base/config_manager.go:2381 Load cfg_monster_battle.csv file success
2022-03-14 17:38:35 INFO base/config_manager.go:2381 Load cfg_monster_data.csv file success
2022-03-14 17:38:35 INFO base/config_manager.go:2381 Load cfg_names_npc.csv file success
2022-03-14 17:38:35 INFO base/config_manager.go:2381 Load cfg_passive_effect.csv file success
2022-03-14 17:38:35 INFO base/config_manager.go:2381 Load cfg_passsive_attributes.csv file success
2022-03-14 17:38:35 INFO base/config_manager.go:2381 Load cfg_quick_purchase_stamina.csv file success
2022-03-14 17:38:35 INFO base/config_manager.go:2381 Load cfg_rarity.csv file success
2022-03-14 17:38:35 INFO base/config_manager.go:2381 Load cfg_score_pass_group.csv file success
2022-03-14 17:38:35 INFO base/config_manager.go:2381 Load cfg_score_pass_phase.csv file success
2022-03-14 17:38:35 INFO base/config_manager.go:2381 Load cfg_score_pass_reward.csv file success
2022-03-14 17:38:35 INFO base/config_manager.go:2381 Load cfg_score_pass_task.csv file success
2022-03-14 17:38:35 INFO base/config_manager.go:2381 Load cfg_signin_data.csv file success
2022-03-14 17:38:35 INFO base/config_manager.go:2381 Load cfg_skill.csv file success
2022-03-14 17:38:35 INFO base/config_manager.go:2381 Load cfg_skill_effect.csv file success
2022-03-14 17:38:35 INFO base/config_manager.go:2381 Load cfg_skill_event.csv file success
2022-03-14 17:38:35 INFO base/config_manager.go:2381 Load cfg_sound.csv file success
2022-03-14 17:38:35 INFO base/config_manager.go:2381 Load cfg_store_general.csv file success
2022-03-14 17:38:35 INFO base/config_manager.go:2381 Load cfg_store_goods.csv file success
2022-03-14 17:38:35 INFO base/config_manager.go:2381 Load cfg_store_substore.csv file success
2022-03-14 17:38:35 INFO base/config_manager.go:2381 Load cfg_store_update.csv file success
2022-03-14 17:38:35 INFO base/config_manager.go:2381 Load cfg_survey_info.csv file success
2022-03-14 17:38:35 INFO base/config_manager.go:2381 Load cfg_survey_question.csv file success
2022-03-14 17:38:35 INFO base/config_manager.go:2381 Load cfg_targeting.csv file success
2022-03-14 17:38:35 INFO base/config_manager.go:2381 Load cfg_task_data.csv file success
2022-03-14 17:38:35 INFO base/config_manager.go:2381 Load cfg_task_reward.csv file success
2022-03-14 17:38:35 INFO base/config_manager.go:2381 Load cfg_team_level.csv file success
2022-03-14 17:38:35 INFO base/config_manager.go:2381 Load cfg_tower.csv file success
2022-03-14 17:38:35 INFO base/config_manager.go:2381 Load cfg_tower_level.csv file success
2022-03-14 17:38:35 INFO base/config_manager.go:2381 Load cfg_tower_stage.csv file success
2022-03-14 17:38:35 INFO base/config_manager.go:2381 Load cfg_tp_gate.csv file success
2022-03-14 17:38:35 INFO base/config_manager.go:2381 Load cfg_ultra_skill.csv file success
2022-03-14 17:38:35 INFO base/config_manager.go:2381 Load cfg_user_avatar.csv file success
2022-03-14 17:38:35 INFO base/config_manager.go:2381 Load cfg_vn.csv file success
2022-03-14 17:38:35 INFO base/config_manager.go:2381 Load cfg_world_item_advance.csv file success
2022-03-14 17:38:35 INFO base/config_manager.go:2381 Load cfg_world_item_attributes_data.csv file success
2022-03-14 17:38:35 INFO base/config_manager.go:2381 Load cfg_world_item_data.csv file success
2022-03-14 17:38:35 INFO base/config_manager.go:2381 Load cfg_world_item_level_up_data.csv file success
2022-03-14 17:38:35 INFO base/config_manager.go:2381 Load cfg_yggdrasil_area.csv file success
2022-03-14 17:38:35 INFO base/config_manager.go:2381 Load cfg_yggdrasil_area_city.csv file success
2022-03-14 17:38:35 INFO base/config_manager.go:2381 Load cfg_yggdrasil_area_pos.csv file success
2022-03-14 17:38:35 INFO base/config_manager.go:2381 Load cfg_yggdrasil_building.csv file success
2022-03-14 17:38:35 INFO base/config_manager.go:2381 Load cfg_yggdrasil_cobuilding.csv file success
2022-03-14 17:38:35 INFO base/config_manager.go:2381 Load cfg_yggdrasil_daily_monster.csv file success
2022-03-14 17:38:35 INFO base/config_manager.go:2381 Load cfg_yggdrasil_dispatch.csv file success
2022-03-14 17:38:35 INFO base/config_manager.go:2381 Load cfg_yggdrasil_mark.csv file success
2022-03-14 17:38:35 INFO base/config_manager.go:2381 Load cfg_yggdrasil_object.csv file success
2022-03-14 17:38:35 INFO base/config_manager.go:2381 Load cfg_yggdrasil_object_state.csv file success
2022-03-14 17:38:35 INFO base/config_manager.go:2381 Load cfg_yggdrasil_simple_talk.csv file success
2022-03-14 17:38:35 INFO base/config_manager.go:2381 Load cfg_yggdrasil_sub_task.csv file success
2022-03-14 17:38:35 INFO base/config_manager.go:2381 Load cfg_yggdrasil_sub_task_env.csv file success
2022-03-14 17:38:35 INFO base/config_manager.go:2381 Load cfg_yggdrasil_task.csv file success
2022-03-14 17:38:35 INFO base/config_manager.go:2381 Load cfg_yggdrasil_world.csv file success
2022-03-14 17:38:35 INFO base/config_manager.go:2381 Load gm.csv file success
2022-03-14 17:38:35 INFO base/config_manager.go:2381 Load protocol.csv file success
2022-03-14 17:38:35 INFO etcd/dial.go:30 etcd 127.0.0.1:2379 connect success
2022-03-14 17:38:35 INFO etcd/dial.go:30 etcd 127.0.0.1:2479 connect success
2022-03-14 17:38:35 INFO etcd/dial.go:30 etcd 127.0.0.1:2579 connect success
2022-03-14 17:38:35 INFO resolver/watcher.go:55 start watching service [mail]
2022-03-14 17:38:35 INFO controller/router.go:64 RegisterHandler Method:GET,Path:fetchWhiteList,Func:<func(*method.HttpGetHandler, context.Context, *httputil.Params) (map[whitelist.WhiteListType][]interface {}, error) Value>
2022-03-14 17:38:35 INFO balancer/balancer.go:109 + service [game] register server [game01, 10.23.40.249:49936]
2022-03-14 17:38:35 INFO controller/router.go:64 RegisterHandler Method:GET,Path:test,Func:<func(*method.HttpGetHandler, context.Context, *httputil.Params) (string, error) Value>
2022-03-14 17:38:35 INFO controller/router.go:64 RegisterHandler Method:POST,Path:addWhiteList,Func:<func(*method.HttpPostHandler, context.Context, *httputil.Params) error Value>
2022-03-14 17:38:35 INFO controller/router.go:64 RegisterHandler Method:POST,Path:delWhiteList,Func:<func(*method.HttpPostHandler, context.Context, *httputil.Params) error Value>
2022-03-14 17:38:35 INFO controller/router.go:64 RegisterHandler Method:POST,Path:sendMail,Func:<func(*method.HttpPostHandler, context.Context, *httputil.Params) error Value>
2022-03-14 17:38:35 INFO controller/router.go:64 RegisterHandler Method:POST,Path:sendWholeServerMail,Func:<func(*method.HttpPostHandler, context.Context, *httputil.Params) error Value>
2022-03-14 17:38:35 INFO controller/router.go:64 RegisterHandler Method:POST,Path:whiteListSwitch,Func:<func(*method.HttpPostHandler, context.Context, *httputil.Params) error Value>
2022-03-14 17:38:35 INFO resolver/watcher.go:55 start watching service [game]
2022-03-14 17:38:35 INFO gm/main.go:30 Starting HTTP server ...
2022-03-14 17:38:35 INFO balancer/picker.go:60 
--------- service [game] regenerate server ----------
          1. game01, 10.23.40.249:49936
---------------------------------------------------
2022-03-14 17:50:02 INFO balancer/balancer.go:141 - service [game] unregister Server [game01]
2022-03-14 17:50:09 INFO balancer/balancer.go:109 + service [game] register server [game01, 10.23.40.249:50171]
2022-03-14 17:50:09 INFO balancer/picker.go:60 
--------- service [game] regenerate server ----------
          1. game01, 10.23.40.249:50171
---------------------------------------------------
2022-03-14 17:54:23 INFO balancer/balancer.go:141 - service [game] unregister Server [game01]
2022-03-14 17:54:28 INFO balancer/balancer.go:109 + service [game] register server [game01, 10.23.40.249:53638]
2022-03-14 17:54:28 INFO balancer/picker.go:60 
--------- service [game] regenerate server ----------
          1. game01, 10.23.40.249:53638
---------------------------------------------------
2022-03-14 17:55:47 INFO balancer/balancer.go:141 - service [game] unregister Server [game01]
2022-03-14 17:55:54 INFO balancer/balancer.go:109 + service [game] register server [game01, 10.23.40.249:53797]
2022-03-14 17:55:54 INFO balancer/picker.go:60 
--------- service [game] regenerate server ----------
          1. game01, 10.23.40.249:53797
---------------------------------------------------
