2022-06-05 18:06:52 INFO base/config_manager.go:2381 Load cfg_action_unlock.csv file success
2022-06-05 18:06:52 INFO base/config_manager.go:2381 Load cfg_activity.csv file success
2022-06-05 18:06:52 INFO base/config_manager.go:2381 Load cfg_activity_func.csv file success
2022-06-05 18:06:52 INFO base/config_manager.go:2381 Load cfg_battle_level.csv file success
2022-06-05 18:06:52 INFO base/config_manager.go:2381 Load cfg_battle_npc.csv file success
2022-06-05 18:06:52 INFO base/config_manager.go:2381 Load cfg_battle_position.csv file success
2022-06-05 18:06:52 INFO base/config_manager.go:2381 Load cfg_boss_infor.csv file success
2022-06-05 18:06:52 INFO base/config_manager.go:2381 Load cfg_buff.csv file success
2022-06-05 18:06:52 INFO base/config_manager.go:2381 Load cfg_bullet.csv file success
2022-06-05 18:06:52 INFO base/config_manager.go:2381 Load cfg_chapter_level_achievement.csv file success
2022-06-05 18:06:52 INFO base/config_manager.go:2381 Load cfg_character.csv file success
2022-06-05 18:06:52 INFO base/config_manager.go:2381 Load cfg_character_battle.csv file success
2022-06-05 18:06:52 INFO base/config_manager.go:2381 Load cfg_character_camp.csv file success
2022-06-05 18:06:52 INFO base/config_manager.go:2381 Load cfg_character_career.csv file success
2022-06-05 18:06:52 INFO base/config_manager.go:2381 Load cfg_character_data.csv file success
2022-06-05 18:06:52 INFO base/config_manager.go:2381 Load cfg_character_feature.csv file success
2022-06-05 18:06:52 INFO base/config_manager.go:2381 Load cfg_character_level.csv file success
2022-06-05 18:06:52 INFO base/config_manager.go:2381 Load cfg_character_rarity.csv file success
2022-06-05 18:06:52 INFO base/config_manager.go:2381 Load cfg_character_skill.csv file success
2022-06-05 18:06:52 INFO base/config_manager.go:2381 Load cfg_character_skin.csv file success
2022-06-05 18:06:52 INFO base/config_manager.go:2381 Load cfg_character_stage.csv file success
2022-06-05 18:06:52 INFO base/config_manager.go:2381 Load cfg_character_star.csv file success
2022-06-05 18:06:52 INFO base/config_manager.go:2381 Load cfg_combat_power.csv file success
2022-06-05 18:06:52 INFO base/config_manager.go:2381 Load cfg_combat_power_adapt.csv file success
2022-06-05 18:06:52 INFO base/config_manager.go:2381 Load cfg_drop_data.csv file success
2022-06-05 18:06:53 INFO base/config_manager.go:2381 Load cfg_drop_group.csv file success
2022-06-05 18:06:53 INFO base/config_manager.go:2381 Load cfg_equipLevelUp_data.csv file success
2022-06-05 18:06:53 INFO base/config_manager.go:2381 Load cfg_equip_advance.csv file success
2022-06-05 18:06:53 INFO base/config_manager.go:2381 Load cfg_equip_attributes_data.csv file success
2022-06-05 18:06:53 INFO base/config_manager.go:2381 Load cfg_equip_break.csv file success
2022-06-05 18:06:53 INFO base/config_manager.go:2381 Load cfg_equip_data.csv file success
2022-06-05 18:06:53 INFO base/config_manager.go:2381 Load cfg_equip_rand_attributes.csv file success
2022-06-05 18:06:53 INFO base/config_manager.go:2381 Load cfg_equip_rand_attributes_value.csv file success
2022-06-05 18:06:53 INFO base/config_manager.go:2381 Load cfg_equip_skill.csv file success
2022-06-05 18:06:53 INFO base/config_manager.go:2381 Load cfg_everyday_energy_receive.csv file success
2022-06-05 18:06:53 INFO base/config_manager.go:2381 Load cfg_explore_chapter.csv file success
2022-06-05 18:06:53 INFO base/config_manager.go:2381 Load cfg_explore_chapter_level.csv file success
2022-06-05 18:06:53 INFO base/config_manager.go:2381 Load cfg_explore_chapter_level_adapt.csv file success
2022-06-05 18:06:53 INFO base/config_manager.go:2381 Load cfg_explore_chapter_reward.csv file success
2022-06-05 18:06:53 INFO base/config_manager.go:2381 Load cfg_explore_event.csv file success
2022-06-05 18:06:53 INFO base/config_manager.go:2381 Load cfg_explore_fog.csv file success
2022-06-05 18:06:53 INFO base/config_manager.go:2381 Load cfg_explore_gather.csv file success
2022-06-05 18:06:53 INFO base/config_manager.go:2381 Load cfg_explore_map_coordinate.csv file success
2022-06-05 18:06:53 INFO base/config_manager.go:2381 Load cfg_explore_monster.csv file success
2022-06-05 18:06:53 INFO base/config_manager.go:2381 Load cfg_explore_npc.csv file success
2022-06-05 18:06:53 INFO base/config_manager.go:2381 Load cfg_explore_resource.csv file success
2022-06-05 18:06:53 INFO base/config_manager.go:2381 Load cfg_field_skill.csv file success
2022-06-05 18:06:53 INFO base/config_manager.go:2381 Load cfg_fx.csv file success
2022-06-05 18:06:53 INFO base/config_manager.go:2381 Load cfg_gacha_drop.csv file success
2022-06-05 18:06:53 INFO base/config_manager.go:2381 Load cfg_gacha_global.csv file success
2022-06-05 18:06:53 INFO base/config_manager.go:2381 Load cfg_gacha_pool.csv file success
2022-06-05 18:06:53 INFO base/config_manager.go:2381 Load cfg_global_string.csv file success
2022-06-05 18:06:53 INFO base/config_manager.go:2381 Load cfg_graveyard_build.csv file success
2022-06-05 18:06:53 INFO base/config_manager.go:2381 Load cfg_graveyard_build_level.csv file success
2022-06-05 18:06:53 INFO base/config_manager.go:2381 Load cfg_graveyard_build_stage.csv file success
2022-06-05 18:06:53 INFO base/config_manager.go:2381 Load cfg_graveyard_main_tower_level.csv file success
2022-06-05 18:06:53 INFO base/config_manager.go:2381 Load cfg_graveyard_produce_buff.csv file success
2022-06-05 18:06:53 INFO base/config_manager.go:2381 Load cfg_guide_module.csv file success
2022-06-05 18:06:53 INFO base/config_manager.go:2381 Load cfg_guide_step.csv file success
2022-06-05 18:06:53 INFO base/config_manager.go:2381 Load cfg_guild_greetings.csv file success
2022-06-05 18:06:53 INFO base/config_manager.go:2381 Load cfg_guild_level.csv file success
2022-06-05 18:06:53 INFO base/config_manager.go:2381 Load cfg_guild_task.csv file success
2022-06-05 18:06:53 INFO base/config_manager.go:2381 Load cfg_hero.csv file success
2022-06-05 18:06:53 INFO base/config_manager.go:2381 Load cfg_hero_camp_skill_filter.csv file success
2022-06-05 18:06:53 INFO base/config_manager.go:2381 Load cfg_hero_data.csv file success
2022-06-05 18:06:53 INFO base/config_manager.go:2381 Load cfg_hero_extra_data.csv file success
2022-06-05 18:06:53 INFO base/config_manager.go:2381 Load cfg_hero_level.csv file success
2022-06-05 18:06:53 INFO base/config_manager.go:2381 Load cfg_hero_skill.csv file success
2022-06-05 18:06:53 INFO base/config_manager.go:2381 Load cfg_hero_task_data.csv file success
2022-06-05 18:06:53 INFO base/config_manager.go:2381 Load cfg_item_data.csv file success
2022-06-05 18:06:53 INFO base/config_manager.go:2381 Load cfg_mail_template.csv file success
2022-06-05 18:06:53 INFO base/config_manager.go:2381 Load cfg_manual.csv file success
2022-06-05 18:06:53 INFO base/config_manager.go:2381 Load cfg_manual_camp.csv file success
2022-06-05 18:06:53 INFO base/config_manager.go:2381 Load cfg_manual_character_voice.csv file success
2022-06-05 18:06:53 INFO base/config_manager.go:2381 Load cfg_manual_group.csv file success
2022-06-05 18:06:53 INFO base/config_manager.go:2381 Load cfg_manual_level_attribute_data.csv file success
2022-06-05 18:06:53 INFO base/config_manager.go:2381 Load cfg_mask_word.csv file success
2022-06-05 18:06:53 INFO base/config_manager.go:2381 Load cfg_monster_battle.csv file success
2022-06-05 18:06:53 INFO base/config_manager.go:2381 Load cfg_monster_data.csv file success
2022-06-05 18:06:53 INFO base/config_manager.go:2381 Load cfg_names_npc.csv file success
2022-06-05 18:06:53 INFO base/config_manager.go:2381 Load cfg_passive_effect.csv file success
2022-06-05 18:06:53 INFO base/config_manager.go:2381 Load cfg_passsive_attributes.csv file success
2022-06-05 18:06:53 INFO base/config_manager.go:2381 Load cfg_quick_purchase_stamina.csv file success
2022-06-05 18:06:53 INFO base/config_manager.go:2381 Load cfg_rarity.csv file success
2022-06-05 18:06:53 INFO base/config_manager.go:2381 Load cfg_score_pass_group.csv file success
2022-06-05 18:06:53 INFO base/config_manager.go:2381 Load cfg_score_pass_phase.csv file success
2022-06-05 18:06:53 INFO base/config_manager.go:2381 Load cfg_score_pass_reward.csv file success
2022-06-05 18:06:53 INFO base/config_manager.go:2381 Load cfg_score_pass_task.csv file success
2022-06-05 18:06:53 INFO base/config_manager.go:2381 Load cfg_signin_data.csv file success
2022-06-05 18:06:53 INFO base/config_manager.go:2381 Load cfg_skill.csv file success
2022-06-05 18:06:53 INFO base/config_manager.go:2381 Load cfg_skill_effect.csv file success
2022-06-05 18:06:53 INFO base/config_manager.go:2381 Load cfg_skill_event.csv file success
2022-06-05 18:06:53 INFO base/config_manager.go:2381 Load cfg_sound.csv file success
2022-06-05 18:06:53 INFO base/config_manager.go:2381 Load cfg_store_general.csv file success
2022-06-05 18:06:53 INFO base/config_manager.go:2381 Load cfg_store_goods.csv file success
2022-06-05 18:06:53 INFO base/config_manager.go:2381 Load cfg_store_substore.csv file success
2022-06-05 18:06:53 INFO base/config_manager.go:2381 Load cfg_store_update.csv file success
2022-06-05 18:06:53 INFO base/config_manager.go:2381 Load cfg_survey_info.csv file success
2022-06-05 18:06:53 INFO base/config_manager.go:2381 Load cfg_survey_question.csv file success
2022-06-05 18:06:53 INFO base/config_manager.go:2381 Load cfg_targeting.csv file success
2022-06-05 18:06:53 INFO base/config_manager.go:2381 Load cfg_task_data.csv file success
2022-06-05 18:06:53 INFO base/config_manager.go:2381 Load cfg_task_reward.csv file success
2022-06-05 18:06:53 INFO base/config_manager.go:2381 Load cfg_team_level.csv file success
2022-06-05 18:06:53 INFO base/config_manager.go:2381 Load cfg_tower.csv file success
2022-06-05 18:06:53 INFO base/config_manager.go:2381 Load cfg_tower_level.csv file success
2022-06-05 18:06:53 INFO base/config_manager.go:2381 Load cfg_tower_stage.csv file success
2022-06-05 18:06:53 INFO base/config_manager.go:2381 Load cfg_tp_gate.csv file success
2022-06-05 18:06:53 INFO base/config_manager.go:2381 Load cfg_ultra_skill.csv file success
2022-06-05 18:06:53 INFO base/config_manager.go:2381 Load cfg_user_avatar.csv file success
2022-06-05 18:06:53 INFO base/config_manager.go:2381 Load cfg_vn.csv file success
2022-06-05 18:06:53 INFO base/config_manager.go:2381 Load cfg_world_item_advance.csv file success
2022-06-05 18:06:53 INFO base/config_manager.go:2381 Load cfg_world_item_attributes_data.csv file success
2022-06-05 18:06:53 INFO base/config_manager.go:2381 Load cfg_world_item_data.csv file success
2022-06-05 18:06:53 INFO base/config_manager.go:2381 Load cfg_world_item_level_up_data.csv file success
2022-06-05 18:06:53 INFO base/config_manager.go:2381 Load cfg_yggdrasil_area.csv file success
2022-06-05 18:06:53 INFO base/config_manager.go:2381 Load cfg_yggdrasil_area_city.csv file success
2022-06-05 18:06:53 INFO base/config_manager.go:2381 Load cfg_yggdrasil_area_pos.csv file success
2022-06-05 18:06:53 INFO base/config_manager.go:2381 Load cfg_yggdrasil_building.csv file success
2022-06-05 18:06:53 INFO base/config_manager.go:2381 Load cfg_yggdrasil_cobuilding.csv file success
2022-06-05 18:06:53 INFO base/config_manager.go:2381 Load cfg_yggdrasil_daily_monster.csv file success
2022-06-05 18:06:53 INFO base/config_manager.go:2381 Load cfg_yggdrasil_dispatch.csv file success
2022-06-05 18:06:53 INFO base/config_manager.go:2381 Load cfg_yggdrasil_mark.csv file success
2022-06-05 18:06:53 INFO base/config_manager.go:2381 Load cfg_yggdrasil_object.csv file success
2022-06-05 18:06:53 INFO base/config_manager.go:2381 Load cfg_yggdrasil_object_state.csv file success
2022-06-05 18:06:53 INFO base/config_manager.go:2381 Load cfg_yggdrasil_simple_talk.csv file success
2022-06-05 18:06:53 INFO base/config_manager.go:2381 Load cfg_yggdrasil_sub_task.csv file success
2022-06-05 18:06:53 INFO base/config_manager.go:2381 Load cfg_yggdrasil_sub_task_env.csv file success
2022-06-05 18:06:53 INFO base/config_manager.go:2381 Load cfg_yggdrasil_task.csv file success
2022-06-05 18:06:53 INFO base/config_manager.go:2381 Load cfg_yggdrasil_world.csv file success
2022-06-05 18:06:53 INFO base/config_manager.go:2381 Load gm.csv file success
2022-06-05 18:06:53 INFO base/config_manager.go:2381 Load protocol.csv file success
2022-06-05 18:06:58 ERROR etcd connect error: context deadline exceeded
gamesvr/manager.Init
	C:/code/overlord-backend-go/gamesvr/manager/manager.go:80
main.main
	C:/code/overlord-backend-go/gamesvr/main.go:12
runtime.main
	C:/Program Files/Go/src/runtime/proc.go:225
2022-06-05 18:06:58 FATAL manager init error: context deadline exceeded
main.main
	C:/code/overlord-backend-go/gamesvr/main.go:14
runtime.main
	C:/Program Files/Go/src/runtime/proc.go:225
2022-06-05 18:07:25 INFO base/config_manager.go:2381 Load cfg_action_unlock.csv file success
2022-06-05 18:07:25 INFO base/config_manager.go:2381 Load cfg_activity.csv file success
2022-06-05 18:07:25 INFO base/config_manager.go:2381 Load cfg_activity_func.csv file success
2022-06-05 18:07:25 INFO base/config_manager.go:2381 Load cfg_battle_level.csv file success
2022-06-05 18:07:25 INFO base/config_manager.go:2381 Load cfg_battle_npc.csv file success
2022-06-05 18:07:25 INFO base/config_manager.go:2381 Load cfg_battle_position.csv file success
2022-06-05 18:07:25 INFO base/config_manager.go:2381 Load cfg_boss_infor.csv file success
2022-06-05 18:07:25 INFO base/config_manager.go:2381 Load cfg_buff.csv file success
2022-06-05 18:07:25 INFO base/config_manager.go:2381 Load cfg_bullet.csv file success
2022-06-05 18:07:25 INFO base/config_manager.go:2381 Load cfg_chapter_level_achievement.csv file success
2022-06-05 18:07:25 INFO base/config_manager.go:2381 Load cfg_character.csv file success
2022-06-05 18:07:25 INFO base/config_manager.go:2381 Load cfg_character_battle.csv file success
2022-06-05 18:07:25 INFO base/config_manager.go:2381 Load cfg_character_camp.csv file success
2022-06-05 18:07:25 INFO base/config_manager.go:2381 Load cfg_character_career.csv file success
2022-06-05 18:07:25 INFO base/config_manager.go:2381 Load cfg_character_data.csv file success
2022-06-05 18:07:25 INFO base/config_manager.go:2381 Load cfg_character_feature.csv file success
2022-06-05 18:07:25 INFO base/config_manager.go:2381 Load cfg_character_level.csv file success
2022-06-05 18:07:25 INFO base/config_manager.go:2381 Load cfg_character_rarity.csv file success
2022-06-05 18:07:25 INFO base/config_manager.go:2381 Load cfg_character_skill.csv file success
2022-06-05 18:07:25 INFO base/config_manager.go:2381 Load cfg_character_skin.csv file success
2022-06-05 18:07:25 INFO base/config_manager.go:2381 Load cfg_character_stage.csv file success
2022-06-05 18:07:25 INFO base/config_manager.go:2381 Load cfg_character_star.csv file success
2022-06-05 18:07:25 INFO base/config_manager.go:2381 Load cfg_combat_power.csv file success
2022-06-05 18:07:25 INFO base/config_manager.go:2381 Load cfg_combat_power_adapt.csv file success
2022-06-05 18:07:25 INFO base/config_manager.go:2381 Load cfg_drop_data.csv file success
2022-06-05 18:07:25 INFO base/config_manager.go:2381 Load cfg_drop_group.csv file success
2022-06-05 18:07:25 INFO base/config_manager.go:2381 Load cfg_equipLevelUp_data.csv file success
2022-06-05 18:07:25 INFO base/config_manager.go:2381 Load cfg_equip_advance.csv file success
2022-06-05 18:07:25 INFO base/config_manager.go:2381 Load cfg_equip_attributes_data.csv file success
2022-06-05 18:07:25 INFO base/config_manager.go:2381 Load cfg_equip_break.csv file success
2022-06-05 18:07:25 INFO base/config_manager.go:2381 Load cfg_equip_data.csv file success
2022-06-05 18:07:25 INFO base/config_manager.go:2381 Load cfg_equip_rand_attributes.csv file success
2022-06-05 18:07:25 INFO base/config_manager.go:2381 Load cfg_equip_rand_attributes_value.csv file success
2022-06-05 18:07:25 INFO base/config_manager.go:2381 Load cfg_equip_skill.csv file success
2022-06-05 18:07:25 INFO base/config_manager.go:2381 Load cfg_everyday_energy_receive.csv file success
2022-06-05 18:07:25 INFO base/config_manager.go:2381 Load cfg_explore_chapter.csv file success
2022-06-05 18:07:25 INFO base/config_manager.go:2381 Load cfg_explore_chapter_level.csv file success
2022-06-05 18:07:25 INFO base/config_manager.go:2381 Load cfg_explore_chapter_level_adapt.csv file success
2022-06-05 18:07:25 INFO base/config_manager.go:2381 Load cfg_explore_chapter_reward.csv file success
2022-06-05 18:07:25 INFO base/config_manager.go:2381 Load cfg_explore_event.csv file success
2022-06-05 18:07:25 INFO base/config_manager.go:2381 Load cfg_explore_fog.csv file success
2022-06-05 18:07:25 INFO base/config_manager.go:2381 Load cfg_explore_gather.csv file success
2022-06-05 18:07:25 INFO base/config_manager.go:2381 Load cfg_explore_map_coordinate.csv file success
2022-06-05 18:07:25 INFO base/config_manager.go:2381 Load cfg_explore_monster.csv file success
2022-06-05 18:07:25 INFO base/config_manager.go:2381 Load cfg_explore_npc.csv file success
2022-06-05 18:07:25 INFO base/config_manager.go:2381 Load cfg_explore_resource.csv file success
2022-06-05 18:07:25 INFO base/config_manager.go:2381 Load cfg_field_skill.csv file success
2022-06-05 18:07:25 INFO base/config_manager.go:2381 Load cfg_fx.csv file success
2022-06-05 18:07:25 INFO base/config_manager.go:2381 Load cfg_gacha_drop.csv file success
2022-06-05 18:07:25 INFO base/config_manager.go:2381 Load cfg_gacha_global.csv file success
2022-06-05 18:07:25 INFO base/config_manager.go:2381 Load cfg_gacha_pool.csv file success
2022-06-05 18:07:25 INFO base/config_manager.go:2381 Load cfg_global_string.csv file success
2022-06-05 18:07:25 INFO base/config_manager.go:2381 Load cfg_graveyard_build.csv file success
2022-06-05 18:07:25 INFO base/config_manager.go:2381 Load cfg_graveyard_build_level.csv file success
2022-06-05 18:07:25 INFO base/config_manager.go:2381 Load cfg_graveyard_build_stage.csv file success
2022-06-05 18:07:25 INFO base/config_manager.go:2381 Load cfg_graveyard_main_tower_level.csv file success
2022-06-05 18:07:25 INFO base/config_manager.go:2381 Load cfg_graveyard_produce_buff.csv file success
2022-06-05 18:07:25 INFO base/config_manager.go:2381 Load cfg_guide_module.csv file success
2022-06-05 18:07:25 INFO base/config_manager.go:2381 Load cfg_guide_step.csv file success
2022-06-05 18:07:25 INFO base/config_manager.go:2381 Load cfg_guild_greetings.csv file success
2022-06-05 18:07:25 INFO base/config_manager.go:2381 Load cfg_guild_level.csv file success
2022-06-05 18:07:25 INFO base/config_manager.go:2381 Load cfg_guild_task.csv file success
2022-06-05 18:07:25 INFO base/config_manager.go:2381 Load cfg_hero.csv file success
2022-06-05 18:07:25 INFO base/config_manager.go:2381 Load cfg_hero_camp_skill_filter.csv file success
2022-06-05 18:07:25 INFO base/config_manager.go:2381 Load cfg_hero_data.csv file success
2022-06-05 18:07:25 INFO base/config_manager.go:2381 Load cfg_hero_extra_data.csv file success
2022-06-05 18:07:25 INFO base/config_manager.go:2381 Load cfg_hero_level.csv file success
2022-06-05 18:07:25 INFO base/config_manager.go:2381 Load cfg_hero_skill.csv file success
2022-06-05 18:07:25 INFO base/config_manager.go:2381 Load cfg_hero_task_data.csv file success
2022-06-05 18:07:25 INFO base/config_manager.go:2381 Load cfg_item_data.csv file success
2022-06-05 18:07:25 INFO base/config_manager.go:2381 Load cfg_mail_template.csv file success
2022-06-05 18:07:25 INFO base/config_manager.go:2381 Load cfg_manual.csv file success
2022-06-05 18:07:25 INFO base/config_manager.go:2381 Load cfg_manual_camp.csv file success
2022-06-05 18:07:25 INFO base/config_manager.go:2381 Load cfg_manual_character_voice.csv file success
2022-06-05 18:07:25 INFO base/config_manager.go:2381 Load cfg_manual_group.csv file success
2022-06-05 18:07:25 INFO base/config_manager.go:2381 Load cfg_manual_level_attribute_data.csv file success
2022-06-05 18:07:25 INFO base/config_manager.go:2381 Load cfg_mask_word.csv file success
2022-06-05 18:07:25 INFO base/config_manager.go:2381 Load cfg_monster_battle.csv file success
2022-06-05 18:07:25 INFO base/config_manager.go:2381 Load cfg_monster_data.csv file success
2022-06-05 18:07:25 INFO base/config_manager.go:2381 Load cfg_names_npc.csv file success
2022-06-05 18:07:25 INFO base/config_manager.go:2381 Load cfg_passive_effect.csv file success
2022-06-05 18:07:25 INFO base/config_manager.go:2381 Load cfg_passsive_attributes.csv file success
2022-06-05 18:07:25 INFO base/config_manager.go:2381 Load cfg_quick_purchase_stamina.csv file success
2022-06-05 18:07:25 INFO base/config_manager.go:2381 Load cfg_rarity.csv file success
2022-06-05 18:07:25 INFO base/config_manager.go:2381 Load cfg_score_pass_group.csv file success
2022-06-05 18:07:25 INFO base/config_manager.go:2381 Load cfg_score_pass_phase.csv file success
2022-06-05 18:07:25 INFO base/config_manager.go:2381 Load cfg_score_pass_reward.csv file success
2022-06-05 18:07:25 INFO base/config_manager.go:2381 Load cfg_score_pass_task.csv file success
2022-06-05 18:07:25 INFO base/config_manager.go:2381 Load cfg_signin_data.csv file success
2022-06-05 18:07:25 INFO base/config_manager.go:2381 Load cfg_skill.csv file success
2022-06-05 18:07:25 INFO base/config_manager.go:2381 Load cfg_skill_effect.csv file success
2022-06-05 18:07:25 INFO base/config_manager.go:2381 Load cfg_skill_event.csv file success
2022-06-05 18:07:25 INFO base/config_manager.go:2381 Load cfg_sound.csv file success
2022-06-05 18:07:25 INFO base/config_manager.go:2381 Load cfg_store_general.csv file success
2022-06-05 18:07:25 INFO base/config_manager.go:2381 Load cfg_store_goods.csv file success
2022-06-05 18:07:25 INFO base/config_manager.go:2381 Load cfg_store_substore.csv file success
2022-06-05 18:07:25 INFO base/config_manager.go:2381 Load cfg_store_update.csv file success
2022-06-05 18:07:25 INFO base/config_manager.go:2381 Load cfg_survey_info.csv file success
2022-06-05 18:07:25 INFO base/config_manager.go:2381 Load cfg_survey_question.csv file success
2022-06-05 18:07:25 INFO base/config_manager.go:2381 Load cfg_targeting.csv file success
2022-06-05 18:07:25 INFO base/config_manager.go:2381 Load cfg_task_data.csv file success
2022-06-05 18:07:25 INFO base/config_manager.go:2381 Load cfg_task_reward.csv file success
2022-06-05 18:07:25 INFO base/config_manager.go:2381 Load cfg_team_level.csv file success
2022-06-05 18:07:25 INFO base/config_manager.go:2381 Load cfg_tower.csv file success
2022-06-05 18:07:25 INFO base/config_manager.go:2381 Load cfg_tower_level.csv file success
2022-06-05 18:07:25 INFO base/config_manager.go:2381 Load cfg_tower_stage.csv file success
2022-06-05 18:07:25 INFO base/config_manager.go:2381 Load cfg_tp_gate.csv file success
2022-06-05 18:07:25 INFO base/config_manager.go:2381 Load cfg_ultra_skill.csv file success
2022-06-05 18:07:25 INFO base/config_manager.go:2381 Load cfg_user_avatar.csv file success
2022-06-05 18:07:25 INFO base/config_manager.go:2381 Load cfg_vn.csv file success
2022-06-05 18:07:25 INFO base/config_manager.go:2381 Load cfg_world_item_advance.csv file success
2022-06-05 18:07:25 INFO base/config_manager.go:2381 Load cfg_world_item_attributes_data.csv file success
2022-06-05 18:07:25 INFO base/config_manager.go:2381 Load cfg_world_item_data.csv file success
2022-06-05 18:07:25 INFO base/config_manager.go:2381 Load cfg_world_item_level_up_data.csv file success
2022-06-05 18:07:25 INFO base/config_manager.go:2381 Load cfg_yggdrasil_area.csv file success
2022-06-05 18:07:25 INFO base/config_manager.go:2381 Load cfg_yggdrasil_area_city.csv file success
2022-06-05 18:07:25 INFO base/config_manager.go:2381 Load cfg_yggdrasil_area_pos.csv file success
2022-06-05 18:07:25 INFO base/config_manager.go:2381 Load cfg_yggdrasil_building.csv file success
2022-06-05 18:07:25 INFO base/config_manager.go:2381 Load cfg_yggdrasil_cobuilding.csv file success
2022-06-05 18:07:25 INFO base/config_manager.go:2381 Load cfg_yggdrasil_daily_monster.csv file success
2022-06-05 18:07:25 INFO base/config_manager.go:2381 Load cfg_yggdrasil_dispatch.csv file success
2022-06-05 18:07:25 INFO base/config_manager.go:2381 Load cfg_yggdrasil_mark.csv file success
2022-06-05 18:07:25 INFO base/config_manager.go:2381 Load cfg_yggdrasil_object.csv file success
2022-06-05 18:07:25 INFO base/config_manager.go:2381 Load cfg_yggdrasil_object_state.csv file success
2022-06-05 18:07:25 INFO base/config_manager.go:2381 Load cfg_yggdrasil_simple_talk.csv file success
2022-06-05 18:07:25 INFO base/config_manager.go:2381 Load cfg_yggdrasil_sub_task.csv file success
2022-06-05 18:07:25 INFO base/config_manager.go:2381 Load cfg_yggdrasil_sub_task_env.csv file success
2022-06-05 18:07:25 INFO base/config_manager.go:2381 Load cfg_yggdrasil_task.csv file success
2022-06-05 18:07:25 INFO base/config_manager.go:2381 Load cfg_yggdrasil_world.csv file success
2022-06-05 18:07:25 INFO base/config_manager.go:2381 Load gm.csv file success
2022-06-05 18:07:25 INFO base/config_manager.go:2381 Load protocol.csv file success
2022-06-05 18:07:25 INFO etcd/dial.go:30 etcd 127.0.0.1:2379 connect success
2022-06-05 18:07:25 INFO etcd/dial.go:30 etcd 127.0.0.1:2479 connect success
2022-06-05 18:07:25 INFO etcd/dial.go:30 etcd 127.0.0.1:2579 connect success
2022-06-05 18:08:05 INFO base/config_manager.go:2381 Load cfg_action_unlock.csv file success
2022-06-05 18:08:05 INFO base/config_manager.go:2381 Load cfg_activity.csv file success
2022-06-05 18:08:05 INFO base/config_manager.go:2381 Load cfg_activity_func.csv file success
2022-06-05 18:08:05 INFO base/config_manager.go:2381 Load cfg_battle_level.csv file success
2022-06-05 18:08:05 INFO base/config_manager.go:2381 Load cfg_battle_npc.csv file success
2022-06-05 18:08:05 INFO base/config_manager.go:2381 Load cfg_battle_position.csv file success
2022-06-05 18:08:05 INFO base/config_manager.go:2381 Load cfg_boss_infor.csv file success
2022-06-05 18:08:05 INFO base/config_manager.go:2381 Load cfg_buff.csv file success
2022-06-05 18:08:05 INFO base/config_manager.go:2381 Load cfg_bullet.csv file success
2022-06-05 18:08:05 INFO base/config_manager.go:2381 Load cfg_chapter_level_achievement.csv file success
2022-06-05 18:08:05 INFO base/config_manager.go:2381 Load cfg_character.csv file success
2022-06-05 18:08:05 INFO base/config_manager.go:2381 Load cfg_character_battle.csv file success
2022-06-05 18:08:05 INFO base/config_manager.go:2381 Load cfg_character_camp.csv file success
2022-06-05 18:08:05 INFO base/config_manager.go:2381 Load cfg_character_career.csv file success
2022-06-05 18:08:05 INFO base/config_manager.go:2381 Load cfg_character_data.csv file success
2022-06-05 18:08:05 INFO base/config_manager.go:2381 Load cfg_character_feature.csv file success
2022-06-05 18:08:05 INFO base/config_manager.go:2381 Load cfg_character_level.csv file success
2022-06-05 18:08:05 INFO base/config_manager.go:2381 Load cfg_character_rarity.csv file success
2022-06-05 18:08:05 INFO base/config_manager.go:2381 Load cfg_character_skill.csv file success
2022-06-05 18:08:05 INFO base/config_manager.go:2381 Load cfg_character_skin.csv file success
2022-06-05 18:08:05 INFO base/config_manager.go:2381 Load cfg_character_stage.csv file success
2022-06-05 18:08:05 INFO base/config_manager.go:2381 Load cfg_character_star.csv file success
2022-06-05 18:08:05 INFO base/config_manager.go:2381 Load cfg_combat_power.csv file success
2022-06-05 18:08:05 INFO base/config_manager.go:2381 Load cfg_combat_power_adapt.csv file success
2022-06-05 18:08:05 INFO base/config_manager.go:2381 Load cfg_drop_data.csv file success
2022-06-05 18:08:05 INFO base/config_manager.go:2381 Load cfg_drop_group.csv file success
2022-06-05 18:08:05 INFO base/config_manager.go:2381 Load cfg_equipLevelUp_data.csv file success
2022-06-05 18:08:05 INFO base/config_manager.go:2381 Load cfg_equip_advance.csv file success
2022-06-05 18:08:05 INFO base/config_manager.go:2381 Load cfg_equip_attributes_data.csv file success
2022-06-05 18:08:05 INFO base/config_manager.go:2381 Load cfg_equip_break.csv file success
2022-06-05 18:08:05 INFO base/config_manager.go:2381 Load cfg_equip_data.csv file success
2022-06-05 18:08:05 INFO base/config_manager.go:2381 Load cfg_equip_rand_attributes.csv file success
2022-06-05 18:08:05 INFO base/config_manager.go:2381 Load cfg_equip_rand_attributes_value.csv file success
2022-06-05 18:08:05 INFO base/config_manager.go:2381 Load cfg_equip_skill.csv file success
2022-06-05 18:08:05 INFO base/config_manager.go:2381 Load cfg_everyday_energy_receive.csv file success
2022-06-05 18:08:05 INFO base/config_manager.go:2381 Load cfg_explore_chapter.csv file success
2022-06-05 18:08:05 INFO base/config_manager.go:2381 Load cfg_explore_chapter_level.csv file success
2022-06-05 18:08:05 INFO base/config_manager.go:2381 Load cfg_explore_chapter_level_adapt.csv file success
2022-06-05 18:08:05 INFO base/config_manager.go:2381 Load cfg_explore_chapter_reward.csv file success
2022-06-05 18:08:05 INFO base/config_manager.go:2381 Load cfg_explore_event.csv file success
2022-06-05 18:08:05 INFO base/config_manager.go:2381 Load cfg_explore_fog.csv file success
2022-06-05 18:08:05 INFO base/config_manager.go:2381 Load cfg_explore_gather.csv file success
2022-06-05 18:08:05 INFO base/config_manager.go:2381 Load cfg_explore_map_coordinate.csv file success
2022-06-05 18:08:05 INFO base/config_manager.go:2381 Load cfg_explore_monster.csv file success
2022-06-05 18:08:05 INFO base/config_manager.go:2381 Load cfg_explore_npc.csv file success
2022-06-05 18:08:05 INFO base/config_manager.go:2381 Load cfg_explore_resource.csv file success
2022-06-05 18:08:05 INFO base/config_manager.go:2381 Load cfg_field_skill.csv file success
2022-06-05 18:08:05 INFO base/config_manager.go:2381 Load cfg_fx.csv file success
2022-06-05 18:08:05 INFO base/config_manager.go:2381 Load cfg_gacha_drop.csv file success
2022-06-05 18:08:05 INFO base/config_manager.go:2381 Load cfg_gacha_global.csv file success
2022-06-05 18:08:05 INFO base/config_manager.go:2381 Load cfg_gacha_pool.csv file success
2022-06-05 18:08:05 INFO base/config_manager.go:2381 Load cfg_global_string.csv file success
2022-06-05 18:08:05 INFO base/config_manager.go:2381 Load cfg_graveyard_build.csv file success
2022-06-05 18:08:05 INFO base/config_manager.go:2381 Load cfg_graveyard_build_level.csv file success
2022-06-05 18:08:05 INFO base/config_manager.go:2381 Load cfg_graveyard_build_stage.csv file success
2022-06-05 18:08:05 INFO base/config_manager.go:2381 Load cfg_graveyard_main_tower_level.csv file success
2022-06-05 18:08:05 INFO base/config_manager.go:2381 Load cfg_graveyard_produce_buff.csv file success
2022-06-05 18:08:05 INFO base/config_manager.go:2381 Load cfg_guide_module.csv file success
2022-06-05 18:08:05 INFO base/config_manager.go:2381 Load cfg_guide_step.csv file success
2022-06-05 18:08:05 INFO base/config_manager.go:2381 Load cfg_guild_greetings.csv file success
2022-06-05 18:08:05 INFO base/config_manager.go:2381 Load cfg_guild_level.csv file success
2022-06-05 18:08:05 INFO base/config_manager.go:2381 Load cfg_guild_task.csv file success
2022-06-05 18:08:05 INFO base/config_manager.go:2381 Load cfg_hero.csv file success
2022-06-05 18:08:05 INFO base/config_manager.go:2381 Load cfg_hero_camp_skill_filter.csv file success
2022-06-05 18:08:05 INFO base/config_manager.go:2381 Load cfg_hero_data.csv file success
2022-06-05 18:08:05 INFO base/config_manager.go:2381 Load cfg_hero_extra_data.csv file success
2022-06-05 18:08:05 INFO base/config_manager.go:2381 Load cfg_hero_level.csv file success
2022-06-05 18:08:05 INFO base/config_manager.go:2381 Load cfg_hero_skill.csv file success
2022-06-05 18:08:05 INFO base/config_manager.go:2381 Load cfg_hero_task_data.csv file success
2022-06-05 18:08:05 INFO base/config_manager.go:2381 Load cfg_item_data.csv file success
2022-06-05 18:08:05 INFO base/config_manager.go:2381 Load cfg_mail_template.csv file success
2022-06-05 18:08:05 INFO base/config_manager.go:2381 Load cfg_manual.csv file success
2022-06-05 18:08:05 INFO base/config_manager.go:2381 Load cfg_manual_camp.csv file success
2022-06-05 18:08:05 INFO base/config_manager.go:2381 Load cfg_manual_character_voice.csv file success
2022-06-05 18:08:05 INFO base/config_manager.go:2381 Load cfg_manual_group.csv file success
2022-06-05 18:08:05 INFO base/config_manager.go:2381 Load cfg_manual_level_attribute_data.csv file success
2022-06-05 18:08:05 INFO base/config_manager.go:2381 Load cfg_mask_word.csv file success
2022-06-05 18:08:05 INFO base/config_manager.go:2381 Load cfg_monster_battle.csv file success
2022-06-05 18:08:05 INFO base/config_manager.go:2381 Load cfg_monster_data.csv file success
2022-06-05 18:08:05 INFO base/config_manager.go:2381 Load cfg_names_npc.csv file success
2022-06-05 18:08:05 INFO base/config_manager.go:2381 Load cfg_passive_effect.csv file success
2022-06-05 18:08:05 INFO base/config_manager.go:2381 Load cfg_passsive_attributes.csv file success
2022-06-05 18:08:05 INFO base/config_manager.go:2381 Load cfg_quick_purchase_stamina.csv file success
2022-06-05 18:08:05 INFO base/config_manager.go:2381 Load cfg_rarity.csv file success
2022-06-05 18:08:05 INFO base/config_manager.go:2381 Load cfg_score_pass_group.csv file success
2022-06-05 18:08:05 INFO base/config_manager.go:2381 Load cfg_score_pass_phase.csv file success
2022-06-05 18:08:05 INFO base/config_manager.go:2381 Load cfg_score_pass_reward.csv file success
2022-06-05 18:08:05 INFO base/config_manager.go:2381 Load cfg_score_pass_task.csv file success
2022-06-05 18:08:05 INFO base/config_manager.go:2381 Load cfg_signin_data.csv file success
2022-06-05 18:08:05 INFO base/config_manager.go:2381 Load cfg_skill.csv file success
2022-06-05 18:08:05 INFO base/config_manager.go:2381 Load cfg_skill_effect.csv file success
2022-06-05 18:08:05 INFO base/config_manager.go:2381 Load cfg_skill_event.csv file success
2022-06-05 18:08:05 INFO base/config_manager.go:2381 Load cfg_sound.csv file success
2022-06-05 18:08:05 INFO base/config_manager.go:2381 Load cfg_store_general.csv file success
2022-06-05 18:08:05 INFO base/config_manager.go:2381 Load cfg_store_goods.csv file success
2022-06-05 18:08:05 INFO base/config_manager.go:2381 Load cfg_store_substore.csv file success
2022-06-05 18:08:05 INFO base/config_manager.go:2381 Load cfg_store_update.csv file success
2022-06-05 18:08:05 INFO base/config_manager.go:2381 Load cfg_survey_info.csv file success
2022-06-05 18:08:05 INFO base/config_manager.go:2381 Load cfg_survey_question.csv file success
2022-06-05 18:08:05 INFO base/config_manager.go:2381 Load cfg_targeting.csv file success
2022-06-05 18:08:05 INFO base/config_manager.go:2381 Load cfg_task_data.csv file success
2022-06-05 18:08:05 INFO base/config_manager.go:2381 Load cfg_task_reward.csv file success
2022-06-05 18:08:05 INFO base/config_manager.go:2381 Load cfg_team_level.csv file success
2022-06-05 18:08:05 INFO base/config_manager.go:2381 Load cfg_tower.csv file success
2022-06-05 18:08:05 INFO base/config_manager.go:2381 Load cfg_tower_level.csv file success
2022-06-05 18:08:05 INFO base/config_manager.go:2381 Load cfg_tower_stage.csv file success
2022-06-05 18:08:05 INFO base/config_manager.go:2381 Load cfg_tp_gate.csv file success
2022-06-05 18:08:05 INFO base/config_manager.go:2381 Load cfg_ultra_skill.csv file success
2022-06-05 18:08:05 INFO base/config_manager.go:2381 Load cfg_user_avatar.csv file success
2022-06-05 18:08:05 INFO base/config_manager.go:2381 Load cfg_vn.csv file success
2022-06-05 18:08:05 INFO base/config_manager.go:2381 Load cfg_world_item_advance.csv file success
2022-06-05 18:08:05 INFO base/config_manager.go:2381 Load cfg_world_item_attributes_data.csv file success
2022-06-05 18:08:05 INFO base/config_manager.go:2381 Load cfg_world_item_data.csv file success
2022-06-05 18:08:05 INFO base/config_manager.go:2381 Load cfg_world_item_level_up_data.csv file success
2022-06-05 18:08:05 INFO base/config_manager.go:2381 Load cfg_yggdrasil_area.csv file success
2022-06-05 18:08:05 INFO base/config_manager.go:2381 Load cfg_yggdrasil_area_city.csv file success
2022-06-05 18:08:05 INFO base/config_manager.go:2381 Load cfg_yggdrasil_area_pos.csv file success
2022-06-05 18:08:05 INFO base/config_manager.go:2381 Load cfg_yggdrasil_building.csv file success
2022-06-05 18:08:05 INFO base/config_manager.go:2381 Load cfg_yggdrasil_cobuilding.csv file success
2022-06-05 18:08:05 INFO base/config_manager.go:2381 Load cfg_yggdrasil_daily_monster.csv file success
2022-06-05 18:08:05 INFO base/config_manager.go:2381 Load cfg_yggdrasil_dispatch.csv file success
2022-06-05 18:08:05 INFO base/config_manager.go:2381 Load cfg_yggdrasil_mark.csv file success
2022-06-05 18:08:05 INFO base/config_manager.go:2381 Load cfg_yggdrasil_object.csv file success
2022-06-05 18:08:05 INFO base/config_manager.go:2381 Load cfg_yggdrasil_object_state.csv file success
2022-06-05 18:08:06 INFO base/config_manager.go:2381 Load cfg_yggdrasil_simple_talk.csv file success
2022-06-05 18:08:06 INFO base/config_manager.go:2381 Load cfg_yggdrasil_sub_task.csv file success
2022-06-05 18:08:06 INFO base/config_manager.go:2381 Load cfg_yggdrasil_sub_task_env.csv file success
2022-06-05 18:08:06 INFO base/config_manager.go:2381 Load cfg_yggdrasil_task.csv file success
2022-06-05 18:08:06 INFO base/config_manager.go:2381 Load cfg_yggdrasil_world.csv file success
2022-06-05 18:08:06 INFO base/config_manager.go:2381 Load gm.csv file success
2022-06-05 18:08:06 INFO base/config_manager.go:2381 Load protocol.csv file success
2022-06-05 18:08:06 INFO etcd/dial.go:30 etcd 127.0.0.1:2379 connect success
2022-06-05 18:08:06 INFO etcd/dial.go:30 etcd 127.0.0.1:2479 connect success
2022-06-05 18:08:06 INFO etcd/dial.go:30 etcd 127.0.0.1:2579 connect success
2022-06-05 18:08:06 INFO manager/manager.go:142 now time: 2022-06-05 18:08:06.1651456 +0800 CST m=+0.317521601
2022-06-05 18:08:11 INFO balancer/balancer.go:107 + service [portal] register server [portal01, 10.23.41.5:55996]
2022-06-05 18:08:12 INFO resolver/watcher.go:55 start watching service [portal]
2022-06-05 18:08:12 INFO resolver/watcher.go:55 start watching service [guild]
2022-06-05 18:08:12 INFO resolver/watcher.go:55 start watching service [mail]
2022-06-05 18:08:12 INFO balancer/balancer.go:107 + service [login] register server [login01, 10.23.40.17:60893]
2022-06-05 18:08:12 INFO resolver/watcher.go:55 start watching service [login]
2022-06-05 18:08:12 FATAL register and listen rpc error: listen tcp 169.254.35.241:0: bind: The requested address is not valid in its context.
main.main
	C:/code/overlord-backend-go/gamesvr/main.go:32
runtime.main
	C:/Program Files/Go/src/runtime/proc.go:225
2022-06-05 18:08:54 INFO base/config_manager.go:2381 Load cfg_action_unlock.csv file success
2022-06-05 18:08:54 INFO base/config_manager.go:2381 Load cfg_activity.csv file success
2022-06-05 18:08:54 INFO base/config_manager.go:2381 Load cfg_activity_func.csv file success
2022-06-05 18:08:54 INFO base/config_manager.go:2381 Load cfg_battle_level.csv file success
2022-06-05 18:08:54 INFO base/config_manager.go:2381 Load cfg_battle_npc.csv file success
2022-06-05 18:08:54 INFO base/config_manager.go:2381 Load cfg_battle_position.csv file success
2022-06-05 18:08:54 INFO base/config_manager.go:2381 Load cfg_boss_infor.csv file success
2022-06-05 18:08:54 INFO base/config_manager.go:2381 Load cfg_buff.csv file success
2022-06-05 18:08:54 INFO base/config_manager.go:2381 Load cfg_bullet.csv file success
2022-06-05 18:08:54 INFO base/config_manager.go:2381 Load cfg_chapter_level_achievement.csv file success
2022-06-05 18:08:54 INFO base/config_manager.go:2381 Load cfg_character.csv file success
2022-06-05 18:08:54 INFO base/config_manager.go:2381 Load cfg_character_battle.csv file success
2022-06-05 18:08:54 INFO base/config_manager.go:2381 Load cfg_character_camp.csv file success
2022-06-05 18:08:54 INFO base/config_manager.go:2381 Load cfg_character_career.csv file success
2022-06-05 18:08:54 INFO base/config_manager.go:2381 Load cfg_character_data.csv file success
2022-06-05 18:08:54 INFO base/config_manager.go:2381 Load cfg_character_feature.csv file success
2022-06-05 18:08:54 INFO base/config_manager.go:2381 Load cfg_character_level.csv file success
2022-06-05 18:08:54 INFO base/config_manager.go:2381 Load cfg_character_rarity.csv file success
2022-06-05 18:08:54 INFO base/config_manager.go:2381 Load cfg_character_skill.csv file success
2022-06-05 18:08:54 INFO base/config_manager.go:2381 Load cfg_character_skin.csv file success
2022-06-05 18:08:54 INFO base/config_manager.go:2381 Load cfg_character_stage.csv file success
2022-06-05 18:08:54 INFO base/config_manager.go:2381 Load cfg_character_star.csv file success
2022-06-05 18:08:54 INFO base/config_manager.go:2381 Load cfg_combat_power.csv file success
2022-06-05 18:08:54 INFO base/config_manager.go:2381 Load cfg_combat_power_adapt.csv file success
2022-06-05 18:08:54 INFO base/config_manager.go:2381 Load cfg_drop_data.csv file success
2022-06-05 18:08:54 INFO base/config_manager.go:2381 Load cfg_drop_group.csv file success
2022-06-05 18:08:54 INFO base/config_manager.go:2381 Load cfg_equipLevelUp_data.csv file success
2022-06-05 18:08:54 INFO base/config_manager.go:2381 Load cfg_equip_advance.csv file success
2022-06-05 18:08:54 INFO base/config_manager.go:2381 Load cfg_equip_attributes_data.csv file success
2022-06-05 18:08:54 INFO base/config_manager.go:2381 Load cfg_equip_break.csv file success
2022-06-05 18:08:54 INFO base/config_manager.go:2381 Load cfg_equip_data.csv file success
2022-06-05 18:08:54 INFO base/config_manager.go:2381 Load cfg_equip_rand_attributes.csv file success
2022-06-05 18:08:54 INFO base/config_manager.go:2381 Load cfg_equip_rand_attributes_value.csv file success
2022-06-05 18:08:54 INFO base/config_manager.go:2381 Load cfg_equip_skill.csv file success
2022-06-05 18:08:54 INFO base/config_manager.go:2381 Load cfg_everyday_energy_receive.csv file success
2022-06-05 18:08:54 INFO base/config_manager.go:2381 Load cfg_explore_chapter.csv file success
2022-06-05 18:08:54 INFO base/config_manager.go:2381 Load cfg_explore_chapter_level.csv file success
2022-06-05 18:08:54 INFO base/config_manager.go:2381 Load cfg_explore_chapter_level_adapt.csv file success
2022-06-05 18:08:54 INFO base/config_manager.go:2381 Load cfg_explore_chapter_reward.csv file success
2022-06-05 18:08:54 INFO base/config_manager.go:2381 Load cfg_explore_event.csv file success
2022-06-05 18:08:54 INFO base/config_manager.go:2381 Load cfg_explore_fog.csv file success
2022-06-05 18:08:54 INFO base/config_manager.go:2381 Load cfg_explore_gather.csv file success
2022-06-05 18:08:54 INFO base/config_manager.go:2381 Load cfg_explore_map_coordinate.csv file success
2022-06-05 18:08:54 INFO base/config_manager.go:2381 Load cfg_explore_monster.csv file success
2022-06-05 18:08:54 INFO base/config_manager.go:2381 Load cfg_explore_npc.csv file success
2022-06-05 18:08:54 INFO base/config_manager.go:2381 Load cfg_explore_resource.csv file success
2022-06-05 18:08:54 INFO base/config_manager.go:2381 Load cfg_field_skill.csv file success
2022-06-05 18:08:54 INFO base/config_manager.go:2381 Load cfg_fx.csv file success
2022-06-05 18:08:54 INFO base/config_manager.go:2381 Load cfg_gacha_drop.csv file success
2022-06-05 18:08:54 INFO base/config_manager.go:2381 Load cfg_gacha_global.csv file success
2022-06-05 18:08:54 INFO base/config_manager.go:2381 Load cfg_gacha_pool.csv file success
2022-06-05 18:08:54 INFO base/config_manager.go:2381 Load cfg_global_string.csv file success
2022-06-05 18:08:54 INFO base/config_manager.go:2381 Load cfg_graveyard_build.csv file success
2022-06-05 18:08:54 INFO base/config_manager.go:2381 Load cfg_graveyard_build_level.csv file success
2022-06-05 18:08:54 INFO base/config_manager.go:2381 Load cfg_graveyard_build_stage.csv file success
2022-06-05 18:08:54 INFO base/config_manager.go:2381 Load cfg_graveyard_main_tower_level.csv file success
2022-06-05 18:08:54 INFO base/config_manager.go:2381 Load cfg_graveyard_produce_buff.csv file success
2022-06-05 18:08:54 INFO base/config_manager.go:2381 Load cfg_guide_module.csv file success
2022-06-05 18:08:54 INFO base/config_manager.go:2381 Load cfg_guide_step.csv file success
2022-06-05 18:08:54 INFO base/config_manager.go:2381 Load cfg_guild_greetings.csv file success
2022-06-05 18:08:54 INFO base/config_manager.go:2381 Load cfg_guild_level.csv file success
2022-06-05 18:08:54 INFO base/config_manager.go:2381 Load cfg_guild_task.csv file success
2022-06-05 18:08:54 INFO base/config_manager.go:2381 Load cfg_hero.csv file success
2022-06-05 18:08:54 INFO base/config_manager.go:2381 Load cfg_hero_camp_skill_filter.csv file success
2022-06-05 18:08:54 INFO base/config_manager.go:2381 Load cfg_hero_data.csv file success
2022-06-05 18:08:54 INFO base/config_manager.go:2381 Load cfg_hero_extra_data.csv file success
2022-06-05 18:08:54 INFO base/config_manager.go:2381 Load cfg_hero_level.csv file success
2022-06-05 18:08:54 INFO base/config_manager.go:2381 Load cfg_hero_skill.csv file success
2022-06-05 18:08:54 INFO base/config_manager.go:2381 Load cfg_hero_task_data.csv file success
2022-06-05 18:08:54 INFO base/config_manager.go:2381 Load cfg_item_data.csv file success
2022-06-05 18:08:54 INFO base/config_manager.go:2381 Load cfg_mail_template.csv file success
2022-06-05 18:08:54 INFO base/config_manager.go:2381 Load cfg_manual.csv file success
2022-06-05 18:08:54 INFO base/config_manager.go:2381 Load cfg_manual_camp.csv file success
2022-06-05 18:08:54 INFO base/config_manager.go:2381 Load cfg_manual_character_voice.csv file success
2022-06-05 18:08:54 INFO base/config_manager.go:2381 Load cfg_manual_group.csv file success
2022-06-05 18:08:54 INFO base/config_manager.go:2381 Load cfg_manual_level_attribute_data.csv file success
2022-06-05 18:08:54 INFO base/config_manager.go:2381 Load cfg_mask_word.csv file success
2022-06-05 18:08:54 INFO base/config_manager.go:2381 Load cfg_monster_battle.csv file success
2022-06-05 18:08:54 INFO base/config_manager.go:2381 Load cfg_monster_data.csv file success
2022-06-05 18:08:54 INFO base/config_manager.go:2381 Load cfg_names_npc.csv file success
2022-06-05 18:08:54 INFO base/config_manager.go:2381 Load cfg_passive_effect.csv file success
2022-06-05 18:08:54 INFO base/config_manager.go:2381 Load cfg_passsive_attributes.csv file success
2022-06-05 18:08:54 INFO base/config_manager.go:2381 Load cfg_quick_purchase_stamina.csv file success
2022-06-05 18:08:54 INFO base/config_manager.go:2381 Load cfg_rarity.csv file success
2022-06-05 18:08:54 INFO base/config_manager.go:2381 Load cfg_score_pass_group.csv file success
2022-06-05 18:08:54 INFO base/config_manager.go:2381 Load cfg_score_pass_phase.csv file success
2022-06-05 18:08:54 INFO base/config_manager.go:2381 Load cfg_score_pass_reward.csv file success
2022-06-05 18:08:54 INFO base/config_manager.go:2381 Load cfg_score_pass_task.csv file success
2022-06-05 18:08:54 INFO base/config_manager.go:2381 Load cfg_signin_data.csv file success
2022-06-05 18:08:54 INFO base/config_manager.go:2381 Load cfg_skill.csv file success
2022-06-05 18:08:54 INFO base/config_manager.go:2381 Load cfg_skill_effect.csv file success
2022-06-05 18:08:54 INFO base/config_manager.go:2381 Load cfg_skill_event.csv file success
2022-06-05 18:08:54 INFO base/config_manager.go:2381 Load cfg_sound.csv file success
2022-06-05 18:08:54 INFO base/config_manager.go:2381 Load cfg_store_general.csv file success
2022-06-05 18:08:54 INFO base/config_manager.go:2381 Load cfg_store_goods.csv file success
2022-06-05 18:08:54 INFO base/config_manager.go:2381 Load cfg_store_substore.csv file success
2022-06-05 18:08:54 INFO base/config_manager.go:2381 Load cfg_store_update.csv file success
2022-06-05 18:08:54 INFO base/config_manager.go:2381 Load cfg_survey_info.csv file success
2022-06-05 18:08:54 INFO base/config_manager.go:2381 Load cfg_survey_question.csv file success
2022-06-05 18:08:54 INFO base/config_manager.go:2381 Load cfg_targeting.csv file success
2022-06-05 18:08:54 INFO base/config_manager.go:2381 Load cfg_task_data.csv file success
2022-06-05 18:08:54 INFO base/config_manager.go:2381 Load cfg_task_reward.csv file success
2022-06-05 18:08:54 INFO base/config_manager.go:2381 Load cfg_team_level.csv file success
2022-06-05 18:08:54 INFO base/config_manager.go:2381 Load cfg_tower.csv file success
2022-06-05 18:08:54 INFO base/config_manager.go:2381 Load cfg_tower_level.csv file success
2022-06-05 18:08:54 INFO base/config_manager.go:2381 Load cfg_tower_stage.csv file success
2022-06-05 18:08:54 INFO base/config_manager.go:2381 Load cfg_tp_gate.csv file success
2022-06-05 18:08:54 INFO base/config_manager.go:2381 Load cfg_ultra_skill.csv file success
2022-06-05 18:08:54 INFO base/config_manager.go:2381 Load cfg_user_avatar.csv file success
2022-06-05 18:08:54 INFO base/config_manager.go:2381 Load cfg_vn.csv file success
2022-06-05 18:08:54 INFO base/config_manager.go:2381 Load cfg_world_item_advance.csv file success
2022-06-05 18:08:54 INFO base/config_manager.go:2381 Load cfg_world_item_attributes_data.csv file success
2022-06-05 18:08:54 INFO base/config_manager.go:2381 Load cfg_world_item_data.csv file success
2022-06-05 18:08:54 INFO base/config_manager.go:2381 Load cfg_world_item_level_up_data.csv file success
2022-06-05 18:08:54 INFO base/config_manager.go:2381 Load cfg_yggdrasil_area.csv file success
2022-06-05 18:08:54 INFO base/config_manager.go:2381 Load cfg_yggdrasil_area_city.csv file success
2022-06-05 18:08:54 INFO base/config_manager.go:2381 Load cfg_yggdrasil_area_pos.csv file success
2022-06-05 18:08:54 INFO base/config_manager.go:2381 Load cfg_yggdrasil_building.csv file success
2022-06-05 18:08:54 INFO base/config_manager.go:2381 Load cfg_yggdrasil_cobuilding.csv file success
2022-06-05 18:08:54 INFO base/config_manager.go:2381 Load cfg_yggdrasil_daily_monster.csv file success
2022-06-05 18:08:54 INFO base/config_manager.go:2381 Load cfg_yggdrasil_dispatch.csv file success
2022-06-05 18:08:54 INFO base/config_manager.go:2381 Load cfg_yggdrasil_mark.csv file success
2022-06-05 18:08:54 INFO base/config_manager.go:2381 Load cfg_yggdrasil_object.csv file success
2022-06-05 18:08:54 INFO base/config_manager.go:2381 Load cfg_yggdrasil_object_state.csv file success
2022-06-05 18:08:54 INFO base/config_manager.go:2381 Load cfg_yggdrasil_simple_talk.csv file success
2022-06-05 18:08:54 INFO base/config_manager.go:2381 Load cfg_yggdrasil_sub_task.csv file success
2022-06-05 18:08:54 INFO base/config_manager.go:2381 Load cfg_yggdrasil_sub_task_env.csv file success
2022-06-05 18:08:54 INFO base/config_manager.go:2381 Load cfg_yggdrasil_task.csv file success
2022-06-05 18:08:54 INFO base/config_manager.go:2381 Load cfg_yggdrasil_world.csv file success
2022-06-05 18:08:54 INFO base/config_manager.go:2381 Load gm.csv file success
2022-06-05 18:08:54 INFO base/config_manager.go:2381 Load protocol.csv file success
2022-06-05 18:08:54 INFO etcd/dial.go:30 etcd 127.0.0.1:2379 connect success
2022-06-05 18:08:54 INFO etcd/dial.go:30 etcd 127.0.0.1:2479 connect success
2022-06-05 18:08:54 INFO etcd/dial.go:30 etcd 127.0.0.1:2579 connect success
2022-06-05 18:08:54 INFO manager/manager.go:142 now time: 2022-06-05 18:08:54.4034814 +0800 CST m=+0.298273001
2022-06-05 18:11:39 INFO balancer/balancer.go:107 + service [portal] register server [portal01, 10.23.41.5:55996]
2022-06-05 18:11:39 INFO resolver/watcher.go:55 start watching service [portal]
2022-06-05 18:11:39 INFO resolver/watcher.go:55 start watching service [guild]
2022-06-05 18:11:39 INFO resolver/watcher.go:55 start watching service [mail]
2022-06-05 18:11:39 INFO balancer/balancer.go:107 + service [login] register server [login01, 10.23.40.17:60893]
2022-06-05 18:11:39 INFO resolver/watcher.go:55 start watching service [login]
2022-06-05 18:11:39 FATAL register and listen rpc error: listen tcp 169.254.35.241:0: bind: The requested address is not valid in its context.
main.main
	C:/code/overlord-backend-go/gamesvr/main.go:32
runtime.main
	C:/Program Files/Go/src/runtime/proc.go:225
2022-06-05 18:12:09 INFO base/config_manager.go:2381 Load cfg_action_unlock.csv file success
2022-06-05 18:12:09 INFO base/config_manager.go:2381 Load cfg_activity.csv file success
2022-06-05 18:12:09 INFO base/config_manager.go:2381 Load cfg_activity_func.csv file success
2022-06-05 18:12:09 INFO base/config_manager.go:2381 Load cfg_battle_level.csv file success
2022-06-05 18:12:09 INFO base/config_manager.go:2381 Load cfg_battle_npc.csv file success
2022-06-05 18:12:09 INFO base/config_manager.go:2381 Load cfg_battle_position.csv file success
2022-06-05 18:12:09 INFO base/config_manager.go:2381 Load cfg_boss_infor.csv file success
2022-06-05 18:12:09 INFO base/config_manager.go:2381 Load cfg_buff.csv file success
2022-06-05 18:12:09 INFO base/config_manager.go:2381 Load cfg_bullet.csv file success
2022-06-05 18:12:09 INFO base/config_manager.go:2381 Load cfg_chapter_level_achievement.csv file success
2022-06-05 18:12:09 INFO base/config_manager.go:2381 Load cfg_character.csv file success
2022-06-05 18:12:09 INFO base/config_manager.go:2381 Load cfg_character_battle.csv file success
2022-06-05 18:12:09 INFO base/config_manager.go:2381 Load cfg_character_camp.csv file success
2022-06-05 18:12:09 INFO base/config_manager.go:2381 Load cfg_character_career.csv file success
2022-06-05 18:12:09 INFO base/config_manager.go:2381 Load cfg_character_data.csv file success
2022-06-05 18:12:09 INFO base/config_manager.go:2381 Load cfg_character_feature.csv file success
2022-06-05 18:12:09 INFO base/config_manager.go:2381 Load cfg_character_level.csv file success
2022-06-05 18:12:09 INFO base/config_manager.go:2381 Load cfg_character_rarity.csv file success
2022-06-05 18:12:09 INFO base/config_manager.go:2381 Load cfg_character_skill.csv file success
2022-06-05 18:12:09 INFO base/config_manager.go:2381 Load cfg_character_skin.csv file success
2022-06-05 18:12:09 INFO base/config_manager.go:2381 Load cfg_character_stage.csv file success
2022-06-05 18:12:09 INFO base/config_manager.go:2381 Load cfg_character_star.csv file success
2022-06-05 18:12:09 INFO base/config_manager.go:2381 Load cfg_combat_power.csv file success
2022-06-05 18:12:09 INFO base/config_manager.go:2381 Load cfg_combat_power_adapt.csv file success
2022-06-05 18:12:09 INFO base/config_manager.go:2381 Load cfg_drop_data.csv file success
2022-06-05 18:12:09 INFO base/config_manager.go:2381 Load cfg_drop_group.csv file success
2022-06-05 18:12:09 INFO base/config_manager.go:2381 Load cfg_equipLevelUp_data.csv file success
2022-06-05 18:12:09 INFO base/config_manager.go:2381 Load cfg_equip_advance.csv file success
2022-06-05 18:12:09 INFO base/config_manager.go:2381 Load cfg_equip_attributes_data.csv file success
2022-06-05 18:12:09 INFO base/config_manager.go:2381 Load cfg_equip_break.csv file success
2022-06-05 18:12:09 INFO base/config_manager.go:2381 Load cfg_equip_data.csv file success
2022-06-05 18:12:09 INFO base/config_manager.go:2381 Load cfg_equip_rand_attributes.csv file success
2022-06-05 18:12:09 INFO base/config_manager.go:2381 Load cfg_equip_rand_attributes_value.csv file success
2022-06-05 18:12:09 INFO base/config_manager.go:2381 Load cfg_equip_skill.csv file success
2022-06-05 18:12:09 INFO base/config_manager.go:2381 Load cfg_everyday_energy_receive.csv file success
2022-06-05 18:12:09 INFO base/config_manager.go:2381 Load cfg_explore_chapter.csv file success
2022-06-05 18:12:09 INFO base/config_manager.go:2381 Load cfg_explore_chapter_level.csv file success
2022-06-05 18:12:09 INFO base/config_manager.go:2381 Load cfg_explore_chapter_level_adapt.csv file success
2022-06-05 18:12:09 INFO base/config_manager.go:2381 Load cfg_explore_chapter_reward.csv file success
2022-06-05 18:12:09 INFO base/config_manager.go:2381 Load cfg_explore_event.csv file success
2022-06-05 18:12:09 INFO base/config_manager.go:2381 Load cfg_explore_fog.csv file success
2022-06-05 18:12:09 INFO base/config_manager.go:2381 Load cfg_explore_gather.csv file success
2022-06-05 18:12:09 INFO base/config_manager.go:2381 Load cfg_explore_map_coordinate.csv file success
2022-06-05 18:12:09 INFO base/config_manager.go:2381 Load cfg_explore_monster.csv file success
2022-06-05 18:12:09 INFO base/config_manager.go:2381 Load cfg_explore_npc.csv file success
2022-06-05 18:12:09 INFO base/config_manager.go:2381 Load cfg_explore_resource.csv file success
2022-06-05 18:12:09 INFO base/config_manager.go:2381 Load cfg_field_skill.csv file success
2022-06-05 18:12:09 INFO base/config_manager.go:2381 Load cfg_fx.csv file success
2022-06-05 18:12:09 INFO base/config_manager.go:2381 Load cfg_gacha_drop.csv file success
2022-06-05 18:12:09 INFO base/config_manager.go:2381 Load cfg_gacha_global.csv file success
2022-06-05 18:12:09 INFO base/config_manager.go:2381 Load cfg_gacha_pool.csv file success
2022-06-05 18:12:09 INFO base/config_manager.go:2381 Load cfg_global_string.csv file success
2022-06-05 18:12:09 INFO base/config_manager.go:2381 Load cfg_graveyard_build.csv file success
2022-06-05 18:12:09 INFO base/config_manager.go:2381 Load cfg_graveyard_build_level.csv file success
2022-06-05 18:12:09 INFO base/config_manager.go:2381 Load cfg_graveyard_build_stage.csv file success
2022-06-05 18:12:09 INFO base/config_manager.go:2381 Load cfg_graveyard_main_tower_level.csv file success
2022-06-05 18:12:09 INFO base/config_manager.go:2381 Load cfg_graveyard_produce_buff.csv file success
2022-06-05 18:12:09 INFO base/config_manager.go:2381 Load cfg_guide_module.csv file success
2022-06-05 18:12:09 INFO base/config_manager.go:2381 Load cfg_guide_step.csv file success
2022-06-05 18:12:09 INFO base/config_manager.go:2381 Load cfg_guild_greetings.csv file success
2022-06-05 18:12:09 INFO base/config_manager.go:2381 Load cfg_guild_level.csv file success
2022-06-05 18:12:09 INFO base/config_manager.go:2381 Load cfg_guild_task.csv file success
2022-06-05 18:12:09 INFO base/config_manager.go:2381 Load cfg_hero.csv file success
2022-06-05 18:12:09 INFO base/config_manager.go:2381 Load cfg_hero_camp_skill_filter.csv file success
2022-06-05 18:12:09 INFO base/config_manager.go:2381 Load cfg_hero_data.csv file success
2022-06-05 18:12:09 INFO base/config_manager.go:2381 Load cfg_hero_extra_data.csv file success
2022-06-05 18:12:09 INFO base/config_manager.go:2381 Load cfg_hero_level.csv file success
2022-06-05 18:12:09 INFO base/config_manager.go:2381 Load cfg_hero_skill.csv file success
2022-06-05 18:12:09 INFO base/config_manager.go:2381 Load cfg_hero_task_data.csv file success
2022-06-05 18:12:09 INFO base/config_manager.go:2381 Load cfg_item_data.csv file success
2022-06-05 18:12:09 INFO base/config_manager.go:2381 Load cfg_mail_template.csv file success
2022-06-05 18:12:09 INFO base/config_manager.go:2381 Load cfg_manual.csv file success
2022-06-05 18:12:09 INFO base/config_manager.go:2381 Load cfg_manual_camp.csv file success
2022-06-05 18:12:09 INFO base/config_manager.go:2381 Load cfg_manual_character_voice.csv file success
2022-06-05 18:12:09 INFO base/config_manager.go:2381 Load cfg_manual_group.csv file success
2022-06-05 18:12:09 INFO base/config_manager.go:2381 Load cfg_manual_level_attribute_data.csv file success
2022-06-05 18:12:09 INFO base/config_manager.go:2381 Load cfg_mask_word.csv file success
2022-06-05 18:12:09 INFO base/config_manager.go:2381 Load cfg_monster_battle.csv file success
2022-06-05 18:12:09 INFO base/config_manager.go:2381 Load cfg_monster_data.csv file success
2022-06-05 18:12:09 INFO base/config_manager.go:2381 Load cfg_names_npc.csv file success
2022-06-05 18:12:09 INFO base/config_manager.go:2381 Load cfg_passive_effect.csv file success
2022-06-05 18:12:09 INFO base/config_manager.go:2381 Load cfg_passsive_attributes.csv file success
2022-06-05 18:12:09 INFO base/config_manager.go:2381 Load cfg_quick_purchase_stamina.csv file success
2022-06-05 18:12:09 INFO base/config_manager.go:2381 Load cfg_rarity.csv file success
2022-06-05 18:12:09 INFO base/config_manager.go:2381 Load cfg_score_pass_group.csv file success
2022-06-05 18:12:09 INFO base/config_manager.go:2381 Load cfg_score_pass_phase.csv file success
2022-06-05 18:12:09 INFO base/config_manager.go:2381 Load cfg_score_pass_reward.csv file success
2022-06-05 18:12:09 INFO base/config_manager.go:2381 Load cfg_score_pass_task.csv file success
2022-06-05 18:12:09 INFO base/config_manager.go:2381 Load cfg_signin_data.csv file success
2022-06-05 18:12:09 INFO base/config_manager.go:2381 Load cfg_skill.csv file success
2022-06-05 18:12:09 INFO base/config_manager.go:2381 Load cfg_skill_effect.csv file success
2022-06-05 18:12:09 INFO base/config_manager.go:2381 Load cfg_skill_event.csv file success
2022-06-05 18:12:09 INFO base/config_manager.go:2381 Load cfg_sound.csv file success
2022-06-05 18:12:09 INFO base/config_manager.go:2381 Load cfg_store_general.csv file success
2022-06-05 18:12:09 INFO base/config_manager.go:2381 Load cfg_store_goods.csv file success
2022-06-05 18:12:09 INFO base/config_manager.go:2381 Load cfg_store_substore.csv file success
2022-06-05 18:12:09 INFO base/config_manager.go:2381 Load cfg_store_update.csv file success
2022-06-05 18:12:09 INFO base/config_manager.go:2381 Load cfg_survey_info.csv file success
2022-06-05 18:12:09 INFO base/config_manager.go:2381 Load cfg_survey_question.csv file success
2022-06-05 18:12:09 INFO base/config_manager.go:2381 Load cfg_targeting.csv file success
2022-06-05 18:12:09 INFO base/config_manager.go:2381 Load cfg_task_data.csv file success
2022-06-05 18:12:09 INFO base/config_manager.go:2381 Load cfg_task_reward.csv file success
2022-06-05 18:12:09 INFO base/config_manager.go:2381 Load cfg_team_level.csv file success
2022-06-05 18:12:09 INFO base/config_manager.go:2381 Load cfg_tower.csv file success
2022-06-05 18:12:09 INFO base/config_manager.go:2381 Load cfg_tower_level.csv file success
2022-06-05 18:12:09 INFO base/config_manager.go:2381 Load cfg_tower_stage.csv file success
2022-06-05 18:12:09 INFO base/config_manager.go:2381 Load cfg_tp_gate.csv file success
2022-06-05 18:12:09 INFO base/config_manager.go:2381 Load cfg_ultra_skill.csv file success
2022-06-05 18:12:09 INFO base/config_manager.go:2381 Load cfg_user_avatar.csv file success
2022-06-05 18:12:09 INFO base/config_manager.go:2381 Load cfg_vn.csv file success
2022-06-05 18:12:09 INFO base/config_manager.go:2381 Load cfg_world_item_advance.csv file success
2022-06-05 18:12:09 INFO base/config_manager.go:2381 Load cfg_world_item_attributes_data.csv file success
2022-06-05 18:12:09 INFO base/config_manager.go:2381 Load cfg_world_item_data.csv file success
2022-06-05 18:12:09 INFO base/config_manager.go:2381 Load cfg_world_item_level_up_data.csv file success
2022-06-05 18:12:09 INFO base/config_manager.go:2381 Load cfg_yggdrasil_area.csv file success
2022-06-05 18:12:09 INFO base/config_manager.go:2381 Load cfg_yggdrasil_area_city.csv file success
2022-06-05 18:12:09 INFO base/config_manager.go:2381 Load cfg_yggdrasil_area_pos.csv file success
2022-06-05 18:12:09 INFO base/config_manager.go:2381 Load cfg_yggdrasil_building.csv file success
2022-06-05 18:12:09 INFO base/config_manager.go:2381 Load cfg_yggdrasil_cobuilding.csv file success
2022-06-05 18:12:09 INFO base/config_manager.go:2381 Load cfg_yggdrasil_daily_monster.csv file success
2022-06-05 18:12:09 INFO base/config_manager.go:2381 Load cfg_yggdrasil_dispatch.csv file success
2022-06-05 18:12:09 INFO base/config_manager.go:2381 Load cfg_yggdrasil_mark.csv file success
2022-06-05 18:12:09 INFO base/config_manager.go:2381 Load cfg_yggdrasil_object.csv file success
2022-06-05 18:12:09 INFO base/config_manager.go:2381 Load cfg_yggdrasil_object_state.csv file success
2022-06-05 18:12:09 INFO base/config_manager.go:2381 Load cfg_yggdrasil_simple_talk.csv file success
2022-06-05 18:12:09 INFO base/config_manager.go:2381 Load cfg_yggdrasil_sub_task.csv file success
2022-06-05 18:12:09 INFO base/config_manager.go:2381 Load cfg_yggdrasil_sub_task_env.csv file success
2022-06-05 18:12:09 INFO base/config_manager.go:2381 Load cfg_yggdrasil_task.csv file success
2022-06-05 18:12:09 INFO base/config_manager.go:2381 Load cfg_yggdrasil_world.csv file success
2022-06-05 18:12:09 INFO base/config_manager.go:2381 Load gm.csv file success
2022-06-05 18:12:09 INFO base/config_manager.go:2381 Load protocol.csv file success
2022-06-05 18:12:09 INFO etcd/dial.go:30 etcd 127.0.0.1:2379 connect success
2022-06-05 18:12:09 INFO etcd/dial.go:30 etcd 127.0.0.1:2479 connect success
2022-06-05 18:12:09 INFO etcd/dial.go:30 etcd 127.0.0.1:2579 connect success
2022-06-05 18:12:09 INFO manager/manager.go:142 now time: 2022-06-05 18:12:09.7405888 +0800 CST m=+0.304363601
2022-06-05 18:12:09 INFO balancer/balancer.go:107 + service [portal] register server [portal01, 10.23.41.5:55996]
2022-06-05 18:12:09 INFO resolver/watcher.go:55 start watching service [portal]
2022-06-05 18:12:09 INFO resolver/watcher.go:55 start watching service [guild]
2022-06-05 18:12:09 INFO resolver/watcher.go:55 start watching service [mail]
2022-06-05 18:12:09 INFO balancer/balancer.go:107 + service [login] register server [login01, 10.23.40.17:60893]
2022-06-05 18:12:09 INFO resolver/watcher.go:55 start watching service [login]
2022-06-05 18:12:09 FATAL register and listen rpc error: listen tcp 169.254.35.241:0: bind: The requested address is not valid in its context.
main.main
	C:/code/overlord-backend-go/gamesvr/main.go:32
runtime.main
	C:/Program Files/Go/src/runtime/proc.go:225
2022-06-05 18:12:17 INFO base/config_manager.go:2381 Load cfg_action_unlock.csv file success
2022-06-05 18:12:17 INFO base/config_manager.go:2381 Load cfg_activity.csv file success
2022-06-05 18:12:17 INFO base/config_manager.go:2381 Load cfg_activity_func.csv file success
2022-06-05 18:12:17 INFO base/config_manager.go:2381 Load cfg_battle_level.csv file success
2022-06-05 18:12:17 INFO base/config_manager.go:2381 Load cfg_battle_npc.csv file success
2022-06-05 18:12:17 INFO base/config_manager.go:2381 Load cfg_battle_position.csv file success
2022-06-05 18:12:17 INFO base/config_manager.go:2381 Load cfg_boss_infor.csv file success
2022-06-05 18:12:17 INFO base/config_manager.go:2381 Load cfg_buff.csv file success
2022-06-05 18:12:17 INFO base/config_manager.go:2381 Load cfg_bullet.csv file success
2022-06-05 18:12:17 INFO base/config_manager.go:2381 Load cfg_chapter_level_achievement.csv file success
2022-06-05 18:12:17 INFO base/config_manager.go:2381 Load cfg_character.csv file success
2022-06-05 18:12:17 INFO base/config_manager.go:2381 Load cfg_character_battle.csv file success
2022-06-05 18:12:17 INFO base/config_manager.go:2381 Load cfg_character_camp.csv file success
2022-06-05 18:12:17 INFO base/config_manager.go:2381 Load cfg_character_career.csv file success
2022-06-05 18:12:17 INFO base/config_manager.go:2381 Load cfg_character_data.csv file success
2022-06-05 18:12:17 INFO base/config_manager.go:2381 Load cfg_character_feature.csv file success
2022-06-05 18:12:17 INFO base/config_manager.go:2381 Load cfg_character_level.csv file success
2022-06-05 18:12:17 INFO base/config_manager.go:2381 Load cfg_character_rarity.csv file success
2022-06-05 18:12:17 INFO base/config_manager.go:2381 Load cfg_character_skill.csv file success
2022-06-05 18:12:17 INFO base/config_manager.go:2381 Load cfg_character_skin.csv file success
2022-06-05 18:12:17 INFO base/config_manager.go:2381 Load cfg_character_stage.csv file success
2022-06-05 18:12:17 INFO base/config_manager.go:2381 Load cfg_character_star.csv file success
2022-06-05 18:12:17 INFO base/config_manager.go:2381 Load cfg_combat_power.csv file success
2022-06-05 18:12:17 INFO base/config_manager.go:2381 Load cfg_combat_power_adapt.csv file success
2022-06-05 18:12:17 INFO base/config_manager.go:2381 Load cfg_drop_data.csv file success
2022-06-05 18:12:17 INFO base/config_manager.go:2381 Load cfg_drop_group.csv file success
2022-06-05 18:12:17 INFO base/config_manager.go:2381 Load cfg_equipLevelUp_data.csv file success
2022-06-05 18:12:17 INFO base/config_manager.go:2381 Load cfg_equip_advance.csv file success
2022-06-05 18:12:17 INFO base/config_manager.go:2381 Load cfg_equip_attributes_data.csv file success
2022-06-05 18:12:17 INFO base/config_manager.go:2381 Load cfg_equip_break.csv file success
2022-06-05 18:12:17 INFO base/config_manager.go:2381 Load cfg_equip_data.csv file success
2022-06-05 18:12:17 INFO base/config_manager.go:2381 Load cfg_equip_rand_attributes.csv file success
2022-06-05 18:12:17 INFO base/config_manager.go:2381 Load cfg_equip_rand_attributes_value.csv file success
2022-06-05 18:12:17 INFO base/config_manager.go:2381 Load cfg_equip_skill.csv file success
2022-06-05 18:12:17 INFO base/config_manager.go:2381 Load cfg_everyday_energy_receive.csv file success
2022-06-05 18:12:17 INFO base/config_manager.go:2381 Load cfg_explore_chapter.csv file success
2022-06-05 18:12:17 INFO base/config_manager.go:2381 Load cfg_explore_chapter_level.csv file success
2022-06-05 18:12:17 INFO base/config_manager.go:2381 Load cfg_explore_chapter_level_adapt.csv file success
2022-06-05 18:12:17 INFO base/config_manager.go:2381 Load cfg_explore_chapter_reward.csv file success
2022-06-05 18:12:17 INFO base/config_manager.go:2381 Load cfg_explore_event.csv file success
2022-06-05 18:12:17 INFO base/config_manager.go:2381 Load cfg_explore_fog.csv file success
2022-06-05 18:12:17 INFO base/config_manager.go:2381 Load cfg_explore_gather.csv file success
2022-06-05 18:12:17 INFO base/config_manager.go:2381 Load cfg_explore_map_coordinate.csv file success
2022-06-05 18:12:17 INFO base/config_manager.go:2381 Load cfg_explore_monster.csv file success
2022-06-05 18:12:17 INFO base/config_manager.go:2381 Load cfg_explore_npc.csv file success
2022-06-05 18:12:17 INFO base/config_manager.go:2381 Load cfg_explore_resource.csv file success
2022-06-05 18:12:17 INFO base/config_manager.go:2381 Load cfg_field_skill.csv file success
2022-06-05 18:12:17 INFO base/config_manager.go:2381 Load cfg_fx.csv file success
2022-06-05 18:12:17 INFO base/config_manager.go:2381 Load cfg_gacha_drop.csv file success
2022-06-05 18:12:17 INFO base/config_manager.go:2381 Load cfg_gacha_global.csv file success
2022-06-05 18:12:17 INFO base/config_manager.go:2381 Load cfg_gacha_pool.csv file success
2022-06-05 18:12:17 INFO base/config_manager.go:2381 Load cfg_global_string.csv file success
2022-06-05 18:12:17 INFO base/config_manager.go:2381 Load cfg_graveyard_build.csv file success
2022-06-05 18:12:17 INFO base/config_manager.go:2381 Load cfg_graveyard_build_level.csv file success
2022-06-05 18:12:17 INFO base/config_manager.go:2381 Load cfg_graveyard_build_stage.csv file success
2022-06-05 18:12:17 INFO base/config_manager.go:2381 Load cfg_graveyard_main_tower_level.csv file success
2022-06-05 18:12:17 INFO base/config_manager.go:2381 Load cfg_graveyard_produce_buff.csv file success
2022-06-05 18:12:17 INFO base/config_manager.go:2381 Load cfg_guide_module.csv file success
2022-06-05 18:12:17 INFO base/config_manager.go:2381 Load cfg_guide_step.csv file success
2022-06-05 18:12:17 INFO base/config_manager.go:2381 Load cfg_guild_greetings.csv file success
2022-06-05 18:12:17 INFO base/config_manager.go:2381 Load cfg_guild_level.csv file success
2022-06-05 18:12:17 INFO base/config_manager.go:2381 Load cfg_guild_task.csv file success
2022-06-05 18:12:17 INFO base/config_manager.go:2381 Load cfg_hero.csv file success
2022-06-05 18:12:17 INFO base/config_manager.go:2381 Load cfg_hero_camp_skill_filter.csv file success
2022-06-05 18:12:17 INFO base/config_manager.go:2381 Load cfg_hero_data.csv file success
2022-06-05 18:12:17 INFO base/config_manager.go:2381 Load cfg_hero_extra_data.csv file success
2022-06-05 18:12:17 INFO base/config_manager.go:2381 Load cfg_hero_level.csv file success
2022-06-05 18:12:17 INFO base/config_manager.go:2381 Load cfg_hero_skill.csv file success
2022-06-05 18:12:17 INFO base/config_manager.go:2381 Load cfg_hero_task_data.csv file success
2022-06-05 18:12:17 INFO base/config_manager.go:2381 Load cfg_item_data.csv file success
2022-06-05 18:12:17 INFO base/config_manager.go:2381 Load cfg_mail_template.csv file success
2022-06-05 18:12:17 INFO base/config_manager.go:2381 Load cfg_manual.csv file success
2022-06-05 18:12:17 INFO base/config_manager.go:2381 Load cfg_manual_camp.csv file success
2022-06-05 18:12:17 INFO base/config_manager.go:2381 Load cfg_manual_character_voice.csv file success
2022-06-05 18:12:17 INFO base/config_manager.go:2381 Load cfg_manual_group.csv file success
2022-06-05 18:12:17 INFO base/config_manager.go:2381 Load cfg_manual_level_attribute_data.csv file success
2022-06-05 18:12:17 INFO base/config_manager.go:2381 Load cfg_mask_word.csv file success
2022-06-05 18:12:17 INFO base/config_manager.go:2381 Load cfg_monster_battle.csv file success
2022-06-05 18:12:17 INFO base/config_manager.go:2381 Load cfg_monster_data.csv file success
2022-06-05 18:12:17 INFO base/config_manager.go:2381 Load cfg_names_npc.csv file success
2022-06-05 18:12:17 INFO base/config_manager.go:2381 Load cfg_passive_effect.csv file success
2022-06-05 18:12:17 INFO base/config_manager.go:2381 Load cfg_passsive_attributes.csv file success
2022-06-05 18:12:17 INFO base/config_manager.go:2381 Load cfg_quick_purchase_stamina.csv file success
2022-06-05 18:12:17 INFO base/config_manager.go:2381 Load cfg_rarity.csv file success
2022-06-05 18:12:17 INFO base/config_manager.go:2381 Load cfg_score_pass_group.csv file success
2022-06-05 18:12:17 INFO base/config_manager.go:2381 Load cfg_score_pass_phase.csv file success
2022-06-05 18:12:17 INFO base/config_manager.go:2381 Load cfg_score_pass_reward.csv file success
2022-06-05 18:12:17 INFO base/config_manager.go:2381 Load cfg_score_pass_task.csv file success
2022-06-05 18:12:17 INFO base/config_manager.go:2381 Load cfg_signin_data.csv file success
2022-06-05 18:12:17 INFO base/config_manager.go:2381 Load cfg_skill.csv file success
2022-06-05 18:12:17 INFO base/config_manager.go:2381 Load cfg_skill_effect.csv file success
2022-06-05 18:12:17 INFO base/config_manager.go:2381 Load cfg_skill_event.csv file success
2022-06-05 18:12:17 INFO base/config_manager.go:2381 Load cfg_sound.csv file success
2022-06-05 18:12:17 INFO base/config_manager.go:2381 Load cfg_store_general.csv file success
2022-06-05 18:12:17 INFO base/config_manager.go:2381 Load cfg_store_goods.csv file success
2022-06-05 18:12:17 INFO base/config_manager.go:2381 Load cfg_store_substore.csv file success
2022-06-05 18:12:17 INFO base/config_manager.go:2381 Load cfg_store_update.csv file success
2022-06-05 18:12:17 INFO base/config_manager.go:2381 Load cfg_survey_info.csv file success
2022-06-05 18:12:17 INFO base/config_manager.go:2381 Load cfg_survey_question.csv file success
2022-06-05 18:12:17 INFO base/config_manager.go:2381 Load cfg_targeting.csv file success
2022-06-05 18:12:17 INFO base/config_manager.go:2381 Load cfg_task_data.csv file success
2022-06-05 18:12:17 INFO base/config_manager.go:2381 Load cfg_task_reward.csv file success
2022-06-05 18:12:17 INFO base/config_manager.go:2381 Load cfg_team_level.csv file success
2022-06-05 18:12:17 INFO base/config_manager.go:2381 Load cfg_tower.csv file success
2022-06-05 18:12:17 INFO base/config_manager.go:2381 Load cfg_tower_level.csv file success
2022-06-05 18:12:17 INFO base/config_manager.go:2381 Load cfg_tower_stage.csv file success
2022-06-05 18:12:17 INFO base/config_manager.go:2381 Load cfg_tp_gate.csv file success
2022-06-05 18:12:17 INFO base/config_manager.go:2381 Load cfg_ultra_skill.csv file success
2022-06-05 18:12:17 INFO base/config_manager.go:2381 Load cfg_user_avatar.csv file success
2022-06-05 18:12:17 INFO base/config_manager.go:2381 Load cfg_vn.csv file success
2022-06-05 18:12:17 INFO base/config_manager.go:2381 Load cfg_world_item_advance.csv file success
2022-06-05 18:12:17 INFO base/config_manager.go:2381 Load cfg_world_item_attributes_data.csv file success
2022-06-05 18:12:17 INFO base/config_manager.go:2381 Load cfg_world_item_data.csv file success
2022-06-05 18:12:17 INFO base/config_manager.go:2381 Load cfg_world_item_level_up_data.csv file success
2022-06-05 18:12:17 INFO base/config_manager.go:2381 Load cfg_yggdrasil_area.csv file success
2022-06-05 18:12:17 INFO base/config_manager.go:2381 Load cfg_yggdrasil_area_city.csv file success
2022-06-05 18:12:17 INFO base/config_manager.go:2381 Load cfg_yggdrasil_area_pos.csv file success
2022-06-05 18:12:17 INFO base/config_manager.go:2381 Load cfg_yggdrasil_building.csv file success
2022-06-05 18:12:17 INFO base/config_manager.go:2381 Load cfg_yggdrasil_cobuilding.csv file success
2022-06-05 18:12:17 INFO base/config_manager.go:2381 Load cfg_yggdrasil_daily_monster.csv file success
2022-06-05 18:12:17 INFO base/config_manager.go:2381 Load cfg_yggdrasil_dispatch.csv file success
2022-06-05 18:12:17 INFO base/config_manager.go:2381 Load cfg_yggdrasil_mark.csv file success
2022-06-05 18:12:17 INFO base/config_manager.go:2381 Load cfg_yggdrasil_object.csv file success
2022-06-05 18:12:17 INFO base/config_manager.go:2381 Load cfg_yggdrasil_object_state.csv file success
2022-06-05 18:12:17 INFO base/config_manager.go:2381 Load cfg_yggdrasil_simple_talk.csv file success
2022-06-05 18:12:17 INFO base/config_manager.go:2381 Load cfg_yggdrasil_sub_task.csv file success
2022-06-05 18:12:17 INFO base/config_manager.go:2381 Load cfg_yggdrasil_sub_task_env.csv file success
2022-06-05 18:12:17 INFO base/config_manager.go:2381 Load cfg_yggdrasil_task.csv file success
2022-06-05 18:12:17 INFO base/config_manager.go:2381 Load cfg_yggdrasil_world.csv file success
2022-06-05 18:12:17 INFO base/config_manager.go:2381 Load gm.csv file success
2022-06-05 18:12:17 INFO base/config_manager.go:2381 Load protocol.csv file success
2022-06-05 18:12:17 INFO etcd/dial.go:30 etcd 127.0.0.1:2379 connect success
2022-06-05 18:12:17 INFO etcd/dial.go:30 etcd 127.0.0.1:2479 connect success
2022-06-05 18:12:17 INFO etcd/dial.go:30 etcd 127.0.0.1:2579 connect success
2022-06-05 18:12:17 INFO manager/manager.go:142 now time: 2022-06-05 18:12:17.5029862 +0800 CST m=+0.304853201
2022-06-05 18:14:14 INFO balancer/balancer.go:107 + service [portal] register server [portal01, 10.23.41.5:55996]
2022-06-05 18:17:28 INFO resolver/watcher.go:55 start watching service [portal]
2022-06-05 18:17:28 INFO resolver/watcher.go:55 start watching service [guild]
2022-06-05 18:17:28 INFO resolver/watcher.go:55 start watching service [mail]
2022-06-05 18:17:28 INFO balancer/balancer.go:107 + service [login] register server [login01, 10.23.40.17:60893]
2022-06-05 18:17:28 INFO resolver/watcher.go:55 start watching service [login]
2022-06-05 18:17:28 FATAL register and listen rpc error: listen tcp 169.254.35.241:0: bind: The requested address is not valid in its context.
main.main
	C:/code/overlord-backend-go/gamesvr/main.go:32
runtime.main
	C:/Program Files/Go/src/runtime/proc.go:225
2022-06-05 18:28:37 INFO base/config_manager.go:2381 Load cfg_action_unlock.csv file success
2022-06-05 18:28:37 INFO base/config_manager.go:2381 Load cfg_activity.csv file success
2022-06-05 18:28:37 INFO base/config_manager.go:2381 Load cfg_activity_func.csv file success
2022-06-05 18:28:37 INFO base/config_manager.go:2381 Load cfg_battle_level.csv file success
2022-06-05 18:28:37 INFO base/config_manager.go:2381 Load cfg_battle_npc.csv file success
2022-06-05 18:28:37 INFO base/config_manager.go:2381 Load cfg_battle_position.csv file success
2022-06-05 18:28:37 INFO base/config_manager.go:2381 Load cfg_boss_infor.csv file success
2022-06-05 18:28:37 INFO base/config_manager.go:2381 Load cfg_buff.csv file success
2022-06-05 18:28:37 INFO base/config_manager.go:2381 Load cfg_bullet.csv file success
2022-06-05 18:28:37 INFO base/config_manager.go:2381 Load cfg_chapter_level_achievement.csv file success
2022-06-05 18:28:37 INFO base/config_manager.go:2381 Load cfg_character.csv file success
2022-06-05 18:28:37 INFO base/config_manager.go:2381 Load cfg_character_battle.csv file success
2022-06-05 18:28:37 INFO base/config_manager.go:2381 Load cfg_character_camp.csv file success
2022-06-05 18:28:37 INFO base/config_manager.go:2381 Load cfg_character_career.csv file success
2022-06-05 18:28:37 INFO base/config_manager.go:2381 Load cfg_character_data.csv file success
2022-06-05 18:28:37 INFO base/config_manager.go:2381 Load cfg_character_feature.csv file success
2022-06-05 18:28:37 INFO base/config_manager.go:2381 Load cfg_character_level.csv file success
2022-06-05 18:28:37 INFO base/config_manager.go:2381 Load cfg_character_rarity.csv file success
2022-06-05 18:28:37 INFO base/config_manager.go:2381 Load cfg_character_skill.csv file success
2022-06-05 18:28:37 INFO base/config_manager.go:2381 Load cfg_character_skin.csv file success
2022-06-05 18:28:37 INFO base/config_manager.go:2381 Load cfg_character_stage.csv file success
2022-06-05 18:28:37 INFO base/config_manager.go:2381 Load cfg_character_star.csv file success
2022-06-05 18:28:37 INFO base/config_manager.go:2381 Load cfg_combat_power.csv file success
2022-06-05 18:28:37 INFO base/config_manager.go:2381 Load cfg_combat_power_adapt.csv file success
2022-06-05 18:28:37 INFO base/config_manager.go:2381 Load cfg_drop_data.csv file success
2022-06-05 18:28:37 INFO base/config_manager.go:2381 Load cfg_drop_group.csv file success
2022-06-05 18:28:37 INFO base/config_manager.go:2381 Load cfg_equipLevelUp_data.csv file success
2022-06-05 18:28:37 INFO base/config_manager.go:2381 Load cfg_equip_advance.csv file success
2022-06-05 18:28:37 INFO base/config_manager.go:2381 Load cfg_equip_attributes_data.csv file success
2022-06-05 18:28:37 INFO base/config_manager.go:2381 Load cfg_equip_break.csv file success
2022-06-05 18:28:37 INFO base/config_manager.go:2381 Load cfg_equip_data.csv file success
2022-06-05 18:28:37 INFO base/config_manager.go:2381 Load cfg_equip_rand_attributes.csv file success
2022-06-05 18:28:37 INFO base/config_manager.go:2381 Load cfg_equip_rand_attributes_value.csv file success
2022-06-05 18:28:37 INFO base/config_manager.go:2381 Load cfg_equip_skill.csv file success
2022-06-05 18:28:37 INFO base/config_manager.go:2381 Load cfg_everyday_energy_receive.csv file success
2022-06-05 18:28:37 INFO base/config_manager.go:2381 Load cfg_explore_chapter.csv file success
2022-06-05 18:28:37 INFO base/config_manager.go:2381 Load cfg_explore_chapter_level.csv file success
2022-06-05 18:28:37 INFO base/config_manager.go:2381 Load cfg_explore_chapter_level_adapt.csv file success
2022-06-05 18:28:37 INFO base/config_manager.go:2381 Load cfg_explore_chapter_reward.csv file success
2022-06-05 18:28:37 INFO base/config_manager.go:2381 Load cfg_explore_event.csv file success
2022-06-05 18:28:37 INFO base/config_manager.go:2381 Load cfg_explore_fog.csv file success
2022-06-05 18:28:37 INFO base/config_manager.go:2381 Load cfg_explore_gather.csv file success
2022-06-05 18:28:37 INFO base/config_manager.go:2381 Load cfg_explore_map_coordinate.csv file success
2022-06-05 18:28:37 INFO base/config_manager.go:2381 Load cfg_explore_monster.csv file success
2022-06-05 18:28:37 INFO base/config_manager.go:2381 Load cfg_explore_npc.csv file success
2022-06-05 18:28:37 INFO base/config_manager.go:2381 Load cfg_explore_resource.csv file success
2022-06-05 18:28:37 INFO base/config_manager.go:2381 Load cfg_field_skill.csv file success
2022-06-05 18:28:37 INFO base/config_manager.go:2381 Load cfg_fx.csv file success
2022-06-05 18:28:37 INFO base/config_manager.go:2381 Load cfg_gacha_drop.csv file success
2022-06-05 18:28:37 INFO base/config_manager.go:2381 Load cfg_gacha_global.csv file success
2022-06-05 18:28:37 INFO base/config_manager.go:2381 Load cfg_gacha_pool.csv file success
2022-06-05 18:28:37 INFO base/config_manager.go:2381 Load cfg_global_string.csv file success
2022-06-05 18:28:37 INFO base/config_manager.go:2381 Load cfg_graveyard_build.csv file success
2022-06-05 18:28:37 INFO base/config_manager.go:2381 Load cfg_graveyard_build_level.csv file success
2022-06-05 18:28:37 INFO base/config_manager.go:2381 Load cfg_graveyard_build_stage.csv file success
2022-06-05 18:28:37 INFO base/config_manager.go:2381 Load cfg_graveyard_main_tower_level.csv file success
2022-06-05 18:28:37 INFO base/config_manager.go:2381 Load cfg_graveyard_produce_buff.csv file success
2022-06-05 18:28:37 INFO base/config_manager.go:2381 Load cfg_guide_module.csv file success
2022-06-05 18:28:37 INFO base/config_manager.go:2381 Load cfg_guide_step.csv file success
2022-06-05 18:28:37 INFO base/config_manager.go:2381 Load cfg_guild_greetings.csv file success
2022-06-05 18:28:37 INFO base/config_manager.go:2381 Load cfg_guild_level.csv file success
2022-06-05 18:28:37 INFO base/config_manager.go:2381 Load cfg_guild_task.csv file success
2022-06-05 18:28:37 INFO base/config_manager.go:2381 Load cfg_hero.csv file success
2022-06-05 18:28:37 INFO base/config_manager.go:2381 Load cfg_hero_camp_skill_filter.csv file success
2022-06-05 18:28:37 INFO base/config_manager.go:2381 Load cfg_hero_data.csv file success
2022-06-05 18:28:37 INFO base/config_manager.go:2381 Load cfg_hero_extra_data.csv file success
2022-06-05 18:28:37 INFO base/config_manager.go:2381 Load cfg_hero_level.csv file success
2022-06-05 18:28:37 INFO base/config_manager.go:2381 Load cfg_hero_skill.csv file success
2022-06-05 18:28:37 INFO base/config_manager.go:2381 Load cfg_hero_task_data.csv file success
2022-06-05 18:28:37 INFO base/config_manager.go:2381 Load cfg_item_data.csv file success
2022-06-05 18:28:37 INFO base/config_manager.go:2381 Load cfg_mail_template.csv file success
2022-06-05 18:28:37 INFO base/config_manager.go:2381 Load cfg_manual.csv file success
2022-06-05 18:28:37 INFO base/config_manager.go:2381 Load cfg_manual_camp.csv file success
2022-06-05 18:28:37 INFO base/config_manager.go:2381 Load cfg_manual_character_voice.csv file success
2022-06-05 18:28:37 INFO base/config_manager.go:2381 Load cfg_manual_group.csv file success
2022-06-05 18:28:37 INFO base/config_manager.go:2381 Load cfg_manual_level_attribute_data.csv file success
2022-06-05 18:28:37 INFO base/config_manager.go:2381 Load cfg_mask_word.csv file success
2022-06-05 18:28:37 INFO base/config_manager.go:2381 Load cfg_monster_battle.csv file success
2022-06-05 18:28:37 INFO base/config_manager.go:2381 Load cfg_monster_data.csv file success
2022-06-05 18:28:37 INFO base/config_manager.go:2381 Load cfg_names_npc.csv file success
2022-06-05 18:28:37 INFO base/config_manager.go:2381 Load cfg_passive_effect.csv file success
2022-06-05 18:28:37 INFO base/config_manager.go:2381 Load cfg_passsive_attributes.csv file success
2022-06-05 18:28:37 INFO base/config_manager.go:2381 Load cfg_quick_purchase_stamina.csv file success
2022-06-05 18:28:37 INFO base/config_manager.go:2381 Load cfg_rarity.csv file success
2022-06-05 18:28:37 INFO base/config_manager.go:2381 Load cfg_score_pass_group.csv file success
2022-06-05 18:28:37 INFO base/config_manager.go:2381 Load cfg_score_pass_phase.csv file success
2022-06-05 18:28:37 INFO base/config_manager.go:2381 Load cfg_score_pass_reward.csv file success
2022-06-05 18:28:37 INFO base/config_manager.go:2381 Load cfg_score_pass_task.csv file success
2022-06-05 18:28:37 INFO base/config_manager.go:2381 Load cfg_signin_data.csv file success
2022-06-05 18:28:37 INFO base/config_manager.go:2381 Load cfg_skill.csv file success
2022-06-05 18:28:37 INFO base/config_manager.go:2381 Load cfg_skill_effect.csv file success
2022-06-05 18:28:37 INFO base/config_manager.go:2381 Load cfg_skill_event.csv file success
2022-06-05 18:28:37 INFO base/config_manager.go:2381 Load cfg_sound.csv file success
2022-06-05 18:28:37 INFO base/config_manager.go:2381 Load cfg_store_general.csv file success
2022-06-05 18:28:37 INFO base/config_manager.go:2381 Load cfg_store_goods.csv file success
2022-06-05 18:28:37 INFO base/config_manager.go:2381 Load cfg_store_substore.csv file success
2022-06-05 18:28:37 INFO base/config_manager.go:2381 Load cfg_store_update.csv file success
2022-06-05 18:28:37 INFO base/config_manager.go:2381 Load cfg_survey_info.csv file success
2022-06-05 18:28:37 INFO base/config_manager.go:2381 Load cfg_survey_question.csv file success
2022-06-05 18:28:37 INFO base/config_manager.go:2381 Load cfg_targeting.csv file success
2022-06-05 18:28:37 INFO base/config_manager.go:2381 Load cfg_task_data.csv file success
2022-06-05 18:28:37 INFO base/config_manager.go:2381 Load cfg_task_reward.csv file success
2022-06-05 18:28:37 INFO base/config_manager.go:2381 Load cfg_team_level.csv file success
2022-06-05 18:28:37 INFO base/config_manager.go:2381 Load cfg_tower.csv file success
2022-06-05 18:28:37 INFO base/config_manager.go:2381 Load cfg_tower_level.csv file success
2022-06-05 18:28:37 INFO base/config_manager.go:2381 Load cfg_tower_stage.csv file success
2022-06-05 18:28:37 INFO base/config_manager.go:2381 Load cfg_tp_gate.csv file success
2022-06-05 18:28:37 INFO base/config_manager.go:2381 Load cfg_ultra_skill.csv file success
2022-06-05 18:28:37 INFO base/config_manager.go:2381 Load cfg_user_avatar.csv file success
2022-06-05 18:28:37 INFO base/config_manager.go:2381 Load cfg_vn.csv file success
2022-06-05 18:28:37 INFO base/config_manager.go:2381 Load cfg_world_item_advance.csv file success
2022-06-05 18:28:37 INFO base/config_manager.go:2381 Load cfg_world_item_attributes_data.csv file success
2022-06-05 18:28:37 INFO base/config_manager.go:2381 Load cfg_world_item_data.csv file success
2022-06-05 18:28:37 INFO base/config_manager.go:2381 Load cfg_world_item_level_up_data.csv file success
2022-06-05 18:28:37 INFO base/config_manager.go:2381 Load cfg_yggdrasil_area.csv file success
2022-06-05 18:28:37 INFO base/config_manager.go:2381 Load cfg_yggdrasil_area_city.csv file success
2022-06-05 18:28:37 INFO base/config_manager.go:2381 Load cfg_yggdrasil_area_pos.csv file success
2022-06-05 18:28:37 INFO base/config_manager.go:2381 Load cfg_yggdrasil_building.csv file success
2022-06-05 18:28:37 INFO base/config_manager.go:2381 Load cfg_yggdrasil_cobuilding.csv file success
2022-06-05 18:28:37 INFO base/config_manager.go:2381 Load cfg_yggdrasil_daily_monster.csv file success
2022-06-05 18:28:37 INFO base/config_manager.go:2381 Load cfg_yggdrasil_dispatch.csv file success
2022-06-05 18:28:37 INFO base/config_manager.go:2381 Load cfg_yggdrasil_mark.csv file success
2022-06-05 18:28:37 INFO base/config_manager.go:2381 Load cfg_yggdrasil_object.csv file success
2022-06-05 18:28:37 INFO base/config_manager.go:2381 Load cfg_yggdrasil_object_state.csv file success
2022-06-05 18:28:37 INFO base/config_manager.go:2381 Load cfg_yggdrasil_simple_talk.csv file success
2022-06-05 18:28:37 INFO base/config_manager.go:2381 Load cfg_yggdrasil_sub_task.csv file success
2022-06-05 18:28:37 INFO base/config_manager.go:2381 Load cfg_yggdrasil_sub_task_env.csv file success
2022-06-05 18:28:37 INFO base/config_manager.go:2381 Load cfg_yggdrasil_task.csv file success
2022-06-05 18:28:37 INFO base/config_manager.go:2381 Load cfg_yggdrasil_world.csv file success
2022-06-05 18:28:37 INFO base/config_manager.go:2381 Load gm.csv file success
2022-06-05 18:28:37 INFO base/config_manager.go:2381 Load protocol.csv file success
2022-06-05 18:28:37 INFO etcd/dial.go:30 etcd 127.0.0.1:2379 connect success
2022-06-05 18:28:37 INFO etcd/dial.go:30 etcd 127.0.0.1:2479 connect success
2022-06-05 18:28:37 INFO etcd/dial.go:30 etcd 127.0.0.1:2579 connect success
2022-06-05 18:28:37 INFO manager/manager.go:142 now time: 2022-06-05 18:28:37.8836327 +0800 CST m=+0.299329501
2022-06-05 18:28:51 INFO balancer/balancer.go:107 + service [portal] register server [portal01, 10.23.41.5:55996]
2022-06-05 18:28:53 INFO resolver/watcher.go:55 start watching service [portal]
2022-06-05 18:28:55 INFO resolver/watcher.go:55 start watching service [guild]
2022-06-05 18:29:00 INFO resolver/watcher.go:55 start watching service [mail]
2022-06-05 18:29:00 INFO balancer/balancer.go:107 + service [login] register server [login01, 10.23.40.17:60893]
2022-06-05 18:29:00 INFO resolver/watcher.go:55 start watching service [login]
